CRITICAL - 2020-12-21 11:44:57 --> Argument 1 passed to CodeIgniter\HTTP\RedirectResponse::to() must be of the type string, null given, called in /var/www/html/app/Controllers/Finance.php on line 2008
#0 /var/www/html/app/Controllers/Finance.php(2008): CodeIgniter\HTTP\RedirectResponse->to(NULL)
#1 /var/www/html/vendor/codeigniter4/framework/system/CodeIgniter.php(918): App\Controllers\Finance->view_acceptpaymentpdf('10')
#2 /var/www/html/vendor/codeigniter4/framework/system/CodeIgniter.php(404): CodeIgniter\CodeIgniter->runController(Object(App\Controllers\Finance))
#3 /var/www/html/vendor/codeigniter4/framework/system/CodeIgniter.php(312): CodeIgniter\CodeIgniter->handleRequest(NULL, Object(Config\Cache), false)
#4 /var/www/html/public/index.php(45): CodeIgniter\CodeIgniter->run()
#5 {main}
CRITICAL - 2020-12-21 16:27:34 --> Argument 1 passed to CodeIgniter\HTTP\RedirectResponse::to() must be of the type string, null given, called in /var/www/html/app/Controllers/Finance.php on line 2008
#0 /var/www/html/app/Controllers/Finance.php(2008): CodeIgniter\HTTP\RedirectResponse->to(NULL)
#1 /var/www/html/vendor/codeigniter4/framework/system/CodeIgniter.php(918): App\Controllers\Finance->view_acceptpaymentpdf('10')
#2 /var/www/html/vendor/codeigniter4/framework/system/CodeIgniter.php(404): CodeIgniter\CodeIgniter->runController(Object(App\Controllers\Finance))
#3 /var/www/html/vendor/codeigniter4/framework/system/CodeIgniter.php(312): CodeIgniter\CodeIgniter->handleRequest(NULL, Object(Config\Cache), false)
#4 /var/www/html/public/index.php(45): CodeIgniter\CodeIgniter->run()
#5 {main}
CRITICAL - 2020-12-21 18:00:41 --> Unable to connect to the database.
#0 /var/www/html/vendor/codeigniter4/framework/system/Database/BaseConnection.php(646): CodeIgniter\Database\BaseConnection->initialize()
#1 /var/www/html/vendor/codeigniter4/framework/system/Database/BaseBuilder.php(1860): CodeIgniter\Database\BaseConnection->query('SELECT *\nFROM "...', Array, false)
#2 /var/www/html/app/Models/account_model.php(273): CodeIgniter\Database\BaseBuilder->get()
#3 /var/www/html/app/Controllers/Account.php(846): App\Models\account_model->getDebtor()
#4 /var/www/html/vendor/codeigniter4/framework/system/CodeIgniter.php(918): App\Controllers\Account->list_debtor()
#5 /var/www/html/vendor/codeigniter4/framework/system/CodeIgniter.php(404): CodeIgniter\CodeIgniter->runController(Object(App\Controllers\Account))
#6 /var/www/html/vendor/codeigniter4/framework/system/CodeIgniter.php(312): CodeIgniter\CodeIgniter->handleRequest(NULL, Object(Config\Cache), false)
#7 /var/www/html/public/index.php(45): CodeIgniter\CodeIgniter->run()
#8 {main}
CRITICAL - 2020-12-21 18:00:41 --> Unable to connect to the database.
#0 /var/www/html/vendor/codeigniter4/framework/system/Database/BaseConnection.php(646): CodeIgniter\Database\BaseConnection->initialize()
#1 /var/www/html/vendor/codeigniter4/framework/system/Database/BaseBuilder.php(1860): CodeIgniter\Database\BaseConnection->query('SELECT *\nFROM "...', Array, false)
#2 /var/www/html/app/Models/finance_model.php(338): CodeIgniter\Database\BaseBuilder->get()
#3 /var/www/html/app/Controllers/Home.php(20): App\Models\finance_model->getPayoffDebt()
#4 /var/www/html/vendor/codeigniter4/framework/system/CodeIgniter.php(918): App\Controllers\Home->index()
#5 /var/www/html/vendor/codeigniter4/framework/system/CodeIgniter.php(404): CodeIgniter\CodeIgniter->runController(Object(App\Controllers\Home))
#6 /var/www/html/vendor/codeigniter4/framework/system/CodeIgniter.php(312): CodeIgniter\CodeIgniter->handleRequest(NULL, Object(Config\Cache), false)
#7 /var/www/html/public/index.php(45): CodeIgniter\CodeIgniter->run()
#8 {main}
CRITICAL - 2020-12-21 19:57:21 --> Unable to connect to the database.
#0 /var/www/html/vendor/codeigniter4/framework/system/Database/BaseConnection.php(646): CodeIgniter\Database\BaseConnection->initialize()
#1 /var/www/html/vendor/codeigniter4/framework/system/Database/BaseBuilder.php(1860): CodeIgniter\Database\BaseConnection->query('SELECT *\nFROM "...', Array, false)
#2 /var/www/html/app/Models/finance_model.php(338): CodeIgniter\Database\BaseBuilder->get()
#3 /var/www/html/app/Controllers/Home.php(20): App\Models\finance_model->getPayoffDebt()
#4 /var/www/html/vendor/codeigniter4/framework/system/CodeIgniter.php(918): App\Controllers\Home->index()
#5 /var/www/html/vendor/codeigniter4/framework/system/CodeIgniter.php(404): CodeIgniter\CodeIgniter->runController(Object(App\Controllers\Home))
#6 /var/www/html/vendor/codeigniter4/framework/system/CodeIgniter.php(312): CodeIgniter\CodeIgniter->handleRequest(NULL, Object(Config\Cache), false)
#7 /var/www/html/public/index.php(45): CodeIgniter\CodeIgniter->run()
#8 {main}
CRITICAL - 2020-12-21 19:59:22 --> Unable to connect to the database.
#0 /var/www/html/vendor/codeigniter4/framework/system/Database/BaseConnection.php(646): CodeIgniter\Database\BaseConnection->initialize()
#1 /var/www/html/vendor/codeigniter4/framework/system/Database/BaseBuilder.php(1860): CodeIgniter\Database\BaseConnection->query('SELECT *\nFROM "...', Array, false)
#2 /var/www/html/app/Models/finance_model.php(215): CodeIgniter\Database\BaseBuilder->get()
#3 /var/www/html/app/Controllers/Finance.php(2079): App\Models\finance_model->getAcceptPayment()
#4 /var/www/html/vendor/codeigniter4/framework/system/CodeIgniter.php(918): App\Controllers\Finance->list_acceptpayment_complete()
#5 /var/www/html/vendor/codeigniter4/framework/system/CodeIgniter.php(404): CodeIgniter\CodeIgniter->runController(Object(App\Controllers\Finance))
#6 /var/www/html/vendor/codeigniter4/framework/system/CodeIgniter.php(312): CodeIgniter\CodeIgniter->handleRequest(NULL, Object(Config\Cache), false)
#7 /var/www/html/public/index.php(45): CodeIgniter\CodeIgniter->run()
#8 {main}
CRITICAL - 2020-12-21 20:17:15 --> Unable to connect to the database.
#0 /var/www/html/vendor/codeigniter4/framework/system/Database/BaseConnection.php(646): CodeIgniter\Database\BaseConnection->initialize()
#1 /var/www/html/vendor/codeigniter4/framework/system/Database/BaseBuilder.php(1860): CodeIgniter\Database\BaseConnection->query('SELECT *\nFROM "...', Array, false)
#2 /var/www/html/app/Models/finance_model.php(338): CodeIgniter\Database\BaseBuilder->get()
#3 /var/www/html/app/Controllers/Home.php(20): App\Models\finance_model->getPayoffDebt()
#4 /var/www/html/vendor/codeigniter4/framework/system/CodeIgniter.php(918): App\Controllers\Home->index()
#5 /var/www/html/vendor/codeigniter4/framework/system/CodeIgniter.php(404): CodeIgniter\CodeIgniter->runController(Object(App\Controllers\Home))
#6 /var/www/html/vendor/codeigniter4/framework/system/CodeIgniter.php(312): CodeIgniter\CodeIgniter->handleRequest(NULL, Object(Config\Cache), false)
#7 /var/www/html/public/index.php(45): CodeIgniter\CodeIgniter->run()
#8 {main}
CRITICAL - 2020-12-21 20:20:21 --> Unable to connect to the database.
#0 /var/www/html/vendor/codeigniter4/framework/system/Database/BaseConnection.php(646): CodeIgniter\Database\BaseConnection->initialize()
#1 /var/www/html/vendor/codeigniter4/framework/system/Database/BaseBuilder.php(1860): CodeIgniter\Database\BaseConnection->query('SELECT *\nFROM "...', Array, false)
#2 /var/www/html/app/Models/finance_model.php(338): CodeIgniter\Database\BaseBuilder->get()
#3 /var/www/html/app/Controllers/Home.php(20): App\Models\finance_model->getPayoffDebt()
#4 /var/www/html/vendor/codeigniter4/framework/system/CodeIgniter.php(918): App\Controllers\Home->index()
#5 /var/www/html/vendor/codeigniter4/framework/system/CodeIgniter.php(404): CodeIgniter\CodeIgniter->runController(Object(App\Controllers\Home))
#6 /var/www/html/vendor/codeigniter4/framework/system/CodeIgniter.php(312): CodeIgniter\CodeIgniter->handleRequest(NULL, Object(Config\Cache), false)
#7 /var/www/html/public/index.php(45): CodeIgniter\CodeIgniter->run()
#8 {main}
CRITICAL - 2020-12-21 20:22:51 --> Unable to connect to the database.
#0 /var/www/html/vendor/codeigniter4/framework/system/Database/BaseConnection.php(646): CodeIgniter\Database\BaseConnection->initialize()
#1 /var/www/html/vendor/codeigniter4/framework/system/Database/BaseBuilder.php(1860): CodeIgniter\Database\BaseConnection->query('SELECT *\nFROM "...', Array, false)
#2 /var/www/html/app/Models/finance_model.php(338): CodeIgniter\Database\BaseBuilder->get()
#3 /var/www/html/app/Controllers/Home.php(20): App\Models\finance_model->getPayoffDebt()
#4 /var/www/html/vendor/codeigniter4/framework/system/CodeIgniter.php(918): App\Controllers\Home->index()
#5 /var/www/html/vendor/codeigniter4/framework/system/CodeIgniter.php(404): CodeIgniter\CodeIgniter->runController(Object(App\Controllers\Home))
#6 /var/www/html/vendor/codeigniter4/framework/system/CodeIgniter.php(312): CodeIgniter\CodeIgniter->handleRequest(NULL, Object(Config\Cache), false)
#7 /var/www/html/public/index.php(45): CodeIgniter\CodeIgniter->run()
#8 {main}
CRITICAL - 2020-12-21 20:24:35 --> Unable to connect to the database.
#0 /var/www/html/vendor/codeigniter4/framework/system/Database/BaseConnection.php(646): CodeIgniter\Database\BaseConnection->initialize()
#1 /var/www/html/vendor/codeigniter4/framework/system/Database/BaseBuilder.php(1860): CodeIgniter\Database\BaseConnection->query('SELECT *\nFROM "...', Array, false)
#2 /var/www/html/app/Models/finance_model.php(338): CodeIgniter\Database\BaseBuilder->get()
#3 /var/www/html/app/Controllers/Home.php(20): App\Models\finance_model->getPayoffDebt()
#4 /var/www/html/vendor/codeigniter4/framework/system/CodeIgniter.php(918): App\Controllers\Home->index()
#5 /var/www/html/vendor/codeigniter4/framework/system/CodeIgniter.php(404): CodeIgniter\CodeIgniter->runController(Object(App\Controllers\Home))
#6 /var/www/html/vendor/codeigniter4/framework/system/CodeIgniter.php(312): CodeIgniter\CodeIgniter->handleRequest(NULL, Object(Config\Cache), false)
#7 /var/www/html/public/index.php(45): CodeIgniter\CodeIgniter->run()
#8 {main}
CRITICAL - 2020-12-21 20:32:32 --> Unable to connect to the database.
#0 /var/www/html/vendor/codeigniter4/framework/system/Database/BaseConnection.php(646): CodeIgniter\Database\BaseConnection->initialize()
#1 /var/www/html/vendor/codeigniter4/framework/system/Database/BaseBuilder.php(1860): CodeIgniter\Database\BaseConnection->query('SELECT *\nFROM "...', Array, false)
#2 /var/www/html/app/Models/finance_model.php(338): CodeIgniter\Database\BaseBuilder->get()
#3 /var/www/html/app/Controllers/Home.php(20): App\Models\finance_model->getPayoffDebt()
#4 /var/www/html/vendor/codeigniter4/framework/system/CodeIgniter.php(918): App\Controllers\Home->index()
#5 /var/www/html/vendor/codeigniter4/framework/system/CodeIgniter.php(404): CodeIgniter\CodeIgniter->runController(Object(App\Controllers\Home))
#6 /var/www/html/vendor/codeigniter4/framework/system/CodeIgniter.php(312): CodeIgniter\CodeIgniter->handleRequest(NULL, Object(Config\Cache), false)
#7 /var/www/html/public/index.php(45): CodeIgniter\CodeIgniter->run()
#8 {main}
CRITICAL - 2020-12-21 20:33:48 --> Unable to connect to the database.
#0 /var/www/html/vendor/codeigniter4/framework/system/Database/BaseConnection.php(646): CodeIgniter\Database\BaseConnection->initialize()
#1 /var/www/html/vendor/codeigniter4/framework/system/Database/BaseBuilder.php(1860): CodeIgniter\Database\BaseConnection->query('SELECT *\nFROM "...', Array, false)
#2 /var/www/html/app/Models/finance_model.php(338): CodeIgniter\Database\BaseBuilder->get()
#3 /var/www/html/app/Controllers/Home.php(20): App\Models\finance_model->getPayoffDebt()
#4 /var/www/html/vendor/codeigniter4/framework/system/CodeIgniter.php(918): App\Controllers\Home->index()
#5 /var/www/html/vendor/codeigniter4/framework/system/CodeIgniter.php(404): CodeIgniter\CodeIgniter->runController(Object(App\Controllers\Home))
#6 /var/www/html/vendor/codeigniter4/framework/system/CodeIgniter.php(312): CodeIgniter\CodeIgniter->handleRequest(NULL, Object(Config\Cache), false)
#7 /var/www/html/public/index.php(45): CodeIgniter\CodeIgniter->run()
#8 {main}
CRITICAL - 2020-12-21 20:36:14 --> Unable to connect to the database.
#0 /var/www/html/vendor/codeigniter4/framework/system/Database/BaseConnection.php(646): CodeIgniter\Database\BaseConnection->initialize()
#1 /var/www/html/vendor/codeigniter4/framework/system/Database/BaseBuilder.php(1860): CodeIgniter\Database\BaseConnection->query('SELECT *\nFROM "...', Array, false)
#2 /var/www/html/app/Models/finance_model.php(338): CodeIgniter\Database\BaseBuilder->get()
#3 /var/www/html/app/Controllers/Home.php(20): App\Models\finance_model->getPayoffDebt()
#4 /var/www/html/vendor/codeigniter4/framework/system/CodeIgniter.php(918): App\Controllers\Home->index()
#5 /var/www/html/vendor/codeigniter4/framework/system/CodeIgniter.php(404): CodeIgniter\CodeIgniter->runController(Object(App\Controllers\Home))
#6 /var/www/html/vendor/codeigniter4/framework/system/CodeIgniter.php(312): CodeIgniter\CodeIgniter->handleRequest(NULL, Object(Config\Cache), false)
#7 /var/www/html/public/index.php(45): CodeIgniter\CodeIgniter->run()
#8 {main}
CRITICAL - 2020-12-21 20:39:36 --> Unable to connect to the database.
#0 /var/www/html/vendor/codeigniter4/framework/system/Database/BaseConnection.php(646): CodeIgniter\Database\BaseConnection->initialize()
#1 /var/www/html/vendor/codeigniter4/framework/system/Database/BaseBuilder.php(1860): CodeIgniter\Database\BaseConnection->query('SELECT *\nFROM "...', Array, false)
#2 /var/www/html/app/Models/finance_model.php(338): CodeIgniter\Database\BaseBuilder->get()
#3 /var/www/html/app/Controllers/Home.php(20): App\Models\finance_model->getPayoffDebt()
#4 /var/www/html/vendor/codeigniter4/framework/system/CodeIgniter.php(918): App\Controllers\Home->index()
#5 /var/www/html/vendor/codeigniter4/framework/system/CodeIgniter.php(404): CodeIgniter\CodeIgniter->runController(Object(App\Controllers\Home))
#6 /var/www/html/vendor/codeigniter4/framework/system/CodeIgniter.php(312): CodeIgniter\CodeIgniter->handleRequest(NULL, Object(Config\Cache), false)
#7 /var/www/html/public/index.php(45): CodeIgniter\CodeIgniter->run()
#8 {main}
CRITICAL - 2020-12-21 20:39:38 --> Unable to connect to the database.
#0 /var/www/html/vendor/codeigniter4/framework/system/Database/BaseConnection.php(646): CodeIgniter\Database\BaseConnection->initialize()
#1 /var/www/html/vendor/codeigniter4/framework/system/Database/BaseBuilder.php(1860): CodeIgniter\Database\BaseConnection->query('SELECT *\nFROM "...', Array, false)
#2 /var/www/html/app/Models/finance_model.php(338): CodeIgniter\Database\BaseBuilder->get()
#3 /var/www/html/app/Controllers/Home.php(20): App\Models\finance_model->getPayoffDebt()
#4 /var/www/html/vendor/codeigniter4/framework/system/CodeIgniter.php(918): App\Controllers\Home->index()
#5 /var/www/html/vendor/codeigniter4/framework/system/CodeIgniter.php(404): CodeIgniter\CodeIgniter->runController(Object(App\Controllers\Home))
#6 /var/www/html/vendor/codeigniter4/framework/system/CodeIgniter.php(312): CodeIgniter\CodeIgniter->handleRequest(NULL, Object(Config\Cache), false)
#7 /var/www/html/public/index.php(45): CodeIgniter\CodeIgniter->run()
#8 {main}
CRITICAL - 2020-12-21 20:40:19 --> Unable to connect to the database.
#0 /var/www/html/vendor/codeigniter4/framework/system/Database/BaseConnection.php(646): CodeIgniter\Database\BaseConnection->initialize()
#1 /var/www/html/vendor/codeigniter4/framework/system/Database/BaseBuilder.php(1860): CodeIgniter\Database\BaseConnection->query('SELECT *\nFROM "...', Array, false)
#2 /var/www/html/app/Models/finance_model.php(338): CodeIgniter\Database\BaseBuilder->get()
#3 /var/www/html/app/Controllers/Home.php(20): App\Models\finance_model->getPayoffDebt()
#4 /var/www/html/vendor/codeigniter4/framework/system/CodeIgniter.php(918): App\Controllers\Home->index()
#5 /var/www/html/vendor/codeigniter4/framework/system/CodeIgniter.php(404): CodeIgniter\CodeIgniter->runController(Object(App\Controllers\Home))
#6 /var/www/html/vendor/codeigniter4/framework/system/CodeIgniter.php(312): CodeIgniter\CodeIgniter->handleRequest(NULL, Object(Config\Cache), false)
#7 /var/www/html/public/index.php(45): CodeIgniter\CodeIgniter->run()
#8 {main}
CRITICAL - 2020-12-21 20:40:50 --> Unable to connect to the database.
#0 /var/www/html/vendor/codeigniter4/framework/system/Database/BaseConnection.php(646): CodeIgniter\Database\BaseConnection->initialize()
#1 /var/www/html/vendor/codeigniter4/framework/system/Database/BaseBuilder.php(1860): CodeIgniter\Database\BaseConnection->query('SELECT *\nFROM "...', Array, false)
#2 /var/www/html/app/Models/finance_model.php(338): CodeIgniter\Database\BaseBuilder->get()
#3 /var/www/html/app/Controllers/Home.php(20): App\Models\finance_model->getPayoffDebt()
#4 /var/www/html/vendor/codeigniter4/framework/system/CodeIgniter.php(918): App\Controllers\Home->index()
#5 /var/www/html/vendor/codeigniter4/framework/system/CodeIgniter.php(404): CodeIgniter\CodeIgniter->runController(Object(App\Controllers\Home))
#6 /var/www/html/vendor/codeigniter4/framework/system/CodeIgniter.php(312): CodeIgniter\CodeIgniter->handleRequest(NULL, Object(Config\Cache), false)
#7 /var/www/html/public/index.php(45): CodeIgniter\CodeIgniter->run()
#8 {main}
CRITICAL - 2020-12-21 20:40:54 --> Unable to connect to the database.
#0 /var/www/html/vendor/codeigniter4/framework/system/Database/BaseConnection.php(646): CodeIgniter\Database\BaseConnection->initialize()
#1 /var/www/html/vendor/codeigniter4/framework/system/Database/BaseBuilder.php(1860): CodeIgniter\Database\BaseConnection->query('SELECT *\nFROM "...', Array, false)
#2 /var/www/html/app/Models/finance_model.php(338): CodeIgniter\Database\BaseBuilder->get()
#3 /var/www/html/app/Controllers/Home.php(20): App\Models\finance_model->getPayoffDebt()
#4 /var/www/html/vendor/codeigniter4/framework/system/CodeIgniter.php(918): App\Controllers\Home->index()
#5 /var/www/html/vendor/codeigniter4/framework/system/CodeIgniter.php(404): CodeIgniter\CodeIgniter->runController(Object(App\Controllers\Home))
#6 /var/www/html/vendor/codeigniter4/framework/system/CodeIgniter.php(312): CodeIgniter\CodeIgniter->handleRequest(NULL, Object(Config\Cache), false)
#7 /var/www/html/public/index.php(45): CodeIgniter\CodeIgniter->run()
#8 {main}
CRITICAL - 2020-12-21 20:41:15 --> Unable to connect to the database.
#0 /var/www/html/vendor/codeigniter4/framework/system/Database/BaseConnection.php(646): CodeIgniter\Database\BaseConnection->initialize()
#1 /var/www/html/vendor/codeigniter4/framework/system/Database/BaseBuilder.php(1860): CodeIgniter\Database\BaseConnection->query('SELECT *\nFROM "...', Array, false)
#2 /var/www/html/app/Models/finance_model.php(338): CodeIgniter\Database\BaseBuilder->get()
#3 /var/www/html/app/Controllers/Home.php(20): App\Models\finance_model->getPayoffDebt()
#4 /var/www/html/vendor/codeigniter4/framework/system/CodeIgniter.php(918): App\Controllers\Home->index()
#5 /var/www/html/vendor/codeigniter4/framework/system/CodeIgniter.php(404): CodeIgniter\CodeIgniter->runController(Object(App\Controllers\Home))
#6 /var/www/html/vendor/codeigniter4/framework/system/CodeIgniter.php(312): CodeIgniter\CodeIgniter->handleRequest(NULL, Object(Config\Cache), false)
#7 /var/www/html/public/index.php(45): CodeIgniter\CodeIgniter->run()
#8 {main}
CRITICAL - 2020-12-21 20:41:19 --> Unable to connect to the database.
#0 /var/www/html/vendor/codeigniter4/framework/system/Database/BaseConnection.php(646): CodeIgniter\Database\BaseConnection->initialize()
#1 /var/www/html/vendor/codeigniter4/framework/system/Database/BaseBuilder.php(1860): CodeIgniter\Database\BaseConnection->query('SELECT *\nFROM "...', Array, false)
#2 /var/www/html/app/Models/finance_model.php(215): CodeIgniter\Database\BaseBuilder->get()
#3 /var/www/html/app/Controllers/Finance.php(2079): App\Models\finance_model->getAcceptPayment()
#4 /var/www/html/vendor/codeigniter4/framework/system/CodeIgniter.php(918): App\Controllers\Finance->list_acceptpayment_complete()
#5 /var/www/html/vendor/codeigniter4/framework/system/CodeIgniter.php(404): CodeIgniter\CodeIgniter->runController(Object(App\Controllers\Finance))
#6 /var/www/html/vendor/codeigniter4/framework/system/CodeIgniter.php(312): CodeIgniter\CodeIgniter->handleRequest(NULL, Object(Config\Cache), false)
#7 /var/www/html/public/index.php(45): CodeIgniter\CodeIgniter->run()
#8 {main}
CRITICAL - 2020-12-21 20:41:49 --> Unable to connect to the database.
#0 /var/www/html/vendor/codeigniter4/framework/system/Database/BaseConnection.php(646): CodeIgniter\Database\BaseConnection->initialize()
#1 /var/www/html/vendor/codeigniter4/framework/system/Database/BaseBuilder.php(1860): CodeIgniter\Database\BaseConnection->query('SELECT *\nFROM "...', Array, false)
#2 /var/www/html/app/Models/finance_model.php(338): CodeIgniter\Database\BaseBuilder->get()
#3 /var/www/html/app/Controllers/Home.php(20): App\Models\finance_model->getPayoffDebt()
#4 /var/www/html/vendor/codeigniter4/framework/system/CodeIgniter.php(918): App\Controllers\Home->index()
#5 /var/www/html/vendor/codeigniter4/framework/system/CodeIgniter.php(404): CodeIgniter\CodeIgniter->runController(Object(App\Controllers\Home))
#6 /var/www/html/vendor/codeigniter4/framework/system/CodeIgniter.php(312): CodeIgniter\CodeIgniter->handleRequest(NULL, Object(Config\Cache), false)
#7 /var/www/html/public/index.php(45): CodeIgniter\CodeIgniter->run()
#8 {main}
CRITICAL - 2020-12-21 20:43:22 --> Unable to connect to the database.
#0 /var/www/html/vendor/codeigniter4/framework/system/Database/BaseConnection.php(646): CodeIgniter\Database\BaseConnection->initialize()
#1 /var/www/html/vendor/codeigniter4/framework/system/Database/BaseBuilder.php(1860): CodeIgniter\Database\BaseConnection->query('SELECT *\nFROM "...', Array, false)
#2 /var/www/html/app/Models/finance_model.php(338): CodeIgniter\Database\BaseBuilder->get()
#3 /var/www/html/app/Controllers/Home.php(20): App\Models\finance_model->getPayoffDebt()
#4 /var/www/html/vendor/codeigniter4/framework/system/CodeIgniter.php(918): App\Controllers\Home->index()
#5 /var/www/html/vendor/codeigniter4/framework/system/CodeIgniter.php(404): CodeIgniter\CodeIgniter->runController(Object(App\Controllers\Home))
#6 /var/www/html/vendor/codeigniter4/framework/system/CodeIgniter.php(312): CodeIgniter\CodeIgniter->handleRequest(NULL, Object(Config\Cache), false)
#7 /var/www/html/public/index.php(45): CodeIgniter\CodeIgniter->run()
#8 {main}
CRITICAL - 2020-12-21 20:43:48 --> Unable to connect to the database.
#0 /var/www/html/vendor/codeigniter4/framework/system/Database/BaseConnection.php(646): CodeIgniter\Database\BaseConnection->initialize()
#1 /var/www/html/vendor/codeigniter4/framework/system/Database/BaseBuilder.php(1860): CodeIgniter\Database\BaseConnection->query('SELECT *\nFROM "...', Array, false)
#2 /var/www/html/app/Models/finance_model.php(338): CodeIgniter\Database\BaseBuilder->get()
#3 /var/www/html/app/Controllers/Home.php(20): App\Models\finance_model->getPayoffDebt()
#4 /var/www/html/vendor/codeigniter4/framework/system/CodeIgniter.php(918): App\Controllers\Home->index()
#5 /var/www/html/vendor/codeigniter4/framework/system/CodeIgniter.php(404): CodeIgniter\CodeIgniter->runController(Object(App\Controllers\Home))
#6 /var/www/html/vendor/codeigniter4/framework/system/CodeIgniter.php(312): CodeIgniter\CodeIgniter->handleRequest(NULL, Object(Config\Cache), false)
#7 /var/www/html/public/index.php(45): CodeIgniter\CodeIgniter->run()
#8 {main}
CRITICAL - 2020-12-21 20:44:09 --> Unable to connect to the database.
#0 /var/www/html/vendor/codeigniter4/framework/system/Database/BaseConnection.php(646): CodeIgniter\Database\BaseConnection->initialize()
#1 /var/www/html/vendor/codeigniter4/framework/system/Database/BaseBuilder.php(1860): CodeIgniter\Database\BaseConnection->query('SELECT *\nFROM "...', Array, false)
#2 /var/www/html/app/Models/finance_model.php(338): CodeIgniter\Database\BaseBuilder->get()
#3 /var/www/html/app/Controllers/Home.php(20): App\Models\finance_model->getPayoffDebt()
#4 /var/www/html/vendor/codeigniter4/framework/system/CodeIgniter.php(918): App\Controllers\Home->index()
#5 /var/www/html/vendor/codeigniter4/framework/system/CodeIgniter.php(404): CodeIgniter\CodeIgniter->runController(Object(App\Controllers\Home))
#6 /var/www/html/vendor/codeigniter4/framework/system/CodeIgniter.php(312): CodeIgniter\CodeIgniter->handleRequest(NULL, Object(Config\Cache), false)
#7 /var/www/html/public/index.php(45): CodeIgniter\CodeIgniter->run()
#8 {main}
CRITICAL - 2020-12-21 20:44:42 --> Unable to connect to the database.
#0 /var/www/html/vendor/codeigniter4/framework/system/Database/BaseConnection.php(646): CodeIgniter\Database\BaseConnection->initialize()
#1 /var/www/html/vendor/codeigniter4/framework/system/Database/BaseBuilder.php(1860): CodeIgniter\Database\BaseConnection->query('SELECT *\nFROM "...', Array, false)
#2 /var/www/html/app/Models/finance_model.php(338): CodeIgniter\Database\BaseBuilder->get()
#3 /var/www/html/app/Controllers/Home.php(20): App\Models\finance_model->getPayoffDebt()
#4 /var/www/html/vendor/codeigniter4/framework/system/CodeIgniter.php(918): App\Controllers\Home->index()
#5 /var/www/html/vendor/codeigniter4/framework/system/CodeIgniter.php(404): CodeIgniter\CodeIgniter->runController(Object(App\Controllers\Home))
#6 /var/www/html/vendor/codeigniter4/framework/system/CodeIgniter.php(312): CodeIgniter\CodeIgniter->handleRequest(NULL, Object(Config\Cache), false)
#7 /var/www/html/public/index.php(45): CodeIgniter\CodeIgniter->run()
#8 {main}
CRITICAL - 2020-12-21 20:54:46 --> Unable to connect to the database.
#0 /var/www/html/vendor/codeigniter4/framework/system/Database/BaseConnection.php(646): CodeIgniter\Database\BaseConnection->initialize()
#1 /var/www/html/vendor/codeigniter4/framework/system/Database/BaseBuilder.php(1860): CodeIgniter\Database\BaseConnection->query('SELECT *\nFROM "...', Array, false)
#2 /var/www/html/app/Models/finance_model.php(338): CodeIgniter\Database\BaseBuilder->get()
#3 /var/www/html/app/Controllers/Home.php(20): App\Models\finance_model->getPayoffDebt()
#4 /var/www/html/vendor/codeigniter4/framework/system/CodeIgniter.php(918): App\Controllers\Home->index()
#5 /var/www/html/vendor/codeigniter4/framework/system/CodeIgniter.php(404): CodeIgniter\CodeIgniter->runController(Object(App\Controllers\Home))
#6 /var/www/html/vendor/codeigniter4/framework/system/CodeIgniter.php(312): CodeIgniter\CodeIgniter->handleRequest(NULL, Object(Config\Cache), false)
#7 /var/www/html/public/index.php(45): CodeIgniter\CodeIgniter->run()
#8 {main}
CRITICAL - 2020-12-21 20:55:12 --> Unable to connect to the database.
#0 /var/www/html/vendor/codeigniter4/framework/system/Database/BaseConnection.php(646): CodeIgniter\Database\BaseConnection->initialize()
#1 /var/www/html/vendor/codeigniter4/framework/system/Database/BaseBuilder.php(1860): CodeIgniter\Database\BaseConnection->query('SELECT *\nFROM "...', Array, false)
#2 /var/www/html/app/Models/finance_model.php(338): CodeIgniter\Database\BaseBuilder->get()
#3 /var/www/html/app/Controllers/Home.php(20): App\Models\finance_model->getPayoffDebt()
#4 /var/www/html/vendor/codeigniter4/framework/system/CodeIgniter.php(918): App\Controllers\Home->index()
#5 /var/www/html/vendor/codeigniter4/framework/system/CodeIgniter.php(404): CodeIgniter\CodeIgniter->runController(Object(App\Controllers\Home))
#6 /var/www/html/vendor/codeigniter4/framework/system/CodeIgniter.php(312): CodeIgniter\CodeIgniter->handleRequest(NULL, Object(Config\Cache), false)
#7 /var/www/html/public/index.php(45): CodeIgniter\CodeIgniter->run()
#8 {main}
CRITICAL - 2020-12-21 20:55:16 --> Unable to connect to the database.
#0 /var/www/html/vendor/codeigniter4/framework/system/Database/BaseConnection.php(646): CodeIgniter\Database\BaseConnection->initialize()
#1 /var/www/html/vendor/codeigniter4/framework/system/Database/BaseBuilder.php(1860): CodeIgniter\Database\BaseConnection->query('SELECT *\nFROM "...', Array, false)
#2 /var/www/html/app/Models/finance_model.php(338): CodeIgniter\Database\BaseBuilder->get()
#3 /var/www/html/app/Controllers/Home.php(20): App\Models\finance_model->getPayoffDebt()
#4 /var/www/html/vendor/codeigniter4/framework/system/CodeIgniter.php(918): App\Controllers\Home->index()
#5 /var/www/html/vendor/codeigniter4/framework/system/CodeIgniter.php(404): CodeIgniter\CodeIgniter->runController(Object(App\Controllers\Home))
#6 /var/www/html/vendor/codeigniter4/framework/system/CodeIgniter.php(312): CodeIgniter\CodeIgniter->handleRequest(NULL, Object(Config\Cache), false)
#7 /var/www/html/public/index.php(45): CodeIgniter\CodeIgniter->run()
#8 {main}
CRITICAL - 2020-12-21 20:55:18 --> Unable to connect to the database.
#0 /var/www/html/vendor/codeigniter4/framework/system/Database/BaseConnection.php(646): CodeIgniter\Database\BaseConnection->initialize()
#1 /var/www/html/vendor/codeigniter4/framework/system/Database/BaseBuilder.php(1860): CodeIgniter\Database\BaseConnection->query('SELECT *\nFROM "...', Array, false)
#2 /var/www/html/app/Models/finance_model.php(338): CodeIgniter\Database\BaseBuilder->get()
#3 /var/www/html/app/Controllers/Home.php(20): App\Models\finance_model->getPayoffDebt()
#4 /var/www/html/vendor/codeigniter4/framework/system/CodeIgniter.php(918): App\Controllers\Home->index()
#5 /var/www/html/vendor/codeigniter4/framework/system/CodeIgniter.php(404): CodeIgniter\CodeIgniter->runController(Object(App\Controllers\Home))
#6 /var/www/html/vendor/codeigniter4/framework/system/CodeIgniter.php(312): CodeIgniter\CodeIgniter->handleRequest(NULL, Object(Config\Cache), false)
#7 /var/www/html/public/index.php(45): CodeIgniter\CodeIgniter->run()
#8 {main}
CRITICAL - 2020-12-21 20:55:25 --> Unable to connect to the database.
#0 /var/www/html/vendor/codeigniter4/framework/system/Database/BaseConnection.php(646): CodeIgniter\Database\BaseConnection->initialize()
#1 /var/www/html/vendor/codeigniter4/framework/system/Database/BaseBuilder.php(1860): CodeIgniter\Database\BaseConnection->query('SELECT *\nFROM "...', Array, false)
#2 /var/www/html/app/Models/finance_model.php(338): CodeIgniter\Database\BaseBuilder->get()
#3 /var/www/html/app/Controllers/Home.php(20): App\Models\finance_model->getPayoffDebt()
#4 /var/www/html/vendor/codeigniter4/framework/system/CodeIgniter.php(918): App\Controllers\Home->index()
#5 /var/www/html/vendor/codeigniter4/framework/system/CodeIgniter.php(404): CodeIgniter\CodeIgniter->runController(Object(App\Controllers\Home))
#6 /var/www/html/vendor/codeigniter4/framework/system/CodeIgniter.php(312): CodeIgniter\CodeIgniter->handleRequest(NULL, Object(Config\Cache), false)
#7 /var/www/html/public/index.php(45): CodeIgniter\CodeIgniter->run()
#8 {main}
CRITICAL - 2020-12-21 20:55:31 --> Unable to connect to the database.
#0 /var/www/html/vendor/codeigniter4/framework/system/Database/BaseConnection.php(646): CodeIgniter\Database\BaseConnection->initialize()
#1 /var/www/html/vendor/codeigniter4/framework/system/Database/BaseBuilder.php(1860): CodeIgniter\Database\BaseConnection->query('SELECT *\nFROM "...', Array, false)
#2 /var/www/html/app/Models/finance_model.php(338): CodeIgniter\Database\BaseBuilder->get()
#3 /var/www/html/app/Controllers/Home.php(20): App\Models\finance_model->getPayoffDebt()
#4 /var/www/html/vendor/codeigniter4/framework/system/CodeIgniter.php(918): App\Controllers\Home->index()
#5 /var/www/html/vendor/codeigniter4/framework/system/CodeIgniter.php(404): CodeIgniter\CodeIgniter->runController(Object(App\Controllers\Home))
#6 /var/www/html/vendor/codeigniter4/framework/system/CodeIgniter.php(312): CodeIgniter\CodeIgniter->handleRequest(NULL, Object(Config\Cache), false)
#7 /var/www/html/public/index.php(45): CodeIgniter\CodeIgniter->run()
#8 {main}
CRITICAL - 2020-12-21 20:57:56 --> Unable to connect to the database.
#0 /var/www/html/vendor/codeigniter4/framework/system/Database/BaseConnection.php(646): CodeIgniter\Database\BaseConnection->initialize()
#1 /var/www/html/vendor/codeigniter4/framework/system/Database/BaseBuilder.php(1860): CodeIgniter\Database\BaseConnection->query('SELECT *\nFROM "...', Array, false)
#2 /var/www/html/app/Models/finance_model.php(215): CodeIgniter\Database\BaseBuilder->get()
#3 /var/www/html/app/Controllers/Finance.php(2079): App\Models\finance_model->getAcceptPayment()
#4 /var/www/html/vendor/codeigniter4/framework/system/CodeIgniter.php(918): App\Controllers\Finance->list_acceptpayment_complete()
#5 /var/www/html/vendor/codeigniter4/framework/system/CodeIgniter.php(404): CodeIgniter\CodeIgniter->runController(Object(App\Controllers\Finance))
#6 /var/www/html/vendor/codeigniter4/framework/system/CodeIgniter.php(312): CodeIgniter\CodeIgniter->handleRequest(NULL, Object(Config\Cache), false)
#7 /var/www/html/public/index.php(45): CodeIgniter\CodeIgniter->run()
#8 {main}
CRITICAL - 2020-12-21 20:58:23 --> Unable to connect to the database.
#0 /var/www/html/vendor/codeigniter4/framework/system/Database/BaseConnection.php(646): CodeIgniter\Database\BaseConnection->initialize()
#1 /var/www/html/vendor/codeigniter4/framework/system/Database/BaseBuilder.php(1860): CodeIgniter\Database\BaseConnection->query('SELECT *\nFROM "...', Array, false)
#2 /var/www/html/app/Models/finance_model.php(338): CodeIgniter\Database\BaseBuilder->get()
#3 /var/www/html/app/Controllers/Home.php(20): App\Models\finance_model->getPayoffDebt()
#4 /var/www/html/vendor/codeigniter4/framework/system/CodeIgniter.php(918): App\Controllers\Home->index()
#5 /var/www/html/vendor/codeigniter4/framework/system/CodeIgniter.php(404): CodeIgniter\CodeIgniter->runController(Object(App\Controllers\Home))
#6 /var/www/html/vendor/codeigniter4/framework/system/CodeIgniter.php(312): CodeIgniter\CodeIgniter->handleRequest(NULL, Object(Config\Cache), false)
#7 /var/www/html/public/index.php(45): CodeIgniter\CodeIgniter->run()
#8 {main}
CRITICAL - 2020-12-21 21:00:36 --> Unable to connect to the database.
#0 /var/www/html/vendor/codeigniter4/framework/system/Database/BaseConnection.php(646): CodeIgniter\Database\BaseConnection->initialize()
#1 /var/www/html/vendor/codeigniter4/framework/system/Database/BaseBuilder.php(1860): CodeIgniter\Database\BaseConnection->query('SELECT *\nFROM "...', Array, false)
#2 /var/www/html/app/Models/finance_model.php(338): CodeIgniter\Database\BaseBuilder->get()
#3 /var/www/html/app/Controllers/Home.php(20): App\Models\finance_model->getPayoffDebt()
#4 /var/www/html/vendor/codeigniter4/framework/system/CodeIgniter.php(918): App\Controllers\Home->index()
#5 /var/www/html/vendor/codeigniter4/framework/system/CodeIgniter.php(404): CodeIgniter\CodeIgniter->runController(Object(App\Controllers\Home))
#6 /var/www/html/vendor/codeigniter4/framework/system/CodeIgniter.php(312): CodeIgniter\CodeIgniter->handleRequest(NULL, Object(Config\Cache), false)
#7 /var/www/html/public/index.php(45): CodeIgniter\CodeIgniter->run()
#8 {main}
CRITICAL - 2020-12-21 21:02:37 --> Unable to connect to the database.
#0 /var/www/html/vendor/codeigniter4/framework/system/Database/BaseConnection.php(646): CodeIgniter\Database\BaseConnection->initialize()
#1 /var/www/html/vendor/codeigniter4/framework/system/Database/BaseBuilder.php(1860): CodeIgniter\Database\BaseConnection->query('SELECT *\nFROM "...', Array, false)
#2 /var/www/html/app/Models/finance_model.php(338): CodeIgniter\Database\BaseBuilder->get()
#3 /var/www/html/app/Controllers/Home.php(20): App\Models\finance_model->getPayoffDebt()
#4 /var/www/html/vendor/codeigniter4/framework/system/CodeIgniter.php(918): App\Controllers\Home->index()
#5 /var/www/html/vendor/codeigniter4/framework/system/CodeIgniter.php(404): CodeIgniter\CodeIgniter->runController(Object(App\Controllers\Home))
#6 /var/www/html/vendor/codeigniter4/framework/system/CodeIgniter.php(312): CodeIgniter\CodeIgniter->handleRequest(NULL, Object(Config\Cache), false)
#7 /var/www/html/public/index.php(45): CodeIgniter\CodeIgniter->run()
#8 {main}
CRITICAL - 2020-12-21 21:03:40 --> Unable to connect to the database.
#0 /var/www/html/vendor/codeigniter4/framework/system/Database/BaseConnection.php(646): CodeIgniter\Database\BaseConnection->initialize()
#1 /var/www/html/vendor/codeigniter4/framework/system/Database/BaseBuilder.php(1860): CodeIgniter\Database\BaseConnection->query('SELECT *\nFROM "...', Array, false)
#2 /var/www/html/app/Models/finance_model.php(338): CodeIgniter\Database\BaseBuilder->get()
#3 /var/www/html/app/Controllers/Home.php(20): App\Models\finance_model->getPayoffDebt()
#4 /var/www/html/vendor/codeigniter4/framework/system/CodeIgniter.php(918): App\Controllers\Home->index()
#5 /var/www/html/vendor/codeigniter4/framework/system/CodeIgniter.php(404): CodeIgniter\CodeIgniter->runController(Object(App\Controllers\Home))
#6 /var/www/html/vendor/codeigniter4/framework/system/CodeIgniter.php(312): CodeIgniter\CodeIgniter->handleRequest(NULL, Object(Config\Cache), false)
#7 /var/www/html/public/index.php(45): CodeIgniter\CodeIgniter->run()
#8 {main}
CRITICAL - 2020-12-21 21:11:29 --> Unable to connect to the database.
#0 /var/www/html/vendor/codeigniter4/framework/system/Database/BaseConnection.php(646): CodeIgniter\Database\BaseConnection->initialize()
#1 /var/www/html/vendor/codeigniter4/framework/system/Database/BaseBuilder.php(1860): CodeIgniter\Database\BaseConnection->query('SELECT *\nFROM "...', Array, false)
#2 /var/www/html/app/Models/finance_model.php(338): CodeIgniter\Database\BaseBuilder->get()
#3 /var/www/html/app/Controllers/Home.php(20): App\Models\finance_model->getPayoffDebt()
#4 /var/www/html/vendor/codeigniter4/framework/system/CodeIgniter.php(918): App\Controllers\Home->index()
#5 /var/www/html/vendor/codeigniter4/framework/system/CodeIgniter.php(404): CodeIgniter\CodeIgniter->runController(Object(App\Controllers\Home))
#6 /var/www/html/vendor/codeigniter4/framework/system/CodeIgniter.php(312): CodeIgniter\CodeIgniter->handleRequest(NULL, Object(Config\Cache), false)
#7 /var/www/html/public/index.php(45): CodeIgniter\CodeIgniter->run()
#8 {main}
CRITICAL - 2020-12-21 21:11:33 --> Unable to connect to the database.
#0 /var/www/html/vendor/codeigniter4/framework/system/Database/BaseConnection.php(646): CodeIgniter\Database\BaseConnection->initialize()
#1 /var/www/html/vendor/codeigniter4/framework/system/Database/BaseBuilder.php(1860): CodeIgniter\Database\BaseConnection->query('SELECT *\nFROM "...', Array, false)
#2 /var/www/html/app/Models/finance_model.php(338): CodeIgniter\Database\BaseBuilder->get()
#3 /var/www/html/app/Controllers/Home.php(20): App\Models\finance_model->getPayoffDebt()
#4 /var/www/html/vendor/codeigniter4/framework/system/CodeIgniter.php(918): App\Controllers\Home->index()
#5 /var/www/html/vendor/codeigniter4/framework/system/CodeIgniter.php(404): CodeIgniter\CodeIgniter->runController(Object(App\Controllers\Home))
#6 /var/www/html/vendor/codeigniter4/framework/system/CodeIgniter.php(312): CodeIgniter\CodeIgniter->handleRequest(NULL, Object(Config\Cache), false)
#7 /var/www/html/public/index.php(45): CodeIgniter\CodeIgniter->run()
#8 {main}
CRITICAL - 2020-12-21 21:15:51 --> Unable to connect to the database.
#0 /var/www/html/vendor/codeigniter4/framework/system/Database/BaseConnection.php(646): CodeIgniter\Database\BaseConnection->initialize()
#1 /var/www/html/vendor/codeigniter4/framework/system/Database/BaseBuilder.php(1860): CodeIgniter\Database\BaseConnection->query('SELECT *\nFROM "...', Array, false)
#2 /var/www/html/app/Models/finance_model.php(338): CodeIgniter\Database\BaseBuilder->get()
#3 /var/www/html/app/Controllers/Home.php(20): App\Models\finance_model->getPayoffDebt()
#4 /var/www/html/vendor/codeigniter4/framework/system/CodeIgniter.php(918): App\Controllers\Home->index()
#5 /var/www/html/vendor/codeigniter4/framework/system/CodeIgniter.php(404): CodeIgniter\CodeIgniter->runController(Object(App\Controllers\Home))
#6 /var/www/html/vendor/codeigniter4/framework/system/CodeIgniter.php(312): CodeIgniter\CodeIgniter->handleRequest(NULL, Object(Config\Cache), false)
#7 /var/www/html/public/index.php(45): CodeIgniter\CodeIgniter->run()
#8 {main}
CRITICAL - 2020-12-21 21:39:06 --> Unable to connect to the database.
#0 /var/www/html/vendor/codeigniter4/framework/system/Database/BaseConnection.php(646): CodeIgniter\Database\BaseConnection->initialize()
#1 /var/www/html/vendor/codeigniter4/framework/system/Database/BaseBuilder.php(1860): CodeIgniter\Database\BaseConnection->query('SELECT *\nFROM "...', Array, false)
#2 /var/www/html/app/Models/finance_model.php(338): CodeIgniter\Database\BaseBuilder->get()
#3 /var/www/html/app/Controllers/Home.php(20): App\Models\finance_model->getPayoffDebt()
#4 /var/www/html/vendor/codeigniter4/framework/system/CodeIgniter.php(918): App\Controllers\Home->index()
#5 /var/www/html/vendor/codeigniter4/framework/system/CodeIgniter.php(404): CodeIgniter\CodeIgniter->runController(Object(App\Controllers\Home))
#6 /var/www/html/vendor/codeigniter4/framework/system/CodeIgniter.php(312): CodeIgniter\CodeIgniter->handleRequest(NULL, Object(Config\Cache), false)
#7 /var/www/html/public/index.php(45): CodeIgniter\CodeIgniter->run()
#8 {main}
CRITICAL - 2020-12-21 21:46:57 --> Unable to connect to the database.
#0 /var/www/html/vendor/codeigniter4/framework/system/Database/BaseConnection.php(646): CodeIgniter\Database\BaseConnection->initialize()
#1 /var/www/html/vendor/codeigniter4/framework/system/Database/BaseBuilder.php(1860): CodeIgniter\Database\BaseConnection->query('SELECT *\nFROM "...', Array, false)
#2 /var/www/html/app/Models/finance_model.php(338): CodeIgniter\Database\BaseBuilder->get()
#3 /var/www/html/app/Controllers/Home.php(20): App\Models\finance_model->getPayoffDebt()
#4 /var/www/html/vendor/codeigniter4/framework/system/CodeIgniter.php(918): App\Controllers\Home->index()
#5 /var/www/html/vendor/codeigniter4/framework/system/CodeIgniter.php(404): CodeIgniter\CodeIgniter->runController(Object(App\Controllers\Home))
#6 /var/www/html/vendor/codeigniter4/framework/system/CodeIgniter.php(312): CodeIgniter\CodeIgniter->handleRequest(NULL, Object(Config\Cache), false)
#7 /var/www/html/public/index.php(45): CodeIgniter\CodeIgniter->run()
#8 {main}
CRITICAL - 2020-12-21 21:48:07 --> Unable to connect to the database.
#0 /var/www/html/vendor/codeigniter4/framework/system/Database/BaseConnection.php(646): CodeIgniter\Database\BaseConnection->initialize()
#1 /var/www/html/vendor/codeigniter4/framework/system/Database/BaseBuilder.php(1860): CodeIgniter\Database\BaseConnection->query('SELECT *\nFROM "...', Array, false)
#2 /var/www/html/app/Models/finance_model.php(338): CodeIgniter\Database\BaseBuilder->get()
#3 /var/www/html/app/Controllers/Home.php(20): App\Models\finance_model->getPayoffDebt()
#4 /var/www/html/vendor/codeigniter4/framework/system/CodeIgniter.php(918): App\Controllers\Home->index()
#5 /var/www/html/vendor/codeigniter4/framework/system/CodeIgniter.php(404): CodeIgniter\CodeIgniter->runController(Object(App\Controllers\Home))
#6 /var/www/html/vendor/codeigniter4/framework/system/CodeIgniter.php(312): CodeIgniter\CodeIgniter->handleRequest(NULL, Object(Config\Cache), false)
#7 /var/www/html/public/index.php(45): CodeIgniter\CodeIgniter->run()
#8 {main}
CRITICAL - 2020-12-21 21:49:47 --> Unable to connect to the database.
#0 /var/www/html/vendor/codeigniter4/framework/system/Database/BaseConnection.php(646): CodeIgniter\Database\BaseConnection->initialize()
#1 /var/www/html/vendor/codeigniter4/framework/system/Database/BaseBuilder.php(1860): CodeIgniter\Database\BaseConnection->query('SELECT *\nFROM "...', Array, false)
#2 /var/www/html/app/Models/finance_model.php(338): CodeIgniter\Database\BaseBuilder->get()
#3 /var/www/html/app/Controllers/Home.php(20): App\Models\finance_model->getPayoffDebt()
#4 /var/www/html/vendor/codeigniter4/framework/system/CodeIgniter.php(918): App\Controllers\Home->index()
#5 /var/www/html/vendor/codeigniter4/framework/system/CodeIgniter.php(404): CodeIgniter\CodeIgniter->runController(Object(App\Controllers\Home))
#6 /var/www/html/vendor/codeigniter4/framework/system/CodeIgniter.php(312): CodeIgniter\CodeIgniter->handleRequest(NULL, Object(Config\Cache), false)
#7 /var/www/html/public/index.php(45): CodeIgniter\CodeIgniter->run()
#8 {main}
CRITICAL - 2020-12-21 22:05:43 --> Unable to connect to the database.
#0 /var/www/html/vendor/codeigniter4/framework/system/Database/BaseConnection.php(646): CodeIgniter\Database\BaseConnection->initialize()
#1 /var/www/html/vendor/codeigniter4/framework/system/Database/BaseBuilder.php(1860): CodeIgniter\Database\BaseConnection->query('SELECT *\nFROM "...', Array, false)
#2 /var/www/html/app/Models/finance_model.php(338): CodeIgniter\Database\BaseBuilder->get()
#3 /var/www/html/app/Controllers/Home.php(20): App\Models\finance_model->getPayoffDebt()
#4 /var/www/html/vendor/codeigniter4/framework/system/CodeIgniter.php(918): App\Controllers\Home->index()
#5 /var/www/html/vendor/codeigniter4/framework/system/CodeIgniter.php(404): CodeIgniter\CodeIgniter->runController(Object(App\Controllers\Home))
#6 /var/www/html/vendor/codeigniter4/framework/system/CodeIgniter.php(312): CodeIgniter\CodeIgniter->handleRequest(NULL, Object(Config\Cache), false)
#7 /var/www/html/public/index.php(45): CodeIgniter\CodeIgniter->run()
#8 {main}
CRITICAL - 2020-12-21 22:05:48 --> Unable to connect to the database.
#0 /var/www/html/vendor/codeigniter4/framework/system/Database/BaseConnection.php(646): CodeIgniter\Database\BaseConnection->initialize()
#1 /var/www/html/vendor/codeigniter4/framework/system/Database/BaseBuilder.php(1860): CodeIgniter\Database\BaseConnection->query('SELECT *\nFROM "...', Array, false)
#2 /var/www/html/app/Models/finance_model.php(338): CodeIgniter\Database\BaseBuilder->get()
#3 /var/www/html/app/Controllers/Home.php(20): App\Models\finance_model->getPayoffDebt()
#4 /var/www/html/vendor/codeigniter4/framework/system/CodeIgniter.php(918): App\Controllers\Home->index()
#5 /var/www/html/vendor/codeigniter4/framework/system/CodeIgniter.php(404): CodeIgniter\CodeIgniter->runController(Object(App\Controllers\Home))
#6 /var/www/html/vendor/codeigniter4/framework/system/CodeIgniter.php(312): CodeIgniter\CodeIgniter->handleRequest(NULL, Object(Config\Cache), false)
#7 /var/www/html/public/index.php(45): CodeIgniter\CodeIgniter->run()
#8 {main}
CRITICAL - 2020-12-21 22:05:54 --> Unable to connect to the database.
#0 /var/www/html/vendor/codeigniter4/framework/system/Database/BaseConnection.php(646): CodeIgniter\Database\BaseConnection->initialize()
#1 /var/www/html/vendor/codeigniter4/framework/system/Database/BaseBuilder.php(1860): CodeIgniter\Database\BaseConnection->query('SELECT *\nFROM "...', Array, false)
#2 /var/www/html/app/Models/finance_model.php(338): CodeIgniter\Database\BaseBuilder->get()
#3 /var/www/html/app/Controllers/Home.php(20): App\Models\finance_model->getPayoffDebt()
#4 /var/www/html/vendor/codeigniter4/framework/system/CodeIgniter.php(918): App\Controllers\Home->index()
#5 /var/www/html/vendor/codeigniter4/framework/system/CodeIgniter.php(404): CodeIgniter\CodeIgniter->runController(Object(App\Controllers\Home))
#6 /var/www/html/vendor/codeigniter4/framework/system/CodeIgniter.php(312): CodeIgniter\CodeIgniter->handleRequest(NULL, Object(Config\Cache), false)
#7 /var/www/html/public/index.php(45): CodeIgniter\CodeIgniter->run()
#8 {main}
CRITICAL - 2020-12-21 22:07:22 --> Unable to connect to the database.
#0 /var/www/html/vendor/codeigniter4/framework/system/Database/BaseConnection.php(646): CodeIgniter\Database\BaseConnection->initialize()
#1 /var/www/html/vendor/codeigniter4/framework/system/Database/BaseBuilder.php(1860): CodeIgniter\Database\BaseConnection->query('SELECT *\nFROM "...', Array, false)
#2 /var/www/html/app/Models/finance_model.php(338): CodeIgniter\Database\BaseBuilder->get()
#3 /var/www/html/app/Controllers/Home.php(20): App\Models\finance_model->getPayoffDebt()
#4 /var/www/html/vendor/codeigniter4/framework/system/CodeIgniter.php(918): App\Controllers\Home->index()
#5 /var/www/html/vendor/codeigniter4/framework/system/CodeIgniter.php(404): CodeIgniter\CodeIgniter->runController(Object(App\Controllers\Home))
#6 /var/www/html/vendor/codeigniter4/framework/system/CodeIgniter.php(312): CodeIgniter\CodeIgniter->handleRequest(NULL, Object(Config\Cache), false)
#7 /var/www/html/public/index.php(45): CodeIgniter\CodeIgniter->run()
#8 {main}
CRITICAL - 2020-12-21 22:08:13 --> Unable to connect to the database.
#0 /var/www/html/vendor/codeigniter4/framework/system/Database/BaseConnection.php(646): CodeIgniter\Database\BaseConnection->initialize()
#1 /var/www/html/vendor/codeigniter4/framework/system/Database/BaseBuilder.php(1860): CodeIgniter\Database\BaseConnection->query('SELECT *\nFROM "...', Array, false)
#2 /var/www/html/app/Models/finance_model.php(338): CodeIgniter\Database\BaseBuilder->get()
#3 /var/www/html/app/Controllers/Home.php(20): App\Models\finance_model->getPayoffDebt()
#4 /var/www/html/vendor/codeigniter4/framework/system/CodeIgniter.php(918): App\Controllers\Home->index()
#5 /var/www/html/vendor/codeigniter4/framework/system/CodeIgniter.php(404): CodeIgniter\CodeIgniter->runController(Object(App\Controllers\Home))
#6 /var/www/html/vendor/codeigniter4/framework/system/CodeIgniter.php(312): CodeIgniter\CodeIgniter->handleRequest(NULL, Object(Config\Cache), false)
#7 /var/www/html/public/index.php(45): CodeIgniter\CodeIgniter->run()
#8 {main}
CRITICAL - 2020-12-21 22:09:12 --> Unable to connect to the database.
#0 /var/www/html/vendor/codeigniter4/framework/system/Database/BaseConnection.php(646): CodeIgniter\Database\BaseConnection->initialize()
#1 /var/www/html/vendor/codeigniter4/framework/system/Database/BaseBuilder.php(1860): CodeIgniter\Database\BaseConnection->query('SELECT *\nFROM "...', Array, false)
#2 /var/www/html/app/Models/finance_model.php(90): CodeIgniter\Database\BaseBuilder->get()
#3 /var/www/html/app/Controllers/Finance.php(275): App\Models\finance_model->getDatePay()
#4 /var/www/html/vendor/codeigniter4/framework/system/CodeIgniter.php(918): App\Controllers\Finance->list_datepay()
#5 /var/www/html/vendor/codeigniter4/framework/system/CodeIgniter.php(404): CodeIgniter\CodeIgniter->runController(Object(App\Controllers\Finance))
#6 /var/www/html/vendor/codeigniter4/framework/system/CodeIgniter.php(312): CodeIgniter\CodeIgniter->handleRequest(NULL, Object(Config\Cache), false)
#7 /var/www/html/public/index.php(45): CodeIgniter\CodeIgniter->run()
#8 {main}
CRITICAL - 2020-12-21 22:09:29 --> Unable to connect to the database.
#0 /var/www/html/vendor/codeigniter4/framework/system/Database/BaseConnection.php(646): CodeIgniter\Database\BaseConnection->initialize()
#1 /var/www/html/vendor/codeigniter4/framework/system/Database/BaseBuilder.php(1860): CodeIgniter\Database\BaseConnection->query('SELECT *\nFROM "...', Array, false)
#2 /var/www/html/app/Models/finance_model.php(338): CodeIgniter\Database\BaseBuilder->get()
#3 /var/www/html/app/Controllers/Home.php(20): App\Models\finance_model->getPayoffDebt()
#4 /var/www/html/vendor/codeigniter4/framework/system/CodeIgniter.php(918): App\Controllers\Home->index()
#5 /var/www/html/vendor/codeigniter4/framework/system/CodeIgniter.php(404): CodeIgniter\CodeIgniter->runController(Object(App\Controllers\Home))
#6 /var/www/html/vendor/codeigniter4/framework/system/CodeIgniter.php(312): CodeIgniter\CodeIgniter->handleRequest(NULL, Object(Config\Cache), false)
#7 /var/www/html/public/index.php(45): CodeIgniter\CodeIgniter->run()
#8 {main}
CRITICAL - 2020-12-21 22:09:49 --> Unable to connect to the database.
#0 /var/www/html/vendor/codeigniter4/framework/system/Database/BaseConnection.php(646): CodeIgniter\Database\BaseConnection->initialize()
#1 /var/www/html/vendor/codeigniter4/framework/system/Database/BaseBuilder.php(1860): CodeIgniter\Database\BaseConnection->query('SELECT *\nFROM "...', Array, false)
#2 /var/www/html/app/Models/finance_model.php(297): CodeIgniter\Database\BaseBuilder->get()
#3 /var/www/html/app/Controllers/Finance.php(1033): App\Models\finance_model->getBilling()
#4 /var/www/html/vendor/codeigniter4/framework/system/CodeIgniter.php(918): App\Controllers\Finance->list_billing()
#5 /var/www/html/vendor/codeigniter4/framework/system/CodeIgniter.php(404): CodeIgniter\CodeIgniter->runController(Object(App\Controllers\Finance))
#6 /var/www/html/vendor/codeigniter4/framework/system/CodeIgniter.php(312): CodeIgniter\CodeIgniter->handleRequest(NULL, Object(Config\Cache), false)
#7 /var/www/html/public/index.php(45): CodeIgniter\CodeIgniter->run()
#8 {main}
CRITICAL - 2020-12-21 22:10:57 --> Unable to connect to the database.
#0 /var/www/html/vendor/codeigniter4/framework/system/Database/BaseConnection.php(646): CodeIgniter\Database\BaseConnection->initialize()
#1 /var/www/html/vendor/codeigniter4/framework/system/Database/BaseBuilder.php(1860): CodeIgniter\Database\BaseConnection->query('SELECT *\nFROM "...', Array, false)
#2 /var/www/html/app/Models/finance_model.php(338): CodeIgniter\Database\BaseBuilder->get()
#3 /var/www/html/app/Controllers/Home.php(20): App\Models\finance_model->getPayoffDebt()
#4 /var/www/html/vendor/codeigniter4/framework/system/CodeIgniter.php(918): App\Controllers\Home->index()
#5 /var/www/html/vendor/codeigniter4/framework/system/CodeIgniter.php(404): CodeIgniter\CodeIgniter->runController(Object(App\Controllers\Home))
#6 /var/www/html/vendor/codeigniter4/framework/system/CodeIgniter.php(312): CodeIgniter\CodeIgniter->handleRequest(NULL, Object(Config\Cache), false)
#7 /var/www/html/public/index.php(45): CodeIgniter\CodeIgniter->run()
#8 {main}
CRITICAL - 2020-12-21 22:12:43 --> Unable to connect to the database.
#0 /var/www/html/vendor/codeigniter4/framework/system/Database/BaseConnection.php(646): CodeIgniter\Database\BaseConnection->initialize()
#1 /var/www/html/vendor/codeigniter4/framework/system/Database/BaseBuilder.php(1860): CodeIgniter\Database\BaseConnection->query('SELECT *\nFROM "...', Array, false)
#2 /var/www/html/app/Models/finance_model.php(90): CodeIgniter\Database\BaseBuilder->get()
#3 /var/www/html/app/Controllers/Finance.php(275): App\Models\finance_model->getDatePay()
#4 /var/www/html/vendor/codeigniter4/framework/system/CodeIgniter.php(918): App\Controllers\Finance->list_datepay()
#5 /var/www/html/vendor/codeigniter4/framework/system/CodeIgniter.php(404): CodeIgniter\CodeIgniter->runController(Object(App\Controllers\Finance))
#6 /var/www/html/vendor/codeigniter4/framework/system/CodeIgniter.php(312): CodeIgniter\CodeIgniter->handleRequest(NULL, Object(Config\Cache), false)
#7 /var/www/html/public/index.php(45): CodeIgniter\CodeIgniter->run()
#8 {main}
CRITICAL - 2020-12-21 22:48:34 --> Unable to connect to the database.
#0 /var/www/html/vendor/codeigniter4/framework/system/Database/BaseConnection.php(646): CodeIgniter\Database\BaseConnection->initialize()
#1 /var/www/html/vendor/codeigniter4/framework/system/Database/BaseBuilder.php(1860): CodeIgniter\Database\BaseConnection->query('SELECT *\nFROM "...', Array, false)
#2 /var/www/html/app/Models/finance_model.php(338): CodeIgniter\Database\BaseBuilder->get()
#3 /var/www/html/app/Controllers/Home.php(20): App\Models\finance_model->getPayoffDebt()
#4 /var/www/html/vendor/codeigniter4/framework/system/CodeIgniter.php(918): App\Controllers\Home->index()
#5 /var/www/html/vendor/codeigniter4/framework/system/CodeIgniter.php(404): CodeIgniter\CodeIgniter->runController(Object(App\Controllers\Home))
#6 /var/www/html/vendor/codeigniter4/framework/system/CodeIgniter.php(312): CodeIgniter\CodeIgniter->handleRequest(NULL, Object(Config\Cache), false)
#7 /var/www/html/public/index.php(45): CodeIgniter\CodeIgniter->run()
#8 {main}
CRITICAL - 2020-12-21 22:52:42 --> Unable to connect to the database.
#0 /var/www/html/vendor/codeigniter4/framework/system/Database/BaseConnection.php(646): CodeIgniter\Database\BaseConnection->initialize()
#1 /var/www/html/vendor/codeigniter4/framework/system/Database/BaseBuilder.php(1860): CodeIgniter\Database\BaseConnection->query('SELECT *\nFROM "...', Array, false)
#2 /var/www/html/app/Models/finance_model.php(338): CodeIgniter\Database\BaseBuilder->get()
#3 /var/www/html/app/Controllers/Home.php(20): App\Models\finance_model->getPayoffDebt()
#4 /var/www/html/vendor/codeigniter4/framework/system/CodeIgniter.php(918): App\Controllers\Home->index()
#5 /var/www/html/vendor/codeigniter4/framework/system/CodeIgniter.php(404): CodeIgniter\CodeIgniter->runController(Object(App\Controllers\Home))
#6 /var/www/html/vendor/codeigniter4/framework/system/CodeIgniter.php(312): CodeIgniter\CodeIgniter->handleRequest(NULL, Object(Config\Cache), false)
#7 /var/www/html/public/index.php(45): CodeIgniter\CodeIgniter->run()
#8 {main}
CRITICAL - 2020-12-21 22:55:28 --> Unable to connect to the database.
#0 /var/www/html/vendor/codeigniter4/framework/system/Database/BaseConnection.php(646): CodeIgniter\Database\BaseConnection->initialize()
#1 /var/www/html/vendor/codeigniter4/framework/system/Database/BaseBuilder.php(1860): CodeIgniter\Database\BaseConnection->query('SELECT *\nFROM "...', Array, false)
#2 /var/www/html/app/Models/finance_model.php(338): CodeIgniter\Database\BaseBuilder->get()
#3 /var/www/html/app/Controllers/Home.php(20): App\Models\finance_model->getPayoffDebt()
#4 /var/www/html/vendor/codeigniter4/framework/system/CodeIgniter.php(918): App\Controllers\Home->index()
#5 /var/www/html/vendor/codeigniter4/framework/system/CodeIgniter.php(404): CodeIgniter\CodeIgniter->runController(Object(App\Controllers\Home))
#6 /var/www/html/vendor/codeigniter4/framework/system/CodeIgniter.php(312): CodeIgniter\CodeIgniter->handleRequest(NULL, Object(Config\Cache), false)
#7 /var/www/html/public/index.php(45): CodeIgniter\CodeIgniter->run()
#8 {main}
CRITICAL - 2020-12-21 23:01:31 --> Unable to connect to the database.
#0 /var/www/html/vendor/codeigniter4/framework/system/Database/BaseConnection.php(646): CodeIgniter\Database\BaseConnection->initialize()
#1 /var/www/html/vendor/codeigniter4/framework/system/Database/BaseBuilder.php(1860): CodeIgniter\Database\BaseConnection->query('SELECT *\nFROM "...', Array, false)
#2 /var/www/html/app/Models/finance_model.php(338): CodeIgniter\Database\BaseBuilder->get()
#3 /var/www/html/app/Controllers/Home.php(20): App\Models\finance_model->getPayoffDebt()
#4 /var/www/html/vendor/codeigniter4/framework/system/CodeIgniter.php(918): App\Controllers\Home->index()
#5 /var/www/html/vendor/codeigniter4/framework/system/CodeIgniter.php(404): CodeIgniter\CodeIgniter->runController(Object(App\Controllers\Home))
#6 /var/www/html/vendor/codeigniter4/framework/system/CodeIgniter.php(312): CodeIgniter\CodeIgniter->handleRequest(NULL, Object(Config\Cache), false)
#7 /var/www/html/public/index.php(45): CodeIgniter\CodeIgniter->run()
#8 {main}
CRITICAL - 2020-12-21 23:01:31 --> Unable to connect to the database.
#0 /var/www/html/vendor/codeigniter4/framework/system/Database/BaseConnection.php(646): CodeIgniter\Database\BaseConnection->initialize()
#1 /var/www/html/vendor/codeigniter4/framework/system/Database/BaseBuilder.php(1860): CodeIgniter\Database\BaseConnection->query('SELECT *\nFROM "...', Array, false)
#2 /var/www/html/app/Models/finance_model.php(338): CodeIgniter\Database\BaseBuilder->get()
#3 /var/www/html/app/Controllers/Home.php(20): App\Models\finance_model->getPayoffDebt()
#4 /var/www/html/vendor/codeigniter4/framework/system/CodeIgniter.php(918): App\Controllers\Home->index()
#5 /var/www/html/vendor/codeigniter4/framework/system/CodeIgniter.php(404): CodeIgniter\CodeIgniter->runController(Object(App\Controllers\Home))
#6 /var/www/html/vendor/codeigniter4/framework/system/CodeIgniter.php(312): CodeIgniter\CodeIgniter->handleRequest(NULL, Object(Config\Cache), false)
#7 /var/www/html/public/index.php(45): CodeIgniter\CodeIgniter->run()
#8 {main}
CRITICAL - 2020-12-21 23:01:31 --> Unable to connect to the database.
#0 /var/www/html/vendor/codeigniter4/framework/system/Database/BaseConnection.php(646): CodeIgniter\Database\BaseConnection->initialize()
#1 /var/www/html/vendor/codeigniter4/framework/system/Database/BaseBuilder.php(1860): CodeIgniter\Database\BaseConnection->query('SELECT *\nFROM "...', Array, false)
#2 /var/www/html/app/Models/finance_model.php(338): CodeIgniter\Database\BaseBuilder->get()
#3 /var/www/html/app/Controllers/Home.php(20): App\Models\finance_model->getPayoffDebt()
#4 /var/www/html/vendor/codeigniter4/framework/system/CodeIgniter.php(918): App\Controllers\Home->index()
#5 /var/www/html/vendor/codeigniter4/framework/system/CodeIgniter.php(404): CodeIgniter\CodeIgniter->runController(Object(App\Controllers\Home))
#6 /var/www/html/vendor/codeigniter4/framework/system/CodeIgniter.php(312): CodeIgniter\CodeIgniter->handleRequest(NULL, Object(Config\Cache), false)
#7 /var/www/html/public/index.php(45): CodeIgniter\CodeIgniter->run()
#8 {main}
CRITICAL - 2020-12-21 23:01:37 --> Unable to connect to the database.
#0 /var/www/html/vendor/codeigniter4/framework/system/Database/BaseConnection.php(646): CodeIgniter\Database\BaseConnection->initialize()
#1 /var/www/html/vendor/codeigniter4/framework/system/Database/BaseBuilder.php(1860): CodeIgniter\Database\BaseConnection->query('SELECT *\nFROM "...', Array, false)
#2 /var/www/html/app/Models/finance_model.php(338): CodeIgniter\Database\BaseBuilder->get()
#3 /var/www/html/app/Controllers/Home.php(20): App\Models\finance_model->getPayoffDebt()
#4 /var/www/html/vendor/codeigniter4/framework/system/CodeIgniter.php(918): App\Controllers\Home->index()
#5 /var/www/html/vendor/codeigniter4/framework/system/CodeIgniter.php(404): CodeIgniter\CodeIgniter->runController(Object(App\Controllers\Home))
#6 /var/www/html/vendor/codeigniter4/framework/system/CodeIgniter.php(312): CodeIgniter\CodeIgniter->handleRequest(NULL, Object(Config\Cache), false)
#7 /var/www/html/public/index.php(45): CodeIgniter\CodeIgniter->run()
#8 {main}
CRITICAL - 2020-12-21 23:01:41 --> Unable to connect to the database.
#0 /var/www/html/vendor/codeigniter4/framework/system/Database/BaseConnection.php(646): CodeIgniter\Database\BaseConnection->initialize()
#1 /var/www/html/vendor/codeigniter4/framework/system/Database/BaseBuilder.php(1860): CodeIgniter\Database\BaseConnection->query('SELECT *\nFROM "...', Array, false)
#2 /var/www/html/app/Models/finance_model.php(338): CodeIgniter\Database\BaseBuilder->get()
#3 /var/www/html/app/Controllers/Home.php(20): App\Models\finance_model->getPayoffDebt()
#4 /var/www/html/vendor/codeigniter4/framework/system/CodeIgniter.php(918): App\Controllers\Home->index()
#5 /var/www/html/vendor/codeigniter4/framework/system/CodeIgniter.php(404): CodeIgniter\CodeIgniter->runController(Object(App\Controllers\Home))
#6 /var/www/html/vendor/codeigniter4/framework/system/CodeIgniter.php(312): CodeIgniter\CodeIgniter->handleRequest(NULL, Object(Config\Cache), false)
#7 /var/www/html/public/index.php(45): CodeIgniter\CodeIgniter->run()
#8 {main}
CRITICAL - 2020-12-21 23:02:06 --> Unable to connect to the database.
#0 /var/www/html/vendor/codeigniter4/framework/system/Database/BaseConnection.php(646): CodeIgniter\Database\BaseConnection->initialize()
#1 /var/www/html/vendor/codeigniter4/framework/system/Database/BaseBuilder.php(1860): CodeIgniter\Database\BaseConnection->query('SELECT *\nFROM "...', Array, false)
#2 /var/www/html/app/Models/finance_model.php(338): CodeIgniter\Database\BaseBuilder->get()
#3 /var/www/html/app/Controllers/Home.php(20): App\Models\finance_model->getPayoffDebt()
#4 /var/www/html/vendor/codeigniter4/framework/system/CodeIgniter.php(918): App\Controllers\Home->index()
#5 /var/www/html/vendor/codeigniter4/framework/system/CodeIgniter.php(404): CodeIgniter\CodeIgniter->runController(Object(App\Controllers\Home))
#6 /var/www/html/vendor/codeigniter4/framework/system/CodeIgniter.php(312): CodeIgniter\CodeIgniter->handleRequest(NULL, Object(Config\Cache), false)
#7 /var/www/html/public/index.php(45): CodeIgniter\CodeIgniter->run()
#8 {main}
CRITICAL - 2020-12-21 23:02:06 --> Unable to connect to the database.
#0 /var/www/html/vendor/codeigniter4/framework/system/Database/BaseConnection.php(646): CodeIgniter\Database\BaseConnection->initialize()
#1 /var/www/html/vendor/codeigniter4/framework/system/Database/BaseBuilder.php(1860): CodeIgniter\Database\BaseConnection->query('SELECT *\nFROM "...', Array, false)
#2 /var/www/html/app/Models/finance_model.php(338): CodeIgniter\Database\BaseBuilder->get()
#3 /var/www/html/app/Controllers/Home.php(20): App\Models\finance_model->getPayoffDebt()
#4 /var/www/html/vendor/codeigniter4/framework/system/CodeIgniter.php(918): App\Controllers\Home->index()
#5 /var/www/html/vendor/codeigniter4/framework/system/CodeIgniter.php(404): CodeIgniter\CodeIgniter->runController(Object(App\Controllers\Home))
#6 /var/www/html/vendor/codeigniter4/framework/system/CodeIgniter.php(312): CodeIgniter\CodeIgniter->handleRequest(NULL, Object(Config\Cache), false)
#7 /var/www/html/public/index.php(45): CodeIgniter\CodeIgniter->run()
#8 {main}
CRITICAL - 2020-12-21 23:02:34 --> Unable to connect to the database.
#0 /var/www/html/vendor/codeigniter4/framework/system/Database/BaseConnection.php(646): CodeIgniter\Database\BaseConnection->initialize()
#1 /var/www/html/vendor/codeigniter4/framework/system/Database/BaseBuilder.php(1860): CodeIgniter\Database\BaseConnection->query('SELECT *\nFROM "...', Array, false)
#2 /var/www/html/app/Models/finance_model.php(338): CodeIgniter\Database\BaseBuilder->get()
#3 /var/www/html/app/Controllers/Home.php(20): App\Models\finance_model->getPayoffDebt()
#4 /var/www/html/vendor/codeigniter4/framework/system/CodeIgniter.php(918): App\Controllers\Home->index()
#5 /var/www/html/vendor/codeigniter4/framework/system/CodeIgniter.php(404): CodeIgniter\CodeIgniter->runController(Object(App\Controllers\Home))
#6 /var/www/html/vendor/codeigniter4/framework/system/CodeIgniter.php(312): CodeIgniter\CodeIgniter->handleRequest(NULL, Object(Config\Cache), false)
#7 /var/www/html/public/index.php(45): CodeIgniter\CodeIgniter->run()
#8 {main}
CRITICAL - 2020-12-21 23:02:40 --> Unable to connect to the database.
#0 /var/www/html/vendor/codeigniter4/framework/system/Database/BaseConnection.php(646): CodeIgniter\Database\BaseConnection->initialize()
#1 /var/www/html/vendor/codeigniter4/framework/system/Database/BaseBuilder.php(1860): CodeIgniter\Database\BaseConnection->query('SELECT *\nFROM "...', Array, false)
#2 /var/www/html/app/Models/finance_model.php(338): CodeIgniter\Database\BaseBuilder->get()
#3 /var/www/html/app/Controllers/Home.php(20): App\Models\finance_model->getPayoffDebt()
#4 /var/www/html/vendor/codeigniter4/framework/system/CodeIgniter.php(918): App\Controllers\Home->index()
#5 /var/www/html/vendor/codeigniter4/framework/system/CodeIgniter.php(404): CodeIgniter\CodeIgniter->runController(Object(App\Controllers\Home))
#6 /var/www/html/vendor/codeigniter4/framework/system/CodeIgniter.php(312): CodeIgniter\CodeIgniter->handleRequest(NULL, Object(Config\Cache), false)
#7 /var/www/html/public/index.php(45): CodeIgniter\CodeIgniter->run()
#8 {main}
CRITICAL - 2020-12-21 23:06:42 --> Unable to connect to the database.
#0 /var/www/html/vendor/codeigniter4/framework/system/Database/BaseConnection.php(646): CodeIgniter\Database\BaseConnection->initialize()
#1 /var/www/html/vendor/codeigniter4/framework/system/Database/BaseBuilder.php(1860): CodeIgniter\Database\BaseConnection->query('SELECT *\nFROM "...', Array, false)
#2 /var/www/html/app/Models/finance_model.php(338): CodeIgniter\Database\BaseBuilder->get()
#3 /var/www/html/app/Controllers/Home.php(20): App\Models\finance_model->getPayoffDebt()
#4 /var/www/html/vendor/codeigniter4/framework/system/CodeIgniter.php(918): App\Controllers\Home->index()
#5 /var/www/html/vendor/codeigniter4/framework/system/CodeIgniter.php(404): CodeIgniter\CodeIgniter->runController(Object(App\Controllers\Home))
#6 /var/www/html/vendor/codeigniter4/framework/system/CodeIgniter.php(312): CodeIgniter\CodeIgniter->handleRequest(NULL, Object(Config\Cache), false)
#7 /var/www/html/public/index.php(45): CodeIgniter\CodeIgniter->run()
#8 {main}
CRITICAL - 2020-12-21 23:07:07 --> Unable to connect to the database.
#0 /var/www/html/vendor/codeigniter4/framework/system/Database/BaseConnection.php(646): CodeIgniter\Database\BaseConnection->initialize()
#1 /var/www/html/vendor/codeigniter4/framework/system/Database/BaseBuilder.php(1860): CodeIgniter\Database\BaseConnection->query('SELECT *\nFROM "...', Array, false)
#2 /var/www/html/app/Models/finance_model.php(338): CodeIgniter\Database\BaseBuilder->get()
#3 /var/www/html/app/Controllers/Home.php(20): App\Models\finance_model->getPayoffDebt()
#4 /var/www/html/vendor/codeigniter4/framework/system/CodeIgniter.php(918): App\Controllers\Home->index()
#5 /var/www/html/vendor/codeigniter4/framework/system/CodeIgniter.php(404): CodeIgniter\CodeIgniter->runController(Object(App\Controllers\Home))
#6 /var/www/html/vendor/codeigniter4/framework/system/CodeIgniter.php(312): CodeIgniter\CodeIgniter->handleRequest(NULL, Object(Config\Cache), false)
#7 /var/www/html/public/index.php(45): CodeIgniter\CodeIgniter->run()
#8 {main}
CRITICAL - 2020-12-21 23:08:10 --> Unable to connect to the database.
#0 /var/www/html/vendor/codeigniter4/framework/system/Database/BaseConnection.php(646): CodeIgniter\Database\BaseConnection->initialize()
#1 /var/www/html/vendor/codeigniter4/framework/system/Database/BaseBuilder.php(1860): CodeIgniter\Database\BaseConnection->query('SELECT *\nFROM "...', Array, false)
#2 /var/www/html/app/Models/finance_model.php(338): CodeIgniter\Database\BaseBuilder->get()
#3 /var/www/html/app/Controllers/Home.php(20): App\Models\finance_model->getPayoffDebt()
#4 /var/www/html/vendor/codeigniter4/framework/system/CodeIgniter.php(918): App\Controllers\Home->index()
#5 /var/www/html/vendor/codeigniter4/framework/system/CodeIgniter.php(404): CodeIgniter\CodeIgniter->runController(Object(App\Controllers\Home))
#6 /var/www/html/vendor/codeigniter4/framework/system/CodeIgniter.php(312): CodeIgniter\CodeIgniter->handleRequest(NULL, Object(Config\Cache), false)
#7 /var/www/html/public/index.php(45): CodeIgniter\CodeIgniter->run()
#8 {main}
CRITICAL - 2020-12-21 23:10:15 --> Unable to connect to the database.
#0 /var/www/html/vendor/codeigniter4/framework/system/Database/BaseConnection.php(646): CodeIgniter\Database\BaseConnection->initialize()
#1 /var/www/html/vendor/codeigniter4/framework/system/Database/BaseBuilder.php(1860): CodeIgniter\Database\BaseConnection->query('SELECT *\nFROM "...', Array, false)
#2 /var/www/html/app/Models/finance_model.php(338): CodeIgniter\Database\BaseBuilder->get()
#3 /var/www/html/app/Controllers/Home.php(20): App\Models\finance_model->getPayoffDebt()
#4 /var/www/html/vendor/codeigniter4/framework/system/CodeIgniter.php(918): App\Controllers\Home->index()
#5 /var/www/html/vendor/codeigniter4/framework/system/CodeIgniter.php(404): CodeIgniter\CodeIgniter->runController(Object(App\Controllers\Home))
#6 /var/www/html/vendor/codeigniter4/framework/system/CodeIgniter.php(312): CodeIgniter\CodeIgniter->handleRequest(NULL, Object(Config\Cache), false)
#7 /var/www/html/public/index.php(45): CodeIgniter\CodeIgniter->run()
#8 {main}
CRITICAL - 2020-12-21 23:11:49 --> Unable to connect to the database.
#0 /var/www/html/vendor/codeigniter4/framework/system/Database/BaseConnection.php(646): CodeIgniter\Database\BaseConnection->initialize()
#1 /var/www/html/vendor/codeigniter4/framework/system/Database/BaseBuilder.php(1860): CodeIgniter\Database\BaseConnection->query('SELECT *\nFROM "...', Array, false)
#2 /var/www/html/app/Models/finance_model.php(338): CodeIgniter\Database\BaseBuilder->get()
#3 /var/www/html/app/Controllers/Home.php(20): App\Models\finance_model->getPayoffDebt()
#4 /var/www/html/vendor/codeigniter4/framework/system/CodeIgniter.php(918): App\Controllers\Home->index()
#5 /var/www/html/vendor/codeigniter4/framework/system/CodeIgniter.php(404): CodeIgniter\CodeIgniter->runController(Object(App\Controllers\Home))
#6 /var/www/html/vendor/codeigniter4/framework/system/CodeIgniter.php(312): CodeIgniter\CodeIgniter->handleRequest(NULL, Object(Config\Cache), false)
#7 /var/www/html/public/index.php(45): CodeIgniter\CodeIgniter->run()
#8 {main}
CRITICAL - 2020-12-21 23:16:58 --> Unable to connect to the database.
#0 /var/www/html/vendor/codeigniter4/framework/system/Database/BaseConnection.php(646): CodeIgniter\Database\BaseConnection->initialize()
#1 /var/www/html/vendor/codeigniter4/framework/system/Database/BaseBuilder.php(1860): CodeIgniter\Database\BaseConnection->query('SELECT *\nFROM "...', Array, false)
#2 /var/www/html/app/Models/finance_model.php(338): CodeIgniter\Database\BaseBuilder->get()
#3 /var/www/html/app/Controllers/Home.php(20): App\Models\finance_model->getPayoffDebt()
#4 /var/www/html/vendor/codeigniter4/framework/system/CodeIgniter.php(918): App\Controllers\Home->index()
#5 /var/www/html/vendor/codeigniter4/framework/system/CodeIgniter.php(404): CodeIgniter\CodeIgniter->runController(Object(App\Controllers\Home))
#6 /var/www/html/vendor/codeigniter4/framework/system/CodeIgniter.php(312): CodeIgniter\CodeIgniter->handleRequest(NULL, Object(Config\Cache), false)
#7 /var/www/html/public/index.php(45): CodeIgniter\CodeIgniter->run()
#8 {main}
CRITICAL - 2020-12-21 23:17:00 --> Unable to connect to the database.
#0 /var/www/html/vendor/codeigniter4/framework/system/Database/BaseConnection.php(646): CodeIgniter\Database\BaseConnection->initialize()
#1 /var/www/html/vendor/codeigniter4/framework/system/Database/BaseBuilder.php(1860): CodeIgniter\Database\BaseConnection->query('SELECT *\nFROM "...', Array, false)
#2 /var/www/html/app/Models/finance_model.php(338): CodeIgniter\Database\BaseBuilder->get()
#3 /var/www/html/app/Controllers/Home.php(20): App\Models\finance_model->getPayoffDebt()
#4 /var/www/html/vendor/codeigniter4/framework/system/CodeIgniter.php(918): App\Controllers\Home->index()
#5 /var/www/html/vendor/codeigniter4/framework/system/CodeIgniter.php(404): CodeIgniter\CodeIgniter->runController(Object(App\Controllers\Home))
#6 /var/www/html/vendor/codeigniter4/framework/system/CodeIgniter.php(312): CodeIgniter\CodeIgniter->handleRequest(NULL, Object(Config\Cache), false)
#7 /var/www/html/public/index.php(45): CodeIgniter\CodeIgniter->run()
#8 {main}
CRITICAL - 2020-12-21 23:17:17 --> Unable to connect to the database.
#0 /var/www/html/vendor/codeigniter4/framework/system/Database/BaseConnection.php(646): CodeIgniter\Database\BaseConnection->initialize()
#1 /var/www/html/vendor/codeigniter4/framework/system/Database/BaseBuilder.php(1860): CodeIgniter\Database\BaseConnection->query('SELECT *\nFROM "...', Array, false)
#2 /var/www/html/app/Models/finance_model.php(338): CodeIgniter\Database\BaseBuilder->get()
#3 /var/www/html/app/Controllers/Home.php(20): App\Models\finance_model->getPayoffDebt()
#4 /var/www/html/vendor/codeigniter4/framework/system/CodeIgniter.php(918): App\Controllers\Home->index()
#5 /var/www/html/vendor/codeigniter4/framework/system/CodeIgniter.php(404): CodeIgniter\CodeIgniter->runController(Object(App\Controllers\Home))
#6 /var/www/html/vendor/codeigniter4/framework/system/CodeIgniter.php(312): CodeIgniter\CodeIgniter->handleRequest(NULL, Object(Config\Cache), false)
#7 /var/www/html/public/index.php(45): CodeIgniter\CodeIgniter->run()
#8 {main}
CRITICAL - 2020-12-21 23:19:36 --> Unable to connect to the database.
#0 /var/www/html/vendor/codeigniter4/framework/system/Database/BaseConnection.php(646): CodeIgniter\Database\BaseConnection->initialize()
#1 /var/www/html/vendor/codeigniter4/framework/system/Database/BaseBuilder.php(1860): CodeIgniter\Database\BaseConnection->query('SELECT *\nFROM "...', Array, false)
#2 /var/www/html/app/Models/finance_model.php(338): CodeIgniter\Database\BaseBuilder->get()
#3 /var/www/html/app/Controllers/Home.php(20): App\Models\finance_model->getPayoffDebt()
#4 /var/www/html/vendor/codeigniter4/framework/system/CodeIgniter.php(918): App\Controllers\Home->index()
#5 /var/www/html/vendor/codeigniter4/framework/system/CodeIgniter.php(404): CodeIgniter\CodeIgniter->runController(Object(App\Controllers\Home))
#6 /var/www/html/vendor/codeigniter4/framework/system/CodeIgniter.php(312): CodeIgniter\CodeIgniter->handleRequest(NULL, Object(Config\Cache), false)
#7 /var/www/html/public/index.php(45): CodeIgniter\CodeIgniter->run()
#8 {main}
CRITICAL - 2020-12-21 23:19:44 --> Unable to connect to the database.
#0 /var/www/html/vendor/codeigniter4/framework/system/Database/BaseConnection.php(646): CodeIgniter\Database\BaseConnection->initialize()
#1 /var/www/html/vendor/codeigniter4/framework/system/Database/BaseBuilder.php(1860): CodeIgniter\Database\BaseConnection->query('SELECT *\nFROM "...', Array, false)
#2 /var/www/html/app/Models/finance_model.php(338): CodeIgniter\Database\BaseBuilder->get()
#3 /var/www/html/app/Controllers/Home.php(20): App\Models\finance_model->getPayoffDebt()
#4 /var/www/html/vendor/codeigniter4/framework/system/CodeIgniter.php(918): App\Controllers\Home->index()
#5 /var/www/html/vendor/codeigniter4/framework/system/CodeIgniter.php(404): CodeIgniter\CodeIgniter->runController(Object(App\Controllers\Home))
#6 /var/www/html/vendor/codeigniter4/framework/system/CodeIgniter.php(312): CodeIgniter\CodeIgniter->handleRequest(NULL, Object(Config\Cache), false)
#7 /var/www/html/public/index.php(45): CodeIgniter\CodeIgniter->run()
#8 {main}
CRITICAL - 2020-12-21 23:19:57 --> Unable to connect to the database.
#0 /var/www/html/vendor/codeigniter4/framework/system/Database/BaseConnection.php(646): CodeIgniter\Database\BaseConnection->initialize()
#1 /var/www/html/vendor/codeigniter4/framework/system/Database/BaseBuilder.php(1860): CodeIgniter\Database\BaseConnection->query('SELECT *\nFROM "...', Array, false)
#2 /var/www/html/app/Models/finance_model.php(338): CodeIgniter\Database\BaseBuilder->get()
#3 /var/www/html/app/Controllers/Home.php(20): App\Models\finance_model->getPayoffDebt()
#4 /var/www/html/vendor/codeigniter4/framework/system/CodeIgniter.php(918): App\Controllers\Home->index()
#5 /var/www/html/vendor/codeigniter4/framework/system/CodeIgniter.php(404): CodeIgniter\CodeIgniter->runController(Object(App\Controllers\Home))
#6 /var/www/html/vendor/codeigniter4/framework/system/CodeIgniter.php(312): CodeIgniter\CodeIgniter->handleRequest(NULL, Object(Config\Cache), false)
#7 /var/www/html/public/index.php(45): CodeIgniter\CodeIgniter->run()
#8 {main}
CRITICAL - 2020-12-21 23:21:55 --> Unable to connect to the database.
#0 /var/www/html/vendor/codeigniter4/framework/system/Database/BaseConnection.php(646): CodeIgniter\Database\BaseConnection->initialize()
#1 /var/www/html/vendor/codeigniter4/framework/system/Database/BaseBuilder.php(1860): CodeIgniter\Database\BaseConnection->query('SELECT *\nFROM "...', Array, false)
#2 /var/www/html/app/Models/finance_model.php(338): CodeIgniter\Database\BaseBuilder->get()
#3 /var/www/html/app/Controllers/Home.php(20): App\Models\finance_model->getPayoffDebt()
#4 /var/www/html/vendor/codeigniter4/framework/system/CodeIgniter.php(918): App\Controllers\Home->index()
#5 /var/www/html/vendor/codeigniter4/framework/system/CodeIgniter.php(404): CodeIgniter\CodeIgniter->runController(Object(App\Controllers\Home))
#6 /var/www/html/vendor/codeigniter4/framework/system/CodeIgniter.php(312): CodeIgniter\CodeIgniter->handleRequest(NULL, Object(Config\Cache), false)
#7 /var/www/html/public/index.php(45): CodeIgniter\CodeIgniter->run()
#8 {main}
CRITICAL - 2020-12-21 23:21:59 --> Unable to connect to the database.
#0 /var/www/html/vendor/codeigniter4/framework/system/Database/BaseConnection.php(646): CodeIgniter\Database\BaseConnection->initialize()
#1 /var/www/html/vendor/codeigniter4/framework/system/Database/BaseBuilder.php(1860): CodeIgniter\Database\BaseConnection->query('SELECT *\nFROM "...', Array, false)
#2 /var/www/html/app/Models/finance_model.php(297): CodeIgniter\Database\BaseBuilder->get()
#3 /var/www/html/app/Controllers/Finance.php(1033): App\Models\finance_model->getBilling()
#4 /var/www/html/vendor/codeigniter4/framework/system/CodeIgniter.php(918): App\Controllers\Finance->list_billing()
#5 /var/www/html/vendor/codeigniter4/framework/system/CodeIgniter.php(404): CodeIgniter\CodeIgniter->runController(Object(App\Controllers\Finance))
#6 /var/www/html/vendor/codeigniter4/framework/system/CodeIgniter.php(312): CodeIgniter\CodeIgniter->handleRequest(NULL, Object(Config\Cache), false)
#7 /var/www/html/public/index.php(45): CodeIgniter\CodeIgniter->run()
#8 {main}
CRITICAL - 2020-12-21 23:21:59 --> Unable to connect to the database.
#0 /var/www/html/vendor/codeigniter4/framework/system/Database/BaseConnection.php(646): CodeIgniter\Database\BaseConnection->initialize()
#1 /var/www/html/vendor/codeigniter4/framework/system/Database/BaseBuilder.php(1860): CodeIgniter\Database\BaseConnection->query('SELECT *\nFROM "...', Array, false)
#2 /var/www/html/app/Models/finance_model.php(49): CodeIgniter\Database\BaseBuilder->get()
#3 /var/www/html/app/Controllers/Finance.php(122): App\Models\finance_model->getReceiveMoney()
#4 /var/www/html/vendor/codeigniter4/framework/system/CodeIgniter.php(918): App\Controllers\Finance->list_receiving_money()
#5 /var/www/html/vendor/codeigniter4/framework/system/CodeIgniter.php(404): CodeIgniter\CodeIgniter->runController(Object(App\Controllers\Finance))
#6 /var/www/html/vendor/codeigniter4/framework/system/CodeIgniter.php(312): CodeIgniter\CodeIgniter->handleRequest(NULL, Object(Config\Cache), false)
#7 /var/www/html/public/index.php(45): CodeIgniter\CodeIgniter->run()
#8 {main}
CRITICAL - 2020-12-21 23:27:44 --> Unable to connect to the database.
#0 /var/www/html/vendor/codeigniter4/framework/system/Database/BaseConnection.php(646): CodeIgniter\Database\BaseConnection->initialize()
#1 /var/www/html/vendor/codeigniter4/framework/system/Database/BaseBuilder.php(1860): CodeIgniter\Database\BaseConnection->query('SELECT *\nFROM "...', Array, false)
#2 /var/www/html/app/Models/finance_model.php(338): CodeIgniter\Database\BaseBuilder->get()
#3 /var/www/html/app/Controllers/Home.php(20): App\Models\finance_model->getPayoffDebt()
#4 /var/www/html/vendor/codeigniter4/framework/system/CodeIgniter.php(918): App\Controllers\Home->index()
#5 /var/www/html/vendor/codeigniter4/framework/system/CodeIgniter.php(404): CodeIgniter\CodeIgniter->runController(Object(App\Controllers\Home))
#6 /var/www/html/vendor/codeigniter4/framework/system/CodeIgniter.php(312): CodeIgniter\CodeIgniter->handleRequest(NULL, Object(Config\Cache), false)
#7 /var/www/html/public/index.php(45): CodeIgniter\CodeIgniter->run()
#8 {main}
CRITICAL - 2020-12-21 23:29:57 --> Unable to connect to the database.
#0 /var/www/html/vendor/codeigniter4/framework/system/Database/BaseConnection.php(646): CodeIgniter\Database\BaseConnection->initialize()
#1 /var/www/html/vendor/codeigniter4/framework/system/Database/BaseBuilder.php(1860): CodeIgniter\Database\BaseConnection->query('SELECT *\nFROM "...', Array, false)
#2 /var/www/html/app/Models/finance_model.php(49): CodeIgniter\Database\BaseBuilder->get()
#3 /var/www/html/app/Controllers/Finance.php(122): App\Models\finance_model->getReceiveMoney()
#4 /var/www/html/vendor/codeigniter4/framework/system/CodeIgniter.php(918): App\Controllers\Finance->list_receiving_money()
#5 /var/www/html/vendor/codeigniter4/framework/system/CodeIgniter.php(404): CodeIgniter\CodeIgniter->runController(Object(App\Controllers\Finance))
#6 /var/www/html/vendor/codeigniter4/framework/system/CodeIgniter.php(312): CodeIgniter\CodeIgniter->handleRequest(NULL, Object(Config\Cache), false)
#7 /var/www/html/public/index.php(45): CodeIgniter\CodeIgniter->run()
#8 {main}
CRITICAL - 2020-12-21 23:34:09 --> Unable to connect to the database.
#0 /var/www/html/vendor/codeigniter4/framework/system/Database/BaseConnection.php(646): CodeIgniter\Database\BaseConnection->initialize()
#1 /var/www/html/vendor/codeigniter4/framework/system/Database/BaseBuilder.php(1860): CodeIgniter\Database\BaseConnection->query('SELECT *\nFROM "...', Array, false)
#2 /var/www/html/app/Models/finance_model.php(338): CodeIgniter\Database\BaseBuilder->get()
#3 /var/www/html/app/Controllers/Home.php(20): App\Models\finance_model->getPayoffDebt()
#4 /var/www/html/vendor/codeigniter4/framework/system/CodeIgniter.php(918): App\Controllers\Home->index()
#5 /var/www/html/vendor/codeigniter4/framework/system/CodeIgniter.php(404): CodeIgniter\CodeIgniter->runController(Object(App\Controllers\Home))
#6 /var/www/html/vendor/codeigniter4/framework/system/CodeIgniter.php(312): CodeIgniter\CodeIgniter->handleRequest(NULL, Object(Config\Cache), false)
#7 /var/www/html/public/index.php(45): CodeIgniter\CodeIgniter->run()
#8 {main}
CRITICAL - 2020-12-21 23:34:27 --> Unable to connect to the database.
#0 /var/www/html/vendor/codeigniter4/framework/system/Database/BaseConnection.php(646): CodeIgniter\Database\BaseConnection->initialize()
#1 /var/www/html/vendor/codeigniter4/framework/system/Database/BaseBuilder.php(1860): CodeIgniter\Database\BaseConnection->query('SELECT *\nFROM "...', Array, false)
#2 /var/www/html/app/Models/finance_model.php(338): CodeIgniter\Database\BaseBuilder->get()
#3 /var/www/html/app/Controllers/Finance.php(1181): App\Models\finance_model->getPayoffDebt()
#4 /var/www/html/vendor/codeigniter4/framework/system/CodeIgniter.php(918): App\Controllers\Finance->list_payoffdebt()
#5 /var/www/html/vendor/codeigniter4/framework/system/CodeIgniter.php(404): CodeIgniter\CodeIgniter->runController(Object(App\Controllers\Finance))
#6 /var/www/html/vendor/codeigniter4/framework/system/CodeIgniter.php(312): CodeIgniter\CodeIgniter->handleRequest(NULL, Object(Config\Cache), false)
#7 /var/www/html/public/index.php(45): CodeIgniter\CodeIgniter->run()
#8 {main}
CRITICAL - 2020-12-21 23:38:49 --> Unable to connect to the database.
#0 /var/www/html/vendor/codeigniter4/framework/system/Database/BaseConnection.php(646): CodeIgniter\Database\BaseConnection->initialize()
#1 /var/www/html/vendor/codeigniter4/framework/system/Database/BaseBuilder.php(1860): CodeIgniter\Database\BaseConnection->query('SELECT *\nFROM "...', Array, false)
#2 /var/www/html/app/Models/finance_model.php(338): CodeIgniter\Database\BaseBuilder->get()
#3 /var/www/html/app/Controllers/Home.php(20): App\Models\finance_model->getPayoffDebt()
#4 /var/www/html/vendor/codeigniter4/framework/system/CodeIgniter.php(918): App\Controllers\Home->index()
#5 /var/www/html/vendor/codeigniter4/framework/system/CodeIgniter.php(404): CodeIgniter\CodeIgniter->runController(Object(App\Controllers\Home))
#6 /var/www/html/vendor/codeigniter4/framework/system/CodeIgniter.php(312): CodeIgniter\CodeIgniter->handleRequest(NULL, Object(Config\Cache), false)
#7 /var/www/html/public/index.php(45): CodeIgniter\CodeIgniter->run()
#8 {main}
CRITICAL - 2020-12-21 23:38:55 --> Unable to connect to the database.
#0 /var/www/html/vendor/codeigniter4/framework/system/Database/BaseConnection.php(646): CodeIgniter\Database\BaseConnection->initialize()
#1 /var/www/html/vendor/codeigniter4/framework/system/Database/BaseBuilder.php(1860): CodeIgniter\Database\BaseConnection->query('SELECT *\nFROM "...', Array, false)
#2 /var/www/html/app/Models/finance_model.php(338): CodeIgniter\Database\BaseBuilder->get()
#3 /var/www/html/app/Controllers/Home.php(20): App\Models\finance_model->getPayoffDebt()
#4 /var/www/html/vendor/codeigniter4/framework/system/CodeIgniter.php(918): App\Controllers\Home->index()
#5 /var/www/html/vendor/codeigniter4/framework/system/CodeIgniter.php(404): CodeIgniter\CodeIgniter->runController(Object(App\Controllers\Home))
#6 /var/www/html/vendor/codeigniter4/framework/system/CodeIgniter.php(312): CodeIgniter\CodeIgniter->handleRequest(NULL, Object(Config\Cache), false)
#7 /var/www/html/public/index.php(45): CodeIgniter\CodeIgniter->run()
#8 {main}
CRITICAL - 2020-12-21 23:59:06 --> Unable to connect to the database.
#0 /var/www/html/vendor/codeigniter4/framework/system/Database/BaseConnection.php(646): CodeIgniter\Database\BaseConnection->initialize()
#1 /var/www/html/vendor/codeigniter4/framework/system/Database/BaseBuilder.php(1860): CodeIgniter\Database\BaseConnection->query('SELECT *\nFROM "...', Array, false)
#2 /var/www/html/app/Models/finance_model.php(338): CodeIgniter\Database\BaseBuilder->get()
#3 /var/www/html/app/Controllers/Home.php(20): App\Models\finance_model->getPayoffDebt()
#4 /var/www/html/vendor/codeigniter4/framework/system/CodeIgniter.php(918): App\Controllers\Home->index()
#5 /var/www/html/vendor/codeigniter4/framework/system/CodeIgniter.php(404): CodeIgniter\CodeIgniter->runController(Object(App\Controllers\Home))
#6 /var/www/html/vendor/codeigniter4/framework/system/CodeIgniter.php(312): CodeIgniter\CodeIgniter->handleRequest(NULL, Object(Config\Cache), false)
#7 /var/www/html/public/index.php(45): CodeIgniter\CodeIgniter->run()
#8 {main}
