CRITICAL - 2021-02-17 13:05:46 --> Invalid file: ac/view_generaljournal_id.php
#0 /var/www/html/vendor/codeigniter4/framework/system/View/View.php(228): CodeIgniter\Exceptions\FrameworkException::forInvalidFile('ac/view_general...')
#1 /var/www/html/vendor/codeigniter4/framework/system/Common.php(1119): CodeIgniter\View\View->render('ac/view_general...', Array, true)
#2 /var/www/html/app/Controllers/Account.php(96): view('ac/view_general...', Array)
#3 /var/www/html/vendor/codeigniter4/framework/system/CodeIgniter.php(918): App\Controllers\Account->view_generaljournal_id('8')
#4 /var/www/html/vendor/codeigniter4/framework/system/CodeIgniter.php(404): CodeIgniter\CodeIgniter->runController(Object(App\Controllers\Account))
#5 /var/www/html/vendor/codeigniter4/framework/system/CodeIgniter.php(312): CodeIgniter\CodeIgniter->handleRequest(NULL, Object(Config\Cache), false)
#6 /var/www/html/public/index.php(45): CodeIgniter\CodeIgniter->run()
#7 {main}
CRITICAL - 2021-02-17 13:05:49 --> Invalid file: ac/view_generaljournal_id.php
#0 /var/www/html/vendor/codeigniter4/framework/system/View/View.php(228): CodeIgniter\Exceptions\FrameworkException::forInvalidFile('ac/view_general...')
#1 /var/www/html/vendor/codeigniter4/framework/system/Common.php(1119): CodeIgniter\View\View->render('ac/view_general...', Array, true)
#2 /var/www/html/app/Controllers/Account.php(96): view('ac/view_general...', Array)
#3 /var/www/html/vendor/codeigniter4/framework/system/CodeIgniter.php(918): App\Controllers\Account->view_generaljournal_id('8')
#4 /var/www/html/vendor/codeigniter4/framework/system/CodeIgniter.php(404): CodeIgniter\CodeIgniter->runController(Object(App\Controllers\Account))
#5 /var/www/html/vendor/codeigniter4/framework/system/CodeIgniter.php(312): CodeIgniter\CodeIgniter->handleRequest(NULL, Object(Config\Cache), false)
#6 /var/www/html/public/index.php(45): CodeIgniter\CodeIgniter->run()
#7 {main}
CRITICAL - 2021-02-17 13:20:22 --> Invalid file: ac/view_payjournal_id.php
#0 /var/www/html/vendor/codeigniter4/framework/system/View/View.php(228): CodeIgniter\Exceptions\FrameworkException::forInvalidFile('ac/view_payjour...')
#1 /var/www/html/vendor/codeigniter4/framework/system/Common.php(1119): CodeIgniter\View\View->render('ac/view_payjour...', Array, true)
#2 /var/www/html/app/Controllers/Account.php(283): view('ac/view_payjour...', Array)
#3 /var/www/html/vendor/codeigniter4/framework/system/CodeIgniter.php(918): App\Controllers\Account->view_payjournal_id('3')
#4 /var/www/html/vendor/codeigniter4/framework/system/CodeIgniter.php(404): CodeIgniter\CodeIgniter->runController(Object(App\Controllers\Account))
#5 /var/www/html/vendor/codeigniter4/framework/system/CodeIgniter.php(312): CodeIgniter\CodeIgniter->handleRequest(NULL, Object(Config\Cache), false)
#6 /var/www/html/public/index.php(45): CodeIgniter\CodeIgniter->run()
#7 {main}
CRITICAL - 2021-02-17 13:26:45 --> Invalid file: ac/view_salesjournal_id.php
#0 /var/www/html/vendor/codeigniter4/framework/system/View/View.php(228): CodeIgniter\Exceptions\FrameworkException::forInvalidFile('ac/view_salesjo...')
#1 /var/www/html/vendor/codeigniter4/framework/system/Common.php(1119): CodeIgniter\View\View->render('ac/view_salesjo...', Array, true)
#2 /var/www/html/app/Controllers/Account.php(657): view('ac/view_salesjo...', Array)
#3 /var/www/html/vendor/codeigniter4/framework/system/CodeIgniter.php(918): App\Controllers\Account->view_salesjournal_id('4')
#4 /var/www/html/vendor/codeigniter4/framework/system/CodeIgniter.php(404): CodeIgniter\CodeIgniter->runController(Object(App\Controllers\Account))
#5 /var/www/html/vendor/codeigniter4/framework/system/CodeIgniter.php(312): CodeIgniter\CodeIgniter->handleRequest(NULL, Object(Config\Cache), false)
#6 /var/www/html/public/index.php(45): CodeIgniter\CodeIgniter->run()
#7 {main}
CRITICAL - 2021-02-17 14:06:28 --> Invalid file: ac/view_creditor_id.php
#0 /var/www/html/vendor/codeigniter4/framework/system/View/View.php(228): CodeIgniter\Exceptions\FrameworkException::forInvalidFile('ac/view_credito...')
#1 /var/www/html/vendor/codeigniter4/framework/system/Common.php(1119): CodeIgniter\View\View->render('ac/view_credito...', Array, true)
#2 /var/www/html/app/Controllers/Account.php(1038): view('ac/view_credito...', Array)
#3 /var/www/html/vendor/codeigniter4/framework/system/CodeIgniter.php(918): App\Controllers\Account->view_creditor_id('6')
#4 /var/www/html/vendor/codeigniter4/framework/system/CodeIgniter.php(404): CodeIgniter\CodeIgniter->runController(Object(App\Controllers\Account))
#5 /var/www/html/vendor/codeigniter4/framework/system/CodeIgniter.php(312): CodeIgniter\CodeIgniter->handleRequest(NULL, Object(Config\Cache), false)
#6 /var/www/html/public/index.php(45): CodeIgniter\CodeIgniter->run()
#7 {main}
CRITICAL - 2021-02-17 15:28:29 --> Class 'App\Controllers\Picqer\Barcode\BarcodeGeneratorHTML' not found
#0 /var/www/html/vendor/codeigniter4/framework/system/CodeIgniter.php(918): App\Controllers\Supplies->print_barcode('8')
#1 /var/www/html/vendor/codeigniter4/framework/system/CodeIgniter.php(404): CodeIgniter\CodeIgniter->runController(Object(App\Controllers\Supplies))
#2 /var/www/html/vendor/codeigniter4/framework/system/CodeIgniter.php(312): CodeIgniter\CodeIgniter->handleRequest(NULL, Object(Config\Cache), false)
#3 /var/www/html/public/index.php(45): CodeIgniter\CodeIgniter->run()
#4 {main}
CRITICAL - 2021-02-17 16:29:57 --> Class 'App\Controllers\Picqer\Barcode\BarcodeGeneratorHTML' not found
#0 /var/www/html/vendor/codeigniter4/framework/system/CodeIgniter.php(918): App\Controllers\Supplies->print_barcode('10')
#1 /var/www/html/vendor/codeigniter4/framework/system/CodeIgniter.php(404): CodeIgniter\CodeIgniter->runController(Object(App\Controllers\Supplies))
#2 /var/www/html/vendor/codeigniter4/framework/system/CodeIgniter.php(312): CodeIgniter\CodeIgniter->handleRequest(NULL, Object(Config\Cache), false)
#3 /var/www/html/public/index.php(45): CodeIgniter\CodeIgniter->run()
#4 {main}
CRITICAL - 2021-02-17 17:37:00 --> number_format() expects parameter 1 to be float, string given
#0 [internal function]: CodeIgniter\Debug\Exceptions->errorHandler(2, 'number_format()...', '/var/www/html/a...', 49, Array)
#1 /var/www/html/app/Views/ac/budget_disbursement.php(49): number_format('', 2)
#2 /var/www/html/vendor/codeigniter4/framework/system/View/View.php(246): include('/var/www/html/a...')
#3 /var/www/html/vendor/codeigniter4/framework/system/Common.php(1119): CodeIgniter\View\View->render('ac/budget_disbu...', Array, true)
#4 /var/www/html/app/Controllers/Account.php(2037): view('ac/budget_disbu...')
#5 /var/www/html/vendor/codeigniter4/framework/system/CodeIgniter.php(918): App\Controllers\Account->budget_disbursement()
#6 /var/www/html/vendor/codeigniter4/framework/system/CodeIgniter.php(404): CodeIgniter\CodeIgniter->runController(Object(App\Controllers\Account))
#7 /var/www/html/vendor/codeigniter4/framework/system/CodeIgniter.php(312): CodeIgniter\CodeIgniter->handleRequest(NULL, Object(Config\Cache), false)
#8 /var/www/html/public/index.php(45): CodeIgniter\CodeIgniter->run()
#9 {main}
CRITICAL - 2021-02-17 17:51:31 --> Class 'App\Controllers\Picqer\Barcode\BarcodeGeneratorHTML' not found
#0 /var/www/html/vendor/codeigniter4/framework/system/CodeIgniter.php(918): App\Controllers\Supplies->print_barcode('11')
#1 /var/www/html/vendor/codeigniter4/framework/system/CodeIgniter.php(404): CodeIgniter\CodeIgniter->runController(Object(App\Controllers\Supplies))
#2 /var/www/html/vendor/codeigniter4/framework/system/CodeIgniter.php(312): CodeIgniter\CodeIgniter->handleRequest(NULL, Object(Config\Cache), false)
#3 /var/www/html/public/index.php(45): CodeIgniter\CodeIgniter->run()
#4 {main}
CRITICAL - 2021-02-17 18:02:07 --> Invalid file: ac/edit_money_source.php
#0 /var/www/html/vendor/codeigniter4/framework/system/View/View.php(228): CodeIgniter\Exceptions\FrameworkException::forInvalidFile('ac/edit_money_s...')
#1 /var/www/html/vendor/codeigniter4/framework/system/Common.php(1119): CodeIgniter\View\View->render('ac/edit_money_s...', Array, true)
#2 /var/www/html/app/Controllers/Account.php(2179): view('ac/edit_money_s...')
#3 /var/www/html/vendor/codeigniter4/framework/system/CodeIgniter.php(918): App\Controllers\Account->edit_money_source('1')
#4 /var/www/html/vendor/codeigniter4/framework/system/CodeIgniter.php(404): CodeIgniter\CodeIgniter->runController(Object(App\Controllers\Account))
#5 /var/www/html/vendor/codeigniter4/framework/system/CodeIgniter.php(312): CodeIgniter\CodeIgniter->handleRequest(NULL, Object(Config\Cache), false)
#6 /var/www/html/public/index.php(45): CodeIgniter\CodeIgniter->run()
#7 {main}
CRITICAL - 2021-02-17 18:13:13 --> Class 'App\Controllers\Picqer\Barcode\BarcodeGeneratorHTML' not found
#0 /var/www/html/vendor/codeigniter4/framework/system/CodeIgniter.php(918): App\Controllers\Supplies->print_barcode('11')
#1 /var/www/html/vendor/codeigniter4/framework/system/CodeIgniter.php(404): CodeIgniter\CodeIgniter->runController(Object(App\Controllers\Supplies))
#2 /var/www/html/vendor/codeigniter4/framework/system/CodeIgniter.php(312): CodeIgniter\CodeIgniter->handleRequest(NULL, Object(Config\Cache), false)
#3 /var/www/html/public/index.php(45): CodeIgniter\CodeIgniter->run()
#4 {main}
CRITICAL - 2021-02-17 18:13:42 --> Class 'App\Controllers\Picqer\Barcode\BarcodeGeneratorHTML' not found
#0 /var/www/html/vendor/codeigniter4/framework/system/CodeIgniter.php(918): App\Controllers\Supplies->print_barcode('11')
#1 /var/www/html/vendor/codeigniter4/framework/system/CodeIgniter.php(404): CodeIgniter\CodeIgniter->runController(Object(App\Controllers\Supplies))
#2 /var/www/html/vendor/codeigniter4/framework/system/CodeIgniter.php(312): CodeIgniter\CodeIgniter->handleRequest(NULL, Object(Config\Cache), false)
#3 /var/www/html/public/index.php(45): CodeIgniter\CodeIgniter->run()
#4 {main}
CRITICAL - 2021-02-17 18:15:01 --> Class 'App\Controllers\Picqer\Barcode\BarcodeGeneratorHTML' not found
#0 /var/www/html/vendor/codeigniter4/framework/system/CodeIgniter.php(918): App\Controllers\Supplies->print_barcode('11')
#1 /var/www/html/vendor/codeigniter4/framework/system/CodeIgniter.php(404): CodeIgniter\CodeIgniter->runController(Object(App\Controllers\Supplies))
#2 /var/www/html/vendor/codeigniter4/framework/system/CodeIgniter.php(312): CodeIgniter\CodeIgniter->handleRequest(NULL, Object(Config\Cache), false)
#3 /var/www/html/public/index.php(45): CodeIgniter\CodeIgniter->run()
#4 {main}
CRITICAL - 2021-02-17 18:17:35 --> Class 'App\Controllers\Picqer\Barcode\BarcodeGeneratorHTML' not found
#0 /var/www/html/vendor/codeigniter4/framework/system/CodeIgniter.php(918): App\Controllers\Supplies->print_barcode('11')
#1 /var/www/html/vendor/codeigniter4/framework/system/CodeIgniter.php(404): CodeIgniter\CodeIgniter->runController(Object(App\Controllers\Supplies))
#2 /var/www/html/vendor/codeigniter4/framework/system/CodeIgniter.php(312): CodeIgniter\CodeIgniter->handleRequest(NULL, Object(Config\Cache), false)
#3 /var/www/html/public/index.php(45): CodeIgniter\CodeIgniter->run()
#4 {main}
CRITICAL - 2021-02-17 18:54:14 --> Call to a member function table() on null
#0 /var/www/html/app/Controllers/Supplies.php(717): App\Controllers\Supplies->addBorrow(Array)
#1 /var/www/html/vendor/codeigniter4/framework/system/CodeIgniter.php(918): App\Controllers\Supplies->borrow()
#2 /var/www/html/vendor/codeigniter4/framework/system/CodeIgniter.php(404): CodeIgniter\CodeIgniter->runController(Object(App\Controllers\Supplies))
#3 /var/www/html/vendor/codeigniter4/framework/system/CodeIgniter.php(312): CodeIgniter\CodeIgniter->handleRequest(NULL, Object(Config\Cache), false)
#4 /var/www/html/public/index.php(45): CodeIgniter\CodeIgniter->run()
#5 {main}
CRITICAL - 2021-02-17 19:05:43 --> Call to a member function table() on null
#0 /var/www/html/vendor/codeigniter4/framework/system/CodeIgniter.php(918): App\Controllers\Supplies->addBorrow()
#1 /var/www/html/vendor/codeigniter4/framework/system/CodeIgniter.php(404): CodeIgniter\CodeIgniter->runController(Object(App\Controllers\Supplies))
#2 /var/www/html/vendor/codeigniter4/framework/system/CodeIgniter.php(312): CodeIgniter\CodeIgniter->handleRequest(NULL, Object(Config\Cache), false)
#3 /var/www/html/public/index.php(45): CodeIgniter\CodeIgniter->run()
#4 {main}
CRITICAL - 2021-02-17 19:07:20 --> Call to a member function table() on null
#0 /var/www/html/vendor/codeigniter4/framework/system/CodeIgniter.php(918): App\Controllers\Supplies->addBorrow()
#1 /var/www/html/vendor/codeigniter4/framework/system/CodeIgniter.php(404): CodeIgniter\CodeIgniter->runController(Object(App\Controllers\Supplies))
#2 /var/www/html/vendor/codeigniter4/framework/system/CodeIgniter.php(312): CodeIgniter\CodeIgniter->handleRequest(NULL, Object(Config\Cache), false)
#3 /var/www/html/public/index.php(45): CodeIgniter\CodeIgniter->run()
#4 {main}
CRITICAL - 2021-02-17 19:08:28 --> Call to a member function table() on null
#0 /var/www/html/vendor/codeigniter4/framework/system/CodeIgniter.php(918): App\Controllers\Supplies->addBorrow()
#1 /var/www/html/vendor/codeigniter4/framework/system/CodeIgniter.php(404): CodeIgniter\CodeIgniter->runController(Object(App\Controllers\Supplies))
#2 /var/www/html/vendor/codeigniter4/framework/system/CodeIgniter.php(312): CodeIgniter\CodeIgniter->handleRequest(NULL, Object(Config\Cache), false)
#3 /var/www/html/public/index.php(45): CodeIgniter\CodeIgniter->run()
#4 {main}
CRITICAL - 2021-02-17 19:17:18 --> Call to a member function insert() on null
#0 /var/www/html/vendor/codeigniter4/framework/system/CodeIgniter.php(918): App\Controllers\Supplies->addBorrow()
#1 /var/www/html/vendor/codeigniter4/framework/system/CodeIgniter.php(404): CodeIgniter\CodeIgniter->runController(Object(App\Controllers\Supplies))
#2 /var/www/html/vendor/codeigniter4/framework/system/CodeIgniter.php(312): CodeIgniter\CodeIgniter->handleRequest(NULL, Object(Config\Cache), false)
#3 /var/www/html/public/index.php(45): CodeIgniter\CodeIgniter->run()
#4 {main}
CRITICAL - 2021-02-17 19:17:51 --> Call to undefined method CodeIgniter\Database\Postgre\Connection::insert()
#0 /var/www/html/vendor/codeigniter4/framework/system/CodeIgniter.php(918): App\Controllers\Supplies->addBorrow()
#1 /var/www/html/vendor/codeigniter4/framework/system/CodeIgniter.php(404): CodeIgniter\CodeIgniter->runController(Object(App\Controllers\Supplies))
#2 /var/www/html/vendor/codeigniter4/framework/system/CodeIgniter.php(312): CodeIgniter\CodeIgniter->handleRequest(NULL, Object(Config\Cache), false)
#3 /var/www/html/public/index.php(45): CodeIgniter\CodeIgniter->run()
#4 {main}
CRITICAL - 2021-02-17 19:18:59 --> Call to undefined method App\Controllers\Supplies::addBorrow()
#0 /var/www/html/vendor/codeigniter4/framework/system/CodeIgniter.php(918): App\Controllers\Supplies->addBorrow2()
#1 /var/www/html/vendor/codeigniter4/framework/system/CodeIgniter.php(404): CodeIgniter\CodeIgniter->runController(Object(App\Controllers\Supplies))
#2 /var/www/html/vendor/codeigniter4/framework/system/CodeIgniter.php(312): CodeIgniter\CodeIgniter->handleRequest(NULL, Object(Config\Cache), false)
#3 /var/www/html/public/index.php(45): CodeIgniter\CodeIgniter->run()
#4 {main}
CRITICAL - 2021-02-17 19:19:22 --> Call to undefined method App\Controllers\Supplies::addBorrow()
#0 /var/www/html/vendor/codeigniter4/framework/system/CodeIgniter.php(918): App\Controllers\Supplies->addBorrow2()
#1 /var/www/html/vendor/codeigniter4/framework/system/CodeIgniter.php(404): CodeIgniter\CodeIgniter->runController(Object(App\Controllers\Supplies))
#2 /var/www/html/vendor/codeigniter4/framework/system/CodeIgniter.php(312): CodeIgniter\CodeIgniter->handleRequest(NULL, Object(Config\Cache), false)
#3 /var/www/html/public/index.php(45): CodeIgniter\CodeIgniter->run()
#4 {main}
CRITICAL - 2021-02-17 19:24:44 --> Call to a member function query() on null
#0 /var/www/html/vendor/codeigniter4/framework/system/CodeIgniter.php(918): App\Controllers\Supplies->addBorrow2()
#1 /var/www/html/vendor/codeigniter4/framework/system/CodeIgniter.php(404): CodeIgniter\CodeIgniter->runController(Object(App\Controllers\Supplies))
#2 /var/www/html/vendor/codeigniter4/framework/system/CodeIgniter.php(312): CodeIgniter\CodeIgniter->handleRequest(NULL, Object(Config\Cache), false)
#3 /var/www/html/public/index.php(45): CodeIgniter\CodeIgniter->run()
#4 {main}
CRITICAL - 2021-02-17 19:25:15 --> Call to a member function query() on null
#0 /var/www/html/vendor/codeigniter4/framework/system/CodeIgniter.php(918): App\Controllers\Supplies->addBorrow2()
#1 /var/www/html/vendor/codeigniter4/framework/system/CodeIgniter.php(404): CodeIgniter\CodeIgniter->runController(Object(App\Controllers\Supplies))
#2 /var/www/html/vendor/codeigniter4/framework/system/CodeIgniter.php(312): CodeIgniter\CodeIgniter->handleRequest(NULL, Object(Config\Cache), false)
#3 /var/www/html/public/index.php(45): CodeIgniter\CodeIgniter->run()
#4 {main}
CRITICAL - 2021-02-17 19:25:53 --> Call to a member function query() on null
#0 /var/www/html/vendor/codeigniter4/framework/system/CodeIgniter.php(918): App\Controllers\Supplies->addBorrow2()
#1 /var/www/html/vendor/codeigniter4/framework/system/CodeIgniter.php(404): CodeIgniter\CodeIgniter->runController(Object(App\Controllers\Supplies))
#2 /var/www/html/vendor/codeigniter4/framework/system/CodeIgniter.php(312): CodeIgniter\CodeIgniter->handleRequest(NULL, Object(Config\Cache), false)
#3 /var/www/html/public/index.php(45): CodeIgniter\CodeIgniter->run()
#4 {main}
CRITICAL - 2021-02-17 19:26:45 --> Call to a member function query() on null
#0 /var/www/html/vendor/codeigniter4/framework/system/CodeIgniter.php(918): App\Controllers\Supplies->addBorrow2()
#1 /var/www/html/vendor/codeigniter4/framework/system/CodeIgniter.php(404): CodeIgniter\CodeIgniter->runController(Object(App\Controllers\Supplies))
#2 /var/www/html/vendor/codeigniter4/framework/system/CodeIgniter.php(312): CodeIgniter\CodeIgniter->handleRequest(NULL, Object(Config\Cache), false)
#3 /var/www/html/public/index.php(45): CodeIgniter\CodeIgniter->run()
#4 {main}
CRITICAL - 2021-02-17 19:27:04 --> Call to a member function query() on null
#0 /var/www/html/vendor/codeigniter4/framework/system/CodeIgniter.php(918): App\Controllers\Supplies->addBorrow2()
#1 /var/www/html/vendor/codeigniter4/framework/system/CodeIgniter.php(404): CodeIgniter\CodeIgniter->runController(Object(App\Controllers\Supplies))
#2 /var/www/html/vendor/codeigniter4/framework/system/CodeIgniter.php(312): CodeIgniter\CodeIgniter->handleRequest(NULL, Object(Config\Cache), false)
#3 /var/www/html/public/index.php(45): CodeIgniter\CodeIgniter->run()
#4 {main}
CRITICAL - 2021-02-17 19:28:22 --> Call to a member function query() on null
#0 /var/www/html/vendor/codeigniter4/framework/system/CodeIgniter.php(918): App\Controllers\Supplies->addBorrow2()
#1 /var/www/html/vendor/codeigniter4/framework/system/CodeIgniter.php(404): CodeIgniter\CodeIgniter->runController(Object(App\Controllers\Supplies))
#2 /var/www/html/vendor/codeigniter4/framework/system/CodeIgniter.php(312): CodeIgniter\CodeIgniter->handleRequest(NULL, Object(Config\Cache), false)
#3 /var/www/html/public/index.php(45): CodeIgniter\CodeIgniter->run()
#4 {main}
CRITICAL - 2021-02-17 19:29:51 --> Call to a member function insert() on null
#0 /var/www/html/vendor/codeigniter4/framework/system/CodeIgniter.php(918): App\Controllers\Supplies->addBorrow2()
#1 /var/www/html/vendor/codeigniter4/framework/system/CodeIgniter.php(404): CodeIgniter\CodeIgniter->runController(Object(App\Controllers\Supplies))
#2 /var/www/html/vendor/codeigniter4/framework/system/CodeIgniter.php(312): CodeIgniter\CodeIgniter->handleRequest(NULL, Object(Config\Cache), false)
#3 /var/www/html/public/index.php(45): CodeIgniter\CodeIgniter->run()
#4 {main}
CRITICAL - 2021-02-17 19:31:21 --> Call to a member function insert() on null
#0 /var/www/html/vendor/codeigniter4/framework/system/CodeIgniter.php(918): App\Controllers\Supplies->addBorrow2()
#1 /var/www/html/vendor/codeigniter4/framework/system/CodeIgniter.php(404): CodeIgniter\CodeIgniter->runController(Object(App\Controllers\Supplies))
#2 /var/www/html/vendor/codeigniter4/framework/system/CodeIgniter.php(312): CodeIgniter\CodeIgniter->handleRequest(NULL, Object(Config\Cache), false)
#3 /var/www/html/public/index.php(45): CodeIgniter\CodeIgniter->run()
#4 {main}
CRITICAL - 2021-02-17 19:34:12 --> Call to a member function insert() on null
#0 /var/www/html/vendor/codeigniter4/framework/system/CodeIgniter.php(918): App\Controllers\Supplies->addBorrow2()
#1 /var/www/html/vendor/codeigniter4/framework/system/CodeIgniter.php(404): CodeIgniter\CodeIgniter->runController(Object(App\Controllers\Supplies))
#2 /var/www/html/vendor/codeigniter4/framework/system/CodeIgniter.php(312): CodeIgniter\CodeIgniter->handleRequest(NULL, Object(Config\Cache), false)
#3 /var/www/html/public/index.php(45): CodeIgniter\CodeIgniter->run()
#4 {main}
CRITICAL - 2021-02-17 19:34:24 --> Call to a member function insert() on null
#0 /var/www/html/vendor/codeigniter4/framework/system/CodeIgniter.php(918): App\Controllers\Supplies->addBorrow2()
#1 /var/www/html/vendor/codeigniter4/framework/system/CodeIgniter.php(404): CodeIgniter\CodeIgniter->runController(Object(App\Controllers\Supplies))
#2 /var/www/html/vendor/codeigniter4/framework/system/CodeIgniter.php(312): CodeIgniter\CodeIgniter->handleRequest(NULL, Object(Config\Cache), false)
#3 /var/www/html/public/index.php(45): CodeIgniter\CodeIgniter->run()
#4 {main}
CRITICAL - 2021-02-17 19:34:41 --> Call to a member function insert() on null
#0 /var/www/html/vendor/codeigniter4/framework/system/CodeIgniter.php(918): App\Controllers\Supplies->addBorrow2()
#1 /var/www/html/vendor/codeigniter4/framework/system/CodeIgniter.php(404): CodeIgniter\CodeIgniter->runController(Object(App\Controllers\Supplies))
#2 /var/www/html/vendor/codeigniter4/framework/system/CodeIgniter.php(312): CodeIgniter\CodeIgniter->handleRequest(NULL, Object(Config\Cache), false)
#3 /var/www/html/public/index.php(45): CodeIgniter\CodeIgniter->run()
#4 {main}
CRITICAL - 2021-02-17 19:34:45 --> Call to a member function insert() on null
#0 /var/www/html/vendor/codeigniter4/framework/system/CodeIgniter.php(918): App\Controllers\Supplies->addBorrow2()
#1 /var/www/html/vendor/codeigniter4/framework/system/CodeIgniter.php(404): CodeIgniter\CodeIgniter->runController(Object(App\Controllers\Supplies))
#2 /var/www/html/vendor/codeigniter4/framework/system/CodeIgniter.php(312): CodeIgniter\CodeIgniter->handleRequest(NULL, Object(Config\Cache), false)
#3 /var/www/html/public/index.php(45): CodeIgniter\CodeIgniter->run()
#4 {main}
CRITICAL - 2021-02-17 19:36:29 --> Call to a member function table() on null
#0 /var/www/html/vendor/codeigniter4/framework/system/CodeIgniter.php(918): App\Controllers\Supplies->addBorrow2()
#1 /var/www/html/vendor/codeigniter4/framework/system/CodeIgniter.php(404): CodeIgniter\CodeIgniter->runController(Object(App\Controllers\Supplies))
#2 /var/www/html/vendor/codeigniter4/framework/system/CodeIgniter.php(312): CodeIgniter\CodeIgniter->handleRequest(NULL, Object(Config\Cache), false)
#3 /var/www/html/public/index.php(45): CodeIgniter\CodeIgniter->run()
#4 {main}
CRITICAL - 2021-02-17 19:43:35 --> Call to a member function query() on null
#0 /var/www/html/vendor/codeigniter4/framework/system/CodeIgniter.php(918): App\Controllers\Supplies->addBorrow2()
#1 /var/www/html/vendor/codeigniter4/framework/system/CodeIgniter.php(404): CodeIgniter\CodeIgniter->runController(Object(App\Controllers\Supplies))
#2 /var/www/html/vendor/codeigniter4/framework/system/CodeIgniter.php(312): CodeIgniter\CodeIgniter->handleRequest(NULL, Object(Config\Cache), false)
#3 /var/www/html/public/index.php(45): CodeIgniter\CodeIgniter->run()
#4 {main}
CRITICAL - 2021-02-17 19:43:49 --> Call to a member function query() on null
#0 /var/www/html/vendor/codeigniter4/framework/system/CodeIgniter.php(918): App\Controllers\Supplies->addBorrow2()
#1 /var/www/html/vendor/codeigniter4/framework/system/CodeIgniter.php(404): CodeIgniter\CodeIgniter->runController(Object(App\Controllers\Supplies))
#2 /var/www/html/vendor/codeigniter4/framework/system/CodeIgniter.php(312): CodeIgniter\CodeIgniter->handleRequest(NULL, Object(Config\Cache), false)
#3 /var/www/html/public/index.php(45): CodeIgniter\CodeIgniter->run()
#4 {main}
CRITICAL - 2021-02-17 19:44:35 --> Call to undefined method App\Controllers\Supplies::sumPurchase()
#0 /var/www/html/vendor/codeigniter4/framework/system/CodeIgniter.php(918): App\Controllers\Supplies->addBorrow2()
#1 /var/www/html/vendor/codeigniter4/framework/system/CodeIgniter.php(404): CodeIgniter\CodeIgniter->runController(Object(App\Controllers\Supplies))
#2 /var/www/html/vendor/codeigniter4/framework/system/CodeIgniter.php(312): CodeIgniter\CodeIgniter->handleRequest(NULL, Object(Config\Cache), false)
#3 /var/www/html/public/index.php(45): CodeIgniter\CodeIgniter->run()
#4 {main}
CRITICAL - 2021-02-17 23:13:28 --> Class 'App\Controllers\Picqer\Barcode\BarcodeGeneratorHTML' not found
#0 /var/www/html/vendor/codeigniter4/framework/system/CodeIgniter.php(918): App\Controllers\Supplies->print_barcode('12')
#1 /var/www/html/vendor/codeigniter4/framework/system/CodeIgniter.php(404): CodeIgniter\CodeIgniter->runController(Object(App\Controllers\Supplies))
#2 /var/www/html/vendor/codeigniter4/framework/system/CodeIgniter.php(312): CodeIgniter\CodeIgniter->handleRequest(NULL, Object(Config\Cache), false)
#3 /var/www/html/public/index.php(45): CodeIgniter\CodeIgniter->run()
#4 {main}
CRITICAL - 2021-02-17 23:20:19 --> Class 'App\Controllers\Picqer\Barcode\BarcodeGeneratorHTML' not found
#0 /var/www/html/vendor/codeigniter4/framework/system/CodeIgniter.php(918): App\Controllers\Supplies->print_barcode('12')
#1 /var/www/html/vendor/codeigniter4/framework/system/CodeIgniter.php(404): CodeIgniter\CodeIgniter->runController(Object(App\Controllers\Supplies))
#2 /var/www/html/vendor/codeigniter4/framework/system/CodeIgniter.php(312): CodeIgniter\CodeIgniter->handleRequest(NULL, Object(Config\Cache), false)
#3 /var/www/html/public/index.php(45): CodeIgniter\CodeIgniter->run()
#4 {main}
CRITICAL - 2021-02-17 23:46:53 --> Class 'App\Controllers\Picqer\Barcode\BarcodeGeneratorHTML' not found
#0 /var/www/html/vendor/codeigniter4/framework/system/CodeIgniter.php(918): App\Controllers\Supplies->print_barcode('12')
#1 /var/www/html/vendor/codeigniter4/framework/system/CodeIgniter.php(404): CodeIgniter\CodeIgniter->runController(Object(App\Controllers\Supplies))
#2 /var/www/html/vendor/codeigniter4/framework/system/CodeIgniter.php(312): CodeIgniter\CodeIgniter->handleRequest(NULL, Object(Config\Cache), false)
#3 /var/www/html/public/index.php(45): CodeIgniter\CodeIgniter->run()
#4 {main}
CRITICAL - 2021-02-17 23:47:20 --> Class 'App\Controllers\Picqer\Barcode\BarcodeGeneratorHTML' not found
#0 /var/www/html/vendor/codeigniter4/framework/system/CodeIgniter.php(918): App\Controllers\Supplies->print_barcode('12')
#1 /var/www/html/vendor/codeigniter4/framework/system/CodeIgniter.php(404): CodeIgniter\CodeIgniter->runController(Object(App\Controllers\Supplies))
#2 /var/www/html/vendor/codeigniter4/framework/system/CodeIgniter.php(312): CodeIgniter\CodeIgniter->handleRequest(NULL, Object(Config\Cache), false)
#3 /var/www/html/public/index.php(45): CodeIgniter\CodeIgniter->run()
#4 {main}
