CRITICAL - 2020-12-25 11:43:39 --> Argument 1 passed to CodeIgniter\HTTP\RedirectResponse::to() must be of the type string, null given, called in /var/www/html/app/Controllers/Finance.php on line 2177
#0 /var/www/html/app/Controllers/Finance.php(2177): CodeIgniter\HTTP\RedirectResponse->to(NULL)
#1 /var/www/html/vendor/codeigniter4/framework/system/CodeIgniter.php(918): App\Controllers\Finance->view_acceptpaymentpdf('28')
#2 /var/www/html/vendor/codeigniter4/framework/system/CodeIgniter.php(404): CodeIgniter\CodeIgniter->runController(Object(App\Controllers\Finance))
#3 /var/www/html/vendor/codeigniter4/framework/system/CodeIgniter.php(312): CodeIgniter\CodeIgniter->handleRequest(NULL, Object(Config\Cache), false)
#4 /var/www/html/public/index.php(45): CodeIgniter\CodeIgniter->run()
#5 {main}
CRITICAL - 2020-12-25 11:48:07 --> mkdir(): Permission denied
#0 [internal function]: CodeIgniter\Debug\Exceptions->errorHandler(2, 'mkdir(): Permis...', '/var/www/html/v...', 212, Array)
#1 /var/www/html/vendor/codeigniter4/framework/system/HTTP/Files/UploadedFile.php(212): mkdir('./public/files', 511, true)
#2 /var/www/html/vendor/codeigniter4/framework/system/HTTP/Files/UploadedFile.php(163): CodeIgniter\HTTP\Files\UploadedFile->setPath('./public/files')
#3 /var/www/html/app/Controllers/Account.php(1040): CodeIgniter\HTTP\Files\UploadedFile->move('./public/files', '1608871687_93b9...')
#4 /var/www/html/vendor/codeigniter4/framework/system/CodeIgniter.php(918): App\Controllers\Account->edit_debtor('23')
#5 /var/www/html/vendor/codeigniter4/framework/system/CodeIgniter.php(404): CodeIgniter\CodeIgniter->runController(Object(App\Controllers\Account))
#6 /var/www/html/vendor/codeigniter4/framework/system/CodeIgniter.php(312): CodeIgniter\CodeIgniter->handleRequest(NULL, Object(Config\Cache), false)
#7 /var/www/html/public/index.php(45): CodeIgniter\CodeIgniter->run()
#8 {main}
CRITICAL - 2020-12-25 11:48:52 --> mkdir(): Permission denied
#0 [internal function]: CodeIgniter\Debug\Exceptions->errorHandler(2, 'mkdir(): Permis...', '/var/www/html/v...', 212, Array)
#1 /var/www/html/vendor/codeigniter4/framework/system/HTTP/Files/UploadedFile.php(212): mkdir('./public/files', 511, true)
#2 /var/www/html/vendor/codeigniter4/framework/system/HTTP/Files/UploadedFile.php(163): CodeIgniter\HTTP\Files\UploadedFile->setPath('./public/files')
#3 /var/www/html/app/Controllers/Account.php(1040): CodeIgniter\HTTP\Files\UploadedFile->move('./public/files', '1608871732_1411...')
#4 /var/www/html/vendor/codeigniter4/framework/system/CodeIgniter.php(918): App\Controllers\Account->edit_debtor('23')
#5 /var/www/html/vendor/codeigniter4/framework/system/CodeIgniter.php(404): CodeIgniter\CodeIgniter->runController(Object(App\Controllers\Account))
#6 /var/www/html/vendor/codeigniter4/framework/system/CodeIgniter.php(312): CodeIgniter\CodeIgniter->handleRequest(NULL, Object(Config\Cache), false)
#7 /var/www/html/public/index.php(45): CodeIgniter\CodeIgniter->run()
#8 {main}
CRITICAL - 2020-12-25 11:50:05 --> mkdir(): Permission denied
#0 [internal function]: CodeIgniter\Debug\Exceptions->errorHandler(2, 'mkdir(): Permis...', '/var/www/html/v...', 212, Array)
#1 /var/www/html/vendor/codeigniter4/framework/system/HTTP/Files/UploadedFile.php(212): mkdir('public/files', 511, true)
#2 /var/www/html/vendor/codeigniter4/framework/system/HTTP/Files/UploadedFile.php(163): CodeIgniter\HTTP\Files\UploadedFile->setPath('public/files')
#3 /var/www/html/app/Controllers/Account.php(1040): CodeIgniter\HTTP\Files\UploadedFile->move('public/files', '1608871805_bfab...')
#4 /var/www/html/vendor/codeigniter4/framework/system/CodeIgniter.php(918): App\Controllers\Account->edit_debtor('23')
#5 /var/www/html/vendor/codeigniter4/framework/system/CodeIgniter.php(404): CodeIgniter\CodeIgniter->runController(Object(App\Controllers\Account))
#6 /var/www/html/vendor/codeigniter4/framework/system/CodeIgniter.php(312): CodeIgniter\CodeIgniter->handleRequest(NULL, Object(Config\Cache), false)
#7 /var/www/html/public/index.php(45): CodeIgniter\CodeIgniter->run()
#8 {main}
CRITICAL - 2020-12-25 11:51:13 --> fopen(http://chapanakit.airtimes.co/files/index.html): failed to open stream: HTTP wrapper does not support writeable connections
#0 [internal function]: CodeIgniter\Debug\Exceptions->errorHandler(2, 'fopen(http://ch...', '/var/www/html/v...', 216, Array)
#1 /var/www/html/vendor/codeigniter4/framework/system/HTTP/Files/UploadedFile.php(216): fopen('http://chapanak...', 'x+')
#2 /var/www/html/vendor/codeigniter4/framework/system/HTTP/Files/UploadedFile.php(163): CodeIgniter\HTTP\Files\UploadedFile->setPath('http://chapanak...')
#3 /var/www/html/app/Controllers/Account.php(1041): CodeIgniter\HTTP\Files\UploadedFile->move('http://chapanak...', '1608871873_7903...')
#4 /var/www/html/vendor/codeigniter4/framework/system/CodeIgniter.php(918): App\Controllers\Account->edit_debtor('23')
#5 /var/www/html/vendor/codeigniter4/framework/system/CodeIgniter.php(404): CodeIgniter\CodeIgniter->runController(Object(App\Controllers\Account))
#6 /var/www/html/vendor/codeigniter4/framework/system/CodeIgniter.php(312): CodeIgniter\CodeIgniter->handleRequest(NULL, Object(Config\Cache), false)
#7 /var/www/html/public/index.php(45): CodeIgniter\CodeIgniter->run()
#8 {main}
CRITICAL - 2020-12-25 11:51:16 --> fopen(http://chapanakit.airtimes.co/files/index.html): failed to open stream: HTTP wrapper does not support writeable connections
#0 [internal function]: CodeIgniter\Debug\Exceptions->errorHandler(2, 'fopen(http://ch...', '/var/www/html/v...', 216, Array)
#1 /var/www/html/vendor/codeigniter4/framework/system/HTTP/Files/UploadedFile.php(216): fopen('http://chapanak...', 'x+')
#2 /var/www/html/vendor/codeigniter4/framework/system/HTTP/Files/UploadedFile.php(163): CodeIgniter\HTTP\Files\UploadedFile->setPath('http://chapanak...')
#3 /var/www/html/app/Controllers/Account.php(1041): CodeIgniter\HTTP\Files\UploadedFile->move('http://chapanak...', '1608871876_481a...')
#4 /var/www/html/vendor/codeigniter4/framework/system/CodeIgniter.php(918): App\Controllers\Account->edit_debtor('23')
#5 /var/www/html/vendor/codeigniter4/framework/system/CodeIgniter.php(404): CodeIgniter\CodeIgniter->runController(Object(App\Controllers\Account))
#6 /var/www/html/vendor/codeigniter4/framework/system/CodeIgniter.php(312): CodeIgniter\CodeIgniter->handleRequest(NULL, Object(Config\Cache), false)
#7 /var/www/html/public/index.php(45): CodeIgniter\CodeIgniter->run()
#8 {main}
CRITICAL - 2020-12-25 11:51:29 --> fopen(http://chapanakit.airtimes.co/files/index.html): failed to open stream: HTTP wrapper does not support writeable connections
#0 [internal function]: CodeIgniter\Debug\Exceptions->errorHandler(2, 'fopen(http://ch...', '/var/www/html/v...', 216, Array)
#1 /var/www/html/vendor/codeigniter4/framework/system/HTTP/Files/UploadedFile.php(216): fopen('http://chapanak...', 'x+')
#2 /var/www/html/vendor/codeigniter4/framework/system/HTTP/Files/UploadedFile.php(163): CodeIgniter\HTTP\Files\UploadedFile->setPath('http://chapanak...')
#3 /var/www/html/app/Controllers/Account.php(1041): CodeIgniter\HTTP\Files\UploadedFile->move('http://chapanak...', '1608871889_546d...')
#4 /var/www/html/vendor/codeigniter4/framework/system/CodeIgniter.php(918): App\Controllers\Account->edit_debtor('5')
#5 /var/www/html/vendor/codeigniter4/framework/system/CodeIgniter.php(404): CodeIgniter\CodeIgniter->runController(Object(App\Controllers\Account))
#6 /var/www/html/vendor/codeigniter4/framework/system/CodeIgniter.php(312): CodeIgniter\CodeIgniter->handleRequest(NULL, Object(Config\Cache), false)
#7 /var/www/html/public/index.php(45): CodeIgniter\CodeIgniter->run()
#8 {main}
CRITICAL - 2020-12-25 11:54:36 --> Could not move file phpE0PV30 to /var/www/html/public/files/ ()
#0 /var/www/html/vendor/codeigniter4/framework/system/HTTP/Files/UploadedFile.php(187): CodeIgniter\HTTP\Exceptions\HTTPException::forMoveFailed('phpE0PV30', '/var/www/html/p...', '')
#1 /var/www/html/app/Controllers/Account.php(1041): CodeIgniter\HTTP\Files\UploadedFile->move('/var/www/html/p...', '1608872076_b1c3...')
#2 /var/www/html/vendor/codeigniter4/framework/system/CodeIgniter.php(918): App\Controllers\Account->edit_debtor('5')
#3 /var/www/html/vendor/codeigniter4/framework/system/CodeIgniter.php(404): CodeIgniter\CodeIgniter->runController(Object(App\Controllers\Account))
#4 /var/www/html/vendor/codeigniter4/framework/system/CodeIgniter.php(312): CodeIgniter\CodeIgniter->handleRequest(NULL, Object(Config\Cache), false)
#5 /var/www/html/public/index.php(45): CodeIgniter\CodeIgniter->run()
#6 {main}
CRITICAL - 2020-12-25 11:55:44 --> Could not move file phpFa4FWn to /var/www/html/public/files/ ()
#0 /var/www/html/vendor/codeigniter4/framework/system/HTTP/Files/UploadedFile.php(187): CodeIgniter\HTTP\Exceptions\HTTPException::forMoveFailed('phpFa4FWn', '/var/www/html/p...', '')
#1 /var/www/html/app/Controllers/Account.php(1041): CodeIgniter\HTTP\Files\UploadedFile->move('/var/www/html/p...', '1608872144_c892...')
#2 /var/www/html/vendor/codeigniter4/framework/system/CodeIgniter.php(918): App\Controllers\Account->edit_debtor('5')
#3 /var/www/html/vendor/codeigniter4/framework/system/CodeIgniter.php(404): CodeIgniter\CodeIgniter->runController(Object(App\Controllers\Account))
#4 /var/www/html/vendor/codeigniter4/framework/system/CodeIgniter.php(312): CodeIgniter\CodeIgniter->handleRequest(NULL, Object(Config\Cache), false)
#5 /var/www/html/public/index.php(45): CodeIgniter\CodeIgniter->run()
#6 {main}
CRITICAL - 2020-12-25 11:56:23 --> Could not move file phpA9hASw to /var/www/html/public/files/ ()
#0 /var/www/html/vendor/codeigniter4/framework/system/HTTP/Files/UploadedFile.php(187): CodeIgniter\HTTP\Exceptions\HTTPException::forMoveFailed('phpA9hASw', '/var/www/html/p...', '')
#1 /var/www/html/app/Controllers/Account.php(1041): CodeIgniter\HTTP\Files\UploadedFile->move('/var/www/html/p...', '1608872183_2aab...')
#2 /var/www/html/vendor/codeigniter4/framework/system/CodeIgniter.php(918): App\Controllers\Account->edit_debtor('5')
#3 /var/www/html/vendor/codeigniter4/framework/system/CodeIgniter.php(404): CodeIgniter\CodeIgniter->runController(Object(App\Controllers\Account))
#4 /var/www/html/vendor/codeigniter4/framework/system/CodeIgniter.php(312): CodeIgniter\CodeIgniter->handleRequest(NULL, Object(Config\Cache), false)
#5 /var/www/html/public/index.php(45): CodeIgniter\CodeIgniter->run()
#6 {main}
CRITICAL - 2020-12-25 11:56:38 --> Could not move file phpbNQ8dL to /var/www/html/public/files/ ()
#0 /var/www/html/vendor/codeigniter4/framework/system/HTTP/Files/UploadedFile.php(187): CodeIgniter\HTTP\Exceptions\HTTPException::forMoveFailed('phpbNQ8dL', '/var/www/html/p...', '')
#1 /var/www/html/app/Controllers/Account.php(1041): CodeIgniter\HTTP\Files\UploadedFile->move('/var/www/html/p...', '1608872198_9608...')
#2 /var/www/html/vendor/codeigniter4/framework/system/CodeIgniter.php(918): App\Controllers\Account->edit_debtor('5')
#3 /var/www/html/vendor/codeigniter4/framework/system/CodeIgniter.php(404): CodeIgniter\CodeIgniter->runController(Object(App\Controllers\Account))
#4 /var/www/html/vendor/codeigniter4/framework/system/CodeIgniter.php(312): CodeIgniter\CodeIgniter->handleRequest(NULL, Object(Config\Cache), false)
#5 /var/www/html/public/index.php(45): CodeIgniter\CodeIgniter->run()
#6 {main}
CRITICAL - 2020-12-25 11:57:06 --> Could not move file phpJ0XuoL to /var/www/html/public/files/ ()
#0 /var/www/html/vendor/codeigniter4/framework/system/HTTP/Files/UploadedFile.php(187): CodeIgniter\HTTP\Exceptions\HTTPException::forMoveFailed('phpJ0XuoL', '/var/www/html/p...', '')
#1 /var/www/html/app/Controllers/Account.php(1041): CodeIgniter\HTTP\Files\UploadedFile->move('/var/www/html/p...', '1608872226_8b55...')
#2 /var/www/html/vendor/codeigniter4/framework/system/CodeIgniter.php(918): App\Controllers\Account->edit_debtor('5')
#3 /var/www/html/vendor/codeigniter4/framework/system/CodeIgniter.php(404): CodeIgniter\CodeIgniter->runController(Object(App\Controllers\Account))
#4 /var/www/html/vendor/codeigniter4/framework/system/CodeIgniter.php(312): CodeIgniter\CodeIgniter->handleRequest(NULL, Object(Config\Cache), false)
#5 /var/www/html/public/index.php(45): CodeIgniter\CodeIgniter->run()
#6 {main}
CRITICAL - 2020-12-25 12:03:24 --> Could not move file php98gASV to ../public/files/ ()
#0 /var/www/html/vendor/codeigniter4/framework/system/HTTP/Files/UploadedFile.php(187): CodeIgniter\HTTP\Exceptions\HTTPException::forMoveFailed('php98gASV', '../public/files...', '')
#1 /var/www/html/app/Controllers/Account.php(1041): CodeIgniter\HTTP\Files\UploadedFile->move('../public/files...', '1608872604_d529...')
#2 /var/www/html/vendor/codeigniter4/framework/system/CodeIgniter.php(918): App\Controllers\Account->edit_debtor('5')
#3 /var/www/html/vendor/codeigniter4/framework/system/CodeIgniter.php(404): CodeIgniter\CodeIgniter->runController(Object(App\Controllers\Account))
#4 /var/www/html/vendor/codeigniter4/framework/system/CodeIgniter.php(312): CodeIgniter\CodeIgniter->handleRequest(NULL, Object(Config\Cache), false)
#5 /var/www/html/public/index.php(45): CodeIgniter\CodeIgniter->run()
#6 {main}
CRITICAL - 2020-12-25 12:04:18 --> Could not move file phpx0y7zp to ../public/files/ ()
#0 /var/www/html/vendor/codeigniter4/framework/system/HTTP/Files/UploadedFile.php(187): CodeIgniter\HTTP\Exceptions\HTTPException::forMoveFailed('phpx0y7zp', '../public/files...', '')
#1 /var/www/html/app/Controllers/Account.php(1041): CodeIgniter\HTTP\Files\UploadedFile->move('../public/files...', '1608872658_3fbc...')
#2 /var/www/html/vendor/codeigniter4/framework/system/CodeIgniter.php(918): App\Controllers\Account->edit_debtor('5')
#3 /var/www/html/vendor/codeigniter4/framework/system/CodeIgniter.php(404): CodeIgniter\CodeIgniter->runController(Object(App\Controllers\Account))
#4 /var/www/html/vendor/codeigniter4/framework/system/CodeIgniter.php(312): CodeIgniter\CodeIgniter->handleRequest(NULL, Object(Config\Cache), false)
#5 /var/www/html/public/index.php(45): CodeIgniter\CodeIgniter->run()
#6 {main}
CRITICAL - 2020-12-25 12:05:54 --> Could not move file phpqwVYYh to ../public/files/ ()
#0 /var/www/html/vendor/codeigniter4/framework/system/HTTP/Files/UploadedFile.php(187): CodeIgniter\HTTP\Exceptions\HTTPException::forMoveFailed('phpqwVYYh', '../public/files...', '')
#1 /var/www/html/app/Controllers/Account.php(1041): CodeIgniter\HTTP\Files\UploadedFile->move('../public/files...', '1608872754_c347...')
#2 /var/www/html/vendor/codeigniter4/framework/system/CodeIgniter.php(918): App\Controllers\Account->edit_debtor('5')
#3 /var/www/html/vendor/codeigniter4/framework/system/CodeIgniter.php(404): CodeIgniter\CodeIgniter->runController(Object(App\Controllers\Account))
#4 /var/www/html/vendor/codeigniter4/framework/system/CodeIgniter.php(312): CodeIgniter\CodeIgniter->handleRequest(NULL, Object(Config\Cache), false)
#5 /var/www/html/public/index.php(45): CodeIgniter\CodeIgniter->run()
#6 {main}
CRITICAL - 2020-12-25 12:06:37 --> mkdir(): Permission denied
#0 [internal function]: CodeIgniter\Debug\Exceptions->errorHandler(2, 'mkdir(): Permis...', '/var/www/html/v...', 212, Array)
#1 /var/www/html/vendor/codeigniter4/framework/system/HTTP/Files/UploadedFile.php(212): mkdir('/var/www/html/....', 511, true)
#2 /var/www/html/vendor/codeigniter4/framework/system/HTTP/Files/UploadedFile.php(163): CodeIgniter\HTTP\Files\UploadedFile->setPath('/var/www/html/....')
#3 /var/www/html/app/Controllers/Account.php(1042): CodeIgniter\HTTP\Files\UploadedFile->move('/var/www/html/....', '1608872797_20b9...')
#4 /var/www/html/vendor/codeigniter4/framework/system/CodeIgniter.php(918): App\Controllers\Account->edit_debtor('5')
#5 /var/www/html/vendor/codeigniter4/framework/system/CodeIgniter.php(404): CodeIgniter\CodeIgniter->runController(Object(App\Controllers\Account))
#6 /var/www/html/vendor/codeigniter4/framework/system/CodeIgniter.php(312): CodeIgniter\CodeIgniter->handleRequest(NULL, Object(Config\Cache), false)
#7 /var/www/html/public/index.php(45): CodeIgniter\CodeIgniter->run()
#8 {main}
CRITICAL - 2020-12-25 12:06:46 --> Could not move file phpDI3292 to /var/www/html//public/files/ ()
#0 /var/www/html/vendor/codeigniter4/framework/system/HTTP/Files/UploadedFile.php(187): CodeIgniter\HTTP\Exceptions\HTTPException::forMoveFailed('phpDI3292', '/var/www/html//...', '')
#1 /var/www/html/app/Controllers/Account.php(1042): CodeIgniter\HTTP\Files\UploadedFile->move('/var/www/html//...', '1608872806_e789...')
#2 /var/www/html/vendor/codeigniter4/framework/system/CodeIgniter.php(918): App\Controllers\Account->edit_debtor('5')
#3 /var/www/html/vendor/codeigniter4/framework/system/CodeIgniter.php(404): CodeIgniter\CodeIgniter->runController(Object(App\Controllers\Account))
#4 /var/www/html/vendor/codeigniter4/framework/system/CodeIgniter.php(312): CodeIgniter\CodeIgniter->handleRequest(NULL, Object(Config\Cache), false)
#5 /var/www/html/public/index.php(45): CodeIgniter\CodeIgniter->run()
#6 {main}
CRITICAL - 2020-12-25 12:06:57 --> Could not move file phpJax5yb to /var/www/html//public/files/ ()
#0 /var/www/html/vendor/codeigniter4/framework/system/HTTP/Files/UploadedFile.php(187): CodeIgniter\HTTP\Exceptions\HTTPException::forMoveFailed('phpJax5yb', '/var/www/html//...', '')
#1 /var/www/html/app/Controllers/Account.php(1042): CodeIgniter\HTTP\Files\UploadedFile->move('/var/www/html//...', '1608872817_10f5...')
#2 /var/www/html/vendor/codeigniter4/framework/system/CodeIgniter.php(918): App\Controllers\Account->edit_debtor('5')
#3 /var/www/html/vendor/codeigniter4/framework/system/CodeIgniter.php(404): CodeIgniter\CodeIgniter->runController(Object(App\Controllers\Account))
#4 /var/www/html/vendor/codeigniter4/framework/system/CodeIgniter.php(312): CodeIgniter\CodeIgniter->handleRequest(NULL, Object(Config\Cache), false)
#5 /var/www/html/public/index.php(45): CodeIgniter\CodeIgniter->run()
#6 {main}
CRITICAL - 2020-12-25 12:07:04 --> Could not move file phpMK8iHy to /var/www/html//public/files/ ()
#0 /var/www/html/vendor/codeigniter4/framework/system/HTTP/Files/UploadedFile.php(187): CodeIgniter\HTTP\Exceptions\HTTPException::forMoveFailed('phpMK8iHy', '/var/www/html//...', '')
#1 /var/www/html/app/Controllers/Account.php(1042): CodeIgniter\HTTP\Files\UploadedFile->move('/var/www/html//...', '1608872824_21c5...')
#2 /var/www/html/vendor/codeigniter4/framework/system/CodeIgniter.php(918): App\Controllers\Account->edit_debtor('5')
#3 /var/www/html/vendor/codeigniter4/framework/system/CodeIgniter.php(404): CodeIgniter\CodeIgniter->runController(Object(App\Controllers\Account))
#4 /var/www/html/vendor/codeigniter4/framework/system/CodeIgniter.php(312): CodeIgniter\CodeIgniter->handleRequest(NULL, Object(Config\Cache), false)
#5 /var/www/html/public/index.php(45): CodeIgniter\CodeIgniter->run()
#6 {main}
CRITICAL - 2020-12-25 12:07:07 --> Could not move file phpcM1BUP to /var/www/html//public/files/ ()
#0 /var/www/html/vendor/codeigniter4/framework/system/HTTP/Files/UploadedFile.php(187): CodeIgniter\HTTP\Exceptions\HTTPException::forMoveFailed('phpcM1BUP', '/var/www/html//...', '')
#1 /var/www/html/app/Controllers/Account.php(1042): CodeIgniter\HTTP\Files\UploadedFile->move('/var/www/html//...', '1608872827_b350...')
#2 /var/www/html/vendor/codeigniter4/framework/system/CodeIgniter.php(918): App\Controllers\Account->edit_debtor('5')
#3 /var/www/html/vendor/codeigniter4/framework/system/CodeIgniter.php(404): CodeIgniter\CodeIgniter->runController(Object(App\Controllers\Account))
#4 /var/www/html/vendor/codeigniter4/framework/system/CodeIgniter.php(312): CodeIgniter\CodeIgniter->handleRequest(NULL, Object(Config\Cache), false)
#5 /var/www/html/public/index.php(45): CodeIgniter\CodeIgniter->run()
#6 {main}
CRITICAL - 2020-12-25 12:07:17 --> Could not move file phpGFv9YS to ../public/files/ ()
#0 /var/www/html/vendor/codeigniter4/framework/system/HTTP/Files/UploadedFile.php(187): CodeIgniter\HTTP\Exceptions\HTTPException::forMoveFailed('phpGFv9YS', '../public/files...', '')
#1 /var/www/html/app/Controllers/Account.php(1042): CodeIgniter\HTTP\Files\UploadedFile->move('../public/files...', '1608872837_0170...')
#2 /var/www/html/vendor/codeigniter4/framework/system/CodeIgniter.php(918): App\Controllers\Account->edit_debtor('5')
#3 /var/www/html/vendor/codeigniter4/framework/system/CodeIgniter.php(404): CodeIgniter\CodeIgniter->runController(Object(App\Controllers\Account))
#4 /var/www/html/vendor/codeigniter4/framework/system/CodeIgniter.php(312): CodeIgniter\CodeIgniter->handleRequest(NULL, Object(Config\Cache), false)
#5 /var/www/html/public/index.php(45): CodeIgniter\CodeIgniter->run()
#6 {main}
CRITICAL - 2020-12-25 12:07:28 --> mkdir(): Permission denied
#0 [internal function]: CodeIgniter\Debug\Exceptions->errorHandler(2, 'mkdir(): Permis...', '/var/www/html/v...', 212, Array)
#1 /var/www/html/vendor/codeigniter4/framework/system/HTTP/Files/UploadedFile.php(212): mkdir('public/files/', 511, true)
#2 /var/www/html/vendor/codeigniter4/framework/system/HTTP/Files/UploadedFile.php(163): CodeIgniter\HTTP\Files\UploadedFile->setPath('public/files/')
#3 /var/www/html/app/Controllers/Account.php(1042): CodeIgniter\HTTP\Files\UploadedFile->move('public/files/', '1608872848_5f42...')
#4 /var/www/html/vendor/codeigniter4/framework/system/CodeIgniter.php(918): App\Controllers\Account->edit_debtor('5')
#5 /var/www/html/vendor/codeigniter4/framework/system/CodeIgniter.php(404): CodeIgniter\CodeIgniter->runController(Object(App\Controllers\Account))
#6 /var/www/html/vendor/codeigniter4/framework/system/CodeIgniter.php(312): CodeIgniter\CodeIgniter->handleRequest(NULL, Object(Config\Cache), false)
#7 /var/www/html/public/index.php(45): CodeIgniter\CodeIgniter->run()
#8 {main}
CRITICAL - 2020-12-25 12:07:33 --> mkdir(): Permission denied
#0 [internal function]: CodeIgniter\Debug\Exceptions->errorHandler(2, 'mkdir(): Permis...', '/var/www/html/v...', 212, Array)
#1 /var/www/html/vendor/codeigniter4/framework/system/HTTP/Files/UploadedFile.php(212): mkdir('/public/files/', 511, true)
#2 /var/www/html/vendor/codeigniter4/framework/system/HTTP/Files/UploadedFile.php(163): CodeIgniter\HTTP\Files\UploadedFile->setPath('/public/files/')
#3 /var/www/html/app/Controllers/Account.php(1042): CodeIgniter\HTTP\Files\UploadedFile->move('/public/files/', '1608872853_1362...')
#4 /var/www/html/vendor/codeigniter4/framework/system/CodeIgniter.php(918): App\Controllers\Account->edit_debtor('5')
#5 /var/www/html/vendor/codeigniter4/framework/system/CodeIgniter.php(404): CodeIgniter\CodeIgniter->runController(Object(App\Controllers\Account))
#6 /var/www/html/vendor/codeigniter4/framework/system/CodeIgniter.php(312): CodeIgniter\CodeIgniter->handleRequest(NULL, Object(Config\Cache), false)
#7 /var/www/html/public/index.php(45): CodeIgniter\CodeIgniter->run()
#8 {main}
CRITICAL - 2020-12-25 12:07:50 --> Could not move file phpDkpzLa to /var/www/html/public/ ()
#0 /var/www/html/vendor/codeigniter4/framework/system/HTTP/Files/UploadedFile.php(187): CodeIgniter\HTTP\Exceptions\HTTPException::forMoveFailed('phpDkpzLa', '/var/www/html/p...', '')
#1 /var/www/html/app/Controllers/Account.php(1042): CodeIgniter\HTTP\Files\UploadedFile->move('/var/www/html/p...', '1608872870_42e1...')
#2 /var/www/html/vendor/codeigniter4/framework/system/CodeIgniter.php(918): App\Controllers\Account->edit_debtor('5')
#3 /var/www/html/vendor/codeigniter4/framework/system/CodeIgniter.php(404): CodeIgniter\CodeIgniter->runController(Object(App\Controllers\Account))
#4 /var/www/html/vendor/codeigniter4/framework/system/CodeIgniter.php(312): CodeIgniter\CodeIgniter->handleRequest(NULL, Object(Config\Cache), false)
#5 /var/www/html/public/index.php(45): CodeIgniter\CodeIgniter->run()
#6 {main}
CRITICAL - 2020-12-25 12:09:00 --> Could not move file phpXslfrK to /var/www/html/public/ ()
#0 /var/www/html/vendor/codeigniter4/framework/system/HTTP/Files/UploadedFile.php(187): CodeIgniter\HTTP\Exceptions\HTTPException::forMoveFailed('phpXslfrK', '/var/www/html/p...', '')
#1 /var/www/html/app/Controllers/Account.php(1044): CodeIgniter\HTTP\Files\UploadedFile->move('/var/www/html/p...', '1608872940_20a2...')
#2 /var/www/html/vendor/codeigniter4/framework/system/CodeIgniter.php(918): App\Controllers\Account->edit_debtor('5')
#3 /var/www/html/vendor/codeigniter4/framework/system/CodeIgniter.php(404): CodeIgniter\CodeIgniter->runController(Object(App\Controllers\Account))
#4 /var/www/html/vendor/codeigniter4/framework/system/CodeIgniter.php(312): CodeIgniter\CodeIgniter->handleRequest(NULL, Object(Config\Cache), false)
#5 /var/www/html/public/index.php(45): CodeIgniter\CodeIgniter->run()
#6 {main}
CRITICAL - 2020-12-25 12:10:08 --> Could not move file phpKjmwcU to /var/www/html/public/files/ ()
#0 /var/www/html/vendor/codeigniter4/framework/system/HTTP/Files/UploadedFile.php(187): CodeIgniter\HTTP\Exceptions\HTTPException::forMoveFailed('phpKjmwcU', '/var/www/html/p...', '')
#1 /var/www/html/app/Controllers/Account.php(1044): CodeIgniter\HTTP\Files\UploadedFile->move('/var/www/html/p...', '1608873008_220b...')
#2 /var/www/html/vendor/codeigniter4/framework/system/CodeIgniter.php(918): App\Controllers\Account->edit_debtor('5')
#3 /var/www/html/vendor/codeigniter4/framework/system/CodeIgniter.php(404): CodeIgniter\CodeIgniter->runController(Object(App\Controllers\Account))
#4 /var/www/html/vendor/codeigniter4/framework/system/CodeIgniter.php(312): CodeIgniter\CodeIgniter->handleRequest(NULL, Object(Config\Cache), false)
#5 /var/www/html/public/index.php(45): CodeIgniter\CodeIgniter->run()
#6 {main}
CRITICAL - 2020-12-25 13:06:54 --> Argument 1 passed to CodeIgniter\HTTP\RedirectResponse::to() must be of the type string, null given, called in /var/www/html/app/Controllers/Finance.php on line 2177
#0 /var/www/html/app/Controllers/Finance.php(2177): CodeIgniter\HTTP\RedirectResponse->to(NULL)
#1 /var/www/html/vendor/codeigniter4/framework/system/CodeIgniter.php(918): App\Controllers\Finance->view_acceptpaymentpdf('28')
#2 /var/www/html/vendor/codeigniter4/framework/system/CodeIgniter.php(404): CodeIgniter\CodeIgniter->runController(Object(App\Controllers\Finance))
#3 /var/www/html/vendor/codeigniter4/framework/system/CodeIgniter.php(312): CodeIgniter\CodeIgniter->handleRequest(NULL, Object(Config\Cache), false)
#4 /var/www/html/public/index.php(45): CodeIgniter\CodeIgniter->run()
#5 {main}
CRITICAL - 2020-12-25 13:08:25 --> Argument 1 passed to CodeIgniter\HTTP\RedirectResponse::to() must be of the type string, null given, called in /var/www/html/app/Controllers/Finance.php on line 2177
#0 /var/www/html/app/Controllers/Finance.php(2177): CodeIgniter\HTTP\RedirectResponse->to(NULL)
#1 /var/www/html/vendor/codeigniter4/framework/system/CodeIgniter.php(918): App\Controllers\Finance->view_acceptpaymentpdf('28')
#2 /var/www/html/vendor/codeigniter4/framework/system/CodeIgniter.php(404): CodeIgniter\CodeIgniter->runController(Object(App\Controllers\Finance))
#3 /var/www/html/vendor/codeigniter4/framework/system/CodeIgniter.php(312): CodeIgniter\CodeIgniter->handleRequest(NULL, Object(Config\Cache), false)
#4 /var/www/html/public/index.php(45): CodeIgniter\CodeIgniter->run()
#5 {main}
CRITICAL - 2020-12-25 14:17:39 --> Argument 1 passed to CodeIgniter\HTTP\RedirectResponse::to() must be of the type string, null given, called in /var/www/html/app/Controllers/Finance.php on line 2177
#0 /var/www/html/app/Controllers/Finance.php(2177): CodeIgniter\HTTP\RedirectResponse->to(NULL)
#1 /var/www/html/vendor/codeigniter4/framework/system/CodeIgniter.php(918): App\Controllers\Finance->view_acceptpaymentpdf('28')
#2 /var/www/html/vendor/codeigniter4/framework/system/CodeIgniter.php(404): CodeIgniter\CodeIgniter->runController(Object(App\Controllers\Finance))
#3 /var/www/html/vendor/codeigniter4/framework/system/CodeIgniter.php(312): CodeIgniter\CodeIgniter->handleRequest(NULL, Object(Config\Cache), false)
#4 /var/www/html/public/index.php(45): CodeIgniter\CodeIgniter->run()
#5 {main}
CRITICAL - 2020-12-25 14:50:02 --> fputcsv() expects parameter 2 to be array, string given
#0 [internal function]: CodeIgniter\Debug\Exceptions->errorHandler(2, 'fputcsv() expec...', '/var/www/html/a...', 279, Array)
#1 /var/www/html/app/Controllers/Finance.php(279): fputcsv(Resource id #179, '42')
#2 /var/www/html/vendor/codeigniter4/framework/system/CodeIgniter.php(918): App\Controllers\Finance->actions_datepay()
#3 /var/www/html/vendor/codeigniter4/framework/system/CodeIgniter.php(404): CodeIgniter\CodeIgniter->runController(Object(App\Controllers\Finance))
#4 /var/www/html/vendor/codeigniter4/framework/system/CodeIgniter.php(312): CodeIgniter\CodeIgniter->handleRequest(NULL, Object(Config\Cache), false)
#5 /var/www/html/public/index.php(45): CodeIgniter\CodeIgniter->run()
#6 {main}
CRITICAL - 2020-12-25 14:50:13 --> fputcsv() expects parameter 2 to be array, string given
#0 [internal function]: CodeIgniter\Debug\Exceptions->errorHandler(2, 'fputcsv() expec...', '/var/www/html/a...', 279, Array)
#1 /var/www/html/app/Controllers/Finance.php(279): fputcsv(Resource id #179, '42')
#2 /var/www/html/vendor/codeigniter4/framework/system/CodeIgniter.php(918): App\Controllers\Finance->actions_datepay()
#3 /var/www/html/vendor/codeigniter4/framework/system/CodeIgniter.php(404): CodeIgniter\CodeIgniter->runController(Object(App\Controllers\Finance))
#4 /var/www/html/vendor/codeigniter4/framework/system/CodeIgniter.php(312): CodeIgniter\CodeIgniter->handleRequest(NULL, Object(Config\Cache), false)
#5 /var/www/html/public/index.php(45): CodeIgniter\CodeIgniter->run()
#6 {main}
CRITICAL - 2020-12-25 14:50:28 --> fputcsv() expects parameter 2 to be array, string given
#0 [internal function]: CodeIgniter\Debug\Exceptions->errorHandler(2, 'fputcsv() expec...', '/var/www/html/a...', 279, Array)
#1 /var/www/html/app/Controllers/Finance.php(279): fputcsv(Resource id #179, '42')
#2 /var/www/html/vendor/codeigniter4/framework/system/CodeIgniter.php(918): App\Controllers\Finance->actions_datepay()
#3 /var/www/html/vendor/codeigniter4/framework/system/CodeIgniter.php(404): CodeIgniter\CodeIgniter->runController(Object(App\Controllers\Finance))
#4 /var/www/html/vendor/codeigniter4/framework/system/CodeIgniter.php(312): CodeIgniter\CodeIgniter->handleRequest(NULL, Object(Config\Cache), false)
#5 /var/www/html/public/index.php(45): CodeIgniter\CodeIgniter->run()
#6 {main}
CRITICAL - 2020-12-25 15:15:18 --> Argument 1 passed to CodeIgniter\HTTP\RedirectResponse::to() must be of the type string, null given, called in /var/www/html/app/Controllers/Finance.php on line 2223
#0 /var/www/html/app/Controllers/Finance.php(2223): CodeIgniter\HTTP\RedirectResponse->to(NULL)
#1 /var/www/html/vendor/codeigniter4/framework/system/CodeIgniter.php(918): App\Controllers\Finance->view_acceptpaymentpdf('25')
#2 /var/www/html/vendor/codeigniter4/framework/system/CodeIgniter.php(404): CodeIgniter\CodeIgniter->runController(Object(App\Controllers\Finance))
#3 /var/www/html/vendor/codeigniter4/framework/system/CodeIgniter.php(312): CodeIgniter\CodeIgniter->handleRequest(NULL, Object(Config\Cache), false)
#4 /var/www/html/public/index.php(45): CodeIgniter\CodeIgniter->run()
#5 {main}
CRITICAL - 2020-12-25 15:51:15 --> syntax error, unexpected '}'
#0 /var/www/html/vendor/codeigniter4/framework/system/Router/Router.php(195): CodeIgniter\Router\Router->autoRoute('finance/actions...')
#1 /var/www/html/vendor/codeigniter4/framework/system/CodeIgniter.php(793): CodeIgniter\Router\Router->handle('finance/actions...')
#2 /var/www/html/vendor/codeigniter4/framework/system/CodeIgniter.php(364): CodeIgniter\CodeIgniter->tryToRouteIt(Object(CodeIgniter\Router\RouteCollection))
#3 /var/www/html/vendor/codeigniter4/framework/system/CodeIgniter.php(312): CodeIgniter\CodeIgniter->handleRequest(NULL, Object(Config\Cache), false)
#4 /var/www/html/public/index.php(45): CodeIgniter\CodeIgniter->run()
#5 {main}
CRITICAL - 2020-12-25 16:37:49 --> Class 'App\Controllers\DateTime' not found
#0 /var/www/html/vendor/codeigniter4/framework/system/CodeIgniter.php(918): App\Controllers\Account->actions_debtor()
#1 /var/www/html/vendor/codeigniter4/framework/system/CodeIgniter.php(404): CodeIgniter\CodeIgniter->runController(Object(App\Controllers\Account))
#2 /var/www/html/vendor/codeigniter4/framework/system/CodeIgniter.php(312): CodeIgniter\CodeIgniter->handleRequest(NULL, Object(Config\Cache), false)
#3 /var/www/html/public/index.php(45): CodeIgniter\CodeIgniter->run()
#4 {main}
CRITICAL - 2020-12-25 18:04:56 --> Argument 1 passed to CodeIgniter\HTTP\RedirectResponse::to() must be of the type string, null given, called in /var/www/html/app/Controllers/Finance.php on line 2329
#0 /var/www/html/app/Controllers/Finance.php(2329): CodeIgniter\HTTP\RedirectResponse->to(NULL)
#1 /var/www/html/vendor/codeigniter4/framework/system/CodeIgniter.php(918): App\Controllers\Finance->view_acceptpaymentpdf('28')
#2 /var/www/html/vendor/codeigniter4/framework/system/CodeIgniter.php(404): CodeIgniter\CodeIgniter->runController(Object(App\Controllers\Finance))
#3 /var/www/html/vendor/codeigniter4/framework/system/CodeIgniter.php(312): CodeIgniter\CodeIgniter->handleRequest(NULL, Object(Config\Cache), false)
#4 /var/www/html/public/index.php(45): CodeIgniter\CodeIgniter->run()
#5 {main}
