CRITICAL - 2021-03-24 01:54:46 --> Argument 1 passed to CodeIgniter\HTTP\RedirectResponse::to() must be of the type string, null given, called in /var/www/html/app/Controllers/Hire.php on line 825
#0 /var/www/html/app/Controllers/Hire.php(825): CodeIgniter\HTTP\RedirectResponse->to(NULL)
#1 /var/www/html/vendor/codeigniter4/framework/system/CodeIgniter.php(918): App\Controllers\Hire->report_repair_pdf('4')
#2 /var/www/html/vendor/codeigniter4/framework/system/CodeIgniter.php(404): CodeIgniter\CodeIgniter->runController(Object(App\Controllers\Hire))
#3 /var/www/html/vendor/codeigniter4/framework/system/CodeIgniter.php(312): CodeIgniter\CodeIgniter->handleRequest(NULL, Object(Config\Cache), false)
#4 /var/www/html/public/index.php(45): CodeIgniter\CodeIgniter->run()
#5 {main}
CRITICAL - 2021-03-24 02:05:48 --> Argument 1 passed to CodeIgniter\HTTP\RedirectResponse::to() must be of the type string, null given, called in /var/www/html/app/Controllers/Hire.php on line 825
#0 /var/www/html/app/Controllers/Hire.php(825): CodeIgniter\HTTP\RedirectResponse->to(NULL)
#1 /var/www/html/vendor/codeigniter4/framework/system/CodeIgniter.php(918): App\Controllers\Hire->report_repair_pdf('6')
#2 /var/www/html/vendor/codeigniter4/framework/system/CodeIgniter.php(404): CodeIgniter\CodeIgniter->runController(Object(App\Controllers\Hire))
#3 /var/www/html/vendor/codeigniter4/framework/system/CodeIgniter.php(312): CodeIgniter\CodeIgniter->handleRequest(NULL, Object(Config\Cache), false)
#4 /var/www/html/public/index.php(45): CodeIgniter\CodeIgniter->run()
#5 {main}
CRITICAL - 2021-03-24 02:09:00 --> Argument 1 passed to CodeIgniter\HTTP\RedirectResponse::to() must be of the type string, null given, called in /var/www/html/app/Controllers/Finance.php on line 3561
#0 /var/www/html/app/Controllers/Finance.php(3561): CodeIgniter\HTTP\RedirectResponse->to(NULL)
#1 /var/www/html/vendor/codeigniter4/framework/system/CodeIgniter.php(918): App\Controllers\Finance->view_depositpdf('4')
#2 /var/www/html/vendor/codeigniter4/framework/system/CodeIgniter.php(404): CodeIgniter\CodeIgniter->runController(Object(App\Controllers\Finance))
#3 /var/www/html/vendor/codeigniter4/framework/system/CodeIgniter.php(312): CodeIgniter\CodeIgniter->handleRequest(NULL, Object(Config\Cache), false)
#4 /var/www/html/public/index.php(45): CodeIgniter\CodeIgniter->run()
#5 {main}
CRITICAL - 2021-03-24 02:10:13 --> Argument 1 passed to CodeIgniter\HTTP\RedirectResponse::to() must be of the type string, null given, called in /var/www/html/app/Controllers/Finance.php on line 3561
#0 /var/www/html/app/Controllers/Finance.php(3561): CodeIgniter\HTTP\RedirectResponse->to(NULL)
#1 /var/www/html/vendor/codeigniter4/framework/system/CodeIgniter.php(918): App\Controllers\Finance->view_depositpdf('6')
#2 /var/www/html/vendor/codeigniter4/framework/system/CodeIgniter.php(404): CodeIgniter\CodeIgniter->runController(Object(App\Controllers\Finance))
#3 /var/www/html/vendor/codeigniter4/framework/system/CodeIgniter.php(312): CodeIgniter\CodeIgniter->handleRequest(NULL, Object(Config\Cache), false)
#4 /var/www/html/public/index.php(45): CodeIgniter\CodeIgniter->run()
#5 {main}
CRITICAL - 2021-03-24 02:11:43 --> Argument 1 passed to CodeIgniter\HTTP\RedirectResponse::to() must be of the type string, null given, called in /var/www/html/app/Controllers/Finance.php on line 3561
#0 /var/www/html/app/Controllers/Finance.php(3561): CodeIgniter\HTTP\RedirectResponse->to(NULL)
#1 /var/www/html/vendor/codeigniter4/framework/system/CodeIgniter.php(918): App\Controllers\Finance->view_depositpdf('3')
#2 /var/www/html/vendor/codeigniter4/framework/system/CodeIgniter.php(404): CodeIgniter\CodeIgniter->runController(Object(App\Controllers\Finance))
#3 /var/www/html/vendor/codeigniter4/framework/system/CodeIgniter.php(312): CodeIgniter\CodeIgniter->handleRequest(NULL, Object(Config\Cache), false)
#4 /var/www/html/public/index.php(45): CodeIgniter\CodeIgniter->run()
#5 {main}
CRITICAL - 2021-03-24 02:14:42 --> Argument 1 passed to CodeIgniter\HTTP\RedirectResponse::to() must be of the type string, null given, called in /var/www/html/app/Controllers/Hire.php on line 825
#0 /var/www/html/app/Controllers/Hire.php(825): CodeIgniter\HTTP\RedirectResponse->to(NULL)
#1 /var/www/html/vendor/codeigniter4/framework/system/CodeIgniter.php(918): App\Controllers\Hire->report_repair_pdf('10')
#2 /var/www/html/vendor/codeigniter4/framework/system/CodeIgniter.php(404): CodeIgniter\CodeIgniter->runController(Object(App\Controllers\Hire))
#3 /var/www/html/vendor/codeigniter4/framework/system/CodeIgniter.php(312): CodeIgniter\CodeIgniter->handleRequest(NULL, Object(Config\Cache), false)
#4 /var/www/html/public/index.php(45): CodeIgniter\CodeIgniter->run()
#5 {main}
CRITICAL - 2021-03-24 02:19:19 --> Argument 1 passed to CodeIgniter\HTTP\RedirectResponse::to() must be of the type string, null given, called in /var/www/html/app/Controllers/Hire.php on line 825
#0 /var/www/html/app/Controllers/Hire.php(825): CodeIgniter\HTTP\RedirectResponse->to(NULL)
#1 /var/www/html/vendor/codeigniter4/framework/system/CodeIgniter.php(918): App\Controllers\Hire->report_repair_pdf('11')
#2 /var/www/html/vendor/codeigniter4/framework/system/CodeIgniter.php(404): CodeIgniter\CodeIgniter->runController(Object(App\Controllers\Hire))
#3 /var/www/html/vendor/codeigniter4/framework/system/CodeIgniter.php(312): CodeIgniter\CodeIgniter->handleRequest(NULL, Object(Config\Cache), false)
#4 /var/www/html/public/index.php(45): CodeIgniter\CodeIgniter->run()
#5 {main}
CRITICAL - 2021-03-24 02:22:56 --> Argument 1 passed to CodeIgniter\HTTP\RedirectResponse::to() must be of the type string, null given, called in /var/www/html/app/Controllers/Purchase.php on line 41
#0 /var/www/html/app/Controllers/Purchase.php(41): CodeIgniter\HTTP\RedirectResponse->to(NULL)
#1 /var/www/html/vendor/codeigniter4/framework/system/CodeIgniter.php(918): App\Controllers\Purchase->report_form_purchase('4')
#2 /var/www/html/vendor/codeigniter4/framework/system/CodeIgniter.php(404): CodeIgniter\CodeIgniter->runController(Object(App\Controllers\Purchase))
#3 /var/www/html/vendor/codeigniter4/framework/system/CodeIgniter.php(312): CodeIgniter\CodeIgniter->handleRequest(NULL, Object(Config\Cache), false)
#4 /var/www/html/public/index.php(45): CodeIgniter\CodeIgniter->run()
#5 {main}
CRITICAL - 2021-03-24 02:23:45 --> Argument 1 passed to CodeIgniter\HTTP\RedirectResponse::to() must be of the type string, null given, called in /var/www/html/app/Controllers/Finance.php on line 3591
#0 /var/www/html/app/Controllers/Finance.php(3591): CodeIgniter\HTTP\RedirectResponse->to(NULL)
#1 /var/www/html/vendor/codeigniter4/framework/system/CodeIgniter.php(918): App\Controllers\Finance->view_withdrawpdf('3')
#2 /var/www/html/vendor/codeigniter4/framework/system/CodeIgniter.php(404): CodeIgniter\CodeIgniter->runController(Object(App\Controllers\Finance))
#3 /var/www/html/vendor/codeigniter4/framework/system/CodeIgniter.php(312): CodeIgniter\CodeIgniter->handleRequest(NULL, Object(Config\Cache), false)
#4 /var/www/html/public/index.php(45): CodeIgniter\CodeIgniter->run()
#5 {main}
CRITICAL - 2021-03-24 02:30:57 --> Argument 1 passed to CodeIgniter\HTTP\RedirectResponse::to() must be of the type string, null given, called in /var/www/html/app/Controllers/Finance.php on line 3561
#0 /var/www/html/app/Controllers/Finance.php(3561): CodeIgniter\HTTP\RedirectResponse->to(NULL)
#1 /var/www/html/vendor/codeigniter4/framework/system/CodeIgniter.php(918): App\Controllers\Finance->view_depositpdf('2')
#2 /var/www/html/vendor/codeigniter4/framework/system/CodeIgniter.php(404): CodeIgniter\CodeIgniter->runController(Object(App\Controllers\Finance))
#3 /var/www/html/vendor/codeigniter4/framework/system/CodeIgniter.php(312): CodeIgniter\CodeIgniter->handleRequest(NULL, Object(Config\Cache), false)
#4 /var/www/html/public/index.php(45): CodeIgniter\CodeIgniter->run()
#5 {main}
CRITICAL - 2021-03-24 02:33:45 --> Argument 1 passed to CodeIgniter\HTTP\RedirectResponse::to() must be of the type string, null given, called in /var/www/html/app/Controllers/Finance.php on line 3561
#0 /var/www/html/app/Controllers/Finance.php(3561): CodeIgniter\HTTP\RedirectResponse->to(NULL)
#1 /var/www/html/vendor/codeigniter4/framework/system/CodeIgniter.php(918): App\Controllers\Finance->view_depositpdf('5')
#2 /var/www/html/vendor/codeigniter4/framework/system/CodeIgniter.php(404): CodeIgniter\CodeIgniter->runController(Object(App\Controllers\Finance))
#3 /var/www/html/vendor/codeigniter4/framework/system/CodeIgniter.php(312): CodeIgniter\CodeIgniter->handleRequest(NULL, Object(Config\Cache), false)
#4 /var/www/html/public/index.php(45): CodeIgniter\CodeIgniter->run()
#5 {main}
CRITICAL - 2021-03-24 02:57:14 --> Argument 1 passed to CodeIgniter\HTTP\RedirectResponse::to() must be of the type string, null given, called in /var/www/html/app/Controllers/Purchase.php on line 41
#0 /var/www/html/app/Controllers/Purchase.php(41): CodeIgniter\HTTP\RedirectResponse->to(NULL)
#1 /var/www/html/vendor/codeigniter4/framework/system/CodeIgniter.php(918): App\Controllers\Purchase->report_form_purchase('3')
#2 /var/www/html/vendor/codeigniter4/framework/system/CodeIgniter.php(404): CodeIgniter\CodeIgniter->runController(Object(App\Controllers\Purchase))
#3 /var/www/html/vendor/codeigniter4/framework/system/CodeIgniter.php(312): CodeIgniter\CodeIgniter->handleRequest(NULL, Object(Config\Cache), false)
#4 /var/www/html/public/index.php(45): CodeIgniter\CodeIgniter->run()
#5 {main}
CRITICAL - 2021-03-24 02:57:53 --> Argument 1 passed to CodeIgniter\HTTP\RedirectResponse::to() must be of the type string, null given, called in /var/www/html/app/Controllers/Purchase.php on line 41
#0 /var/www/html/app/Controllers/Purchase.php(41): CodeIgniter\HTTP\RedirectResponse->to(NULL)
#1 /var/www/html/vendor/codeigniter4/framework/system/CodeIgniter.php(918): App\Controllers\Purchase->report_form_purchase('1')
#2 /var/www/html/vendor/codeigniter4/framework/system/CodeIgniter.php(404): CodeIgniter\CodeIgniter->runController(Object(App\Controllers\Purchase))
#3 /var/www/html/vendor/codeigniter4/framework/system/CodeIgniter.php(312): CodeIgniter\CodeIgniter->handleRequest(NULL, Object(Config\Cache), false)
#4 /var/www/html/public/index.php(45): CodeIgniter\CodeIgniter->run()
#5 {main}
CRITICAL - 2021-03-24 03:11:41 --> Argument 1 passed to CodeIgniter\HTTP\RedirectResponse::to() must be of the type string, null given, called in /var/www/html/app/Controllers/Finance.php on line 3531
#0 /var/www/html/app/Controllers/Finance.php(3531): CodeIgniter\HTTP\RedirectResponse->to(NULL)
#1 /var/www/html/vendor/codeigniter4/framework/system/CodeIgniter.php(918): App\Controllers\Finance->view_receiving_moneypdf('6')
#2 /var/www/html/vendor/codeigniter4/framework/system/CodeIgniter.php(404): CodeIgniter\CodeIgniter->runController(Object(App\Controllers\Finance))
#3 /var/www/html/vendor/codeigniter4/framework/system/CodeIgniter.php(312): CodeIgniter\CodeIgniter->handleRequest(NULL, Object(Config\Cache), false)
#4 /var/www/html/public/index.php(45): CodeIgniter\CodeIgniter->run()
#5 {main}
CRITICAL - 2021-03-24 03:11:44 --> Argument 1 passed to CodeIgniter\HTTP\RedirectResponse::to() must be of the type string, null given, called in /var/www/html/app/Controllers/Finance.php on line 3531
#0 /var/www/html/app/Controllers/Finance.php(3531): CodeIgniter\HTTP\RedirectResponse->to(NULL)
#1 /var/www/html/vendor/codeigniter4/framework/system/CodeIgniter.php(918): App\Controllers\Finance->view_receiving_moneypdf('9')
#2 /var/www/html/vendor/codeigniter4/framework/system/CodeIgniter.php(404): CodeIgniter\CodeIgniter->runController(Object(App\Controllers\Finance))
#3 /var/www/html/vendor/codeigniter4/framework/system/CodeIgniter.php(312): CodeIgniter\CodeIgniter->handleRequest(NULL, Object(Config\Cache), false)
#4 /var/www/html/public/index.php(45): CodeIgniter\CodeIgniter->run()
#5 {main}
CRITICAL - 2021-03-24 03:11:50 --> Argument 1 passed to CodeIgniter\HTTP\RedirectResponse::to() must be of the type string, null given, called in /var/www/html/app/Controllers/Finance.php on line 3531
#0 /var/www/html/app/Controllers/Finance.php(3531): CodeIgniter\HTTP\RedirectResponse->to(NULL)
#1 /var/www/html/vendor/codeigniter4/framework/system/CodeIgniter.php(918): App\Controllers\Finance->view_receiving_moneypdf('8')
#2 /var/www/html/vendor/codeigniter4/framework/system/CodeIgniter.php(404): CodeIgniter\CodeIgniter->runController(Object(App\Controllers\Finance))
#3 /var/www/html/vendor/codeigniter4/framework/system/CodeIgniter.php(312): CodeIgniter\CodeIgniter->handleRequest(NULL, Object(Config\Cache), false)
#4 /var/www/html/public/index.php(45): CodeIgniter\CodeIgniter->run()
#5 {main}
CRITICAL - 2021-03-24 03:11:59 --> Argument 1 passed to CodeIgniter\HTTP\RedirectResponse::to() must be of the type string, null given, called in /var/www/html/app/Controllers/Finance.php on line 4017
#0 /var/www/html/app/Controllers/Finance.php(4017): CodeIgniter\HTTP\RedirectResponse->to(NULL)
#1 /var/www/html/vendor/codeigniter4/framework/system/CodeIgniter.php(918): App\Controllers\Finance->view_print_check_paypdf('7')
#2 /var/www/html/vendor/codeigniter4/framework/system/CodeIgniter.php(404): CodeIgniter\CodeIgniter->runController(Object(App\Controllers\Finance))
#3 /var/www/html/vendor/codeigniter4/framework/system/CodeIgniter.php(312): CodeIgniter\CodeIgniter->handleRequest(NULL, Object(Config\Cache), false)
#4 /var/www/html/public/index.php(45): CodeIgniter\CodeIgniter->run()
#5 {main}
CRITICAL - 2021-03-24 03:12:11 --> Argument 1 passed to CodeIgniter\HTTP\RedirectResponse::to() must be of the type string, null given, called in /var/www/html/app/Controllers/Finance.php on line 3465
#0 /var/www/html/app/Controllers/Finance.php(3465): CodeIgniter\HTTP\RedirectResponse->to(NULL)
#1 /var/www/html/vendor/codeigniter4/framework/system/CodeIgniter.php(918): App\Controllers\Finance->view_acceptpaymentpdf('650')
#2 /var/www/html/vendor/codeigniter4/framework/system/CodeIgniter.php(404): CodeIgniter\CodeIgniter->runController(Object(App\Controllers\Finance))
#3 /var/www/html/vendor/codeigniter4/framework/system/CodeIgniter.php(312): CodeIgniter\CodeIgniter->handleRequest(NULL, Object(Config\Cache), false)
#4 /var/www/html/public/index.php(45): CodeIgniter\CodeIgniter->run()
#5 {main}
CRITICAL - 2021-03-24 03:19:08 --> Argument 1 passed to CodeIgniter\HTTP\RedirectResponse::to() must be of the type string, null given, called in /var/www/html/app/Controllers/Finance.php on line 3531
#0 /var/www/html/app/Controllers/Finance.php(3531): CodeIgniter\HTTP\RedirectResponse->to(NULL)
#1 /var/www/html/vendor/codeigniter4/framework/system/CodeIgniter.php(918): App\Controllers\Finance->view_receiving_moneypdf('11')
#2 /var/www/html/vendor/codeigniter4/framework/system/CodeIgniter.php(404): CodeIgniter\CodeIgniter->runController(Object(App\Controllers\Finance))
#3 /var/www/html/vendor/codeigniter4/framework/system/CodeIgniter.php(312): CodeIgniter\CodeIgniter->handleRequest(NULL, Object(Config\Cache), false)
#4 /var/www/html/public/index.php(45): CodeIgniter\CodeIgniter->run()
#5 {main}
CRITICAL - 2021-03-24 10:43:35 --> Unable to connect to the database.
#0 /var/www/html/vendor/codeigniter4/framework/system/Database/BaseConnection.php(646): CodeIgniter\Database\BaseConnection->initialize()
#1 /var/www/html/vendor/codeigniter4/framework/system/Database/BaseBuilder.php(1860): CodeIgniter\Database\BaseConnection->query('SELECT COUNT("i...', Array, false)
#2 /var/www/html/app/Models/supplie_model.php(48): CodeIgniter\Database\BaseBuilder->get()
#3 /var/www/html/app/Controllers/Supplies.php(101): App\Models\supplie_model->sumProductByStatus()
#4 /var/www/html/vendor/codeigniter4/framework/system/CodeIgniter.php(918): App\Controllers\Supplies->index()
#5 /var/www/html/vendor/codeigniter4/framework/system/CodeIgniter.php(404): CodeIgniter\CodeIgniter->runController(Object(App\Controllers\Supplies))
#6 /var/www/html/vendor/codeigniter4/framework/system/CodeIgniter.php(312): CodeIgniter\CodeIgniter->handleRequest(NULL, Object(Config\Cache), false)
#7 /var/www/html/public/index.php(45): CodeIgniter\CodeIgniter->run()
#8 {main}
CRITICAL - 2021-03-24 16:07:03 --> Argument 1 passed to CodeIgniter\HTTP\RedirectResponse::to() must be of the type string, null given, called in /var/www/html/app/Controllers/Hire.php on line 826
#0 /var/www/html/app/Controllers/Hire.php(826): CodeIgniter\HTTP\RedirectResponse->to(NULL)
#1 /var/www/html/vendor/codeigniter4/framework/system/CodeIgniter.php(918): App\Controllers\Hire->report_repair_pdf('4')
#2 /var/www/html/vendor/codeigniter4/framework/system/CodeIgniter.php(404): CodeIgniter\CodeIgniter->runController(Object(App\Controllers\Hire))
#3 /var/www/html/vendor/codeigniter4/framework/system/CodeIgniter.php(312): CodeIgniter\CodeIgniter->handleRequest(NULL, Object(Config\Cache), false)
#4 /var/www/html/public/index.php(45): CodeIgniter\CodeIgniter->run()
#5 {main}
CRITICAL - 2021-03-24 20:22:25 --> Object of class DateInterval could not be converted to string
#0 /var/www/html/vendor/codeigniter4/framework/system/View/View.php(246): include()
#1 /var/www/html/vendor/codeigniter4/framework/system/Common.php(1119): CodeIgniter\View\View->render('sp/list_registr...', Array, true)
#2 /var/www/html/app/Controllers/Supplies.php(2180): view('sp/list_registr...')
#3 /var/www/html/vendor/codeigniter4/framework/system/CodeIgniter.php(918): App\Controllers\Supplies->list_registration_depreciation()
#4 /var/www/html/vendor/codeigniter4/framework/system/CodeIgniter.php(404): CodeIgniter\CodeIgniter->runController(Object(App\Controllers\Supplies))
#5 /var/www/html/vendor/codeigniter4/framework/system/CodeIgniter.php(312): CodeIgniter\CodeIgniter->handleRequest(NULL, Object(Config\Cache), false)
#6 /var/www/html/public/index.php(45): CodeIgniter\CodeIgniter->run()
#7 {main}
CRITICAL - 2021-03-24 22:09:54 --> Call to a member function diff() on string
#0 /var/www/html/vendor/codeigniter4/framework/system/View/View.php(246): include()
#1 /var/www/html/vendor/codeigniter4/framework/system/Common.php(1119): CodeIgniter\View\View->render('sp/list_registr...', Array, true)
#2 /var/www/html/app/Controllers/Supplies.php(2180): view('sp/list_registr...')
#3 /var/www/html/vendor/codeigniter4/framework/system/CodeIgniter.php(918): App\Controllers\Supplies->list_registration_depreciation()
#4 /var/www/html/vendor/codeigniter4/framework/system/CodeIgniter.php(404): CodeIgniter\CodeIgniter->runController(Object(App\Controllers\Supplies))
#5 /var/www/html/vendor/codeigniter4/framework/system/CodeIgniter.php(312): CodeIgniter\CodeIgniter->handleRequest(NULL, Object(Config\Cache), false)
#6 /var/www/html/public/index.php(45): CodeIgniter\CodeIgniter->run()
#7 {main}
CRITICAL - 2021-03-24 22:10:54 --> Call to a member function diff() on string
#0 /var/www/html/vendor/codeigniter4/framework/system/View/View.php(246): include()
#1 /var/www/html/vendor/codeigniter4/framework/system/Common.php(1119): CodeIgniter\View\View->render('sp/list_registr...', Array, true)
#2 /var/www/html/app/Controllers/Supplies.php(2180): view('sp/list_registr...')
#3 /var/www/html/vendor/codeigniter4/framework/system/CodeIgniter.php(918): App\Controllers\Supplies->list_registration_depreciation()
#4 /var/www/html/vendor/codeigniter4/framework/system/CodeIgniter.php(404): CodeIgniter\CodeIgniter->runController(Object(App\Controllers\Supplies))
#5 /var/www/html/vendor/codeigniter4/framework/system/CodeIgniter.php(312): CodeIgniter\CodeIgniter->handleRequest(NULL, Object(Config\Cache), false)
#6 /var/www/html/public/index.php(45): CodeIgniter\CodeIgniter->run()
#7 {main}
