CRITICAL - 2021-03-23 03:53:50 --> Argument 1 passed to CodeIgniter\HTTP\RedirectResponse::to() must be of the type string, null given, called in /var/www/html/app/Controllers/Finance.php on line 3465
#0 /var/www/html/app/Controllers/Finance.php(3465): CodeIgniter\HTTP\RedirectResponse->to(NULL)
#1 /var/www/html/vendor/codeigniter4/framework/system/CodeIgniter.php(918): App\Controllers\Finance->view_acceptpaymentpdf('655')
#2 /var/www/html/vendor/codeigniter4/framework/system/CodeIgniter.php(404): CodeIgniter\CodeIgniter->runController(Object(App\Controllers\Finance))
#3 /var/www/html/vendor/codeigniter4/framework/system/CodeIgniter.php(312): CodeIgniter\CodeIgniter->handleRequest(NULL, Object(Config\Cache), false)
#4 /var/www/html/public/index.php(45): CodeIgniter\CodeIgniter->run()
#5 {main}
CRITICAL - 2021-03-23 03:54:00 --> Argument 1 passed to CodeIgniter\HTTP\RedirectResponse::to() must be of the type string, null given, called in /var/www/html/app/Controllers/Finance.php on line 3465
#0 /var/www/html/app/Controllers/Finance.php(3465): CodeIgniter\HTTP\RedirectResponse->to(NULL)
#1 /var/www/html/vendor/codeigniter4/framework/system/CodeIgniter.php(918): App\Controllers\Finance->view_acceptpaymentpdf('652')
#2 /var/www/html/vendor/codeigniter4/framework/system/CodeIgniter.php(404): CodeIgniter\CodeIgniter->runController(Object(App\Controllers\Finance))
#3 /var/www/html/vendor/codeigniter4/framework/system/CodeIgniter.php(312): CodeIgniter\CodeIgniter->handleRequest(NULL, Object(Config\Cache), false)
#4 /var/www/html/public/index.php(45): CodeIgniter\CodeIgniter->run()
#5 {main}
CRITICAL - 2021-03-23 03:54:12 --> Argument 1 passed to CodeIgniter\HTTP\RedirectResponse::to() must be of the type string, null given, called in /var/www/html/app/Controllers/Finance.php on line 3465
#0 /var/www/html/app/Controllers/Finance.php(3465): CodeIgniter\HTTP\RedirectResponse->to(NULL)
#1 /var/www/html/vendor/codeigniter4/framework/system/CodeIgniter.php(918): App\Controllers\Finance->view_acceptpaymentpdf('654')
#2 /var/www/html/vendor/codeigniter4/framework/system/CodeIgniter.php(404): CodeIgniter\CodeIgniter->runController(Object(App\Controllers\Finance))
#3 /var/www/html/vendor/codeigniter4/framework/system/CodeIgniter.php(312): CodeIgniter\CodeIgniter->handleRequest(NULL, Object(Config\Cache), false)
#4 /var/www/html/public/index.php(45): CodeIgniter\CodeIgniter->run()
#5 {main}
CRITICAL - 2021-03-23 03:54:29 --> Argument 1 passed to CodeIgniter\HTTP\RedirectResponse::to() must be of the type string, null given, called in /var/www/html/app/Controllers/Finance.php on line 3465
#0 /var/www/html/app/Controllers/Finance.php(3465): CodeIgniter\HTTP\RedirectResponse->to(NULL)
#1 /var/www/html/vendor/codeigniter4/framework/system/CodeIgniter.php(918): App\Controllers\Finance->view_acceptpaymentpdf('649')
#2 /var/www/html/vendor/codeigniter4/framework/system/CodeIgniter.php(404): CodeIgniter\CodeIgniter->runController(Object(App\Controllers\Finance))
#3 /var/www/html/vendor/codeigniter4/framework/system/CodeIgniter.php(312): CodeIgniter\CodeIgniter->handleRequest(NULL, Object(Config\Cache), false)
#4 /var/www/html/public/index.php(45): CodeIgniter\CodeIgniter->run()
#5 {main}
CRITICAL - 2021-03-23 03:54:37 --> Argument 1 passed to CodeIgniter\HTTP\RedirectResponse::to() must be of the type string, null given, called in /var/www/html/app/Controllers/Finance.php on line 3465
#0 /var/www/html/app/Controllers/Finance.php(3465): CodeIgniter\HTTP\RedirectResponse->to(NULL)
#1 /var/www/html/vendor/codeigniter4/framework/system/CodeIgniter.php(918): App\Controllers\Finance->view_acceptpaymentpdf('656')
#2 /var/www/html/vendor/codeigniter4/framework/system/CodeIgniter.php(404): CodeIgniter\CodeIgniter->runController(Object(App\Controllers\Finance))
#3 /var/www/html/vendor/codeigniter4/framework/system/CodeIgniter.php(312): CodeIgniter\CodeIgniter->handleRequest(NULL, Object(Config\Cache), false)
#4 /var/www/html/public/index.php(45): CodeIgniter\CodeIgniter->run()
#5 {main}
CRITICAL - 2021-03-23 04:03:09 --> Argument 1 passed to CodeIgniter\HTTP\RedirectResponse::to() must be of the type string, null given, called in /var/www/html/app/Controllers/Finance.php on line 3465
#0 /var/www/html/app/Controllers/Finance.php(3465): CodeIgniter\HTTP\RedirectResponse->to(NULL)
#1 /var/www/html/vendor/codeigniter4/framework/system/CodeIgniter.php(918): App\Controllers\Finance->view_acceptpaymentpdf('653')
#2 /var/www/html/vendor/codeigniter4/framework/system/CodeIgniter.php(404): CodeIgniter\CodeIgniter->runController(Object(App\Controllers\Finance))
#3 /var/www/html/vendor/codeigniter4/framework/system/CodeIgniter.php(312): CodeIgniter\CodeIgniter->handleRequest(NULL, Object(Config\Cache), false)
#4 /var/www/html/public/index.php(45): CodeIgniter\CodeIgniter->run()
#5 {main}
CRITICAL - 2021-03-23 04:03:37 --> Argument 1 passed to CodeIgniter\HTTP\RedirectResponse::to() must be of the type string, null given, called in /var/www/html/app/Controllers/Finance.php on line 1982
#0 /var/www/html/app/Controllers/Finance.php(1982): CodeIgniter\HTTP\RedirectResponse->to(NULL)
#1 /var/www/html/vendor/codeigniter4/framework/system/CodeIgniter.php(918): App\Controllers\Finance->report_billing_pdf('9')
#2 /var/www/html/vendor/codeigniter4/framework/system/CodeIgniter.php(404): CodeIgniter\CodeIgniter->runController(Object(App\Controllers\Finance))
#3 /var/www/html/vendor/codeigniter4/framework/system/CodeIgniter.php(312): CodeIgniter\CodeIgniter->handleRequest(NULL, Object(Config\Cache), false)
#4 /var/www/html/public/index.php(45): CodeIgniter\CodeIgniter->run()
#5 {main}
CRITICAL - 2021-03-23 04:05:08 --> Too few arguments to function App\Models\supplie_model::getProductForSelect(), 0 passed in /var/www/html/app/Controllers/Supplies.php on line 1860 and exactly 1 expected
#0 /var/www/html/app/Controllers/Supplies.php(1860): App\Models\supplie_model->getProductForSelect()
#1 /var/www/html/vendor/codeigniter4/framework/system/CodeIgniter.php(918): App\Controllers\Supplies->getProduct()
#2 /var/www/html/vendor/codeigniter4/framework/system/CodeIgniter.php(404): CodeIgniter\CodeIgniter->runController(Object(App\Controllers\Supplies))
#3 /var/www/html/vendor/codeigniter4/framework/system/CodeIgniter.php(312): CodeIgniter\CodeIgniter->handleRequest(NULL, Object(Config\Cache), false)
#4 /var/www/html/public/index.php(45): CodeIgniter\CodeIgniter->run()
#5 {main}
CRITICAL - 2021-03-23 04:09:45 --> Argument 1 passed to CodeIgniter\HTTP\RedirectResponse::to() must be of the type string, null given, called in /var/www/html/app/Controllers/Finance.php on line 1982
#0 /var/www/html/app/Controllers/Finance.php(1982): CodeIgniter\HTTP\RedirectResponse->to(NULL)
#1 /var/www/html/vendor/codeigniter4/framework/system/CodeIgniter.php(918): App\Controllers\Finance->report_billing_pdf('12')
#2 /var/www/html/vendor/codeigniter4/framework/system/CodeIgniter.php(404): CodeIgniter\CodeIgniter->runController(Object(App\Controllers\Finance))
#3 /var/www/html/vendor/codeigniter4/framework/system/CodeIgniter.php(312): CodeIgniter\CodeIgniter->handleRequest(NULL, Object(Config\Cache), false)
#4 /var/www/html/public/index.php(45): CodeIgniter\CodeIgniter->run()
#5 {main}
CRITICAL - 2021-03-23 04:11:32 --> Argument 1 passed to CodeIgniter\HTTP\RedirectResponse::to() must be of the type string, null given, called in /var/www/html/app/Controllers/Finance.php on line 2281
#0 /var/www/html/app/Controllers/Finance.php(2281): CodeIgniter\HTTP\RedirectResponse->to(NULL)
#1 /var/www/html/vendor/codeigniter4/framework/system/CodeIgniter.php(918): App\Controllers\Finance->report_payoffdebt_pdf('7')
#2 /var/www/html/vendor/codeigniter4/framework/system/CodeIgniter.php(404): CodeIgniter\CodeIgniter->runController(Object(App\Controllers\Finance))
#3 /var/www/html/vendor/codeigniter4/framework/system/CodeIgniter.php(312): CodeIgniter\CodeIgniter->handleRequest(NULL, Object(Config\Cache), false)
#4 /var/www/html/public/index.php(45): CodeIgniter\CodeIgniter->run()
#5 {main}
CRITICAL - 2021-03-23 05:27:59 --> Argument 1 passed to CodeIgniter\HTTP\RedirectResponse::to() must be of the type string, null given, called in /var/www/html/app/Controllers/Hire.php on line 825
#0 /var/www/html/app/Controllers/Hire.php(825): CodeIgniter\HTTP\RedirectResponse->to(NULL)
#1 /var/www/html/vendor/codeigniter4/framework/system/CodeIgniter.php(918): App\Controllers\Hire->report_repair_pdf('7')
#2 /var/www/html/vendor/codeigniter4/framework/system/CodeIgniter.php(404): CodeIgniter\CodeIgniter->runController(Object(App\Controllers\Hire))
#3 /var/www/html/vendor/codeigniter4/framework/system/CodeIgniter.php(312): CodeIgniter\CodeIgniter->handleRequest(NULL, Object(Config\Cache), false)
#4 /var/www/html/public/index.php(45): CodeIgniter\CodeIgniter->run()
#5 {main}
CRITICAL - 2021-03-23 05:31:20 --> Argument 1 passed to CodeIgniter\HTTP\RedirectResponse::to() must be of the type string, null given, called in /var/www/html/app/Controllers/Hire.php on line 825
#0 /var/www/html/app/Controllers/Hire.php(825): CodeIgniter\HTTP\RedirectResponse->to(NULL)
#1 /var/www/html/vendor/codeigniter4/framework/system/CodeIgniter.php(918): App\Controllers\Hire->report_repair_pdf('5')
#2 /var/www/html/vendor/codeigniter4/framework/system/CodeIgniter.php(404): CodeIgniter\CodeIgniter->runController(Object(App\Controllers\Hire))
#3 /var/www/html/vendor/codeigniter4/framework/system/CodeIgniter.php(312): CodeIgniter\CodeIgniter->handleRequest(NULL, Object(Config\Cache), false)
#4 /var/www/html/public/index.php(45): CodeIgniter\CodeIgniter->run()
#5 {main}
CRITICAL - 2021-03-23 05:37:14 --> Argument 1 passed to CodeIgniter\HTTP\RedirectResponse::to() must be of the type string, null given, called in /var/www/html/app/Controllers/Hire.php on line 825
#0 /var/www/html/app/Controllers/Hire.php(825): CodeIgniter\HTTP\RedirectResponse->to(NULL)
#1 /var/www/html/vendor/codeigniter4/framework/system/CodeIgniter.php(918): App\Controllers\Hire->report_repair_pdf('9')
#2 /var/www/html/vendor/codeigniter4/framework/system/CodeIgniter.php(404): CodeIgniter\CodeIgniter->runController(Object(App\Controllers\Hire))
#3 /var/www/html/vendor/codeigniter4/framework/system/CodeIgniter.php(312): CodeIgniter\CodeIgniter->handleRequest(NULL, Object(Config\Cache), false)
#4 /var/www/html/public/index.php(45): CodeIgniter\CodeIgniter->run()
#5 {main}
CRITICAL - 2021-03-23 07:30:25 --> Argument 1 passed to CodeIgniter\HTTP\RedirectResponse::to() must be of the type string, null given, called in /var/www/html/app/Controllers/Purchase.php on line 41
#0 /var/www/html/app/Controllers/Purchase.php(41): CodeIgniter\HTTP\RedirectResponse->to(NULL)
#1 /var/www/html/vendor/codeigniter4/framework/system/CodeIgniter.php(918): App\Controllers\Purchase->report_form_purchase('1')
#2 /var/www/html/vendor/codeigniter4/framework/system/CodeIgniter.php(404): CodeIgniter\CodeIgniter->runController(Object(App\Controllers\Purchase))
#3 /var/www/html/vendor/codeigniter4/framework/system/CodeIgniter.php(312): CodeIgniter\CodeIgniter->handleRequest(NULL, Object(Config\Cache), false)
#4 /var/www/html/public/index.php(45): CodeIgniter\CodeIgniter->run()
#5 {main}
CRITICAL - 2021-03-23 10:27:00 --> Unable to connect to the database.
#0 /var/www/html/vendor/codeigniter4/framework/system/Database/BaseConnection.php(646): CodeIgniter\Database\BaseConnection->initialize()
#1 /var/www/html/vendor/codeigniter4/framework/system/Database/BaseBuilder.php(1860): CodeIgniter\Database\BaseConnection->query('SELECT SUM("amo...', Array, false)
#2 /var/www/html/app/Models/finance_model.php(435): CodeIgniter\Database\BaseBuilder->get()
#3 /var/www/html/app/Controllers/Home.php(26): App\Models\finance_model->sumPayoffDebt()
#4 /var/www/html/vendor/codeigniter4/framework/system/CodeIgniter.php(918): App\Controllers\Home->index()
#5 /var/www/html/vendor/codeigniter4/framework/system/CodeIgniter.php(404): CodeIgniter\CodeIgniter->runController(Object(App\Controllers\Home))
#6 /var/www/html/vendor/codeigniter4/framework/system/CodeIgniter.php(312): CodeIgniter\CodeIgniter->handleRequest(NULL, Object(Config\Cache), false)
#7 /var/www/html/public/index.php(45): CodeIgniter\CodeIgniter->run()
#8 {main}
CRITICAL - 2021-03-23 10:27:05 --> Unable to connect to the database.
#0 /var/www/html/vendor/codeigniter4/framework/system/Database/BaseConnection.php(646): CodeIgniter\Database\BaseConnection->initialize()
#1 /var/www/html/vendor/codeigniter4/framework/system/Database/BaseBuilder.php(1860): CodeIgniter\Database\BaseConnection->query('SELECT SUM("amo...', Array, false)
#2 /var/www/html/app/Models/finance_model.php(435): CodeIgniter\Database\BaseBuilder->get()
#3 /var/www/html/app/Controllers/Home.php(26): App\Models\finance_model->sumPayoffDebt()
#4 /var/www/html/vendor/codeigniter4/framework/system/CodeIgniter.php(918): App\Controllers\Home->index()
#5 /var/www/html/vendor/codeigniter4/framework/system/CodeIgniter.php(404): CodeIgniter\CodeIgniter->runController(Object(App\Controllers\Home))
#6 /var/www/html/vendor/codeigniter4/framework/system/CodeIgniter.php(312): CodeIgniter\CodeIgniter->handleRequest(NULL, Object(Config\Cache), false)
#7 /var/www/html/public/index.php(45): CodeIgniter\CodeIgniter->run()
#8 {main}
CRITICAL - 2021-03-23 10:27:18 --> Unable to connect to the database.
#0 /var/www/html/vendor/codeigniter4/framework/system/Database/BaseConnection.php(646): CodeIgniter\Database\BaseConnection->initialize()
#1 /var/www/html/vendor/codeigniter4/framework/system/Database/BaseBuilder.php(1860): CodeIgniter\Database\BaseConnection->query('SELECT SUM("amo...', Array, false)
#2 /var/www/html/app/Models/finance_model.php(435): CodeIgniter\Database\BaseBuilder->get()
#3 /var/www/html/app/Controllers/Home.php(26): App\Models\finance_model->sumPayoffDebt()
#4 /var/www/html/vendor/codeigniter4/framework/system/CodeIgniter.php(918): App\Controllers\Home->index()
#5 /var/www/html/vendor/codeigniter4/framework/system/CodeIgniter.php(404): CodeIgniter\CodeIgniter->runController(Object(App\Controllers\Home))
#6 /var/www/html/vendor/codeigniter4/framework/system/CodeIgniter.php(312): CodeIgniter\CodeIgniter->handleRequest(NULL, Object(Config\Cache), false)
#7 /var/www/html/public/index.php(45): CodeIgniter\CodeIgniter->run()
#8 {main}
CRITICAL - 2021-03-23 10:27:27 --> Unable to connect to the database.
#0 /var/www/html/vendor/codeigniter4/framework/system/Database/BaseConnection.php(646): CodeIgniter\Database\BaseConnection->initialize()
#1 /var/www/html/vendor/codeigniter4/framework/system/Database/BaseBuilder.php(1860): CodeIgniter\Database\BaseConnection->query('SELECT SUM("amo...', Array, false)
#2 /var/www/html/app/Models/finance_model.php(435): CodeIgniter\Database\BaseBuilder->get()
#3 /var/www/html/app/Controllers/Home.php(26): App\Models\finance_model->sumPayoffDebt()
#4 /var/www/html/vendor/codeigniter4/framework/system/CodeIgniter.php(918): App\Controllers\Home->index()
#5 /var/www/html/vendor/codeigniter4/framework/system/CodeIgniter.php(404): CodeIgniter\CodeIgniter->runController(Object(App\Controllers\Home))
#6 /var/www/html/vendor/codeigniter4/framework/system/CodeIgniter.php(312): CodeIgniter\CodeIgniter->handleRequest(NULL, Object(Config\Cache), false)
#7 /var/www/html/public/index.php(45): CodeIgniter\CodeIgniter->run()
#8 {main}
CRITICAL - 2021-03-23 10:27:55 --> Unable to connect to the database.
#0 /var/www/html/vendor/codeigniter4/framework/system/Database/BaseConnection.php(646): CodeIgniter\Database\BaseConnection->initialize()
#1 /var/www/html/vendor/codeigniter4/framework/system/Database/BaseBuilder.php(1860): CodeIgniter\Database\BaseConnection->query('SELECT SUM("amo...', Array, false)
#2 /var/www/html/app/Models/finance_model.php(435): CodeIgniter\Database\BaseBuilder->get()
#3 /var/www/html/app/Controllers/Home.php(26): App\Models\finance_model->sumPayoffDebt()
#4 /var/www/html/vendor/codeigniter4/framework/system/CodeIgniter.php(918): App\Controllers\Home->index()
#5 /var/www/html/vendor/codeigniter4/framework/system/CodeIgniter.php(404): CodeIgniter\CodeIgniter->runController(Object(App\Controllers\Home))
#6 /var/www/html/vendor/codeigniter4/framework/system/CodeIgniter.php(312): CodeIgniter\CodeIgniter->handleRequest(NULL, Object(Config\Cache), false)
#7 /var/www/html/public/index.php(45): CodeIgniter\CodeIgniter->run()
#8 {main}
CRITICAL - 2021-03-23 10:28:23 --> Unable to connect to the database.
#0 /var/www/html/vendor/codeigniter4/framework/system/Database/BaseConnection.php(646): CodeIgniter\Database\BaseConnection->initialize()
#1 /var/www/html/vendor/codeigniter4/framework/system/Database/BaseBuilder.php(1860): CodeIgniter\Database\BaseConnection->query('SELECT SUM("amo...', Array, false)
#2 /var/www/html/app/Models/finance_model.php(435): CodeIgniter\Database\BaseBuilder->get()
#3 /var/www/html/app/Controllers/Home.php(26): App\Models\finance_model->sumPayoffDebt()
#4 /var/www/html/vendor/codeigniter4/framework/system/CodeIgniter.php(918): App\Controllers\Home->index()
#5 /var/www/html/vendor/codeigniter4/framework/system/CodeIgniter.php(404): CodeIgniter\CodeIgniter->runController(Object(App\Controllers\Home))
#6 /var/www/html/vendor/codeigniter4/framework/system/CodeIgniter.php(312): CodeIgniter\CodeIgniter->handleRequest(NULL, Object(Config\Cache), false)
#7 /var/www/html/public/index.php(45): CodeIgniter\CodeIgniter->run()
#8 {main}
CRITICAL - 2021-03-23 12:06:12 --> Argument 1 passed to CodeIgniter\HTTP\RedirectResponse::to() must be of the type string, null given, called in /var/www/html/app/Controllers/Finance.php on line 3846
#0 /var/www/html/app/Controllers/Finance.php(3846): CodeIgniter\HTTP\RedirectResponse->to(NULL)
#1 /var/www/html/vendor/codeigniter4/framework/system/CodeIgniter.php(918): App\Controllers\Finance->view_import_billing_pdf('648')
#2 /var/www/html/vendor/codeigniter4/framework/system/CodeIgniter.php(404): CodeIgniter\CodeIgniter->runController(Object(App\Controllers\Finance))
#3 /var/www/html/vendor/codeigniter4/framework/system/CodeIgniter.php(312): CodeIgniter\CodeIgniter->handleRequest(NULL, Object(Config\Cache), false)
#4 /var/www/html/public/index.php(45): CodeIgniter\CodeIgniter->run()
#5 {main}
CRITICAL - 2021-03-23 13:30:25 --> Unable to connect to the database.
#0 /var/www/html/vendor/codeigniter4/framework/system/Database/BaseConnection.php(646): CodeIgniter\Database\BaseConnection->initialize()
#1 /var/www/html/vendor/codeigniter4/framework/system/Database/BaseBuilder.php(1860): CodeIgniter\Database\BaseConnection->query('SELECT "sp_prod...', Array, false)
#2 /var/www/html/app/Models/supplie_model.php(83): CodeIgniter\Database\BaseBuilder->get()
#3 /var/www/html/app/Controllers/Supplies.php(2247): App\Models\supplie_model->getProduct(NULL, NULL, NULL)
#4 /var/www/html/vendor/codeigniter4/framework/system/CodeIgniter.php(918): App\Controllers\Supplies->list_registration_transfer_repair()
#5 /var/www/html/vendor/codeigniter4/framework/system/CodeIgniter.php(404): CodeIgniter\CodeIgniter->runController(Object(App\Controllers\Supplies))
#6 /var/www/html/vendor/codeigniter4/framework/system/CodeIgniter.php(312): CodeIgniter\CodeIgniter->handleRequest(NULL, Object(Config\Cache), false)
#7 /var/www/html/public/index.php(45): CodeIgniter\CodeIgniter->run()
#8 {main}
CRITICAL - 2021-03-23 13:31:49 --> Unable to connect to the database.
#0 /var/www/html/vendor/codeigniter4/framework/system/Database/BaseConnection.php(646): CodeIgniter\Database\BaseConnection->initialize()
#1 /var/www/html/vendor/codeigniter4/framework/system/Database/BaseBuilder.php(1860): CodeIgniter\Database\BaseConnection->query('SELECT "sp_prod...', Array, false)
#2 /var/www/html/app/Models/supplie_model.php(83): CodeIgniter\Database\BaseBuilder->get()
#3 /var/www/html/app/Controllers/Supplies.php(2247): App\Models\supplie_model->getProduct(NULL, NULL, NULL)
#4 /var/www/html/vendor/codeigniter4/framework/system/CodeIgniter.php(918): App\Controllers\Supplies->list_registration_transfer_repair()
#5 /var/www/html/vendor/codeigniter4/framework/system/CodeIgniter.php(404): CodeIgniter\CodeIgniter->runController(Object(App\Controllers\Supplies))
#6 /var/www/html/vendor/codeigniter4/framework/system/CodeIgniter.php(312): CodeIgniter\CodeIgniter->handleRequest(NULL, Object(Config\Cache), false)
#7 /var/www/html/public/index.php(45): CodeIgniter\CodeIgniter->run()
#8 {main}
CRITICAL - 2021-03-23 13:32:09 --> Unable to connect to the database.
#0 /var/www/html/vendor/codeigniter4/framework/system/Database/BaseConnection.php(646): CodeIgniter\Database\BaseConnection->initialize()
#1 /var/www/html/vendor/codeigniter4/framework/system/Database/BaseBuilder.php(1860): CodeIgniter\Database\BaseConnection->query('SELECT "sp_prod...', Array, false)
#2 /var/www/html/app/Models/supplie_model.php(83): CodeIgniter\Database\BaseBuilder->get()
#3 /var/www/html/app/Controllers/Supplies.php(2247): App\Models\supplie_model->getProduct(NULL, NULL, NULL)
#4 /var/www/html/vendor/codeigniter4/framework/system/CodeIgniter.php(918): App\Controllers\Supplies->list_registration_transfer_repair()
#5 /var/www/html/vendor/codeigniter4/framework/system/CodeIgniter.php(404): CodeIgniter\CodeIgniter->runController(Object(App\Controllers\Supplies))
#6 /var/www/html/vendor/codeigniter4/framework/system/CodeIgniter.php(312): CodeIgniter\CodeIgniter->handleRequest(NULL, Object(Config\Cache), false)
#7 /var/www/html/public/index.php(45): CodeIgniter\CodeIgniter->run()
#8 {main}
CRITICAL - 2021-03-23 13:32:24 --> Unable to connect to the database.
#0 /var/www/html/vendor/codeigniter4/framework/system/Database/BaseConnection.php(646): CodeIgniter\Database\BaseConnection->initialize()
#1 /var/www/html/vendor/codeigniter4/framework/system/Database/BaseBuilder.php(1860): CodeIgniter\Database\BaseConnection->query('SELECT "sp_prod...', Array, false)
#2 /var/www/html/app/Models/supplie_model.php(83): CodeIgniter\Database\BaseBuilder->get()
#3 /var/www/html/app/Controllers/Supplies.php(2247): App\Models\supplie_model->getProduct(NULL, NULL, NULL)
#4 /var/www/html/vendor/codeigniter4/framework/system/CodeIgniter.php(918): App\Controllers\Supplies->list_registration_transfer_repair()
#5 /var/www/html/vendor/codeigniter4/framework/system/CodeIgniter.php(404): CodeIgniter\CodeIgniter->runController(Object(App\Controllers\Supplies))
#6 /var/www/html/vendor/codeigniter4/framework/system/CodeIgniter.php(312): CodeIgniter\CodeIgniter->handleRequest(NULL, Object(Config\Cache), false)
#7 /var/www/html/public/index.php(45): CodeIgniter\CodeIgniter->run()
#8 {main}
CRITICAL - 2021-03-23 13:32:40 --> Unable to connect to the database.
#0 /var/www/html/vendor/codeigniter4/framework/system/Database/BaseConnection.php(646): CodeIgniter\Database\BaseConnection->initialize()
#1 /var/www/html/vendor/codeigniter4/framework/system/Database/BaseBuilder.php(1860): CodeIgniter\Database\BaseConnection->query('SELECT "sp_prod...', Array, false)
#2 /var/www/html/app/Models/supplie_model.php(83): CodeIgniter\Database\BaseBuilder->get()
#3 /var/www/html/app/Controllers/Supplies.php(2247): App\Models\supplie_model->getProduct(NULL, NULL, NULL)
#4 /var/www/html/vendor/codeigniter4/framework/system/CodeIgniter.php(918): App\Controllers\Supplies->list_registration_transfer_repair()
#5 /var/www/html/vendor/codeigniter4/framework/system/CodeIgniter.php(404): CodeIgniter\CodeIgniter->runController(Object(App\Controllers\Supplies))
#6 /var/www/html/vendor/codeigniter4/framework/system/CodeIgniter.php(312): CodeIgniter\CodeIgniter->handleRequest(NULL, Object(Config\Cache), false)
#7 /var/www/html/public/index.php(45): CodeIgniter\CodeIgniter->run()
#8 {main}
CRITICAL - 2021-03-23 13:42:28 --> Invalid file: sp/list_transfer.php
#0 /var/www/html/vendor/codeigniter4/framework/system/View/View.php(228): CodeIgniter\Exceptions\FrameworkException::forInvalidFile('sp/list_transfe...')
#1 /var/www/html/vendor/codeigniter4/framework/system/Common.php(1119): CodeIgniter\View\View->render('sp/list_transfe...', Array, true)
#2 /var/www/html/app/Controllers/Supplies.php(2474): view('sp/list_transfe...')
#3 /var/www/html/vendor/codeigniter4/framework/system/CodeIgniter.php(918): App\Controllers\Supplies->list_transfer()
#4 /var/www/html/vendor/codeigniter4/framework/system/CodeIgniter.php(404): CodeIgniter\CodeIgniter->runController(Object(App\Controllers\Supplies))
#5 /var/www/html/vendor/codeigniter4/framework/system/CodeIgniter.php(312): CodeIgniter\CodeIgniter->handleRequest(NULL, Object(Config\Cache), false)
#6 /var/www/html/public/index.php(45): CodeIgniter\CodeIgniter->run()
#7 {main}
CRITICAL - 2021-03-23 13:48:17 --> Invalid file: sp/transfer.php
#0 /var/www/html/vendor/codeigniter4/framework/system/View/View.php(228): CodeIgniter\Exceptions\FrameworkException::forInvalidFile('sp/transfer.php')
#1 /var/www/html/vendor/codeigniter4/framework/system/Common.php(1119): CodeIgniter\View\View->render('sp/transfer', Array, true)
#2 /var/www/html/app/Controllers/Supplies.php(2508): view('sp/transfer')
#3 /var/www/html/vendor/codeigniter4/framework/system/CodeIgniter.php(918): App\Controllers\Supplies->transfer()
#4 /var/www/html/vendor/codeigniter4/framework/system/CodeIgniter.php(404): CodeIgniter\CodeIgniter->runController(Object(App\Controllers\Supplies))
#5 /var/www/html/vendor/codeigniter4/framework/system/CodeIgniter.php(312): CodeIgniter\CodeIgniter->handleRequest(NULL, Object(Config\Cache), false)
#6 /var/www/html/public/index.php(45): CodeIgniter\CodeIgniter->run()
#7 {main}
CRITICAL - 2021-03-23 16:48:19 --> date() expects parameter 1 to be string, object given
#0 [internal function]: CodeIgniter\Debug\Exceptions->errorHandler(2, 'date() expects ...', '/var/www/html/a...', 2174, Array)
#1 /var/www/html/app/Controllers/Supplies.php(2174): date(Object(DateTime), 1774259299)
#2 /var/www/html/vendor/codeigniter4/framework/system/CodeIgniter.php(918): App\Controllers\Supplies->func_lorem()
#3 /var/www/html/vendor/codeigniter4/framework/system/CodeIgniter.php(404): CodeIgniter\CodeIgniter->runController(Object(App\Controllers\Supplies))
#4 /var/www/html/vendor/codeigniter4/framework/system/CodeIgniter.php(312): CodeIgniter\CodeIgniter->handleRequest(NULL, Object(Config\Cache), false)
#5 /var/www/html/public/index.php(45): CodeIgniter\CodeIgniter->run()
#6 {main}
CRITICAL - 2021-03-23 16:48:47 --> date_format() expects parameter 1 to be DateTimeInterface, string given
#0 [internal function]: CodeIgniter\Debug\Exceptions->errorHandler(2, 'date_format() e...', '/var/www/html/a...', 2174, Array)
#1 /var/www/html/app/Controllers/Supplies.php(2174): date_format('2013-03-15', 'Y')
#2 /var/www/html/vendor/codeigniter4/framework/system/CodeIgniter.php(918): App\Controllers\Supplies->func_lorem()
#3 /var/www/html/vendor/codeigniter4/framework/system/CodeIgniter.php(404): CodeIgniter\CodeIgniter->runController(Object(App\Controllers\Supplies))
#4 /var/www/html/vendor/codeigniter4/framework/system/CodeIgniter.php(312): CodeIgniter\CodeIgniter->handleRequest(NULL, Object(Config\Cache), false)
#5 /var/www/html/public/index.php(45): CodeIgniter\CodeIgniter->run()
#6 {main}
