CRITICAL - 2020-11-05 01:41:39 --> Cannot redeclare App\Controllers\Finance::actions_checkpay()
#0 [internal function]: CodeIgniter\Debug\Exceptions->shutdownHandler()
#1 {main}
CRITICAL - 2020-11-05 01:42:43 --> Invalid file: fn/list_transfer.php
#0 C:\Users\kanoot\Desktop\ณกส\vendor\codeigniter4\framework\system\View\View.php(228): CodeIgniter\Exceptions\FrameworkException::forInvalidFile('fn/list_transfe...')
#1 C:\Users\kanoot\Desktop\ณกส\vendor\codeigniter4\framework\system\Common.php(1119): CodeIgniter\View\View->render('fn/list_transfe...', Array, true)
#2 C:\Users\kanoot\Desktop\ณกส\app\Controllers\Finance.php(910): view('fn/list_transfe...')
#3 C:\Users\kanoot\Desktop\ณกส\vendor\codeigniter4\framework\system\CodeIgniter.php(918): App\Controllers\Finance->list_transfer()
#4 C:\Users\kanoot\Desktop\ณกส\vendor\codeigniter4\framework\system\CodeIgniter.php(404): CodeIgniter\CodeIgniter->runController(Object(App\Controllers\Finance))
#5 C:\Users\kanoot\Desktop\ณกส\vendor\codeigniter4\framework\system\CodeIgniter.php(312): CodeIgniter\CodeIgniter->handleRequest(NULL, Object(Config\Cache), false)
#6 C:\Users\kanoot\Desktop\ณกส\public\index.php(45): CodeIgniter\CodeIgniter->run()
#7 C:\Users\kanoot\Desktop\ณกส\vendor\codeigniter4\framework\system\Commands\Server\rewrite.php(34): require_once('C:\\Users\\kanoot...')
#8 {main}
CRITICAL - 2020-11-05 02:13:25 --> Call to a member function getGeneralJournalByID() on null
#0 C:\Users\kanoot\Desktop\ณกส\vendor\codeigniter4\framework\system\CodeIgniter.php(918): App\Controllers\Account->actions_generaljournal()
#1 C:\Users\kanoot\Desktop\ณกส\vendor\codeigniter4\framework\system\CodeIgniter.php(404): CodeIgniter\CodeIgniter->runController(Object(App\Controllers\Account))
#2 C:\Users\kanoot\Desktop\ณกส\vendor\codeigniter4\framework\system\CodeIgniter.php(312): CodeIgniter\CodeIgniter->handleRequest(NULL, Object(Config\Cache), false)
#3 C:\Users\kanoot\Desktop\ณกส\public\index.php(45): CodeIgniter\CodeIgniter->run()
#4 C:\Users\kanoot\Desktop\ณกส\vendor\codeigniter4\framework\system\Commands\Server\rewrite.php(34): require_once('C:\\Users\\kanoot...')
#5 {main}
CRITICAL - 2020-11-05 02:13:31 --> Call to a member function getGeneralJournalByID() on null
#0 C:\Users\kanoot\Desktop\ณกส\vendor\codeigniter4\framework\system\CodeIgniter.php(918): App\Controllers\Account->actions_generaljournal()
#1 C:\Users\kanoot\Desktop\ณกส\vendor\codeigniter4\framework\system\CodeIgniter.php(404): CodeIgniter\CodeIgniter->runController(Object(App\Controllers\Account))
#2 C:\Users\kanoot\Desktop\ณกส\vendor\codeigniter4\framework\system\CodeIgniter.php(312): CodeIgniter\CodeIgniter->handleRequest(NULL, Object(Config\Cache), false)
#3 C:\Users\kanoot\Desktop\ณกส\public\index.php(45): CodeIgniter\CodeIgniter->run()
#4 C:\Users\kanoot\Desktop\ณกส\vendor\codeigniter4\framework\system\Commands\Server\rewrite.php(34): require_once('C:\\Users\\kanoot...')
#5 {main}
CRITICAL - 2020-11-05 20:41:20 --> Unable to connect to the database.
#0 C:\Users\kanoot\Desktop\ณกส\vendor\codeigniter4\framework\system\Database\BaseConnection.php(646): CodeIgniter\Database\BaseConnection->initialize()
#1 C:\Users\kanoot\Desktop\ณกส\vendor\codeigniter4\framework\system\Database\BaseBuilder.php(1860): CodeIgniter\Database\BaseConnection->query('SELECT *\nFROM "...', Array, false)
#2 C:\Users\kanoot\Desktop\ณกส\app\Models\finance_model.php(114): CodeIgniter\Database\BaseBuilder->get()
#3 C:\Users\kanoot\Desktop\ณกส\app\Controllers\Account.php(545): App\Models\finance_model->getAcceptPayment()
#4 C:\Users\kanoot\Desktop\ณกส\vendor\codeigniter4\framework\system\CodeIgniter.php(918): App\Controllers\Account->list_acceptpayment()
#5 C:\Users\kanoot\Desktop\ณกส\vendor\codeigniter4\framework\system\CodeIgniter.php(404): CodeIgniter\CodeIgniter->runController(Object(App\Controllers\Account))
#6 C:\Users\kanoot\Desktop\ณกส\vendor\codeigniter4\framework\system\CodeIgniter.php(312): CodeIgniter\CodeIgniter->handleRequest(NULL, Object(Config\Cache), false)
#7 C:\Users\kanoot\Desktop\ณกส\public\index.php(45): CodeIgniter\CodeIgniter->run()
#8 C:\Users\kanoot\Desktop\ณกส\vendor\codeigniter4\framework\system\Commands\Server\rewrite.php(34): require_once('C:\\Users\\kanoot...')
#9 {main}
