CRITICAL - 2020-11-09 00:01:22 --> Invalid file: ac/view_creditor.php
#0 C:\Users\kanoot\Desktop\ณกส\vendor\codeigniter4\framework\system\View\View.php(228): CodeIgniter\Exceptions\FrameworkException::forInvalidFile('ac/view_credito...')
#1 C:\Users\kanoot\Desktop\ณกส\vendor\codeigniter4\framework\system\Common.php(1119): CodeIgniter\View\View->render('ac/view_credito...', Array, true)
#2 C:\Users\kanoot\Desktop\ณกส\app\Controllers\Account.php(463): view('ac/view_credito...')
#3 C:\Users\kanoot\Desktop\ณกส\vendor\codeigniter4\framework\system\CodeIgniter.php(918): App\Controllers\Account->view_creditor('1')
#4 C:\Users\kanoot\Desktop\ณกส\vendor\codeigniter4\framework\system\CodeIgniter.php(404): CodeIgniter\CodeIgniter->runController(Object(App\Controllers\Account))
#5 C:\Users\kanoot\Desktop\ณกส\vendor\codeigniter4\framework\system\CodeIgniter.php(312): CodeIgniter\CodeIgniter->handleRequest(NULL, Object(Config\Cache), false)
#6 C:\Users\kanoot\Desktop\ณกส\public\index.php(45): CodeIgniter\CodeIgniter->run()
#7 C:\Users\kanoot\Desktop\ณกส\vendor\codeigniter4\framework\system\Commands\Server\rewrite.php(34): require_once('C:\\Users\\kanoot...')
#8 {main}
CRITICAL - 2020-11-09 00:06:33 --> Invalid file: ac/view_debtor.php
#0 C:\Users\kanoot\Desktop\ณกส\vendor\codeigniter4\framework\system\View\View.php(228): CodeIgniter\Exceptions\FrameworkException::forInvalidFile('ac/view_debtor....')
#1 C:\Users\kanoot\Desktop\ณกส\vendor\codeigniter4\framework\system\Common.php(1119): CodeIgniter\View\View->render('ac/view_debtor', Array, true)
#2 C:\Users\kanoot\Desktop\ณกส\app\Controllers\Account.php(557): view('ac/view_debtor')
#3 C:\Users\kanoot\Desktop\ณกส\vendor\codeigniter4\framework\system\CodeIgniter.php(918): App\Controllers\Account->view_debtor('1')
#4 C:\Users\kanoot\Desktop\ณกส\vendor\codeigniter4\framework\system\CodeIgniter.php(404): CodeIgniter\CodeIgniter->runController(Object(App\Controllers\Account))
#5 C:\Users\kanoot\Desktop\ณกส\vendor\codeigniter4\framework\system\CodeIgniter.php(312): CodeIgniter\CodeIgniter->handleRequest(NULL, Object(Config\Cache), false)
#6 C:\Users\kanoot\Desktop\ณกส\public\index.php(45): CodeIgniter\CodeIgniter->run()
#7 C:\Users\kanoot\Desktop\ณกส\vendor\codeigniter4\framework\system\Commands\Server\rewrite.php(34): require_once('C:\\Users\\kanoot...')
#8 {main}
CRITICAL - 2020-11-09 00:11:11 --> Invalid file: ac/view_acceptpayment.php
#0 C:\Users\kanoot\Desktop\ณกส\vendor\codeigniter4\framework\system\View\View.php(228): CodeIgniter\Exceptions\FrameworkException::forInvalidFile('ac/view_acceptp...')
#1 C:\Users\kanoot\Desktop\ณกส\vendor\codeigniter4\framework\system\Common.php(1119): CodeIgniter\View\View->render('ac/view_acceptp...', Array, true)
#2 C:\Users\kanoot\Desktop\ณกส\app\Controllers\Account.php(688): view('ac/view_acceptp...')
#3 C:\Users\kanoot\Desktop\ณกส\vendor\codeigniter4\framework\system\CodeIgniter.php(918): App\Controllers\Account->view_acceptpayment('1')
#4 C:\Users\kanoot\Desktop\ณกส\vendor\codeigniter4\framework\system\CodeIgniter.php(404): CodeIgniter\CodeIgniter->runController(Object(App\Controllers\Account))
#5 C:\Users\kanoot\Desktop\ณกส\vendor\codeigniter4\framework\system\CodeIgniter.php(312): CodeIgniter\CodeIgniter->handleRequest(NULL, Object(Config\Cache), false)
#6 C:\Users\kanoot\Desktop\ณกส\public\index.php(45): CodeIgniter\CodeIgniter->run()
#7 C:\Users\kanoot\Desktop\ณกส\vendor\codeigniter4\framework\system\Commands\Server\rewrite.php(34): require_once('C:\\Users\\kanoot...')
#8 {main}
CRITICAL - 2020-11-09 00:57:29 --> Invalid file: fn/edit_datepay.php
#0 C:\Users\kanoot\Desktop\ณกส\vendor\codeigniter4\framework\system\View\View.php(228): CodeIgniter\Exceptions\FrameworkException::forInvalidFile('fn/edit_datepay...')
#1 C:\Users\kanoot\Desktop\ณกส\vendor\codeigniter4\framework\system\Common.php(1119): CodeIgniter\View\View->render('fn/edit_datepay', Array, true)
#2 C:\Users\kanoot\Desktop\ณกส\app\Controllers\Finance.php(243): view('fn/edit_datepay')
#3 C:\Users\kanoot\Desktop\ณกส\vendor\codeigniter4\framework\system\CodeIgniter.php(918): App\Controllers\Finance->edit_datepay('3')
#4 C:\Users\kanoot\Desktop\ณกส\vendor\codeigniter4\framework\system\CodeIgniter.php(404): CodeIgniter\CodeIgniter->runController(Object(App\Controllers\Finance))
#5 C:\Users\kanoot\Desktop\ณกส\vendor\codeigniter4\framework\system\CodeIgniter.php(312): CodeIgniter\CodeIgniter->handleRequest(NULL, Object(Config\Cache), false)
#6 C:\Users\kanoot\Desktop\ณกส\public\index.php(45): CodeIgniter\CodeIgniter->run()
#7 C:\Users\kanoot\Desktop\ณกส\vendor\codeigniter4\framework\system\Commands\Server\rewrite.php(34): require_once('C:\\Users\\kanoot...')
#8 {main}
CRITICAL - 2020-11-09 01:09:11 --> Invalid file: fn/edit_adddebt.php
#0 C:\Users\kanoot\Desktop\ณกส\vendor\codeigniter4\framework\system\View\View.php(228): CodeIgniter\Exceptions\FrameworkException::forInvalidFile('fn/edit_adddebt...')
#1 C:\Users\kanoot\Desktop\ณกส\vendor\codeigniter4\framework\system\Common.php(1119): CodeIgniter\View\View->render('fn/edit_adddebt', Array, true)
#2 C:\Users\kanoot\Desktop\ณกส\app\Controllers\Finance.php(354): view('fn/edit_adddebt')
#3 C:\Users\kanoot\Desktop\ณกส\vendor\codeigniter4\framework\system\CodeIgniter.php(918): App\Controllers\Finance->edit_adddebt('1')
#4 C:\Users\kanoot\Desktop\ณกส\vendor\codeigniter4\framework\system\CodeIgniter.php(404): CodeIgniter\CodeIgniter->runController(Object(App\Controllers\Finance))
#5 C:\Users\kanoot\Desktop\ณกส\vendor\codeigniter4\framework\system\CodeIgniter.php(312): CodeIgniter\CodeIgniter->handleRequest(NULL, Object(Config\Cache), false)
#6 C:\Users\kanoot\Desktop\ณกส\public\index.php(45): CodeIgniter\CodeIgniter->run()
#7 C:\Users\kanoot\Desktop\ณกส\vendor\codeigniter4\framework\system\Commands\Server\rewrite.php(34): require_once('C:\\Users\\kanoot...')
#8 {main}
CRITICAL - 2020-11-09 01:24:24 --> Invalid file: fn/edit_reducedebt.php
#0 C:\Users\kanoot\Desktop\ณกส\vendor\codeigniter4\framework\system\View\View.php(228): CodeIgniter\Exceptions\FrameworkException::forInvalidFile('fn/edit_reduced...')
#1 C:\Users\kanoot\Desktop\ณกส\vendor\codeigniter4\framework\system\Common.php(1119): CodeIgniter\View\View->render('fn/edit_reduced...', Array, true)
#2 C:\Users\kanoot\Desktop\ณกส\app\Controllers\Finance.php(468): view('fn/edit_reduced...')
#3 C:\Users\kanoot\Desktop\ณกส\vendor\codeigniter4\framework\system\CodeIgniter.php(918): App\Controllers\Finance->edit_reducedebt('2')
#4 C:\Users\kanoot\Desktop\ณกส\vendor\codeigniter4\framework\system\CodeIgniter.php(404): CodeIgniter\CodeIgniter->runController(Object(App\Controllers\Finance))
#5 C:\Users\kanoot\Desktop\ณกส\vendor\codeigniter4\framework\system\CodeIgniter.php(312): CodeIgniter\CodeIgniter->handleRequest(NULL, Object(Config\Cache), false)
#6 C:\Users\kanoot\Desktop\ณกส\public\index.php(45): CodeIgniter\CodeIgniter->run()
#7 C:\Users\kanoot\Desktop\ณกส\vendor\codeigniter4\framework\system\Commands\Server\rewrite.php(34): require_once('C:\\Users\\kanoot...')
#8 {main}
CRITICAL - 2020-11-09 01:24:43 --> Invalid file: fn/edit_reducedebt.php
#0 C:\Users\kanoot\Desktop\ณกส\vendor\codeigniter4\framework\system\View\View.php(228): CodeIgniter\Exceptions\FrameworkException::forInvalidFile('fn/edit_reduced...')
#1 C:\Users\kanoot\Desktop\ณกส\vendor\codeigniter4\framework\system\Common.php(1119): CodeIgniter\View\View->render('fn/edit_reduced...', Array, true)
#2 C:\Users\kanoot\Desktop\ณกส\app\Controllers\Finance.php(468): view('fn/edit_reduced...')
#3 C:\Users\kanoot\Desktop\ณกส\vendor\codeigniter4\framework\system\CodeIgniter.php(918): App\Controllers\Finance->edit_reducedebt('2')
#4 C:\Users\kanoot\Desktop\ณกส\vendor\codeigniter4\framework\system\CodeIgniter.php(404): CodeIgniter\CodeIgniter->runController(Object(App\Controllers\Finance))
#5 C:\Users\kanoot\Desktop\ณกส\vendor\codeigniter4\framework\system\CodeIgniter.php(312): CodeIgniter\CodeIgniter->handleRequest(NULL, Object(Config\Cache), false)
#6 C:\Users\kanoot\Desktop\ณกส\public\index.php(45): CodeIgniter\CodeIgniter->run()
#7 C:\Users\kanoot\Desktop\ณกส\vendor\codeigniter4\framework\system\Commands\Server\rewrite.php(34): require_once('C:\\Users\\kanoot...')
#8 {main}
CRITICAL - 2020-11-09 01:31:32 --> Invalid file: fn/edit_acceptpayment.php
#0 C:\Users\kanoot\Desktop\ณกส\vendor\codeigniter4\framework\system\View\View.php(228): CodeIgniter\Exceptions\FrameworkException::forInvalidFile('fn/edit_acceptp...')
#1 C:\Users\kanoot\Desktop\ณกส\vendor\codeigniter4\framework\system\Common.php(1119): CodeIgniter\View\View->render('fn/edit_acceptp...', Array, true)
#2 C:\Users\kanoot\Desktop\ณกส\app\Controllers\Finance.php(584): view('fn/edit_acceptp...')
#3 C:\Users\kanoot\Desktop\ณกส\vendor\codeigniter4\framework\system\CodeIgniter.php(918): App\Controllers\Finance->edit_acceptpayment('1')
#4 C:\Users\kanoot\Desktop\ณกส\vendor\codeigniter4\framework\system\CodeIgniter.php(404): CodeIgniter\CodeIgniter->runController(Object(App\Controllers\Finance))
#5 C:\Users\kanoot\Desktop\ณกส\vendor\codeigniter4\framework\system\CodeIgniter.php(312): CodeIgniter\CodeIgniter->handleRequest(NULL, Object(Config\Cache), false)
#6 C:\Users\kanoot\Desktop\ณกส\public\index.php(45): CodeIgniter\CodeIgniter->run()
#7 C:\Users\kanoot\Desktop\ณกส\vendor\codeigniter4\framework\system\Commands\Server\rewrite.php(34): require_once('C:\\Users\\kanoot...')
#8 {main}
CRITICAL - 2020-11-09 01:37:08 --> Invalid file: fn/edit_overdue.php
#0 C:\Users\kanoot\Desktop\ณกส\vendor\codeigniter4\framework\system\View\View.php(228): CodeIgniter\Exceptions\FrameworkException::forInvalidFile('fn/edit_overdue...')
#1 C:\Users\kanoot\Desktop\ณกส\vendor\codeigniter4\framework\system\Common.php(1119): CodeIgniter\View\View->render('fn/edit_overdue', Array, true)
#2 C:\Users\kanoot\Desktop\ณกส\app\Controllers\Finance.php(697): view('fn/edit_overdue')
#3 C:\Users\kanoot\Desktop\ณกส\vendor\codeigniter4\framework\system\CodeIgniter.php(918): App\Controllers\Finance->edit_overdue('1')
#4 C:\Users\kanoot\Desktop\ณกส\vendor\codeigniter4\framework\system\CodeIgniter.php(404): CodeIgniter\CodeIgniter->runController(Object(App\Controllers\Finance))
#5 C:\Users\kanoot\Desktop\ณกส\vendor\codeigniter4\framework\system\CodeIgniter.php(312): CodeIgniter\CodeIgniter->handleRequest(NULL, Object(Config\Cache), false)
#6 C:\Users\kanoot\Desktop\ณกส\public\index.php(45): CodeIgniter\CodeIgniter->run()
#7 C:\Users\kanoot\Desktop\ณกส\vendor\codeigniter4\framework\system\Commands\Server\rewrite.php(34): require_once('C:\\Users\\kanoot...')
#8 {main}
CRITICAL - 2020-11-09 01:37:16 --> Invalid file: fn/edit_overdue.php
#0 C:\Users\kanoot\Desktop\ณกส\vendor\codeigniter4\framework\system\View\View.php(228): CodeIgniter\Exceptions\FrameworkException::forInvalidFile('fn/edit_overdue...')
#1 C:\Users\kanoot\Desktop\ณกส\vendor\codeigniter4\framework\system\Common.php(1119): CodeIgniter\View\View->render('fn/edit_overdue', Array, true)
#2 C:\Users\kanoot\Desktop\ณกส\app\Controllers\Finance.php(697): view('fn/edit_overdue')
#3 C:\Users\kanoot\Desktop\ณกส\vendor\codeigniter4\framework\system\CodeIgniter.php(918): App\Controllers\Finance->edit_overdue('1')
#4 C:\Users\kanoot\Desktop\ณกส\vendor\codeigniter4\framework\system\CodeIgniter.php(404): CodeIgniter\CodeIgniter->runController(Object(App\Controllers\Finance))
#5 C:\Users\kanoot\Desktop\ณกส\vendor\codeigniter4\framework\system\CodeIgniter.php(312): CodeIgniter\CodeIgniter->handleRequest(NULL, Object(Config\Cache), false)
#6 C:\Users\kanoot\Desktop\ณกส\public\index.php(45): CodeIgniter\CodeIgniter->run()
#7 C:\Users\kanoot\Desktop\ณกส\vendor\codeigniter4\framework\system\Commands\Server\rewrite.php(34): require_once('C:\\Users\\kanoot...')
#8 {main}
CRITICAL - 2020-11-09 01:44:00 --> Invalid file: fn/edit_billing.php
#0 C:\Users\kanoot\Desktop\ณกส\vendor\codeigniter4\framework\system\View\View.php(228): CodeIgniter\Exceptions\FrameworkException::forInvalidFile('fn/edit_billing...')
#1 C:\Users\kanoot\Desktop\ณกส\vendor\codeigniter4\framework\system\Common.php(1119): CodeIgniter\View\View->render('fn/edit_billing', Array, true)
#2 C:\Users\kanoot\Desktop\ณกส\app\Controllers\Finance.php(814): view('fn/edit_billing')
#3 C:\Users\kanoot\Desktop\ณกส\vendor\codeigniter4\framework\system\CodeIgniter.php(918): App\Controllers\Finance->edit_billing('1')
#4 C:\Users\kanoot\Desktop\ณกส\vendor\codeigniter4\framework\system\CodeIgniter.php(404): CodeIgniter\CodeIgniter->runController(Object(App\Controllers\Finance))
#5 C:\Users\kanoot\Desktop\ณกส\vendor\codeigniter4\framework\system\CodeIgniter.php(312): CodeIgniter\CodeIgniter->handleRequest(NULL, Object(Config\Cache), false)
#6 C:\Users\kanoot\Desktop\ณกส\public\index.php(45): CodeIgniter\CodeIgniter->run()
#7 C:\Users\kanoot\Desktop\ณกส\vendor\codeigniter4\framework\system\Commands\Server\rewrite.php(34): require_once('C:\\Users\\kanoot...')
#8 {main}
CRITICAL - 2020-11-09 01:48:21 --> Invalid file: fn/edit_payoffdebt.php
#0 C:\Users\kanoot\Desktop\ณกส\vendor\codeigniter4\framework\system\View\View.php(228): CodeIgniter\Exceptions\FrameworkException::forInvalidFile('fn/edit_payoffd...')
#1 C:\Users\kanoot\Desktop\ณกส\vendor\codeigniter4\framework\system\Common.php(1119): CodeIgniter\View\View->render('fn/edit_payoffd...', Array, true)
#2 C:\Users\kanoot\Desktop\ณกส\app\Controllers\Finance.php(927): view('fn/edit_payoffd...')
#3 C:\Users\kanoot\Desktop\ณกส\vendor\codeigniter4\framework\system\CodeIgniter.php(918): App\Controllers\Finance->edit_payoffdebt('1')
#4 C:\Users\kanoot\Desktop\ณกส\vendor\codeigniter4\framework\system\CodeIgniter.php(404): CodeIgniter\CodeIgniter->runController(Object(App\Controllers\Finance))
#5 C:\Users\kanoot\Desktop\ณกส\vendor\codeigniter4\framework\system\CodeIgniter.php(312): CodeIgniter\CodeIgniter->handleRequest(NULL, Object(Config\Cache), false)
#6 C:\Users\kanoot\Desktop\ณกส\public\index.php(45): CodeIgniter\CodeIgniter->run()
#7 C:\Users\kanoot\Desktop\ณกส\vendor\codeigniter4\framework\system\Commands\Server\rewrite.php(34): require_once('C:\\Users\\kanoot...')
#8 {main}
CRITICAL - 2020-11-09 01:54:09 --> Invalid file: fn/edit_payment.php
#0 C:\Users\kanoot\Desktop\ณกส\vendor\codeigniter4\framework\system\View\View.php(228): CodeIgniter\Exceptions\FrameworkException::forInvalidFile('fn/edit_payment...')
#1 C:\Users\kanoot\Desktop\ณกส\vendor\codeigniter4\framework\system\Common.php(1119): CodeIgniter\View\View->render('fn/edit_payment', Array, true)
#2 C:\Users\kanoot\Desktop\ณกส\app\Controllers\Finance.php(1040): view('fn/edit_payment')
#3 C:\Users\kanoot\Desktop\ณกส\vendor\codeigniter4\framework\system\CodeIgniter.php(918): App\Controllers\Finance->edit_payment('1')
#4 C:\Users\kanoot\Desktop\ณกส\vendor\codeigniter4\framework\system\CodeIgniter.php(404): CodeIgniter\CodeIgniter->runController(Object(App\Controllers\Finance))
#5 C:\Users\kanoot\Desktop\ณกส\vendor\codeigniter4\framework\system\CodeIgniter.php(312): CodeIgniter\CodeIgniter->handleRequest(NULL, Object(Config\Cache), false)
#6 C:\Users\kanoot\Desktop\ณกส\public\index.php(45): CodeIgniter\CodeIgniter->run()
#7 C:\Users\kanoot\Desktop\ณกส\vendor\codeigniter4\framework\system\Commands\Server\rewrite.php(34): require_once('C:\\Users\\kanoot...')
#8 {main}
CRITICAL - 2020-11-09 01:54:17 --> Invalid file: fn/edit_payment.php
#0 C:\Users\kanoot\Desktop\ณกส\vendor\codeigniter4\framework\system\View\View.php(228): CodeIgniter\Exceptions\FrameworkException::forInvalidFile('fn/edit_payment...')
#1 C:\Users\kanoot\Desktop\ณกส\vendor\codeigniter4\framework\system\Common.php(1119): CodeIgniter\View\View->render('fn/edit_payment', Array, true)
#2 C:\Users\kanoot\Desktop\ณกส\app\Controllers\Finance.php(1040): view('fn/edit_payment')
#3 C:\Users\kanoot\Desktop\ณกส\vendor\codeigniter4\framework\system\CodeIgniter.php(918): App\Controllers\Finance->edit_payment('1')
#4 C:\Users\kanoot\Desktop\ณกส\vendor\codeigniter4\framework\system\CodeIgniter.php(404): CodeIgniter\CodeIgniter->runController(Object(App\Controllers\Finance))
#5 C:\Users\kanoot\Desktop\ณกส\vendor\codeigniter4\framework\system\CodeIgniter.php(312): CodeIgniter\CodeIgniter->handleRequest(NULL, Object(Config\Cache), false)
#6 C:\Users\kanoot\Desktop\ณกส\public\index.php(45): CodeIgniter\CodeIgniter->run()
#7 C:\Users\kanoot\Desktop\ณกส\vendor\codeigniter4\framework\system\Commands\Server\rewrite.php(34): require_once('C:\\Users\\kanoot...')
#8 {main}
CRITICAL - 2020-11-09 01:54:37 --> Invalid file: fn/edit_payment.php
#0 C:\Users\kanoot\Desktop\ณกส\vendor\codeigniter4\framework\system\View\View.php(228): CodeIgniter\Exceptions\FrameworkException::forInvalidFile('fn/edit_payment...')
#1 C:\Users\kanoot\Desktop\ณกส\vendor\codeigniter4\framework\system\Common.php(1119): CodeIgniter\View\View->render('fn/edit_payment', Array, true)
#2 C:\Users\kanoot\Desktop\ณกส\app\Controllers\Finance.php(1041): view('fn/edit_payment')
#3 C:\Users\kanoot\Desktop\ณกส\vendor\codeigniter4\framework\system\CodeIgniter.php(918): App\Controllers\Finance->edit_payment('1')
#4 C:\Users\kanoot\Desktop\ณกส\vendor\codeigniter4\framework\system\CodeIgniter.php(404): CodeIgniter\CodeIgniter->runController(Object(App\Controllers\Finance))
#5 C:\Users\kanoot\Desktop\ณกส\vendor\codeigniter4\framework\system\CodeIgniter.php(312): CodeIgniter\CodeIgniter->handleRequest(NULL, Object(Config\Cache), false)
#6 C:\Users\kanoot\Desktop\ณกส\public\index.php(45): CodeIgniter\CodeIgniter->run()
#7 C:\Users\kanoot\Desktop\ณกส\vendor\codeigniter4\framework\system\Commands\Server\rewrite.php(34): require_once('C:\\Users\\kanoot...')
#8 {main}
CRITICAL - 2020-11-09 01:58:24 --> Invalid file: fn/edit_check.php
#0 C:\Users\kanoot\Desktop\ณกส\vendor\codeigniter4\framework\system\View\View.php(228): CodeIgniter\Exceptions\FrameworkException::forInvalidFile('fn/edit_check.p...')
#1 C:\Users\kanoot\Desktop\ณกส\vendor\codeigniter4\framework\system\Common.php(1119): CodeIgniter\View\View->render('fn/edit_check', Array, true)
#2 C:\Users\kanoot\Desktop\ณกส\app\Controllers\Finance.php(1147): view('fn/edit_check')
#3 C:\Users\kanoot\Desktop\ณกส\vendor\codeigniter4\framework\system\CodeIgniter.php(918): App\Controllers\Finance->edit_check('1')
#4 C:\Users\kanoot\Desktop\ณกส\vendor\codeigniter4\framework\system\CodeIgniter.php(404): CodeIgniter\CodeIgniter->runController(Object(App\Controllers\Finance))
#5 C:\Users\kanoot\Desktop\ณกส\vendor\codeigniter4\framework\system\CodeIgniter.php(312): CodeIgniter\CodeIgniter->handleRequest(NULL, Object(Config\Cache), false)
#6 C:\Users\kanoot\Desktop\ณกส\public\index.php(45): CodeIgniter\CodeIgniter->run()
#7 C:\Users\kanoot\Desktop\ณกส\vendor\codeigniter4\framework\system\Commands\Server\rewrite.php(34): require_once('C:\\Users\\kanoot...')
#8 {main}
CRITICAL - 2020-11-09 02:05:33 --> Invalid file: fn/edit_pettycash.php
#0 C:\Users\kanoot\Desktop\ณกส\vendor\codeigniter4\framework\system\View\View.php(228): CodeIgniter\Exceptions\FrameworkException::forInvalidFile('fn/edit_pettyca...')
#1 C:\Users\kanoot\Desktop\ณกส\vendor\codeigniter4\framework\system\Common.php(1119): CodeIgniter\View\View->render('fn/edit_pettyca...', Array, true)
#2 C:\Users\kanoot\Desktop\ณกส\app\Controllers\Finance.php(1253): view('fn/edit_pettyca...')
#3 C:\Users\kanoot\Desktop\ณกส\vendor\codeigniter4\framework\system\CodeIgniter.php(918): App\Controllers\Finance->edit_pettycash('1')
#4 C:\Users\kanoot\Desktop\ณกส\vendor\codeigniter4\framework\system\CodeIgniter.php(404): CodeIgniter\CodeIgniter->runController(Object(App\Controllers\Finance))
#5 C:\Users\kanoot\Desktop\ณกส\vendor\codeigniter4\framework\system\CodeIgniter.php(312): CodeIgniter\CodeIgniter->handleRequest(NULL, Object(Config\Cache), false)
#6 C:\Users\kanoot\Desktop\ณกส\public\index.php(45): CodeIgniter\CodeIgniter->run()
#7 C:\Users\kanoot\Desktop\ณกส\vendor\codeigniter4\framework\system\Commands\Server\rewrite.php(34): require_once('C:\\Users\\kanoot...')
#8 {main}
CRITICAL - 2020-11-09 02:09:20 --> Invalid file: fn/edit_checkpay.php
#0 C:\Users\kanoot\Desktop\ณกส\vendor\codeigniter4\framework\system\View\View.php(228): CodeIgniter\Exceptions\FrameworkException::forInvalidFile('fn/edit_checkpa...')
#1 C:\Users\kanoot\Desktop\ณกส\vendor\codeigniter4\framework\system\Common.php(1119): CodeIgniter\View\View->render('fn/edit_checkpa...', Array, true)
#2 C:\Users\kanoot\Desktop\ณกส\app\Controllers\Finance.php(1368): view('fn/edit_checkpa...')
#3 C:\Users\kanoot\Desktop\ณกส\vendor\codeigniter4\framework\system\CodeIgniter.php(918): App\Controllers\Finance->edit_checkpay('1')
#4 C:\Users\kanoot\Desktop\ณกส\vendor\codeigniter4\framework\system\CodeIgniter.php(404): CodeIgniter\CodeIgniter->runController(Object(App\Controllers\Finance))
#5 C:\Users\kanoot\Desktop\ณกส\vendor\codeigniter4\framework\system\CodeIgniter.php(312): CodeIgniter\CodeIgniter->handleRequest(NULL, Object(Config\Cache), false)
#6 C:\Users\kanoot\Desktop\ณกส\public\index.php(45): CodeIgniter\CodeIgniter->run()
#7 C:\Users\kanoot\Desktop\ณกส\vendor\codeigniter4\framework\system\Commands\Server\rewrite.php(34): require_once('C:\\Users\\kanoot...')
#8 {main}
CRITICAL - 2020-11-09 02:13:24 --> Invalid file: fn/edit_transfer.php
#0 C:\Users\kanoot\Desktop\ณกส\vendor\codeigniter4\framework\system\View\View.php(228): CodeIgniter\Exceptions\FrameworkException::forInvalidFile('fn/edit_transfe...')
#1 C:\Users\kanoot\Desktop\ณกส\vendor\codeigniter4\framework\system\Common.php(1119): CodeIgniter\View\View->render('fn/edit_transfe...', Array, true)
#2 C:\Users\kanoot\Desktop\ณกส\app\Controllers\Finance.php(1473): view('fn/edit_transfe...')
#3 C:\Users\kanoot\Desktop\ณกส\vendor\codeigniter4\framework\system\CodeIgniter.php(918): App\Controllers\Finance->edit_transfer('1')
#4 C:\Users\kanoot\Desktop\ณกส\vendor\codeigniter4\framework\system\CodeIgniter.php(404): CodeIgniter\CodeIgniter->runController(Object(App\Controllers\Finance))
#5 C:\Users\kanoot\Desktop\ณกส\vendor\codeigniter4\framework\system\CodeIgniter.php(312): CodeIgniter\CodeIgniter->handleRequest(NULL, Object(Config\Cache), false)
#6 C:\Users\kanoot\Desktop\ณกส\public\index.php(45): CodeIgniter\CodeIgniter->run()
#7 C:\Users\kanoot\Desktop\ณกส\vendor\codeigniter4\framework\system\Commands\Server\rewrite.php(34): require_once('C:\\Users\\kanoot...')
#8 {main}
CRITICAL - 2020-11-09 21:07:59 --> Invalid file: ac/edit_generaljournal.php
#0 C:\Users\kanoot\Desktop\ณกส\vendor\codeigniter4\framework\system\View\View.php(228): CodeIgniter\Exceptions\FrameworkException::forInvalidFile('ac/edit_general...')
#1 C:\Users\kanoot\Desktop\ณกส\vendor\codeigniter4\framework\system\Common.php(1119): CodeIgniter\View\View->render('ac/edit_general...', Array, true)
#2 C:\Users\kanoot\Desktop\ณกส\app\Controllers\Account.php(120): view('ac/edit_general...')
#3 C:\Users\kanoot\Desktop\ณกส\vendor\codeigniter4\framework\system\CodeIgniter.php(918): App\Controllers\Account->edit_generaljournal('8')
#4 C:\Users\kanoot\Desktop\ณกส\vendor\codeigniter4\framework\system\CodeIgniter.php(404): CodeIgniter\CodeIgniter->runController(Object(App\Controllers\Account))
#5 C:\Users\kanoot\Desktop\ณกส\vendor\codeigniter4\framework\system\CodeIgniter.php(312): CodeIgniter\CodeIgniter->handleRequest(NULL, Object(Config\Cache), false)
#6 C:\Users\kanoot\Desktop\ณกส\public\index.php(45): CodeIgniter\CodeIgniter->run()
#7 C:\Users\kanoot\Desktop\ณกส\vendor\codeigniter4\framework\system\Commands\Server\rewrite.php(34): require_once('C:\\Users\\kanoot...')
#8 {main}
CRITICAL - 2020-11-09 21:28:57 --> Invalid file: ac/edit_payjournal.php
#0 C:\Users\kanoot\Desktop\ณกส\vendor\codeigniter4\framework\system\View\View.php(228): CodeIgniter\Exceptions\FrameworkException::forInvalidFile('ac/edit_payjour...')
#1 C:\Users\kanoot\Desktop\ณกส\vendor\codeigniter4\framework\system\Common.php(1119): CodeIgniter\View\View->render('ac/edit_payjour...', Array, true)
#2 C:\Users\kanoot\Desktop\ณกส\app\Controllers\Account.php(224): view('ac/edit_payjour...')
#3 C:\Users\kanoot\Desktop\ณกส\vendor\codeigniter4\framework\system\CodeIgniter.php(918): App\Controllers\Account->edit_payjournal('1')
#4 C:\Users\kanoot\Desktop\ณกส\vendor\codeigniter4\framework\system\CodeIgniter.php(404): CodeIgniter\CodeIgniter->runController(Object(App\Controllers\Account))
#5 C:\Users\kanoot\Desktop\ณกส\vendor\codeigniter4\framework\system\CodeIgniter.php(312): CodeIgniter\CodeIgniter->handleRequest(NULL, Object(Config\Cache), false)
#6 C:\Users\kanoot\Desktop\ณกส\public\index.php(45): CodeIgniter\CodeIgniter->run()
#7 C:\Users\kanoot\Desktop\ณกส\vendor\codeigniter4\framework\system\Commands\Server\rewrite.php(34): require_once('C:\\Users\\kanoot...')
#8 {main}
CRITICAL - 2020-11-09 21:51:45 --> Cannot redeclare App\Controllers\Account::edit_salesjournal()
#0 [internal function]: CodeIgniter\Debug\Exceptions->shutdownHandler()
#1 {main}
CRITICAL - 2020-11-09 21:51:47 --> Cannot redeclare App\Controllers\Account::edit_salesjournal()
#0 [internal function]: CodeIgniter\Debug\Exceptions->shutdownHandler()
#1 {main}
CRITICAL - 2020-11-09 21:55:21 --> Invalid file: ac/edit_purchasejournal.php
#0 C:\Users\kanoot\Desktop\ณกส\vendor\codeigniter4\framework\system\View\View.php(228): CodeIgniter\Exceptions\FrameworkException::forInvalidFile('ac/edit_purchas...')
#1 C:\Users\kanoot\Desktop\ณกส\vendor\codeigniter4\framework\system\Common.php(1119): CodeIgniter\View\View->render('ac/edit_purchas...', Array, true)
#2 C:\Users\kanoot\Desktop\ณกส\app\Controllers\Account.php(533): view('ac/edit_purchas...')
#3 C:\Users\kanoot\Desktop\ณกส\vendor\codeigniter4\framework\system\CodeIgniter.php(918): App\Controllers\Account->edit_purchasejournal('1')
#4 C:\Users\kanoot\Desktop\ณกส\vendor\codeigniter4\framework\system\CodeIgniter.php(404): CodeIgniter\CodeIgniter->runController(Object(App\Controllers\Account))
#5 C:\Users\kanoot\Desktop\ณกส\vendor\codeigniter4\framework\system\CodeIgniter.php(312): CodeIgniter\CodeIgniter->handleRequest(NULL, Object(Config\Cache), false)
#6 C:\Users\kanoot\Desktop\ณกส\public\index.php(45): CodeIgniter\CodeIgniter->run()
#7 C:\Users\kanoot\Desktop\ณกส\vendor\codeigniter4\framework\system\Commands\Server\rewrite.php(34): require_once('C:\\Users\\kanoot...')
#8 {main}
CRITICAL - 2020-11-09 22:31:54 --> Invalid file: ac/edit_creditor.php
#0 C:\Users\kanoot\Desktop\ณกส\vendor\codeigniter4\framework\system\View\View.php(228): CodeIgniter\Exceptions\FrameworkException::forInvalidFile('ac/edit_credito...')
#1 C:\Users\kanoot\Desktop\ณกส\vendor\codeigniter4\framework\system\Common.php(1119): CodeIgniter\View\View->render('ac/edit_credito...', Array, true)
#2 C:\Users\kanoot\Desktop\ณกส\app\Controllers\Account.php(667): view('ac/edit_credito...')
#3 C:\Users\kanoot\Desktop\ณกส\vendor\codeigniter4\framework\system\CodeIgniter.php(918): App\Controllers\Account->edit_creditor('1')
#4 C:\Users\kanoot\Desktop\ณกส\vendor\codeigniter4\framework\system\CodeIgniter.php(404): CodeIgniter\CodeIgniter->runController(Object(App\Controllers\Account))
#5 C:\Users\kanoot\Desktop\ณกส\vendor\codeigniter4\framework\system\CodeIgniter.php(312): CodeIgniter\CodeIgniter->handleRequest(NULL, Object(Config\Cache), false)
#6 C:\Users\kanoot\Desktop\ณกส\public\index.php(45): CodeIgniter\CodeIgniter->run()
#7 C:\Users\kanoot\Desktop\ณกส\vendor\codeigniter4\framework\system\Commands\Server\rewrite.php(34): require_once('C:\\Users\\kanoot...')
#8 {main}
CRITICAL - 2020-11-09 22:33:19 --> Too few arguments to function App\Models\account_model::editCreditor(), 1 passed in C:\Users\kanoot\Desktop\ณกส\app\Controllers\Account.php on line 660 and exactly 2 expected
#0 C:\Users\kanoot\Desktop\ณกส\app\Controllers\Account.php(660): App\Models\account_model->editCreditor(Array)
#1 C:\Users\kanoot\Desktop\ณกส\vendor\codeigniter4\framework\system\CodeIgniter.php(918): App\Controllers\Account->edit_creditor('1')
#2 C:\Users\kanoot\Desktop\ณกส\vendor\codeigniter4\framework\system\CodeIgniter.php(404): CodeIgniter\CodeIgniter->runController(Object(App\Controllers\Account))
#3 C:\Users\kanoot\Desktop\ณกส\vendor\codeigniter4\framework\system\CodeIgniter.php(312): CodeIgniter\CodeIgniter->handleRequest(NULL, Object(Config\Cache), false)
#4 C:\Users\kanoot\Desktop\ณกส\public\index.php(45): CodeIgniter\CodeIgniter->run()
#5 C:\Users\kanoot\Desktop\ณกส\vendor\codeigniter4\framework\system\Commands\Server\rewrite.php(34): require_once('C:\\Users\\kanoot...')
#6 {main}
CRITICAL - 2020-11-09 22:36:57 --> Invalid file: ac/edit_debtor.php
#0 C:\Users\kanoot\Desktop\ณกส\vendor\codeigniter4\framework\system\View\View.php(228): CodeIgniter\Exceptions\FrameworkException::forInvalidFile('ac/edit_debtor....')
#1 C:\Users\kanoot\Desktop\ณกส\vendor\codeigniter4\framework\system\Common.php(1119): CodeIgniter\View\View->render('ac/edit_debtor', Array, true)
#2 C:\Users\kanoot\Desktop\ณกส\app\Controllers\Account.php(801): view('ac/edit_debtor')
#3 C:\Users\kanoot\Desktop\ณกส\vendor\codeigniter4\framework\system\CodeIgniter.php(918): App\Controllers\Account->edit_debtor('1')
#4 C:\Users\kanoot\Desktop\ณกส\vendor\codeigniter4\framework\system\CodeIgniter.php(404): CodeIgniter\CodeIgniter->runController(Object(App\Controllers\Account))
#5 C:\Users\kanoot\Desktop\ณกส\vendor\codeigniter4\framework\system\CodeIgniter.php(312): CodeIgniter\CodeIgniter->handleRequest(NULL, Object(Config\Cache), false)
#6 C:\Users\kanoot\Desktop\ณกส\public\index.php(45): CodeIgniter\CodeIgniter->run()
#7 C:\Users\kanoot\Desktop\ณกส\vendor\codeigniter4\framework\system\Commands\Server\rewrite.php(34): require_once('C:\\Users\\kanoot...')
#8 {main}
CRITICAL - 2020-11-09 23:22:17 --> Cannot redeclare App\Controllers\Finance::delete_receiving_money()
#0 [internal function]: CodeIgniter\Debug\Exceptions->shutdownHandler()
#1 {main}
CRITICAL - 2020-11-09 23:40:08 --> Cannot redeclare App\Controllers\Account::delete_generaljournal()
#0 [internal function]: CodeIgniter\Debug\Exceptions->shutdownHandler()
#1 {main}
