CRITICAL - 2021-01-13 09:37:41 --> Invalid file: st/view_tax_rate.php
#0 /var/www/html/vendor/codeigniter4/framework/system/View/View.php(228): CodeIgniter\Exceptions\FrameworkException::forInvalidFile('st/view_tax_rat...')
#1 /var/www/html/vendor/codeigniter4/framework/system/Common.php(1119): CodeIgniter\View\View->render('st/view_tax_rat...', Array, true)
#2 /var/www/html/app/Controllers/Setting.php(134): view('st/view_tax_rat...')
#3 /var/www/html/vendor/codeigniter4/framework/system/CodeIgniter.php(918): App\Controllers\Setting->view_tax_rate('2')
#4 /var/www/html/vendor/codeigniter4/framework/system/CodeIgniter.php(404): CodeIgniter\CodeIgniter->runController(Object(App\Controllers\Setting))
#5 /var/www/html/vendor/codeigniter4/framework/system/CodeIgniter.php(312): CodeIgniter\CodeIgniter->handleRequest(NULL, Object(Config\Cache), false)
#6 /var/www/html/public/index.php(45): CodeIgniter\CodeIgniter->run()
#7 {main}
CRITICAL - 2021-01-13 09:37:59 --> Invalid file: st/view_tax_rate.php
#0 /var/www/html/vendor/codeigniter4/framework/system/View/View.php(228): CodeIgniter\Exceptions\FrameworkException::forInvalidFile('st/view_tax_rat...')
#1 /var/www/html/vendor/codeigniter4/framework/system/Common.php(1119): CodeIgniter\View\View->render('st/view_tax_rat...', Array, true)
#2 /var/www/html/app/Controllers/Setting.php(134): view('st/view_tax_rat...')
#3 /var/www/html/vendor/codeigniter4/framework/system/CodeIgniter.php(918): App\Controllers\Setting->view_tax_rate('2')
#4 /var/www/html/vendor/codeigniter4/framework/system/CodeIgniter.php(404): CodeIgniter\CodeIgniter->runController(Object(App\Controllers\Setting))
#5 /var/www/html/vendor/codeigniter4/framework/system/CodeIgniter.php(312): CodeIgniter\CodeIgniter->handleRequest(NULL, Object(Config\Cache), false)
#6 /var/www/html/public/index.php(45): CodeIgniter\CodeIgniter->run()
#7 {main}
CRITICAL - 2021-01-13 09:38:00 --> Invalid file: st/view_tax_rate.php
#0 /var/www/html/vendor/codeigniter4/framework/system/View/View.php(228): CodeIgniter\Exceptions\FrameworkException::forInvalidFile('st/view_tax_rat...')
#1 /var/www/html/vendor/codeigniter4/framework/system/Common.php(1119): CodeIgniter\View\View->render('st/view_tax_rat...', Array, true)
#2 /var/www/html/app/Controllers/Setting.php(134): view('st/view_tax_rat...')
#3 /var/www/html/vendor/codeigniter4/framework/system/CodeIgniter.php(918): App\Controllers\Setting->view_tax_rate('2')
#4 /var/www/html/vendor/codeigniter4/framework/system/CodeIgniter.php(404): CodeIgniter\CodeIgniter->runController(Object(App\Controllers\Setting))
#5 /var/www/html/vendor/codeigniter4/framework/system/CodeIgniter.php(312): CodeIgniter\CodeIgniter->handleRequest(NULL, Object(Config\Cache), false)
#6 /var/www/html/public/index.php(45): CodeIgniter\CodeIgniter->run()
#7 {main}
CRITICAL - 2021-01-13 09:38:01 --> Invalid file: st/view_tax_rate.php
#0 /var/www/html/vendor/codeigniter4/framework/system/View/View.php(228): CodeIgniter\Exceptions\FrameworkException::forInvalidFile('st/view_tax_rat...')
#1 /var/www/html/vendor/codeigniter4/framework/system/Common.php(1119): CodeIgniter\View\View->render('st/view_tax_rat...', Array, true)
#2 /var/www/html/app/Controllers/Setting.php(134): view('st/view_tax_rat...')
#3 /var/www/html/vendor/codeigniter4/framework/system/CodeIgniter.php(918): App\Controllers\Setting->view_tax_rate('2')
#4 /var/www/html/vendor/codeigniter4/framework/system/CodeIgniter.php(404): CodeIgniter\CodeIgniter->runController(Object(App\Controllers\Setting))
#5 /var/www/html/vendor/codeigniter4/framework/system/CodeIgniter.php(312): CodeIgniter\CodeIgniter->handleRequest(NULL, Object(Config\Cache), false)
#6 /var/www/html/public/index.php(45): CodeIgniter\CodeIgniter->run()
#7 {main}
CRITICAL - 2021-01-13 09:39:33 --> Call to undefined function thaidate()
#0 /var/www/html/vendor/codeigniter4/framework/system/View/View.php(246): include()
#1 /var/www/html/vendor/codeigniter4/framework/system/Common.php(1119): CodeIgniter\View\View->render('st/view_tax_rat...', Array, true)
#2 /var/www/html/app/Controllers/Setting.php(134): view('st/view_tax_rat...')
#3 /var/www/html/vendor/codeigniter4/framework/system/CodeIgniter.php(918): App\Controllers\Setting->view_tax_rate('2')
#4 /var/www/html/vendor/codeigniter4/framework/system/CodeIgniter.php(404): CodeIgniter\CodeIgniter->runController(Object(App\Controllers\Setting))
#5 /var/www/html/vendor/codeigniter4/framework/system/CodeIgniter.php(312): CodeIgniter\CodeIgniter->handleRequest(NULL, Object(Config\Cache), false)
#6 /var/www/html/public/index.php(45): CodeIgniter\CodeIgniter->run()
#7 {main}
CRITICAL - 2021-01-13 09:39:42 --> Invalid argument supplied for foreach()
#0 /var/www/html/app/Views/st/view_tax_rate.php(4): CodeIgniter\Debug\Exceptions->errorHandler(2, 'Invalid argumen...', '/var/www/html/a...', 4, Array)
#1 /var/www/html/vendor/codeigniter4/framework/system/View/View.php(246): include('/var/www/html/a...')
#2 /var/www/html/vendor/codeigniter4/framework/system/Common.php(1119): CodeIgniter\View\View->render('st/view_tax_rat...', Array, true)
#3 /var/www/html/app/Controllers/Setting.php(134): view('st/view_tax_rat...')
#4 /var/www/html/vendor/codeigniter4/framework/system/CodeIgniter.php(918): App\Controllers\Setting->view_tax_rate('2')
#5 /var/www/html/vendor/codeigniter4/framework/system/CodeIgniter.php(404): CodeIgniter\CodeIgniter->runController(Object(App\Controllers\Setting))
#6 /var/www/html/vendor/codeigniter4/framework/system/CodeIgniter.php(312): CodeIgniter\CodeIgniter->handleRequest(NULL, Object(Config\Cache), false)
#7 /var/www/html/public/index.php(45): CodeIgniter\CodeIgniter->run()
#8 {main}
CRITICAL - 2021-01-13 09:39:43 --> Invalid argument supplied for foreach()
#0 /var/www/html/app/Views/st/view_tax_rate.php(4): CodeIgniter\Debug\Exceptions->errorHandler(2, 'Invalid argumen...', '/var/www/html/a...', 4, Array)
#1 /var/www/html/vendor/codeigniter4/framework/system/View/View.php(246): include('/var/www/html/a...')
#2 /var/www/html/vendor/codeigniter4/framework/system/Common.php(1119): CodeIgniter\View\View->render('st/view_tax_rat...', Array, true)
#3 /var/www/html/app/Controllers/Setting.php(134): view('st/view_tax_rat...')
#4 /var/www/html/vendor/codeigniter4/framework/system/CodeIgniter.php(918): App\Controllers\Setting->view_tax_rate('2')
#5 /var/www/html/vendor/codeigniter4/framework/system/CodeIgniter.php(404): CodeIgniter\CodeIgniter->runController(Object(App\Controllers\Setting))
#6 /var/www/html/vendor/codeigniter4/framework/system/CodeIgniter.php(312): CodeIgniter\CodeIgniter->handleRequest(NULL, Object(Config\Cache), false)
#7 /var/www/html/public/index.php(45): CodeIgniter\CodeIgniter->run()
#8 {main}
CRITICAL - 2021-01-13 09:39:44 --> Invalid argument supplied for foreach()
#0 /var/www/html/app/Views/st/view_tax_rate.php(4): CodeIgniter\Debug\Exceptions->errorHandler(2, 'Invalid argumen...', '/var/www/html/a...', 4, Array)
#1 /var/www/html/vendor/codeigniter4/framework/system/View/View.php(246): include('/var/www/html/a...')
#2 /var/www/html/vendor/codeigniter4/framework/system/Common.php(1119): CodeIgniter\View\View->render('st/view_tax_rat...', Array, true)
#3 /var/www/html/app/Controllers/Setting.php(134): view('st/view_tax_rat...')
#4 /var/www/html/vendor/codeigniter4/framework/system/CodeIgniter.php(918): App\Controllers\Setting->view_tax_rate('2')
#5 /var/www/html/vendor/codeigniter4/framework/system/CodeIgniter.php(404): CodeIgniter\CodeIgniter->runController(Object(App\Controllers\Setting))
#6 /var/www/html/vendor/codeigniter4/framework/system/CodeIgniter.php(312): CodeIgniter\CodeIgniter->handleRequest(NULL, Object(Config\Cache), false)
#7 /var/www/html/public/index.php(45): CodeIgniter\CodeIgniter->run()
#8 {main}
CRITICAL - 2021-01-13 09:39:44 --> Invalid argument supplied for foreach()
#0 /var/www/html/app/Views/st/view_tax_rate.php(4): CodeIgniter\Debug\Exceptions->errorHandler(2, 'Invalid argumen...', '/var/www/html/a...', 4, Array)
#1 /var/www/html/vendor/codeigniter4/framework/system/View/View.php(246): include('/var/www/html/a...')
#2 /var/www/html/vendor/codeigniter4/framework/system/Common.php(1119): CodeIgniter\View\View->render('st/view_tax_rat...', Array, true)
#3 /var/www/html/app/Controllers/Setting.php(134): view('st/view_tax_rat...')
#4 /var/www/html/vendor/codeigniter4/framework/system/CodeIgniter.php(918): App\Controllers\Setting->view_tax_rate('2')
#5 /var/www/html/vendor/codeigniter4/framework/system/CodeIgniter.php(404): CodeIgniter\CodeIgniter->runController(Object(App\Controllers\Setting))
#6 /var/www/html/vendor/codeigniter4/framework/system/CodeIgniter.php(312): CodeIgniter\CodeIgniter->handleRequest(NULL, Object(Config\Cache), false)
#7 /var/www/html/public/index.php(45): CodeIgniter\CodeIgniter->run()
#8 {main}
CRITICAL - 2021-01-13 09:39:44 --> Invalid argument supplied for foreach()
#0 /var/www/html/app/Views/st/view_tax_rate.php(4): CodeIgniter\Debug\Exceptions->errorHandler(2, 'Invalid argumen...', '/var/www/html/a...', 4, Array)
#1 /var/www/html/vendor/codeigniter4/framework/system/View/View.php(246): include('/var/www/html/a...')
#2 /var/www/html/vendor/codeigniter4/framework/system/Common.php(1119): CodeIgniter\View\View->render('st/view_tax_rat...', Array, true)
#3 /var/www/html/app/Controllers/Setting.php(134): view('st/view_tax_rat...')
#4 /var/www/html/vendor/codeigniter4/framework/system/CodeIgniter.php(918): App\Controllers\Setting->view_tax_rate('2')
#5 /var/www/html/vendor/codeigniter4/framework/system/CodeIgniter.php(404): CodeIgniter\CodeIgniter->runController(Object(App\Controllers\Setting))
#6 /var/www/html/vendor/codeigniter4/framework/system/CodeIgniter.php(312): CodeIgniter\CodeIgniter->handleRequest(NULL, Object(Config\Cache), false)
#7 /var/www/html/public/index.php(45): CodeIgniter\CodeIgniter->run()
#8 {main}
CRITICAL - 2021-01-13 09:39:50 --> Invalid argument supplied for foreach()
#0 /var/www/html/app/Views/st/view_tax_rate.php(4): CodeIgniter\Debug\Exceptions->errorHandler(2, 'Invalid argumen...', '/var/www/html/a...', 4, Array)
#1 /var/www/html/vendor/codeigniter4/framework/system/View/View.php(246): include('/var/www/html/a...')
#2 /var/www/html/vendor/codeigniter4/framework/system/Common.php(1119): CodeIgniter\View\View->render('st/view_tax_rat...', Array, true)
#3 /var/www/html/app/Controllers/Setting.php(134): view('st/view_tax_rat...')
#4 /var/www/html/vendor/codeigniter4/framework/system/CodeIgniter.php(918): App\Controllers\Setting->view_tax_rate('2')
#5 /var/www/html/vendor/codeigniter4/framework/system/CodeIgniter.php(404): CodeIgniter\CodeIgniter->runController(Object(App\Controllers\Setting))
#6 /var/www/html/vendor/codeigniter4/framework/system/CodeIgniter.php(312): CodeIgniter\CodeIgniter->handleRequest(NULL, Object(Config\Cache), false)
#7 /var/www/html/public/index.php(45): CodeIgniter\CodeIgniter->run()
#8 {main}
CRITICAL - 2021-01-13 10:15:05 --> Invalid file: st/view_unit.php
#0 /var/www/html/vendor/codeigniter4/framework/system/View/View.php(228): CodeIgniter\Exceptions\FrameworkException::forInvalidFile('st/view_unit.ph...')
#1 /var/www/html/vendor/codeigniter4/framework/system/Common.php(1119): CodeIgniter\View\View->render('st/view_unit', Array, true)
#2 /var/www/html/app/Controllers/Setting.php(210): view('st/view_unit')
#3 /var/www/html/vendor/codeigniter4/framework/system/CodeIgniter.php(918): App\Controllers\Setting->view_unit('3')
#4 /var/www/html/vendor/codeigniter4/framework/system/CodeIgniter.php(404): CodeIgniter\CodeIgniter->runController(Object(App\Controllers\Setting))
#5 /var/www/html/vendor/codeigniter4/framework/system/CodeIgniter.php(312): CodeIgniter\CodeIgniter->handleRequest(NULL, Object(Config\Cache), false)
#6 /var/www/html/public/index.php(45): CodeIgniter\CodeIgniter->run()
#7 {main}
CRITICAL - 2021-01-13 10:48:05 --> Invalid file: st/category.php
#0 /var/www/html/vendor/codeigniter4/framework/system/View/View.php(228): CodeIgniter\Exceptions\FrameworkException::forInvalidFile('st/category.php')
#1 /var/www/html/vendor/codeigniter4/framework/system/Common.php(1119): CodeIgniter\View\View->render('st/category', Array, true)
#2 /var/www/html/app/Controllers/Setting.php(241): view('st/category')
#3 /var/www/html/vendor/codeigniter4/framework/system/CodeIgniter.php(918): App\Controllers\Setting->category()
#4 /var/www/html/vendor/codeigniter4/framework/system/CodeIgniter.php(404): CodeIgniter\CodeIgniter->runController(Object(App\Controllers\Setting))
#5 /var/www/html/vendor/codeigniter4/framework/system/CodeIgniter.php(312): CodeIgniter\CodeIgniter->handleRequest(NULL, Object(Config\Cache), false)
#6 /var/www/html/public/index.php(45): CodeIgniter\CodeIgniter->run()
#7 {main}
CRITICAL - 2021-01-13 11:01:06 --> Invalid file: st/edit_category.php
#0 /var/www/html/vendor/codeigniter4/framework/system/View/View.php(228): CodeIgniter\Exceptions\FrameworkException::forInvalidFile('st/edit_categor...')
#1 /var/www/html/vendor/codeigniter4/framework/system/Common.php(1119): CodeIgniter\View\View->render('st/edit_categor...', Array, true)
#2 /var/www/html/app/Controllers/Setting.php(275): view('st/edit_categor...')
#3 /var/www/html/vendor/codeigniter4/framework/system/CodeIgniter.php(918): App\Controllers\Setting->edit_category('1')
#4 /var/www/html/vendor/codeigniter4/framework/system/CodeIgniter.php(404): CodeIgniter\CodeIgniter->runController(Object(App\Controllers\Setting))
#5 /var/www/html/vendor/codeigniter4/framework/system/CodeIgniter.php(312): CodeIgniter\CodeIgniter->handleRequest(NULL, Object(Config\Cache), false)
#6 /var/www/html/public/index.php(45): CodeIgniter\CodeIgniter->run()
#7 {main}
CRITICAL - 2021-01-13 11:03:21 --> Cannot redeclare App\Controllers\Setting::delete_unit()
#0 [internal function]: CodeIgniter\Debug\Exceptions->shutdownHandler()
#1 {main}
CRITICAL - 2021-01-13 11:03:25 --> Cannot redeclare App\Controllers\Setting::delete_unit()
#0 [internal function]: CodeIgniter\Debug\Exceptions->shutdownHandler()
#1 {main}
CRITICAL - 2021-01-13 11:03:28 --> Cannot redeclare App\Controllers\Setting::delete_unit()
#0 [internal function]: CodeIgniter\Debug\Exceptions->shutdownHandler()
#1 {main}
CRITICAL - 2021-01-13 11:03:30 --> Cannot redeclare App\Controllers\Setting::delete_unit()
#0 [internal function]: CodeIgniter\Debug\Exceptions->shutdownHandler()
#1 {main}
CRITICAL - 2021-01-13 11:03:32 --> Cannot redeclare App\Controllers\Setting::delete_unit()
#0 [internal function]: CodeIgniter\Debug\Exceptions->shutdownHandler()
#1 {main}
CRITICAL - 2021-01-13 11:03:33 --> Cannot redeclare App\Controllers\Setting::delete_unit()
#0 [internal function]: CodeIgniter\Debug\Exceptions->shutdownHandler()
#1 {main}
CRITICAL - 2021-01-13 11:03:33 --> Cannot redeclare App\Controllers\Setting::delete_unit()
#0 [internal function]: CodeIgniter\Debug\Exceptions->shutdownHandler()
#1 {main}
CRITICAL - 2021-01-13 11:03:34 --> Cannot redeclare App\Controllers\Setting::delete_unit()
#0 [internal function]: CodeIgniter\Debug\Exceptions->shutdownHandler()
#1 {main}
CRITICAL - 2021-01-13 11:03:34 --> Cannot redeclare App\Controllers\Setting::delete_unit()
#0 [internal function]: CodeIgniter\Debug\Exceptions->shutdownHandler()
#1 {main}
CRITICAL - 2021-01-13 11:03:34 --> Cannot redeclare App\Controllers\Setting::delete_unit()
#0 [internal function]: CodeIgniter\Debug\Exceptions->shutdownHandler()
#1 {main}
CRITICAL - 2021-01-13 11:03:34 --> Cannot redeclare App\Controllers\Setting::delete_unit()
#0 [internal function]: CodeIgniter\Debug\Exceptions->shutdownHandler()
#1 {main}
CRITICAL - 2021-01-13 11:03:40 --> Cannot redeclare App\Controllers\Setting::delete_unit()
#0 [internal function]: CodeIgniter\Debug\Exceptions->shutdownHandler()
#1 {main}
CRITICAL - 2021-01-13 11:04:33 --> Invalid file: st/view_category.php
#0 /var/www/html/vendor/codeigniter4/framework/system/View/View.php(228): CodeIgniter\Exceptions\FrameworkException::forInvalidFile('st/view_categor...')
#1 /var/www/html/vendor/codeigniter4/framework/system/Common.php(1119): CodeIgniter\View\View->render('st/view_categor...', Array, true)
#2 /var/www/html/app/Controllers/Setting.php(298): view('st/view_categor...')
#3 /var/www/html/vendor/codeigniter4/framework/system/CodeIgniter.php(918): App\Controllers\Setting->view_category('1')
#4 /var/www/html/vendor/codeigniter4/framework/system/CodeIgniter.php(404): CodeIgniter\CodeIgniter->runController(Object(App\Controllers\Setting))
#5 /var/www/html/vendor/codeigniter4/framework/system/CodeIgniter.php(312): CodeIgniter\CodeIgniter->handleRequest(NULL, Object(Config\Cache), false)
#6 /var/www/html/public/index.php(45): CodeIgniter\CodeIgniter->run()
#7 {main}
CRITICAL - 2021-01-13 12:47:22 --> Invalid argument supplied for foreach()
#0 /var/www/html/app/Views/sp/product.php(34): CodeIgniter\Debug\Exceptions->errorHandler(2, 'Invalid argumen...', '/var/www/html/a...', 34, Array)
#1 /var/www/html/vendor/codeigniter4/framework/system/View/View.php(246): include('/var/www/html/a...')
#2 /var/www/html/vendor/codeigniter4/framework/system/Common.php(1119): CodeIgniter\View\View->render('sp/product', Array, true)
#3 /var/www/html/app/Controllers/Supplies.php(82): view('sp/product')
#4 /var/www/html/vendor/codeigniter4/framework/system/CodeIgniter.php(918): App\Controllers\Supplies->product()
#5 /var/www/html/vendor/codeigniter4/framework/system/CodeIgniter.php(404): CodeIgniter\CodeIgniter->runController(Object(App\Controllers\Supplies))
#6 /var/www/html/vendor/codeigniter4/framework/system/CodeIgniter.php(312): CodeIgniter\CodeIgniter->handleRequest(NULL, Object(Config\Cache), false)
#7 /var/www/html/public/index.php(45): CodeIgniter\CodeIgniter->run()
#8 {main}
CRITICAL - 2021-01-13 12:48:05 --> Invalid argument supplied for foreach()
#0 /var/www/html/app/Views/sp/product.php(34): CodeIgniter\Debug\Exceptions->errorHandler(2, 'Invalid argumen...', '/var/www/html/a...', 34, Array)
#1 /var/www/html/vendor/codeigniter4/framework/system/View/View.php(246): include('/var/www/html/a...')
#2 /var/www/html/vendor/codeigniter4/framework/system/Common.php(1119): CodeIgniter\View\View->render('sp/product', Array, true)
#3 /var/www/html/app/Controllers/Supplies.php(82): view('sp/product')
#4 /var/www/html/vendor/codeigniter4/framework/system/CodeIgniter.php(918): App\Controllers\Supplies->product()
#5 /var/www/html/vendor/codeigniter4/framework/system/CodeIgniter.php(404): CodeIgniter\CodeIgniter->runController(Object(App\Controllers\Supplies))
#6 /var/www/html/vendor/codeigniter4/framework/system/CodeIgniter.php(312): CodeIgniter\CodeIgniter->handleRequest(NULL, Object(Config\Cache), false)
#7 /var/www/html/public/index.php(45): CodeIgniter\CodeIgniter->run()
#8 {main}
CRITICAL - 2021-01-13 12:48:06 --> Invalid argument supplied for foreach()
#0 /var/www/html/app/Views/sp/product.php(34): CodeIgniter\Debug\Exceptions->errorHandler(2, 'Invalid argumen...', '/var/www/html/a...', 34, Array)
#1 /var/www/html/vendor/codeigniter4/framework/system/View/View.php(246): include('/var/www/html/a...')
#2 /var/www/html/vendor/codeigniter4/framework/system/Common.php(1119): CodeIgniter\View\View->render('sp/product', Array, true)
#3 /var/www/html/app/Controllers/Supplies.php(82): view('sp/product')
#4 /var/www/html/vendor/codeigniter4/framework/system/CodeIgniter.php(918): App\Controllers\Supplies->product()
#5 /var/www/html/vendor/codeigniter4/framework/system/CodeIgniter.php(404): CodeIgniter\CodeIgniter->runController(Object(App\Controllers\Supplies))
#6 /var/www/html/vendor/codeigniter4/framework/system/CodeIgniter.php(312): CodeIgniter\CodeIgniter->handleRequest(NULL, Object(Config\Cache), false)
#7 /var/www/html/public/index.php(45): CodeIgniter\CodeIgniter->run()
#8 {main}
CRITICAL - 2021-01-13 12:48:11 --> Invalid argument supplied for foreach()
#0 /var/www/html/app/Views/sp/product.php(34): CodeIgniter\Debug\Exceptions->errorHandler(2, 'Invalid argumen...', '/var/www/html/a...', 34, Array)
#1 /var/www/html/vendor/codeigniter4/framework/system/View/View.php(246): include('/var/www/html/a...')
#2 /var/www/html/vendor/codeigniter4/framework/system/Common.php(1119): CodeIgniter\View\View->render('sp/product', Array, true)
#3 /var/www/html/app/Controllers/Supplies.php(82): view('sp/product')
#4 /var/www/html/vendor/codeigniter4/framework/system/CodeIgniter.php(918): App\Controllers\Supplies->product()
#5 /var/www/html/vendor/codeigniter4/framework/system/CodeIgniter.php(404): CodeIgniter\CodeIgniter->runController(Object(App\Controllers\Supplies))
#6 /var/www/html/vendor/codeigniter4/framework/system/CodeIgniter.php(312): CodeIgniter\CodeIgniter->handleRequest(NULL, Object(Config\Cache), false)
#7 /var/www/html/public/index.php(45): CodeIgniter\CodeIgniter->run()
#8 {main}
CRITICAL - 2021-01-13 12:48:11 --> Invalid argument supplied for foreach()
#0 /var/www/html/app/Views/sp/product.php(34): CodeIgniter\Debug\Exceptions->errorHandler(2, 'Invalid argumen...', '/var/www/html/a...', 34, Array)
#1 /var/www/html/vendor/codeigniter4/framework/system/View/View.php(246): include('/var/www/html/a...')
#2 /var/www/html/vendor/codeigniter4/framework/system/Common.php(1119): CodeIgniter\View\View->render('sp/product', Array, true)
#3 /var/www/html/app/Controllers/Supplies.php(82): view('sp/product')
#4 /var/www/html/vendor/codeigniter4/framework/system/CodeIgniter.php(918): App\Controllers\Supplies->product()
#5 /var/www/html/vendor/codeigniter4/framework/system/CodeIgniter.php(404): CodeIgniter\CodeIgniter->runController(Object(App\Controllers\Supplies))
#6 /var/www/html/vendor/codeigniter4/framework/system/CodeIgniter.php(312): CodeIgniter\CodeIgniter->handleRequest(NULL, Object(Config\Cache), false)
#7 /var/www/html/public/index.php(45): CodeIgniter\CodeIgniter->run()
#8 {main}
CRITICAL - 2021-01-13 13:27:58 --> Invalid file: sp/view_supplies.php
#0 /var/www/html/vendor/codeigniter4/framework/system/View/View.php(228): CodeIgniter\Exceptions\FrameworkException::forInvalidFile('sp/view_supplie...')
#1 /var/www/html/vendor/codeigniter4/framework/system/Common.php(1119): CodeIgniter\View\View->render('sp/view_supplie...', Array, true)
#2 /var/www/html/app/Controllers/Supplies.php(230): view('sp/view_supplie...')
#3 /var/www/html/vendor/codeigniter4/framework/system/CodeIgniter.php(918): App\Controllers\Supplies->view_supplies('3')
#4 /var/www/html/vendor/codeigniter4/framework/system/CodeIgniter.php(404): CodeIgniter\CodeIgniter->runController(Object(App\Controllers\Supplies))
#5 /var/www/html/vendor/codeigniter4/framework/system/CodeIgniter.php(312): CodeIgniter\CodeIgniter->handleRequest(NULL, Object(Config\Cache), false)
#6 /var/www/html/public/index.php(45): CodeIgniter\CodeIgniter->run()
#7 {main}
CRITICAL - 2021-01-13 15:25:08 --> Invalid file: sp/list_check_stock.php
#0 /var/www/html/vendor/codeigniter4/framework/system/View/View.php(228): CodeIgniter\Exceptions\FrameworkException::forInvalidFile('sp/list_check_s...')
#1 /var/www/html/vendor/codeigniter4/framework/system/Common.php(1119): CodeIgniter\View\View->render('sp/list_check_s...', Array, true)
#2 /var/www/html/app/Controllers/Supplies.php(296): view('sp/list_check_s...')
#3 /var/www/html/vendor/codeigniter4/framework/system/CodeIgniter.php(918): App\Controllers\Supplies->list_check_stock()
#4 /var/www/html/vendor/codeigniter4/framework/system/CodeIgniter.php(404): CodeIgniter\CodeIgniter->runController(Object(App\Controllers\Supplies))
#5 /var/www/html/vendor/codeigniter4/framework/system/CodeIgniter.php(312): CodeIgniter\CodeIgniter->handleRequest(NULL, Object(Config\Cache), false)
#6 /var/www/html/public/index.php(45): CodeIgniter\CodeIgniter->run()
#7 {main}
CRITICAL - 2021-01-13 15:45:33 --> Invalid file: sp/check_stock.php
#0 /var/www/html/vendor/codeigniter4/framework/system/View/View.php(228): CodeIgniter\Exceptions\FrameworkException::forInvalidFile('sp/check_stock....')
#1 /var/www/html/vendor/codeigniter4/framework/system/Common.php(1119): CodeIgniter\View\View->render('sp/check_stock', Array, true)
#2 /var/www/html/app/Controllers/Supplies.php(320): view('sp/check_stock')
#3 /var/www/html/vendor/codeigniter4/framework/system/CodeIgniter.php(918): App\Controllers\Supplies->check_stock()
#4 /var/www/html/vendor/codeigniter4/framework/system/CodeIgniter.php(404): CodeIgniter\CodeIgniter->runController(Object(App\Controllers\Supplies))
#5 /var/www/html/vendor/codeigniter4/framework/system/CodeIgniter.php(312): CodeIgniter\CodeIgniter->handleRequest(NULL, Object(Config\Cache), false)
#6 /var/www/html/public/index.php(45): CodeIgniter\CodeIgniter->run()
#7 {main}
CRITICAL - 2021-01-13 15:47:56 --> Invalid argument supplied for foreach()
#0 /var/www/html/app/Views/sp/check_stock.php(34): CodeIgniter\Debug\Exceptions->errorHandler(2, 'Invalid argumen...', '/var/www/html/a...', 34, Array)
#1 /var/www/html/vendor/codeigniter4/framework/system/View/View.php(246): include('/var/www/html/a...')
#2 /var/www/html/vendor/codeigniter4/framework/system/Common.php(1119): CodeIgniter\View\View->render('sp/check_stock', Array, true)
#3 /var/www/html/app/Controllers/Supplies.php(319): view('sp/check_stock')
#4 /var/www/html/vendor/codeigniter4/framework/system/CodeIgniter.php(918): App\Controllers\Supplies->check_stock()
#5 /var/www/html/vendor/codeigniter4/framework/system/CodeIgniter.php(404): CodeIgniter\CodeIgniter->runController(Object(App\Controllers\Supplies))
#6 /var/www/html/vendor/codeigniter4/framework/system/CodeIgniter.php(312): CodeIgniter\CodeIgniter->handleRequest(NULL, Object(Config\Cache), false)
#7 /var/www/html/public/index.php(45): CodeIgniter\CodeIgniter->run()
#8 {main}
CRITICAL - 2021-01-13 15:48:01 --> Invalid argument supplied for foreach()
#0 /var/www/html/app/Views/sp/check_stock.php(34): CodeIgniter\Debug\Exceptions->errorHandler(2, 'Invalid argumen...', '/var/www/html/a...', 34, Array)
#1 /var/www/html/vendor/codeigniter4/framework/system/View/View.php(246): include('/var/www/html/a...')
#2 /var/www/html/vendor/codeigniter4/framework/system/Common.php(1119): CodeIgniter\View\View->render('sp/check_stock', Array, true)
#3 /var/www/html/app/Controllers/Supplies.php(319): view('sp/check_stock')
#4 /var/www/html/vendor/codeigniter4/framework/system/CodeIgniter.php(918): App\Controllers\Supplies->check_stock()
#5 /var/www/html/vendor/codeigniter4/framework/system/CodeIgniter.php(404): CodeIgniter\CodeIgniter->runController(Object(App\Controllers\Supplies))
#6 /var/www/html/vendor/codeigniter4/framework/system/CodeIgniter.php(312): CodeIgniter\CodeIgniter->handleRequest(NULL, Object(Config\Cache), false)
#7 /var/www/html/public/index.php(45): CodeIgniter\CodeIgniter->run()
#8 {main}
CRITICAL - 2021-01-13 15:48:02 --> Invalid argument supplied for foreach()
#0 /var/www/html/app/Views/sp/check_stock.php(34): CodeIgniter\Debug\Exceptions->errorHandler(2, 'Invalid argumen...', '/var/www/html/a...', 34, Array)
#1 /var/www/html/vendor/codeigniter4/framework/system/View/View.php(246): include('/var/www/html/a...')
#2 /var/www/html/vendor/codeigniter4/framework/system/Common.php(1119): CodeIgniter\View\View->render('sp/check_stock', Array, true)
#3 /var/www/html/app/Controllers/Supplies.php(319): view('sp/check_stock')
#4 /var/www/html/vendor/codeigniter4/framework/system/CodeIgniter.php(918): App\Controllers\Supplies->check_stock()
#5 /var/www/html/vendor/codeigniter4/framework/system/CodeIgniter.php(404): CodeIgniter\CodeIgniter->runController(Object(App\Controllers\Supplies))
#6 /var/www/html/vendor/codeigniter4/framework/system/CodeIgniter.php(312): CodeIgniter\CodeIgniter->handleRequest(NULL, Object(Config\Cache), false)
#7 /var/www/html/public/index.php(45): CodeIgniter\CodeIgniter->run()
#8 {main}
CRITICAL - 2021-01-13 15:59:18 --> Invalid file: st/list_type.php
#0 /var/www/html/vendor/codeigniter4/framework/system/View/View.php(228): CodeIgniter\Exceptions\FrameworkException::forInvalidFile('st/list_type.ph...')
#1 /var/www/html/vendor/codeigniter4/framework/system/Common.php(1119): CodeIgniter\View\View->render('st/list_type', Array, true)
#2 /var/www/html/app/Controllers/Setting.php(447): view('st/list_type')
#3 /var/www/html/vendor/codeigniter4/framework/system/CodeIgniter.php(918): App\Controllers\Setting->list_type()
#4 /var/www/html/vendor/codeigniter4/framework/system/CodeIgniter.php(404): CodeIgniter\CodeIgniter->runController(Object(App\Controllers\Setting))
#5 /var/www/html/vendor/codeigniter4/framework/system/CodeIgniter.php(312): CodeIgniter\CodeIgniter->handleRequest(NULL, Object(Config\Cache), false)
#6 /var/www/html/public/index.php(45): CodeIgniter\CodeIgniter->run()
#7 {main}
CRITICAL - 2021-01-13 16:02:05 --> Invalid file: st/type.php
#0 /var/www/html/vendor/codeigniter4/framework/system/View/View.php(228): CodeIgniter\Exceptions\FrameworkException::forInvalidFile('st/type.php')
#1 /var/www/html/vendor/codeigniter4/framework/system/Common.php(1119): CodeIgniter\View\View->render('st/type', Array, true)
#2 /var/www/html/app/Controllers/Setting.php(474): view('st/type')
#3 /var/www/html/vendor/codeigniter4/framework/system/CodeIgniter.php(918): App\Controllers\Setting->type()
#4 /var/www/html/vendor/codeigniter4/framework/system/CodeIgniter.php(404): CodeIgniter\CodeIgniter->runController(Object(App\Controllers\Setting))
#5 /var/www/html/vendor/codeigniter4/framework/system/CodeIgniter.php(312): CodeIgniter\CodeIgniter->handleRequest(NULL, Object(Config\Cache), false)
#6 /var/www/html/public/index.php(45): CodeIgniter\CodeIgniter->run()
#7 {main}
CRITICAL - 2021-01-13 16:05:17 --> Invalid file: st/edit_type.php
#0 /var/www/html/vendor/codeigniter4/framework/system/View/View.php(228): CodeIgniter\Exceptions\FrameworkException::forInvalidFile('st/edit_type.ph...')
#1 /var/www/html/vendor/codeigniter4/framework/system/Common.php(1119): CodeIgniter\View\View->render('st/edit_type', Array, true)
#2 /var/www/html/app/Controllers/Setting.php(483): view('st/edit_type')
#3 /var/www/html/vendor/codeigniter4/framework/system/CodeIgniter.php(918): App\Controllers\Setting->edit_type('1')
#4 /var/www/html/vendor/codeigniter4/framework/system/CodeIgniter.php(404): CodeIgniter\CodeIgniter->runController(Object(App\Controllers\Setting))
#5 /var/www/html/vendor/codeigniter4/framework/system/CodeIgniter.php(312): CodeIgniter\CodeIgniter->handleRequest(NULL, Object(Config\Cache), false)
#6 /var/www/html/public/index.php(45): CodeIgniter\CodeIgniter->run()
#7 {main}
CRITICAL - 2021-01-13 16:07:12 --> Cannot redeclare App\Controllers\Setting::list_type()
#0 [internal function]: CodeIgniter\Debug\Exceptions->shutdownHandler()
#1 {main}
CRITICAL - 2021-01-13 16:07:54 --> Invalid file: st/view_type.php
#0 /var/www/html/vendor/codeigniter4/framework/system/View/View.php(228): CodeIgniter\Exceptions\FrameworkException::forInvalidFile('st/view_type.ph...')
#1 /var/www/html/vendor/codeigniter4/framework/system/Common.php(1119): CodeIgniter\View\View->render('st/view_type', Array, true)
#2 /var/www/html/app/Controllers/Setting.php(494): view('st/view_type')
#3 /var/www/html/vendor/codeigniter4/framework/system/CodeIgniter.php(918): App\Controllers\Setting->view_type('1')
#4 /var/www/html/vendor/codeigniter4/framework/system/CodeIgniter.php(404): CodeIgniter\CodeIgniter->runController(Object(App\Controllers\Setting))
#5 /var/www/html/vendor/codeigniter4/framework/system/CodeIgniter.php(312): CodeIgniter\CodeIgniter->handleRequest(NULL, Object(Config\Cache), false)
#6 /var/www/html/public/index.php(45): CodeIgniter\CodeIgniter->run()
#7 {main}
CRITICAL - 2021-01-13 16:09:39 --> Cannot redeclare App\Controllers\Setting::delete_category()
#0 [internal function]: CodeIgniter\Debug\Exceptions->shutdownHandler()
#1 {main}
CRITICAL - 2021-01-13 16:20:47 --> Invalid file: sp/view_product.php
#0 /var/www/html/vendor/codeigniter4/framework/system/View/View.php(228): CodeIgniter\Exceptions\FrameworkException::forInvalidFile('sp/view_product...')
#1 /var/www/html/vendor/codeigniter4/framework/system/Common.php(1119): CodeIgniter\View\View->render('sp/view_product', Array, true)
#2 /var/www/html/app/Controllers/Supplies.php(162): view('sp/view_product')
#3 /var/www/html/vendor/codeigniter4/framework/system/CodeIgniter.php(918): App\Controllers\Supplies->view_product('2')
#4 /var/www/html/vendor/codeigniter4/framework/system/CodeIgniter.php(404): CodeIgniter\CodeIgniter->runController(Object(App\Controllers\Supplies))
#5 /var/www/html/vendor/codeigniter4/framework/system/CodeIgniter.php(312): CodeIgniter\CodeIgniter->handleRequest(NULL, Object(Config\Cache), false)
#6 /var/www/html/public/index.php(45): CodeIgniter\CodeIgniter->run()
#7 {main}
CRITICAL - 2021-01-13 17:04:40 --> Call to a member function getProduct() on null
#0 /var/www/html/vendor/codeigniter4/framework/system/CodeIgniter.php(918): App\Controllers\Supplies->list_product()
#1 /var/www/html/vendor/codeigniter4/framework/system/CodeIgniter.php(404): CodeIgniter\CodeIgniter->runController(Object(App\Controllers\Supplies))
#2 /var/www/html/vendor/codeigniter4/framework/system/CodeIgniter.php(312): CodeIgniter\CodeIgniter->handleRequest(NULL, Object(Config\Cache), false)
#3 /var/www/html/public/index.php(45): CodeIgniter\CodeIgniter->run()
#4 {main}
