CRITICAL - 2020-11-12 20:09:00 --> Unable to connect to the database.
#0 C:\Users\kanoot\Desktop\ณกส\vendor\codeigniter4\framework\system\Database\BaseConnection.php(646): CodeIgniter\Database\BaseConnection->initialize()
#1 C:\Users\kanoot\Desktop\ณกส\vendor\codeigniter4\framework\system\Database\BaseBuilder.php(1860): CodeIgniter\Database\BaseConnection->query('SELECT *\nFROM "...', Array, false)
#2 C:\Users\kanoot\Desktop\ณกส\app\Models\finance_model.php(27): CodeIgniter\Database\BaseBuilder->get()
#3 C:\Users\kanoot\Desktop\ณกส\app\Controllers\Finance.php(70): App\Models\finance_model->getReceiveMoney()
#4 C:\Users\kanoot\Desktop\ณกส\vendor\codeigniter4\framework\system\CodeIgniter.php(918): App\Controllers\Finance->list_receiving_money()
#5 C:\Users\kanoot\Desktop\ณกส\vendor\codeigniter4\framework\system\CodeIgniter.php(404): CodeIgniter\CodeIgniter->runController(Object(App\Controllers\Finance))
#6 C:\Users\kanoot\Desktop\ณกส\vendor\codeigniter4\framework\system\CodeIgniter.php(312): CodeIgniter\CodeIgniter->handleRequest(NULL, Object(Config\Cache), false)
#7 C:\Users\kanoot\Desktop\ณกส\public\index.php(45): CodeIgniter\CodeIgniter->run()
#8 C:\Users\kanoot\Desktop\ณกส\vendor\codeigniter4\framework\system\Commands\Server\rewrite.php(34): require_once('C:\\Users\\kanoot...')
#9 {main}
CRITICAL - 2020-11-12 21:21:52 --> Argument 1 passed to CodeIgniter\HTTP\RedirectResponse::to() must be of the type string, null given, called in C:\Users\kanoot\Desktop\ณกส\app\Controllers\Finance.php on line 198
#0 C:\Users\kanoot\Desktop\ณกส\app\Controllers\Finance.php(198): CodeIgniter\HTTP\RedirectResponse->to(NULL)
#1 C:\Users\kanoot\Desktop\ณกส\vendor\codeigniter4\framework\system\CodeIgniter.php(918): App\Controllers\Finance->actions_datepay()
#2 C:\Users\kanoot\Desktop\ณกส\vendor\codeigniter4\framework\system\CodeIgniter.php(404): CodeIgniter\CodeIgniter->runController(Object(App\Controllers\Finance))
#3 C:\Users\kanoot\Desktop\ณกส\vendor\codeigniter4\framework\system\CodeIgniter.php(312): CodeIgniter\CodeIgniter->handleRequest(NULL, Object(Config\Cache), false)
#4 C:\Users\kanoot\Desktop\ณกส\public\index.php(45): CodeIgniter\CodeIgniter->run()
#5 C:\Users\kanoot\Desktop\ณกส\vendor\codeigniter4\framework\system\Commands\Server\rewrite.php(34): require_once('C:\\Users\\kanoot...')
#6 {main}
CRITICAL - 2020-11-12 21:22:41 --> Argument 1 passed to CodeIgniter\HTTP\RedirectResponse::to() must be of the type string, null given, called in C:\Users\kanoot\Desktop\ณกส\app\Controllers\Finance.php on line 1650
#0 C:\Users\kanoot\Desktop\ณกส\app\Controllers\Finance.php(1650): CodeIgniter\HTTP\RedirectResponse->to(NULL)
#1 C:\Users\kanoot\Desktop\ณกส\vendor\codeigniter4\framework\system\CodeIgniter.php(918): App\Controllers\Finance->actions_transfer()
#2 C:\Users\kanoot\Desktop\ณกส\vendor\codeigniter4\framework\system\CodeIgniter.php(404): CodeIgniter\CodeIgniter->runController(Object(App\Controllers\Finance))
#3 C:\Users\kanoot\Desktop\ณกส\vendor\codeigniter4\framework\system\CodeIgniter.php(312): CodeIgniter\CodeIgniter->handleRequest(NULL, Object(Config\Cache), false)
#4 C:\Users\kanoot\Desktop\ณกส\public\index.php(45): CodeIgniter\CodeIgniter->run()
#5 C:\Users\kanoot\Desktop\ณกส\vendor\codeigniter4\framework\system\Commands\Server\rewrite.php(34): require_once('C:\\Users\\kanoot...')
#6 {main}
CRITICAL - 2020-11-12 21:29:51 --> Invalid file: fn/pdf_generaljournal.php
#0 C:\Users\kanoot\Desktop\ณกส\vendor\codeigniter4\framework\system\View\View.php(228): CodeIgniter\Exceptions\FrameworkException::forInvalidFile('fn/pdf_generalj...')
#1 C:\Users\kanoot\Desktop\ณกส\vendor\codeigniter4\framework\system\Common.php(1119): CodeIgniter\View\View->render('fn/pdf_generalj...', Array, true)
#2 C:\Users\kanoot\Desktop\ณกส\app\Controllers\Account.php(53): view('fn/pdf_generalj...', Array)
#3 C:\Users\kanoot\Desktop\ณกส\vendor\codeigniter4\framework\system\CodeIgniter.php(918): App\Controllers\Account->actions_generaljournal()
#4 C:\Users\kanoot\Desktop\ณกส\vendor\codeigniter4\framework\system\CodeIgniter.php(404): CodeIgniter\CodeIgniter->runController(Object(App\Controllers\Account))
#5 C:\Users\kanoot\Desktop\ณกส\vendor\codeigniter4\framework\system\CodeIgniter.php(312): CodeIgniter\CodeIgniter->handleRequest(NULL, Object(Config\Cache), false)
#6 C:\Users\kanoot\Desktop\ณกส\public\index.php(45): CodeIgniter\CodeIgniter->run()
#7 C:\Users\kanoot\Desktop\ณกส\vendor\codeigniter4\framework\system\Commands\Server\rewrite.php(34): require_once('C:\\Users\\kanoot...')
#8 {main}
CRITICAL - 2020-11-12 21:30:28 --> Invalid file: fn/pdf_generaljournal.php
#0 C:\Users\kanoot\Desktop\ณกส\vendor\codeigniter4\framework\system\View\View.php(228): CodeIgniter\Exceptions\FrameworkException::forInvalidFile('fn/pdf_generalj...')
#1 C:\Users\kanoot\Desktop\ณกส\vendor\codeigniter4\framework\system\Common.php(1119): CodeIgniter\View\View->render('fn/pdf_generalj...', Array, true)
#2 C:\Users\kanoot\Desktop\ณกส\app\Controllers\Account.php(53): view('fn/pdf_generalj...', Array)
#3 C:\Users\kanoot\Desktop\ณกส\vendor\codeigniter4\framework\system\CodeIgniter.php(918): App\Controllers\Account->actions_generaljournal()
#4 C:\Users\kanoot\Desktop\ณกส\vendor\codeigniter4\framework\system\CodeIgniter.php(404): CodeIgniter\CodeIgniter->runController(Object(App\Controllers\Account))
#5 C:\Users\kanoot\Desktop\ณกส\vendor\codeigniter4\framework\system\CodeIgniter.php(312): CodeIgniter\CodeIgniter->handleRequest(NULL, Object(Config\Cache), false)
#6 C:\Users\kanoot\Desktop\ณกส\public\index.php(45): CodeIgniter\CodeIgniter->run()
#7 C:\Users\kanoot\Desktop\ณกส\vendor\codeigniter4\framework\system\Commands\Server\rewrite.php(34): require_once('C:\\Users\\kanoot...')
#8 {main}
CRITICAL - 2020-11-12 21:30:32 --> Invalid file: fn/pdf_generaljournal.php
#0 C:\Users\kanoot\Desktop\ณกส\vendor\codeigniter4\framework\system\View\View.php(228): CodeIgniter\Exceptions\FrameworkException::forInvalidFile('fn/pdf_generalj...')
#1 C:\Users\kanoot\Desktop\ณกส\vendor\codeigniter4\framework\system\Common.php(1119): CodeIgniter\View\View->render('fn/pdf_generalj...', Array, true)
#2 C:\Users\kanoot\Desktop\ณกส\app\Controllers\Account.php(53): view('fn/pdf_generalj...', Array)
#3 C:\Users\kanoot\Desktop\ณกส\vendor\codeigniter4\framework\system\CodeIgniter.php(918): App\Controllers\Account->actions_generaljournal()
#4 C:\Users\kanoot\Desktop\ณกส\vendor\codeigniter4\framework\system\CodeIgniter.php(404): CodeIgniter\CodeIgniter->runController(Object(App\Controllers\Account))
#5 C:\Users\kanoot\Desktop\ณกส\vendor\codeigniter4\framework\system\CodeIgniter.php(312): CodeIgniter\CodeIgniter->handleRequest(NULL, Object(Config\Cache), false)
#6 C:\Users\kanoot\Desktop\ณกส\public\index.php(45): CodeIgniter\CodeIgniter->run()
#7 C:\Users\kanoot\Desktop\ณกส\vendor\codeigniter4\framework\system\Commands\Server\rewrite.php(34): require_once('C:\\Users\\kanoot...')
#8 {main}
CRITICAL - 2020-11-12 21:30:41 --> Argument 1 passed to CodeIgniter\HTTP\RedirectResponse::to() must be of the type string, null given, called in C:\Users\kanoot\Desktop\ณกส\app\Controllers\Account.php on line 56
#0 C:\Users\kanoot\Desktop\ณกส\app\Controllers\Account.php(56): CodeIgniter\HTTP\RedirectResponse->to(NULL)
#1 C:\Users\kanoot\Desktop\ณกส\vendor\codeigniter4\framework\system\CodeIgniter.php(918): App\Controllers\Account->actions_generaljournal()
#2 C:\Users\kanoot\Desktop\ณกส\vendor\codeigniter4\framework\system\CodeIgniter.php(404): CodeIgniter\CodeIgniter->runController(Object(App\Controllers\Account))
#3 C:\Users\kanoot\Desktop\ณกส\vendor\codeigniter4\framework\system\CodeIgniter.php(312): CodeIgniter\CodeIgniter->handleRequest(NULL, Object(Config\Cache), false)
#4 C:\Users\kanoot\Desktop\ณกส\public\index.php(45): CodeIgniter\CodeIgniter->run()
#5 C:\Users\kanoot\Desktop\ณกส\vendor\codeigniter4\framework\system\Commands\Server\rewrite.php(34): require_once('C:\\Users\\kanoot...')
#6 {main}
CRITICAL - 2020-11-12 21:31:39 --> Argument 1 passed to CodeIgniter\HTTP\RedirectResponse::to() must be of the type string, null given, called in C:\Users\kanoot\Desktop\ณกส\app\Controllers\Account.php on line 56
#0 C:\Users\kanoot\Desktop\ณกส\app\Controllers\Account.php(56): CodeIgniter\HTTP\RedirectResponse->to(NULL)
#1 C:\Users\kanoot\Desktop\ณกส\vendor\codeigniter4\framework\system\CodeIgniter.php(918): App\Controllers\Account->actions_generaljournal()
#2 C:\Users\kanoot\Desktop\ณกส\vendor\codeigniter4\framework\system\CodeIgniter.php(404): CodeIgniter\CodeIgniter->runController(Object(App\Controllers\Account))
#3 C:\Users\kanoot\Desktop\ณกส\vendor\codeigniter4\framework\system\CodeIgniter.php(312): CodeIgniter\CodeIgniter->handleRequest(NULL, Object(Config\Cache), false)
#4 C:\Users\kanoot\Desktop\ณกส\public\index.php(45): CodeIgniter\CodeIgniter->run()
#5 C:\Users\kanoot\Desktop\ณกส\vendor\codeigniter4\framework\system\Commands\Server\rewrite.php(34): require_once('C:\\Users\\kanoot...')
#6 {main}
CRITICAL - 2020-11-12 21:33:01 --> Maximum execution time of 60 seconds exceeded
#0 [internal function]: CodeIgniter\Debug\Exceptions->shutdownHandler()
#1 {main}
CRITICAL - 2020-11-12 21:34:01 --> Maximum execution time of 60 seconds exceeded
#0 [internal function]: CodeIgniter\Debug\Exceptions->shutdownHandler()
#1 {main}
CRITICAL - 2020-11-12 21:35:30 --> Maximum execution time of 60 seconds exceeded
#0 [internal function]: CodeIgniter\Debug\Exceptions->shutdownHandler()
#1 {main}
CRITICAL - 2020-11-12 21:35:36 --> Argument 1 passed to CodeIgniter\HTTP\RedirectResponse::to() must be of the type string, null given, called in C:\Users\kanoot\Desktop\ณกส\app\Controllers\Account.php on line 56
#0 C:\Users\kanoot\Desktop\ณกส\app\Controllers\Account.php(56): CodeIgniter\HTTP\RedirectResponse->to(NULL)
#1 C:\Users\kanoot\Desktop\ณกส\vendor\codeigniter4\framework\system\CodeIgniter.php(918): App\Controllers\Account->actions_generaljournal()
#2 C:\Users\kanoot\Desktop\ณกส\vendor\codeigniter4\framework\system\CodeIgniter.php(404): CodeIgniter\CodeIgniter->runController(Object(App\Controllers\Account))
#3 C:\Users\kanoot\Desktop\ณกส\vendor\codeigniter4\framework\system\CodeIgniter.php(312): CodeIgniter\CodeIgniter->handleRequest(NULL, Object(Config\Cache), false)
#4 C:\Users\kanoot\Desktop\ณกส\public\index.php(45): CodeIgniter\CodeIgniter->run()
#5 C:\Users\kanoot\Desktop\ณกส\vendor\codeigniter4\framework\system\Commands\Server\rewrite.php(34): require_once('C:\\Users\\kanoot...')
#6 {main}
CRITICAL - 2020-11-12 21:36:07 --> Argument 1 passed to CodeIgniter\HTTP\RedirectResponse::to() must be of the type string, null given, called in C:\Users\kanoot\Desktop\ณกส\app\Controllers\Account.php on line 56
#0 C:\Users\kanoot\Desktop\ณกส\app\Controllers\Account.php(56): CodeIgniter\HTTP\RedirectResponse->to(NULL)
#1 C:\Users\kanoot\Desktop\ณกส\vendor\codeigniter4\framework\system\CodeIgniter.php(918): App\Controllers\Account->actions_generaljournal()
#2 C:\Users\kanoot\Desktop\ณกส\vendor\codeigniter4\framework\system\CodeIgniter.php(404): CodeIgniter\CodeIgniter->runController(Object(App\Controllers\Account))
#3 C:\Users\kanoot\Desktop\ณกส\vendor\codeigniter4\framework\system\CodeIgniter.php(312): CodeIgniter\CodeIgniter->handleRequest(NULL, Object(Config\Cache), false)
#4 C:\Users\kanoot\Desktop\ณกส\public\index.php(45): CodeIgniter\CodeIgniter->run()
#5 C:\Users\kanoot\Desktop\ณกส\vendor\codeigniter4\framework\system\Commands\Server\rewrite.php(34): require_once('C:\\Users\\kanoot...')
#6 {main}
CRITICAL - 2020-11-12 21:36:27 --> Argument 1 passed to CodeIgniter\HTTP\RedirectResponse::to() must be of the type string, null given, called in C:\Users\kanoot\Desktop\ณกส\app\Controllers\Account.php on line 56
#0 C:\Users\kanoot\Desktop\ณกส\app\Controllers\Account.php(56): CodeIgniter\HTTP\RedirectResponse->to(NULL)
#1 C:\Users\kanoot\Desktop\ณกส\vendor\codeigniter4\framework\system\CodeIgniter.php(918): App\Controllers\Account->actions_generaljournal()
#2 C:\Users\kanoot\Desktop\ณกส\vendor\codeigniter4\framework\system\CodeIgniter.php(404): CodeIgniter\CodeIgniter->runController(Object(App\Controllers\Account))
#3 C:\Users\kanoot\Desktop\ณกส\vendor\codeigniter4\framework\system\CodeIgniter.php(312): CodeIgniter\CodeIgniter->handleRequest(NULL, Object(Config\Cache), false)
#4 C:\Users\kanoot\Desktop\ณกส\public\index.php(45): CodeIgniter\CodeIgniter->run()
#5 C:\Users\kanoot\Desktop\ณกส\vendor\codeigniter4\framework\system\Commands\Server\rewrite.php(34): require_once('C:\\Users\\kanoot...')
#6 {main}
CRITICAL - 2020-11-12 21:41:17 --> Argument 1 passed to CodeIgniter\HTTP\RedirectResponse::to() must be of the type string, null given, called in C:\Users\kanoot\Desktop\ณกส\app\Controllers\Account.php on line 179
#0 C:\Users\kanoot\Desktop\ณกส\app\Controllers\Account.php(179): CodeIgniter\HTTP\RedirectResponse->to(NULL)
#1 C:\Users\kanoot\Desktop\ณกส\vendor\codeigniter4\framework\system\CodeIgniter.php(918): App\Controllers\Account->actions_payjournal()
#2 C:\Users\kanoot\Desktop\ณกส\vendor\codeigniter4\framework\system\CodeIgniter.php(404): CodeIgniter\CodeIgniter->runController(Object(App\Controllers\Account))
#3 C:\Users\kanoot\Desktop\ณกส\vendor\codeigniter4\framework\system\CodeIgniter.php(312): CodeIgniter\CodeIgniter->handleRequest(NULL, Object(Config\Cache), false)
#4 C:\Users\kanoot\Desktop\ณกส\public\index.php(45): CodeIgniter\CodeIgniter->run()
#5 C:\Users\kanoot\Desktop\ณกส\vendor\codeigniter4\framework\system\Commands\Server\rewrite.php(34): require_once('C:\\Users\\kanoot...')
#6 {main}
CRITICAL - 2020-11-12 21:41:34 --> Argument 1 passed to CodeIgniter\HTTP\RedirectResponse::to() must be of the type string, null given, called in C:\Users\kanoot\Desktop\ณกส\app\Controllers\Account.php on line 302
#0 C:\Users\kanoot\Desktop\ณกส\app\Controllers\Account.php(302): CodeIgniter\HTTP\RedirectResponse->to(NULL)
#1 C:\Users\kanoot\Desktop\ณกส\vendor\codeigniter4\framework\system\CodeIgniter.php(918): App\Controllers\Account->actions_receiptjournal()
#2 C:\Users\kanoot\Desktop\ณกส\vendor\codeigniter4\framework\system\CodeIgniter.php(404): CodeIgniter\CodeIgniter->runController(Object(App\Controllers\Account))
#3 C:\Users\kanoot\Desktop\ณกส\vendor\codeigniter4\framework\system\CodeIgniter.php(312): CodeIgniter\CodeIgniter->handleRequest(NULL, Object(Config\Cache), false)
#4 C:\Users\kanoot\Desktop\ณกส\public\index.php(45): CodeIgniter\CodeIgniter->run()
#5 C:\Users\kanoot\Desktop\ณกส\vendor\codeigniter4\framework\system\Commands\Server\rewrite.php(34): require_once('C:\\Users\\kanoot...')
#6 {main}
CRITICAL - 2020-11-12 21:42:29 --> Argument 1 passed to CodeIgniter\HTTP\RedirectResponse::to() must be of the type string, null given, called in C:\Users\kanoot\Desktop\ณกส\app\Controllers\Account.php on line 425
#0 C:\Users\kanoot\Desktop\ณกส\app\Controllers\Account.php(425): CodeIgniter\HTTP\RedirectResponse->to(NULL)
#1 C:\Users\kanoot\Desktop\ณกส\vendor\codeigniter4\framework\system\CodeIgniter.php(918): App\Controllers\Account->actions_salesjournal()
#2 C:\Users\kanoot\Desktop\ณกส\vendor\codeigniter4\framework\system\CodeIgniter.php(404): CodeIgniter\CodeIgniter->runController(Object(App\Controllers\Account))
#3 C:\Users\kanoot\Desktop\ณกส\vendor\codeigniter4\framework\system\CodeIgniter.php(312): CodeIgniter\CodeIgniter->handleRequest(NULL, Object(Config\Cache), false)
#4 C:\Users\kanoot\Desktop\ณกส\public\index.php(45): CodeIgniter\CodeIgniter->run()
#5 C:\Users\kanoot\Desktop\ณกส\vendor\codeigniter4\framework\system\Commands\Server\rewrite.php(34): require_once('C:\\Users\\kanoot...')
#6 {main}
CRITICAL - 2020-11-12 21:43:32 --> Argument 1 passed to CodeIgniter\HTTP\RedirectResponse::to() must be of the type string, null given, called in C:\Users\kanoot\Desktop\ณกส\app\Controllers\Account.php on line 548
#0 C:\Users\kanoot\Desktop\ณกส\app\Controllers\Account.php(548): CodeIgniter\HTTP\RedirectResponse->to(NULL)
#1 C:\Users\kanoot\Desktop\ณกส\vendor\codeigniter4\framework\system\CodeIgniter.php(918): App\Controllers\Account->actions_purchasejournal()
#2 C:\Users\kanoot\Desktop\ณกส\vendor\codeigniter4\framework\system\CodeIgniter.php(404): CodeIgniter\CodeIgniter->runController(Object(App\Controllers\Account))
#3 C:\Users\kanoot\Desktop\ณกส\vendor\codeigniter4\framework\system\CodeIgniter.php(312): CodeIgniter\CodeIgniter->handleRequest(NULL, Object(Config\Cache), false)
#4 C:\Users\kanoot\Desktop\ณกส\public\index.php(45): CodeIgniter\CodeIgniter->run()
#5 C:\Users\kanoot\Desktop\ณกส\vendor\codeigniter4\framework\system\Commands\Server\rewrite.php(34): require_once('C:\\Users\\kanoot...')
#6 {main}
CRITICAL - 2020-11-12 21:44:02 --> Argument 1 passed to CodeIgniter\HTTP\RedirectResponse::to() must be of the type string, null given, called in C:\Users\kanoot\Desktop\ณกส\app\Controllers\Account.php on line 548
#0 C:\Users\kanoot\Desktop\ณกส\app\Controllers\Account.php(548): CodeIgniter\HTTP\RedirectResponse->to(NULL)
#1 C:\Users\kanoot\Desktop\ณกส\vendor\codeigniter4\framework\system\CodeIgniter.php(918): App\Controllers\Account->actions_purchasejournal()
#2 C:\Users\kanoot\Desktop\ณกส\vendor\codeigniter4\framework\system\CodeIgniter.php(404): CodeIgniter\CodeIgniter->runController(Object(App\Controllers\Account))
#3 C:\Users\kanoot\Desktop\ณกส\vendor\codeigniter4\framework\system\CodeIgniter.php(312): CodeIgniter\CodeIgniter->handleRequest(NULL, Object(Config\Cache), false)
#4 C:\Users\kanoot\Desktop\ณกส\public\index.php(45): CodeIgniter\CodeIgniter->run()
#5 C:\Users\kanoot\Desktop\ณกส\vendor\codeigniter4\framework\system\Commands\Server\rewrite.php(34): require_once('C:\\Users\\kanoot...')
#6 {main}
CRITICAL - 2020-11-12 21:45:14 --> Argument 1 passed to CodeIgniter\HTTP\RedirectResponse::to() must be of the type string, null given, called in C:\Users\kanoot\Desktop\ณกส\app\Controllers\Account.php on line 671
#0 C:\Users\kanoot\Desktop\ณกส\app\Controllers\Account.php(671): CodeIgniter\HTTP\RedirectResponse->to(NULL)
#1 C:\Users\kanoot\Desktop\ณกส\vendor\codeigniter4\framework\system\CodeIgniter.php(918): App\Controllers\Account->actions_creditor()
#2 C:\Users\kanoot\Desktop\ณกส\vendor\codeigniter4\framework\system\CodeIgniter.php(404): CodeIgniter\CodeIgniter->runController(Object(App\Controllers\Account))
#3 C:\Users\kanoot\Desktop\ณกส\vendor\codeigniter4\framework\system\CodeIgniter.php(312): CodeIgniter\CodeIgniter->handleRequest(NULL, Object(Config\Cache), false)
#4 C:\Users\kanoot\Desktop\ณกส\public\index.php(45): CodeIgniter\CodeIgniter->run()
#5 C:\Users\kanoot\Desktop\ณกส\vendor\codeigniter4\framework\system\Commands\Server\rewrite.php(34): require_once('C:\\Users\\kanoot...')
#6 {main}
CRITICAL - 2020-11-12 21:45:25 --> Argument 1 passed to CodeIgniter\HTTP\RedirectResponse::to() must be of the type string, null given, called in C:\Users\kanoot\Desktop\ณกส\app\Controllers\Account.php on line 671
#0 C:\Users\kanoot\Desktop\ณกส\app\Controllers\Account.php(671): CodeIgniter\HTTP\RedirectResponse->to(NULL)
#1 C:\Users\kanoot\Desktop\ณกส\vendor\codeigniter4\framework\system\CodeIgniter.php(918): App\Controllers\Account->actions_creditor()
#2 C:\Users\kanoot\Desktop\ณกส\vendor\codeigniter4\framework\system\CodeIgniter.php(404): CodeIgniter\CodeIgniter->runController(Object(App\Controllers\Account))
#3 C:\Users\kanoot\Desktop\ณกส\vendor\codeigniter4\framework\system\CodeIgniter.php(312): CodeIgniter\CodeIgniter->handleRequest(NULL, Object(Config\Cache), false)
#4 C:\Users\kanoot\Desktop\ณกส\public\index.php(45): CodeIgniter\CodeIgniter->run()
#5 C:\Users\kanoot\Desktop\ณกส\vendor\codeigniter4\framework\system\Commands\Server\rewrite.php(34): require_once('C:\\Users\\kanoot...')
#6 {main}
CRITICAL - 2020-11-12 21:48:38 --> Argument 1 passed to CodeIgniter\HTTP\RedirectResponse::to() must be of the type string, null given, called in C:\Users\kanoot\Desktop\ณกส\app\Controllers\Account.php on line 671
#0 C:\Users\kanoot\Desktop\ณกส\app\Controllers\Account.php(671): CodeIgniter\HTTP\RedirectResponse->to(NULL)
#1 C:\Users\kanoot\Desktop\ณกส\vendor\codeigniter4\framework\system\CodeIgniter.php(918): App\Controllers\Account->actions_creditor()
#2 C:\Users\kanoot\Desktop\ณกส\vendor\codeigniter4\framework\system\CodeIgniter.php(404): CodeIgniter\CodeIgniter->runController(Object(App\Controllers\Account))
#3 C:\Users\kanoot\Desktop\ณกส\vendor\codeigniter4\framework\system\CodeIgniter.php(312): CodeIgniter\CodeIgniter->handleRequest(NULL, Object(Config\Cache), false)
#4 C:\Users\kanoot\Desktop\ณกส\public\index.php(45): CodeIgniter\CodeIgniter->run()
#5 C:\Users\kanoot\Desktop\ณกส\vendor\codeigniter4\framework\system\Commands\Server\rewrite.php(34): require_once('C:\\Users\\kanoot...')
#6 {main}
CRITICAL - 2020-11-12 21:51:06 --> Argument 1 passed to CodeIgniter\HTTP\RedirectResponse::to() must be of the type string, null given, called in C:\Users\kanoot\Desktop\ณกส\app\Controllers\Account.php on line 672
#0 C:\Users\kanoot\Desktop\ณกส\app\Controllers\Account.php(672): CodeIgniter\HTTP\RedirectResponse->to(NULL)
#1 C:\Users\kanoot\Desktop\ณกส\vendor\codeigniter4\framework\system\CodeIgniter.php(918): App\Controllers\Account->actions_creditor()
#2 C:\Users\kanoot\Desktop\ณกส\vendor\codeigniter4\framework\system\CodeIgniter.php(404): CodeIgniter\CodeIgniter->runController(Object(App\Controllers\Account))
#3 C:\Users\kanoot\Desktop\ณกส\vendor\codeigniter4\framework\system\CodeIgniter.php(312): CodeIgniter\CodeIgniter->handleRequest(NULL, Object(Config\Cache), false)
#4 C:\Users\kanoot\Desktop\ณกส\public\index.php(45): CodeIgniter\CodeIgniter->run()
#5 C:\Users\kanoot\Desktop\ณกส\vendor\codeigniter4\framework\system\Commands\Server\rewrite.php(34): require_once('C:\\Users\\kanoot...')
#6 {main}
CRITICAL - 2020-11-12 21:51:49 --> Argument 1 passed to CodeIgniter\HTTP\RedirectResponse::to() must be of the type string, null given, called in C:\Users\kanoot\Desktop\ณกส\app\Controllers\Account.php on line 672
#0 C:\Users\kanoot\Desktop\ณกส\app\Controllers\Account.php(672): CodeIgniter\HTTP\RedirectResponse->to(NULL)
#1 C:\Users\kanoot\Desktop\ณกส\vendor\codeigniter4\framework\system\CodeIgniter.php(918): App\Controllers\Account->actions_creditor()
#2 C:\Users\kanoot\Desktop\ณกส\vendor\codeigniter4\framework\system\CodeIgniter.php(404): CodeIgniter\CodeIgniter->runController(Object(App\Controllers\Account))
#3 C:\Users\kanoot\Desktop\ณกส\vendor\codeigniter4\framework\system\CodeIgniter.php(312): CodeIgniter\CodeIgniter->handleRequest(NULL, Object(Config\Cache), false)
#4 C:\Users\kanoot\Desktop\ณกส\public\index.php(45): CodeIgniter\CodeIgniter->run()
#5 C:\Users\kanoot\Desktop\ณกส\vendor\codeigniter4\framework\system\Commands\Server\rewrite.php(34): require_once('C:\\Users\\kanoot...')
#6 {main}
CRITICAL - 2020-11-12 21:52:03 --> Argument 1 passed to CodeIgniter\HTTP\RedirectResponse::to() must be of the type string, null given, called in C:\Users\kanoot\Desktop\ณกส\app\Controllers\Account.php on line 827
#0 C:\Users\kanoot\Desktop\ณกส\app\Controllers\Account.php(827): CodeIgniter\HTTP\RedirectResponse->to(NULL)
#1 C:\Users\kanoot\Desktop\ณกส\vendor\codeigniter4\framework\system\CodeIgniter.php(918): App\Controllers\Account->actions_debtor()
#2 C:\Users\kanoot\Desktop\ณกส\vendor\codeigniter4\framework\system\CodeIgniter.php(404): CodeIgniter\CodeIgniter->runController(Object(App\Controllers\Account))
#3 C:\Users\kanoot\Desktop\ณกส\vendor\codeigniter4\framework\system\CodeIgniter.php(312): CodeIgniter\CodeIgniter->handleRequest(NULL, Object(Config\Cache), false)
#4 C:\Users\kanoot\Desktop\ณกส\public\index.php(45): CodeIgniter\CodeIgniter->run()
#5 C:\Users\kanoot\Desktop\ณกส\vendor\codeigniter4\framework\system\Commands\Server\rewrite.php(34): require_once('C:\\Users\\kanoot...')
#6 {main}
CRITICAL - 2020-11-12 21:52:10 --> Argument 1 passed to CodeIgniter\HTTP\RedirectResponse::to() must be of the type string, null given, called in C:\Users\kanoot\Desktop\ณกส\app\Controllers\Account.php on line 672
#0 C:\Users\kanoot\Desktop\ณกส\app\Controllers\Account.php(672): CodeIgniter\HTTP\RedirectResponse->to(NULL)
#1 C:\Users\kanoot\Desktop\ณกส\vendor\codeigniter4\framework\system\CodeIgniter.php(918): App\Controllers\Account->actions_creditor()
#2 C:\Users\kanoot\Desktop\ณกส\vendor\codeigniter4\framework\system\CodeIgniter.php(404): CodeIgniter\CodeIgniter->runController(Object(App\Controllers\Account))
#3 C:\Users\kanoot\Desktop\ณกส\vendor\codeigniter4\framework\system\CodeIgniter.php(312): CodeIgniter\CodeIgniter->handleRequest(NULL, Object(Config\Cache), false)
#4 C:\Users\kanoot\Desktop\ณกส\public\index.php(45): CodeIgniter\CodeIgniter->run()
#5 C:\Users\kanoot\Desktop\ณกส\vendor\codeigniter4\framework\system\Commands\Server\rewrite.php(34): require_once('C:\\Users\\kanoot...')
#6 {main}
CRITICAL - 2020-11-12 21:52:16 --> Argument 1 passed to CodeIgniter\HTTP\RedirectResponse::to() must be of the type string, null given, called in C:\Users\kanoot\Desktop\ณกส\app\Controllers\Account.php on line 827
#0 C:\Users\kanoot\Desktop\ณกส\app\Controllers\Account.php(827): CodeIgniter\HTTP\RedirectResponse->to(NULL)
#1 C:\Users\kanoot\Desktop\ณกส\vendor\codeigniter4\framework\system\CodeIgniter.php(918): App\Controllers\Account->actions_debtor()
#2 C:\Users\kanoot\Desktop\ณกส\vendor\codeigniter4\framework\system\CodeIgniter.php(404): CodeIgniter\CodeIgniter->runController(Object(App\Controllers\Account))
#3 C:\Users\kanoot\Desktop\ณกส\vendor\codeigniter4\framework\system\CodeIgniter.php(312): CodeIgniter\CodeIgniter->handleRequest(NULL, Object(Config\Cache), false)
#4 C:\Users\kanoot\Desktop\ณกส\public\index.php(45): CodeIgniter\CodeIgniter->run()
#5 C:\Users\kanoot\Desktop\ณกส\vendor\codeigniter4\framework\system\Commands\Server\rewrite.php(34): require_once('C:\\Users\\kanoot...')
#6 {main}
CRITICAL - 2020-11-12 21:53:30 --> Argument 1 passed to CodeIgniter\HTTP\RedirectResponse::to() must be of the type string, null given, called in C:\Users\kanoot\Desktop\ณกส\app\Controllers\Account.php on line 981
#0 C:\Users\kanoot\Desktop\ณกส\app\Controllers\Account.php(981): CodeIgniter\HTTP\RedirectResponse->to(NULL)
#1 C:\Users\kanoot\Desktop\ณกส\vendor\codeigniter4\framework\system\CodeIgniter.php(918): App\Controllers\Account->actions_acceptpayment()
#2 C:\Users\kanoot\Desktop\ณกส\vendor\codeigniter4\framework\system\CodeIgniter.php(404): CodeIgniter\CodeIgniter->runController(Object(App\Controllers\Account))
#3 C:\Users\kanoot\Desktop\ณกส\vendor\codeigniter4\framework\system\CodeIgniter.php(312): CodeIgniter\CodeIgniter->handleRequest(NULL, Object(Config\Cache), false)
#4 C:\Users\kanoot\Desktop\ณกส\public\index.php(45): CodeIgniter\CodeIgniter->run()
#5 C:\Users\kanoot\Desktop\ณกส\vendor\codeigniter4\framework\system\Commands\Server\rewrite.php(34): require_once('C:\\Users\\kanoot...')
#6 {main}
CRITICAL - 2020-11-12 21:54:04 --> Argument 1 passed to CodeIgniter\HTTP\RedirectResponse::to() must be of the type string, null given, called in C:\Users\kanoot\Desktop\ณกส\app\Controllers\Account.php on line 982
#0 C:\Users\kanoot\Desktop\ณกส\app\Controllers\Account.php(982): CodeIgniter\HTTP\RedirectResponse->to(NULL)
#1 C:\Users\kanoot\Desktop\ณกส\vendor\codeigniter4\framework\system\CodeIgniter.php(918): App\Controllers\Account->actions_acceptpayment()
#2 C:\Users\kanoot\Desktop\ณกส\vendor\codeigniter4\framework\system\CodeIgniter.php(404): CodeIgniter\CodeIgniter->runController(Object(App\Controllers\Account))
#3 C:\Users\kanoot\Desktop\ณกส\vendor\codeigniter4\framework\system\CodeIgniter.php(312): CodeIgniter\CodeIgniter->handleRequest(NULL, Object(Config\Cache), false)
#4 C:\Users\kanoot\Desktop\ณกส\public\index.php(45): CodeIgniter\CodeIgniter->run()
#5 C:\Users\kanoot\Desktop\ณกส\vendor\codeigniter4\framework\system\Commands\Server\rewrite.php(34): require_once('C:\\Users\\kanoot...')
#6 {main}
CRITICAL - 2020-11-12 21:54:10 --> Argument 1 passed to CodeIgniter\HTTP\RedirectResponse::to() must be of the type string, null given, called in C:\Users\kanoot\Desktop\ณกส\app\Controllers\Account.php on line 1047
#0 C:\Users\kanoot\Desktop\ณกส\app\Controllers\Account.php(1047): CodeIgniter\HTTP\RedirectResponse->to(NULL)
#1 C:\Users\kanoot\Desktop\ณกส\vendor\codeigniter4\framework\system\CodeIgniter.php(918): App\Controllers\Account->actions_acceptpayment_mon()
#2 C:\Users\kanoot\Desktop\ณกส\vendor\codeigniter4\framework\system\CodeIgniter.php(404): CodeIgniter\CodeIgniter->runController(Object(App\Controllers\Account))
#3 C:\Users\kanoot\Desktop\ณกส\vendor\codeigniter4\framework\system\CodeIgniter.php(312): CodeIgniter\CodeIgniter->handleRequest(NULL, Object(Config\Cache), false)
#4 C:\Users\kanoot\Desktop\ณกส\public\index.php(45): CodeIgniter\CodeIgniter->run()
#5 C:\Users\kanoot\Desktop\ณกส\vendor\codeigniter4\framework\system\Commands\Server\rewrite.php(34): require_once('C:\\Users\\kanoot...')
#6 {main}
CRITICAL - 2020-11-12 22:07:55 --> Invalid argument supplied for foreach()
#0 C:\Users\kanoot\Desktop\ณกส\app\Views\fn\datepay.php(9): CodeIgniter\Debug\Exceptions->errorHandler(2, 'Invalid argumen...', 'C:\\Users\\kanoot...', 9, Array)
#1 C:\Users\kanoot\Desktop\ณกส\vendor\codeigniter4\framework\system\View\View.php(246): include('C:\\Users\\kanoot...')
#2 C:\Users\kanoot\Desktop\ณกส\vendor\codeigniter4\framework\system\Common.php(1119): CodeIgniter\View\View->render('fn/datepay', Array, true)
#3 C:\Users\kanoot\Desktop\ณกส\app\Controllers\Finance.php(249): view('fn/datepay')
#4 C:\Users\kanoot\Desktop\ณกส\vendor\codeigniter4\framework\system\CodeIgniter.php(918): App\Controllers\Finance->datepay()
#5 C:\Users\kanoot\Desktop\ณกส\vendor\codeigniter4\framework\system\CodeIgniter.php(404): CodeIgniter\CodeIgniter->runController(Object(App\Controllers\Finance))
#6 C:\Users\kanoot\Desktop\ณกส\vendor\codeigniter4\framework\system\CodeIgniter.php(312): CodeIgniter\CodeIgniter->handleRequest(NULL, Object(Config\Cache), false)
#7 C:\Users\kanoot\Desktop\ณกส\public\index.php(45): CodeIgniter\CodeIgniter->run()
#8 C:\Users\kanoot\Desktop\ณกส\vendor\codeigniter4\framework\system\Commands\Server\rewrite.php(34): require_once('C:\\Users\\kanoot...')
#9 {main}
