CRITICAL - 2020-12-23 10:05:01 --> Argument 1 passed to CodeIgniter\HTTP\RedirectResponse::to() must be of the type string, null given, called in /var/www/html/app/Controllers/Finance.php on line 2166
#0 /var/www/html/app/Controllers/Finance.php(2166): CodeIgniter\HTTP\RedirectResponse->to(NULL)
#1 /var/www/html/vendor/codeigniter4/framework/system/CodeIgniter.php(918): App\Controllers\Finance->view_acceptpaymentpdf('25')
#2 /var/www/html/vendor/codeigniter4/framework/system/CodeIgniter.php(404): CodeIgniter\CodeIgniter->runController(Object(App\Controllers\Finance))
#3 /var/www/html/vendor/codeigniter4/framework/system/CodeIgniter.php(312): CodeIgniter\CodeIgniter->handleRequest(NULL, Object(Config\Cache), false)
#4 /var/www/html/public/index.php(45): CodeIgniter\CodeIgniter->run()
#5 {main}
CRITICAL - 2020-12-23 10:05:24 --> Argument 1 passed to CodeIgniter\HTTP\RedirectResponse::to() must be of the type string, null given, called in /var/www/html/app/Controllers/Finance.php on line 2166
#0 /var/www/html/app/Controllers/Finance.php(2166): CodeIgniter\HTTP\RedirectResponse->to(NULL)
#1 /var/www/html/vendor/codeigniter4/framework/system/CodeIgniter.php(918): App\Controllers\Finance->view_acceptpaymentpdf('16')
#2 /var/www/html/vendor/codeigniter4/framework/system/CodeIgniter.php(404): CodeIgniter\CodeIgniter->runController(Object(App\Controllers\Finance))
#3 /var/www/html/vendor/codeigniter4/framework/system/CodeIgniter.php(312): CodeIgniter\CodeIgniter->handleRequest(NULL, Object(Config\Cache), false)
#4 /var/www/html/public/index.php(45): CodeIgniter\CodeIgniter->run()
#5 {main}
CRITICAL - 2020-12-23 11:26:48 --> Invalid argument supplied for foreach()
#0 /var/www/html/app/Views/ac/debtor.php(150): CodeIgniter\Debug\Exceptions->errorHandler(2, 'Invalid argumen...', '/var/www/html/a...', 150, Array)
#1 /var/www/html/vendor/codeigniter4/framework/system/View/View.php(246): include('/var/www/html/a...')
#2 /var/www/html/vendor/codeigniter4/framework/system/Common.php(1119): CodeIgniter\View\View->render('ac/debtor', Array, true)
#3 /var/www/html/app/Controllers/Account.php(905): view('ac/debtor')
#4 /var/www/html/vendor/codeigniter4/framework/system/CodeIgniter.php(918): App\Controllers\Account->debtor()
#5 /var/www/html/vendor/codeigniter4/framework/system/CodeIgniter.php(404): CodeIgniter\CodeIgniter->runController(Object(App\Controllers\Account))
#6 /var/www/html/vendor/codeigniter4/framework/system/CodeIgniter.php(312): CodeIgniter\CodeIgniter->handleRequest(NULL, Object(Config\Cache), false)
#7 /var/www/html/public/index.php(45): CodeIgniter\CodeIgniter->run()
#8 {main}
CRITICAL - 2020-12-23 11:27:31 --> Invalid argument supplied for foreach()
#0 /var/www/html/app/Views/ac/debtor.php(150): CodeIgniter\Debug\Exceptions->errorHandler(2, 'Invalid argumen...', '/var/www/html/a...', 150, Array)
#1 /var/www/html/vendor/codeigniter4/framework/system/View/View.php(246): include('/var/www/html/a...')
#2 /var/www/html/vendor/codeigniter4/framework/system/Common.php(1119): CodeIgniter\View\View->render('ac/debtor', Array, true)
#3 /var/www/html/app/Controllers/Account.php(905): view('ac/debtor')
#4 /var/www/html/vendor/codeigniter4/framework/system/CodeIgniter.php(918): App\Controllers\Account->debtor()
#5 /var/www/html/vendor/codeigniter4/framework/system/CodeIgniter.php(404): CodeIgniter\CodeIgniter->runController(Object(App\Controllers\Account))
#6 /var/www/html/vendor/codeigniter4/framework/system/CodeIgniter.php(312): CodeIgniter\CodeIgniter->handleRequest(NULL, Object(Config\Cache), false)
#7 /var/www/html/public/index.php(45): CodeIgniter\CodeIgniter->run()
#8 {main}
CRITICAL - 2020-12-23 13:47:26 --> The original file is not a valid file.
#0 /var/www/html/vendor/codeigniter4/framework/system/HTTP/Files/UploadedFile.php(172): CodeIgniter\HTTP\Exceptions\HTTPException::forInvalidFile()
#1 /var/www/html/app/Controllers/Account.php(919): CodeIgniter\HTTP\Files\UploadedFile->move('/var/www/html/w...', '1608706046_fc96...')
#2 /var/www/html/vendor/codeigniter4/framework/system/CodeIgniter.php(918): App\Controllers\Account->debtor()
#3 /var/www/html/vendor/codeigniter4/framework/system/CodeIgniter.php(404): CodeIgniter\CodeIgniter->runController(Object(App\Controllers\Account))
#4 /var/www/html/vendor/codeigniter4/framework/system/CodeIgniter.php(312): CodeIgniter\CodeIgniter->handleRequest(NULL, Object(Config\Cache), false)
#5 /var/www/html/public/index.php(45): CodeIgniter\CodeIgniter->run()
#6 {main}
CRITICAL - 2020-12-23 13:47:30 --> The original file is not a valid file.
#0 /var/www/html/vendor/codeigniter4/framework/system/HTTP/Files/UploadedFile.php(172): CodeIgniter\HTTP\Exceptions\HTTPException::forInvalidFile()
#1 /var/www/html/app/Controllers/Account.php(919): CodeIgniter\HTTP\Files\UploadedFile->move('/var/www/html/w...', '1608706050_75bf...')
#2 /var/www/html/vendor/codeigniter4/framework/system/CodeIgniter.php(918): App\Controllers\Account->debtor()
#3 /var/www/html/vendor/codeigniter4/framework/system/CodeIgniter.php(404): CodeIgniter\CodeIgniter->runController(Object(App\Controllers\Account))
#4 /var/www/html/vendor/codeigniter4/framework/system/CodeIgniter.php(312): CodeIgniter\CodeIgniter->handleRequest(NULL, Object(Config\Cache), false)
#5 /var/www/html/public/index.php(45): CodeIgniter\CodeIgniter->run()
#6 {main}
CRITICAL - 2020-12-23 13:47:43 --> The original file is not a valid file.
#0 /var/www/html/vendor/codeigniter4/framework/system/HTTP/Files/UploadedFile.php(172): CodeIgniter\HTTP\Exceptions\HTTPException::forInvalidFile()
#1 /var/www/html/app/Controllers/Account.php(919): CodeIgniter\HTTP\Files\UploadedFile->move('/var/www/html/w...', '1608706063_a9be...')
#2 /var/www/html/vendor/codeigniter4/framework/system/CodeIgniter.php(918): App\Controllers\Account->debtor()
#3 /var/www/html/vendor/codeigniter4/framework/system/CodeIgniter.php(404): CodeIgniter\CodeIgniter->runController(Object(App\Controllers\Account))
#4 /var/www/html/vendor/codeigniter4/framework/system/CodeIgniter.php(312): CodeIgniter\CodeIgniter->handleRequest(NULL, Object(Config\Cache), false)
#5 /var/www/html/public/index.php(45): CodeIgniter\CodeIgniter->run()
#6 {main}
CRITICAL - 2020-12-23 13:47:45 --> The original file is not a valid file.
#0 /var/www/html/vendor/codeigniter4/framework/system/HTTP/Files/UploadedFile.php(172): CodeIgniter\HTTP\Exceptions\HTTPException::forInvalidFile()
#1 /var/www/html/app/Controllers/Account.php(919): CodeIgniter\HTTP\Files\UploadedFile->move('/var/www/html/w...', '1608706065_c10b...')
#2 /var/www/html/vendor/codeigniter4/framework/system/CodeIgniter.php(918): App\Controllers\Account->debtor()
#3 /var/www/html/vendor/codeigniter4/framework/system/CodeIgniter.php(404): CodeIgniter\CodeIgniter->runController(Object(App\Controllers\Account))
#4 /var/www/html/vendor/codeigniter4/framework/system/CodeIgniter.php(312): CodeIgniter\CodeIgniter->handleRequest(NULL, Object(Config\Cache), false)
#5 /var/www/html/public/index.php(45): CodeIgniter\CodeIgniter->run()
#6 {main}
CRITICAL - 2020-12-23 13:47:47 --> The original file is not a valid file.
#0 /var/www/html/vendor/codeigniter4/framework/system/HTTP/Files/UploadedFile.php(172): CodeIgniter\HTTP\Exceptions\HTTPException::forInvalidFile()
#1 /var/www/html/app/Controllers/Account.php(919): CodeIgniter\HTTP\Files\UploadedFile->move('/var/www/html/w...', '1608706067_250a...')
#2 /var/www/html/vendor/codeigniter4/framework/system/CodeIgniter.php(918): App\Controllers\Account->debtor()
#3 /var/www/html/vendor/codeigniter4/framework/system/CodeIgniter.php(404): CodeIgniter\CodeIgniter->runController(Object(App\Controllers\Account))
#4 /var/www/html/vendor/codeigniter4/framework/system/CodeIgniter.php(312): CodeIgniter\CodeIgniter->handleRequest(NULL, Object(Config\Cache), false)
#5 /var/www/html/public/index.php(45): CodeIgniter\CodeIgniter->run()
#6 {main}
CRITICAL - 2020-12-23 13:48:04 --> The original file is not a valid file.
#0 /var/www/html/vendor/codeigniter4/framework/system/HTTP/Files/UploadedFile.php(172): CodeIgniter\HTTP\Exceptions\HTTPException::forInvalidFile()
#1 /var/www/html/app/Controllers/Account.php(919): CodeIgniter\HTTP\Files\UploadedFile->move('/var/www/html/w...', '1608706084_6c42...')
#2 /var/www/html/vendor/codeigniter4/framework/system/CodeIgniter.php(918): App\Controllers\Account->debtor()
#3 /var/www/html/vendor/codeigniter4/framework/system/CodeIgniter.php(404): CodeIgniter\CodeIgniter->runController(Object(App\Controllers\Account))
#4 /var/www/html/vendor/codeigniter4/framework/system/CodeIgniter.php(312): CodeIgniter\CodeIgniter->handleRequest(NULL, Object(Config\Cache), false)
#5 /var/www/html/public/index.php(45): CodeIgniter\CodeIgniter->run()
#6 {main}
CRITICAL - 2020-12-23 13:48:06 --> The original file is not a valid file.
#0 /var/www/html/vendor/codeigniter4/framework/system/HTTP/Files/UploadedFile.php(172): CodeIgniter\HTTP\Exceptions\HTTPException::forInvalidFile()
#1 /var/www/html/app/Controllers/Account.php(919): CodeIgniter\HTTP\Files\UploadedFile->move('/var/www/html/w...', '1608706086_566b...')
#2 /var/www/html/vendor/codeigniter4/framework/system/CodeIgniter.php(918): App\Controllers\Account->debtor()
#3 /var/www/html/vendor/codeigniter4/framework/system/CodeIgniter.php(404): CodeIgniter\CodeIgniter->runController(Object(App\Controllers\Account))
#4 /var/www/html/vendor/codeigniter4/framework/system/CodeIgniter.php(312): CodeIgniter\CodeIgniter->handleRequest(NULL, Object(Config\Cache), false)
#5 /var/www/html/public/index.php(45): CodeIgniter\CodeIgniter->run()
#6 {main}
CRITICAL - 2020-12-23 13:48:38 --> The original file is not a valid file.
#0 /var/www/html/vendor/codeigniter4/framework/system/HTTP/Files/UploadedFile.php(172): CodeIgniter\HTTP\Exceptions\HTTPException::forInvalidFile()
#1 /var/www/html/app/Controllers/Account.php(919): CodeIgniter\HTTP\Files\UploadedFile->move('/var/www/html/w...', '1608706118_3f91...')
#2 /var/www/html/vendor/codeigniter4/framework/system/CodeIgniter.php(918): App\Controllers\Account->debtor()
#3 /var/www/html/vendor/codeigniter4/framework/system/CodeIgniter.php(404): CodeIgniter\CodeIgniter->runController(Object(App\Controllers\Account))
#4 /var/www/html/vendor/codeigniter4/framework/system/CodeIgniter.php(312): CodeIgniter\CodeIgniter->handleRequest(NULL, Object(Config\Cache), false)
#5 /var/www/html/public/index.php(45): CodeIgniter\CodeIgniter->run()
#6 {main}
CRITICAL - 2020-12-23 13:50:14 --> The original file is not a valid file.
#0 /var/www/html/vendor/codeigniter4/framework/system/HTTP/Files/UploadedFile.php(172): CodeIgniter\HTTP\Exceptions\HTTPException::forInvalidFile()
#1 /var/www/html/app/Controllers/Account.php(919): CodeIgniter\HTTP\Files\UploadedFile->move('/var/www/html/w...', '1608706214_d13c...')
#2 /var/www/html/vendor/codeigniter4/framework/system/CodeIgniter.php(918): App\Controllers\Account->debtor()
#3 /var/www/html/vendor/codeigniter4/framework/system/CodeIgniter.php(404): CodeIgniter\CodeIgniter->runController(Object(App\Controllers\Account))
#4 /var/www/html/vendor/codeigniter4/framework/system/CodeIgniter.php(312): CodeIgniter\CodeIgniter->handleRequest(NULL, Object(Config\Cache), false)
#5 /var/www/html/public/index.php(45): CodeIgniter\CodeIgniter->run()
#6 {main}
CRITICAL - 2020-12-23 13:52:41 --> fopen(http://chapanakit.airtimes.co/fileindex.html): failed to open stream: HTTP wrapper does not support writeable connections
#0 [internal function]: CodeIgniter\Debug\Exceptions->errorHandler(2, 'fopen(http://ch...', '/var/www/html/v...', 216, Array)
#1 /var/www/html/vendor/codeigniter4/framework/system/HTTP/Files/UploadedFile.php(216): fopen('http://chapanak...', 'x+')
#2 /var/www/html/vendor/codeigniter4/framework/system/HTTP/Files/UploadedFile.php(163): CodeIgniter\HTTP\Files\UploadedFile->setPath('http://chapanak...')
#3 /var/www/html/app/Controllers/Account.php(913): CodeIgniter\HTTP\Files\UploadedFile->move('http://chapanak...', '1608706361_fc89...')
#4 /var/www/html/vendor/codeigniter4/framework/system/CodeIgniter.php(918): App\Controllers\Account->debtor()
#5 /var/www/html/vendor/codeigniter4/framework/system/CodeIgniter.php(404): CodeIgniter\CodeIgniter->runController(Object(App\Controllers\Account))
#6 /var/www/html/vendor/codeigniter4/framework/system/CodeIgniter.php(312): CodeIgniter\CodeIgniter->handleRequest(NULL, Object(Config\Cache), false)
#7 /var/www/html/public/index.php(45): CodeIgniter\CodeIgniter->run()
#8 {main}
CRITICAL - 2020-12-23 13:53:43 --> syntax error, unexpected 'else' (T_ELSE), expecting function (T_FUNCTION) or const (T_CONST)
#0 /var/www/html/vendor/codeigniter4/framework/system/Router/Router.php(195): CodeIgniter\Router\Router->autoRoute('account/debtor')
#1 /var/www/html/vendor/codeigniter4/framework/system/CodeIgniter.php(793): CodeIgniter\Router\Router->handle('account/debtor')
#2 /var/www/html/vendor/codeigniter4/framework/system/CodeIgniter.php(364): CodeIgniter\CodeIgniter->tryToRouteIt(Object(CodeIgniter\Router\RouteCollection))
#3 /var/www/html/vendor/codeigniter4/framework/system/CodeIgniter.php(312): CodeIgniter\CodeIgniter->handleRequest(NULL, Object(Config\Cache), false)
#4 /var/www/html/public/index.php(45): CodeIgniter\CodeIgniter->run()
#5 {main}
CRITICAL - 2020-12-23 13:56:18 --> The original file is not a valid file.
#0 /var/www/html/vendor/codeigniter4/framework/system/HTTP/Files/UploadedFile.php(172): CodeIgniter\HTTP\Exceptions\HTTPException::forInvalidFile()
#1 /var/www/html/app/Controllers/Account.php(918): CodeIgniter\HTTP\Files\UploadedFile->move('/var/www/html/w...', '1608706578_b73f...')
#2 /var/www/html/vendor/codeigniter4/framework/system/CodeIgniter.php(918): App\Controllers\Account->debtor()
#3 /var/www/html/vendor/codeigniter4/framework/system/CodeIgniter.php(404): CodeIgniter\CodeIgniter->runController(Object(App\Controllers\Account))
#4 /var/www/html/vendor/codeigniter4/framework/system/CodeIgniter.php(312): CodeIgniter\CodeIgniter->handleRequest(NULL, Object(Config\Cache), false)
#5 /var/www/html/public/index.php(45): CodeIgniter\CodeIgniter->run()
#6 {main}
CRITICAL - 2020-12-23 13:59:19 --> The original file is not a valid file.
#0 /var/www/html/vendor/codeigniter4/framework/system/HTTP/Files/UploadedFile.php(172): CodeIgniter\HTTP\Exceptions\HTTPException::forInvalidFile()
#1 /var/www/html/app/Controllers/Account.php(918): CodeIgniter\HTTP\Files\UploadedFile->move('/var/www/html/w...', '1608706759_cd5e...')
#2 /var/www/html/vendor/codeigniter4/framework/system/CodeIgniter.php(918): App\Controllers\Account->debtor()
#3 /var/www/html/vendor/codeigniter4/framework/system/CodeIgniter.php(404): CodeIgniter\CodeIgniter->runController(Object(App\Controllers\Account))
#4 /var/www/html/vendor/codeigniter4/framework/system/CodeIgniter.php(312): CodeIgniter\CodeIgniter->handleRequest(NULL, Object(Config\Cache), false)
#5 /var/www/html/public/index.php(45): CodeIgniter\CodeIgniter->run()
#6 {main}
CRITICAL - 2020-12-23 13:59:22 --> The original file is not a valid file.
#0 /var/www/html/vendor/codeigniter4/framework/system/HTTP/Files/UploadedFile.php(172): CodeIgniter\HTTP\Exceptions\HTTPException::forInvalidFile()
#1 /var/www/html/app/Controllers/Account.php(918): CodeIgniter\HTTP\Files\UploadedFile->move('/var/www/html/w...', '1608706762_024e...')
#2 /var/www/html/vendor/codeigniter4/framework/system/CodeIgniter.php(918): App\Controllers\Account->debtor()
#3 /var/www/html/vendor/codeigniter4/framework/system/CodeIgniter.php(404): CodeIgniter\CodeIgniter->runController(Object(App\Controllers\Account))
#4 /var/www/html/vendor/codeigniter4/framework/system/CodeIgniter.php(312): CodeIgniter\CodeIgniter->handleRequest(NULL, Object(Config\Cache), false)
#5 /var/www/html/public/index.php(45): CodeIgniter\CodeIgniter->run()
#6 {main}
CRITICAL - 2020-12-23 14:02:04 --> fopen(http://chapanakit.airtimes.co/filesindex.html): failed to open stream: HTTP wrapper does not support writeable connections
#0 [internal function]: CodeIgniter\Debug\Exceptions->errorHandler(2, 'fopen(http://ch...', '/var/www/html/v...', 216, Array)
#1 /var/www/html/vendor/codeigniter4/framework/system/HTTP/Files/UploadedFile.php(216): fopen('http://chapanak...', 'x+')
#2 /var/www/html/vendor/codeigniter4/framework/system/HTTP/Files/UploadedFile.php(163): CodeIgniter\HTTP\Files\UploadedFile->setPath('http://chapanak...')
#3 /var/www/html/app/Controllers/Account.php(914): CodeIgniter\HTTP\Files\UploadedFile->move('http://chapanak...', '1608706924_fa9d...')
#4 /var/www/html/vendor/codeigniter4/framework/system/CodeIgniter.php(918): App\Controllers\Account->debtor()
#5 /var/www/html/vendor/codeigniter4/framework/system/CodeIgniter.php(404): CodeIgniter\CodeIgniter->runController(Object(App\Controllers\Account))
#6 /var/www/html/vendor/codeigniter4/framework/system/CodeIgniter.php(312): CodeIgniter\CodeIgniter->handleRequest(NULL, Object(Config\Cache), false)
#7 /var/www/html/public/index.php(45): CodeIgniter\CodeIgniter->run()
#8 {main}
CRITICAL - 2020-12-23 14:06:17 --> The original file is not a valid file.
#0 /var/www/html/vendor/codeigniter4/framework/system/HTTP/Files/UploadedFile.php(172): CodeIgniter\HTTP\Exceptions\HTTPException::forInvalidFile()
#1 /var/www/html/app/Controllers/Account.php(918): CodeIgniter\HTTP\Files\UploadedFile->move('/var/www/html/w...', '1608707177_c481...')
#2 /var/www/html/vendor/codeigniter4/framework/system/CodeIgniter.php(918): App\Controllers\Account->debtor()
#3 /var/www/html/vendor/codeigniter4/framework/system/CodeIgniter.php(404): CodeIgniter\CodeIgniter->runController(Object(App\Controllers\Account))
#4 /var/www/html/vendor/codeigniter4/framework/system/CodeIgniter.php(312): CodeIgniter\CodeIgniter->handleRequest(NULL, Object(Config\Cache), false)
#5 /var/www/html/public/index.php(45): CodeIgniter\CodeIgniter->run()
#6 {main}
CRITICAL - 2020-12-23 14:06:37 --> The original file is not a valid file.
#0 /var/www/html/vendor/codeigniter4/framework/system/HTTP/Files/UploadedFile.php(172): CodeIgniter\HTTP\Exceptions\HTTPException::forInvalidFile()
#1 /var/www/html/app/Controllers/Account.php(919): CodeIgniter\HTTP\Files\UploadedFile->move('/var/www/html/w...', '1608707197_f64f...')
#2 /var/www/html/vendor/codeigniter4/framework/system/CodeIgniter.php(918): App\Controllers\Account->debtor()
#3 /var/www/html/vendor/codeigniter4/framework/system/CodeIgniter.php(404): CodeIgniter\CodeIgniter->runController(Object(App\Controllers\Account))
#4 /var/www/html/vendor/codeigniter4/framework/system/CodeIgniter.php(312): CodeIgniter\CodeIgniter->handleRequest(NULL, Object(Config\Cache), false)
#5 /var/www/html/public/index.php(45): CodeIgniter\CodeIgniter->run()
#6 {main}
CRITICAL - 2020-12-23 14:09:19 --> Call to undefined method CodeIgniter\HTTP\Files\UploadedFile::path()
#0 /var/www/html/vendor/codeigniter4/framework/system/CodeIgniter.php(918): App\Controllers\Account->debtor()
#1 /var/www/html/vendor/codeigniter4/framework/system/CodeIgniter.php(404): CodeIgniter\CodeIgniter->runController(Object(App\Controllers\Account))
#2 /var/www/html/vendor/codeigniter4/framework/system/CodeIgniter.php(312): CodeIgniter\CodeIgniter->handleRequest(NULL, Object(Config\Cache), false)
#3 /var/www/html/public/index.php(45): CodeIgniter\CodeIgniter->run()
#4 {main}
CRITICAL - 2020-12-23 14:20:03 --> syntax error, unexpected '}', expecting ';' or ','
#0 /var/www/html/vendor/codeigniter4/framework/system/Common.php(1119): CodeIgniter\View\View->render('ac/edit_debtor', Array, true)
#1 /var/www/html/app/Controllers/Account.php(981): view('ac/edit_debtor')
#2 /var/www/html/vendor/codeigniter4/framework/system/CodeIgniter.php(918): App\Controllers\Account->edit_debtor('13')
#3 /var/www/html/vendor/codeigniter4/framework/system/CodeIgniter.php(404): CodeIgniter\CodeIgniter->runController(Object(App\Controllers\Account))
#4 /var/www/html/vendor/codeigniter4/framework/system/CodeIgniter.php(312): CodeIgniter\CodeIgniter->handleRequest(NULL, Object(Config\Cache), false)
#5 /var/www/html/public/index.php(45): CodeIgniter\CodeIgniter->run()
#6 {main}
CRITICAL - 2020-12-23 14:21:53 --> fopen(http://chapanakit.airtimes.co/filesindex.html): failed to open stream: HTTP wrapper does not support writeable connections
#0 [internal function]: CodeIgniter\Debug\Exceptions->errorHandler(2, 'fopen(http://ch...', '/var/www/html/v...', 216, Array)
#1 /var/www/html/vendor/codeigniter4/framework/system/HTTP/Files/UploadedFile.php(216): fopen('http://chapanak...', 'x+')
#2 /var/www/html/vendor/codeigniter4/framework/system/HTTP/Files/UploadedFile.php(163): CodeIgniter\HTTP\Files\UploadedFile->setPath('http://chapanak...')
#3 /var/www/html/app/Controllers/Account.php(914): CodeIgniter\HTTP\Files\UploadedFile->move('http://chapanak...', '1608708113_0eb5...')
#4 /var/www/html/vendor/codeigniter4/framework/system/CodeIgniter.php(918): App\Controllers\Account->debtor()
#5 /var/www/html/vendor/codeigniter4/framework/system/CodeIgniter.php(404): CodeIgniter\CodeIgniter->runController(Object(App\Controllers\Account))
#6 /var/www/html/vendor/codeigniter4/framework/system/CodeIgniter.php(312): CodeIgniter\CodeIgniter->handleRequest(NULL, Object(Config\Cache), false)
#7 /var/www/html/public/index.php(45): CodeIgniter\CodeIgniter->run()
#8 {main}
CRITICAL - 2020-12-23 14:24:31 --> fopen(http://chapanakit.airtimes.co/files/index.html): failed to open stream: HTTP wrapper does not support writeable connections
#0 [internal function]: CodeIgniter\Debug\Exceptions->errorHandler(2, 'fopen(http://ch...', '/var/www/html/v...', 216, Array)
#1 /var/www/html/vendor/codeigniter4/framework/system/HTTP/Files/UploadedFile.php(216): fopen('http://chapanak...', 'x+')
#2 /var/www/html/vendor/codeigniter4/framework/system/HTTP/Files/UploadedFile.php(163): CodeIgniter\HTTP\Files\UploadedFile->setPath('http://chapanak...')
#3 /var/www/html/app/Controllers/Account.php(914): CodeIgniter\HTTP\Files\UploadedFile->move('http://chapanak...', '1608708271_53b7...')
#4 /var/www/html/vendor/codeigniter4/framework/system/CodeIgniter.php(918): App\Controllers\Account->debtor()
#5 /var/www/html/vendor/codeigniter4/framework/system/CodeIgniter.php(404): CodeIgniter\CodeIgniter->runController(Object(App\Controllers\Account))
#6 /var/www/html/vendor/codeigniter4/framework/system/CodeIgniter.php(312): CodeIgniter\CodeIgniter->handleRequest(NULL, Object(Config\Cache), false)
#7 /var/www/html/public/index.php(45): CodeIgniter\CodeIgniter->run()
#8 {main}
CRITICAL - 2020-12-23 14:24:43 --> fopen(http://chapanakit.airtimes.co/files/index.html): failed to open stream: HTTP wrapper does not support writeable connections
#0 [internal function]: CodeIgniter\Debug\Exceptions->errorHandler(2, 'fopen(http://ch...', '/var/www/html/v...', 216, Array)
#1 /var/www/html/vendor/codeigniter4/framework/system/HTTP/Files/UploadedFile.php(216): fopen('http://chapanak...', 'x+')
#2 /var/www/html/vendor/codeigniter4/framework/system/HTTP/Files/UploadedFile.php(163): CodeIgniter\HTTP\Files\UploadedFile->setPath('http://chapanak...')
#3 /var/www/html/app/Controllers/Account.php(914): CodeIgniter\HTTP\Files\UploadedFile->move('http://chapanak...', '1608708283_cf7a...')
#4 /var/www/html/vendor/codeigniter4/framework/system/CodeIgniter.php(918): App\Controllers\Account->debtor()
#5 /var/www/html/vendor/codeigniter4/framework/system/CodeIgniter.php(404): CodeIgniter\CodeIgniter->runController(Object(App\Controllers\Account))
#6 /var/www/html/vendor/codeigniter4/framework/system/CodeIgniter.php(312): CodeIgniter\CodeIgniter->handleRequest(NULL, Object(Config\Cache), false)
#7 /var/www/html/public/index.php(45): CodeIgniter\CodeIgniter->run()
#8 {main}
CRITICAL - 2020-12-23 14:24:52 --> fopen(http://chapanakit.airtimes.co/files/index.html): failed to open stream: HTTP wrapper does not support writeable connections
#0 [internal function]: CodeIgniter\Debug\Exceptions->errorHandler(2, 'fopen(http://ch...', '/var/www/html/v...', 216, Array)
#1 /var/www/html/vendor/codeigniter4/framework/system/HTTP/Files/UploadedFile.php(216): fopen('http://chapanak...', 'x+')
#2 /var/www/html/vendor/codeigniter4/framework/system/HTTP/Files/UploadedFile.php(163): CodeIgniter\HTTP\Files\UploadedFile->setPath('http://chapanak...')
#3 /var/www/html/app/Controllers/Account.php(914): CodeIgniter\HTTP\Files\UploadedFile->move('http://chapanak...', '1608708292_f4a2...')
#4 /var/www/html/vendor/codeigniter4/framework/system/CodeIgniter.php(918): App\Controllers\Account->debtor()
#5 /var/www/html/vendor/codeigniter4/framework/system/CodeIgniter.php(404): CodeIgniter\CodeIgniter->runController(Object(App\Controllers\Account))
#6 /var/www/html/vendor/codeigniter4/framework/system/CodeIgniter.php(312): CodeIgniter\CodeIgniter->handleRequest(NULL, Object(Config\Cache), false)
#7 /var/www/html/public/index.php(45): CodeIgniter\CodeIgniter->run()
#8 {main}
CRITICAL - 2020-12-23 14:24:59 --> fopen(http://chapanakit.airtimes.co/files/index.html): failed to open stream: HTTP wrapper does not support writeable connections
#0 [internal function]: CodeIgniter\Debug\Exceptions->errorHandler(2, 'fopen(http://ch...', '/var/www/html/v...', 216, Array)
#1 /var/www/html/vendor/codeigniter4/framework/system/HTTP/Files/UploadedFile.php(216): fopen('http://chapanak...', 'x+')
#2 /var/www/html/vendor/codeigniter4/framework/system/HTTP/Files/UploadedFile.php(163): CodeIgniter\HTTP\Files\UploadedFile->setPath('http://chapanak...')
#3 /var/www/html/app/Controllers/Account.php(914): CodeIgniter\HTTP\Files\UploadedFile->move('http://chapanak...', '1608708299_98a0...')
#4 /var/www/html/vendor/codeigniter4/framework/system/CodeIgniter.php(918): App\Controllers\Account->debtor()
#5 /var/www/html/vendor/codeigniter4/framework/system/CodeIgniter.php(404): CodeIgniter\CodeIgniter->runController(Object(App\Controllers\Account))
#6 /var/www/html/vendor/codeigniter4/framework/system/CodeIgniter.php(312): CodeIgniter\CodeIgniter->handleRequest(NULL, Object(Config\Cache), false)
#7 /var/www/html/public/index.php(45): CodeIgniter\CodeIgniter->run()
#8 {main}
CRITICAL - 2020-12-23 14:25:04 --> Argument 1 passed to CodeIgniter\HTTP\Files\UploadedFile::move() must be of the type string, null given, called in /var/www/html/app/Controllers/Account.php on line 914
#0 /var/www/html/app/Controllers/Account.php(914): CodeIgniter\HTTP\Files\UploadedFile->move(NULL, '1608708304_c4da...')
#1 /var/www/html/vendor/codeigniter4/framework/system/CodeIgniter.php(918): App\Controllers\Account->debtor()
#2 /var/www/html/vendor/codeigniter4/framework/system/CodeIgniter.php(404): CodeIgniter\CodeIgniter->runController(Object(App\Controllers\Account))
#3 /var/www/html/vendor/codeigniter4/framework/system/CodeIgniter.php(312): CodeIgniter\CodeIgniter->handleRequest(NULL, Object(Config\Cache), false)
#4 /var/www/html/public/index.php(45): CodeIgniter\CodeIgniter->run()
#5 {main}
CRITICAL - 2020-12-23 14:25:56 --> fopen(http://chapanakit.airtimes.co/files/index.html): failed to open stream: HTTP wrapper does not support writeable connections
#0 [internal function]: CodeIgniter\Debug\Exceptions->errorHandler(2, 'fopen(http://ch...', '/var/www/html/v...', 216, Array)
#1 /var/www/html/vendor/codeigniter4/framework/system/HTTP/Files/UploadedFile.php(216): fopen('http://chapanak...', 'x+')
#2 /var/www/html/vendor/codeigniter4/framework/system/HTTP/Files/UploadedFile.php(163): CodeIgniter\HTTP\Files\UploadedFile->setPath('http://chapanak...')
#3 /var/www/html/app/Controllers/Account.php(914): CodeIgniter\HTTP\Files\UploadedFile->move('http://chapanak...', '1608708356_3877...')
#4 /var/www/html/vendor/codeigniter4/framework/system/CodeIgniter.php(918): App\Controllers\Account->debtor()
#5 /var/www/html/vendor/codeigniter4/framework/system/CodeIgniter.php(404): CodeIgniter\CodeIgniter->runController(Object(App\Controllers\Account))
#6 /var/www/html/vendor/codeigniter4/framework/system/CodeIgniter.php(312): CodeIgniter\CodeIgniter->handleRequest(NULL, Object(Config\Cache), false)
#7 /var/www/html/public/index.php(45): CodeIgniter\CodeIgniter->run()
#8 {main}
CRITICAL - 2020-12-23 14:26:09 --> fopen(http://chapanakit.airtimes.co/files/index.html): failed to open stream: HTTP wrapper does not support writeable connections
#0 [internal function]: CodeIgniter\Debug\Exceptions->errorHandler(2, 'fopen(http://ch...', '/var/www/html/v...', 216, Array)
#1 /var/www/html/vendor/codeigniter4/framework/system/HTTP/Files/UploadedFile.php(216): fopen('http://chapanak...', 'x+')
#2 /var/www/html/vendor/codeigniter4/framework/system/HTTP/Files/UploadedFile.php(163): CodeIgniter\HTTP\Files\UploadedFile->setPath('http://chapanak...')
#3 /var/www/html/app/Controllers/Account.php(914): CodeIgniter\HTTP\Files\UploadedFile->move('http://chapanak...', '1608708369_d107...')
#4 /var/www/html/vendor/codeigniter4/framework/system/CodeIgniter.php(918): App\Controllers\Account->debtor()
#5 /var/www/html/vendor/codeigniter4/framework/system/CodeIgniter.php(404): CodeIgniter\CodeIgniter->runController(Object(App\Controllers\Account))
#6 /var/www/html/vendor/codeigniter4/framework/system/CodeIgniter.php(312): CodeIgniter\CodeIgniter->handleRequest(NULL, Object(Config\Cache), false)
#7 /var/www/html/public/index.php(45): CodeIgniter\CodeIgniter->run()
#8 {main}
CRITICAL - 2020-12-23 14:26:27 --> fopen(http://chapanakit.airtimes.co/files/index.html): failed to open stream: HTTP wrapper does not support writeable connections
#0 [internal function]: CodeIgniter\Debug\Exceptions->errorHandler(2, 'fopen(http://ch...', '/var/www/html/v...', 216, Array)
#1 /var/www/html/vendor/codeigniter4/framework/system/HTTP/Files/UploadedFile.php(216): fopen('http://chapanak...', 'x+')
#2 /var/www/html/vendor/codeigniter4/framework/system/HTTP/Files/UploadedFile.php(163): CodeIgniter\HTTP\Files\UploadedFile->setPath('http://chapanak...')
#3 /var/www/html/app/Controllers/Account.php(914): CodeIgniter\HTTP\Files\UploadedFile->move('http://chapanak...', '1608708387_43e2...')
#4 /var/www/html/vendor/codeigniter4/framework/system/CodeIgniter.php(918): App\Controllers\Account->debtor()
#5 /var/www/html/vendor/codeigniter4/framework/system/CodeIgniter.php(404): CodeIgniter\CodeIgniter->runController(Object(App\Controllers\Account))
#6 /var/www/html/vendor/codeigniter4/framework/system/CodeIgniter.php(312): CodeIgniter\CodeIgniter->handleRequest(NULL, Object(Config\Cache), false)
#7 /var/www/html/public/index.php(45): CodeIgniter\CodeIgniter->run()
#8 {main}
CRITICAL - 2020-12-23 14:26:39 --> fopen(http://chapanakit.airtimes.co/files/index.html): failed to open stream: HTTP wrapper does not support writeable connections
#0 [internal function]: CodeIgniter\Debug\Exceptions->errorHandler(2, 'fopen(http://ch...', '/var/www/html/v...', 216, Array)
#1 /var/www/html/vendor/codeigniter4/framework/system/HTTP/Files/UploadedFile.php(216): fopen('http://chapanak...', 'x+')
#2 /var/www/html/vendor/codeigniter4/framework/system/HTTP/Files/UploadedFile.php(163): CodeIgniter\HTTP\Files\UploadedFile->setPath('http://chapanak...')
#3 /var/www/html/app/Controllers/Account.php(914): CodeIgniter\HTTP\Files\UploadedFile->move('http://chapanak...', '1608708399_9b1e...')
#4 /var/www/html/vendor/codeigniter4/framework/system/CodeIgniter.php(918): App\Controllers\Account->debtor()
#5 /var/www/html/vendor/codeigniter4/framework/system/CodeIgniter.php(404): CodeIgniter\CodeIgniter->runController(Object(App\Controllers\Account))
#6 /var/www/html/vendor/codeigniter4/framework/system/CodeIgniter.php(312): CodeIgniter\CodeIgniter->handleRequest(NULL, Object(Config\Cache), false)
#7 /var/www/html/public/index.php(45): CodeIgniter\CodeIgniter->run()
#8 {main}
CRITICAL - 2020-12-23 14:27:00 --> The uploaded file has already been moved.
#0 /var/www/html/vendor/codeigniter4/framework/system/HTTP/Files/UploadedFile.php(167): CodeIgniter\HTTP\Exceptions\HTTPException::forAlreadyMoved()
#1 /var/www/html/app/Controllers/Account.php(920): CodeIgniter\HTTP\Files\UploadedFile->move('/var/www/html/w...', '1608708420_551e...')
#2 /var/www/html/vendor/codeigniter4/framework/system/CodeIgniter.php(918): App\Controllers\Account->debtor()
#3 /var/www/html/vendor/codeigniter4/framework/system/CodeIgniter.php(404): CodeIgniter\CodeIgniter->runController(Object(App\Controllers\Account))
#4 /var/www/html/vendor/codeigniter4/framework/system/CodeIgniter.php(312): CodeIgniter\CodeIgniter->handleRequest(NULL, Object(Config\Cache), false)
#5 /var/www/html/public/index.php(45): CodeIgniter\CodeIgniter->run()
#6 {main}
CRITICAL - 2020-12-23 14:27:02 --> The uploaded file has already been moved.
#0 /var/www/html/vendor/codeigniter4/framework/system/HTTP/Files/UploadedFile.php(167): CodeIgniter\HTTP\Exceptions\HTTPException::forAlreadyMoved()
#1 /var/www/html/app/Controllers/Account.php(920): CodeIgniter\HTTP\Files\UploadedFile->move('/var/www/html/w...', '1608708422_0068...')
#2 /var/www/html/vendor/codeigniter4/framework/system/CodeIgniter.php(918): App\Controllers\Account->debtor()
#3 /var/www/html/vendor/codeigniter4/framework/system/CodeIgniter.php(404): CodeIgniter\CodeIgniter->runController(Object(App\Controllers\Account))
#4 /var/www/html/vendor/codeigniter4/framework/system/CodeIgniter.php(312): CodeIgniter\CodeIgniter->handleRequest(NULL, Object(Config\Cache), false)
#5 /var/www/html/public/index.php(45): CodeIgniter\CodeIgniter->run()
#6 {main}
CRITICAL - 2020-12-23 14:27:16 --> The uploaded file has already been moved.
#0 /var/www/html/vendor/codeigniter4/framework/system/HTTP/Files/UploadedFile.php(167): CodeIgniter\HTTP\Exceptions\HTTPException::forAlreadyMoved()
#1 /var/www/html/app/Controllers/Account.php(920): CodeIgniter\HTTP\Files\UploadedFile->move('/var/www/html/w...', '1608708436_e46b...')
#2 /var/www/html/vendor/codeigniter4/framework/system/CodeIgniter.php(918): App\Controllers\Account->debtor()
#3 /var/www/html/vendor/codeigniter4/framework/system/CodeIgniter.php(404): CodeIgniter\CodeIgniter->runController(Object(App\Controllers\Account))
#4 /var/www/html/vendor/codeigniter4/framework/system/CodeIgniter.php(312): CodeIgniter\CodeIgniter->handleRequest(NULL, Object(Config\Cache), false)
#5 /var/www/html/public/index.php(45): CodeIgniter\CodeIgniter->run()
#6 {main}
CRITICAL - 2020-12-23 14:27:23 --> The uploaded file has already been moved.
#0 /var/www/html/vendor/codeigniter4/framework/system/HTTP/Files/UploadedFile.php(167): CodeIgniter\HTTP\Exceptions\HTTPException::forAlreadyMoved()
#1 /var/www/html/app/Controllers/Account.php(920): CodeIgniter\HTTP\Files\UploadedFile->move('/var/www/html/w...', '1608708443_f4d7...')
#2 /var/www/html/vendor/codeigniter4/framework/system/CodeIgniter.php(918): App\Controllers\Account->debtor()
#3 /var/www/html/vendor/codeigniter4/framework/system/CodeIgniter.php(404): CodeIgniter\CodeIgniter->runController(Object(App\Controllers\Account))
#4 /var/www/html/vendor/codeigniter4/framework/system/CodeIgniter.php(312): CodeIgniter\CodeIgniter->handleRequest(NULL, Object(Config\Cache), false)
#5 /var/www/html/public/index.php(45): CodeIgniter\CodeIgniter->run()
#6 {main}
CRITICAL - 2020-12-23 14:27:39 --> The uploaded file has already been moved.
#0 /var/www/html/vendor/codeigniter4/framework/system/HTTP/Files/UploadedFile.php(167): CodeIgniter\HTTP\Exceptions\HTTPException::forAlreadyMoved()
#1 /var/www/html/app/Controllers/Account.php(920): CodeIgniter\HTTP\Files\UploadedFile->move('/var/www/html/w...', '1608708459_64bb...')
#2 /var/www/html/vendor/codeigniter4/framework/system/CodeIgniter.php(918): App\Controllers\Account->debtor()
#3 /var/www/html/vendor/codeigniter4/framework/system/CodeIgniter.php(404): CodeIgniter\CodeIgniter->runController(Object(App\Controllers\Account))
#4 /var/www/html/vendor/codeigniter4/framework/system/CodeIgniter.php(312): CodeIgniter\CodeIgniter->handleRequest(NULL, Object(Config\Cache), false)
#5 /var/www/html/public/index.php(45): CodeIgniter\CodeIgniter->run()
#6 {main}
CRITICAL - 2020-12-23 14:27:48 --> The uploaded file has already been moved.
#0 /var/www/html/vendor/codeigniter4/framework/system/HTTP/Files/UploadedFile.php(167): CodeIgniter\HTTP\Exceptions\HTTPException::forAlreadyMoved()
#1 /var/www/html/app/Controllers/Account.php(920): CodeIgniter\HTTP\Files\UploadedFile->move('/var/www/html/w...', '1608708468_cf1c...')
#2 /var/www/html/vendor/codeigniter4/framework/system/CodeIgniter.php(918): App\Controllers\Account->debtor()
#3 /var/www/html/vendor/codeigniter4/framework/system/CodeIgniter.php(404): CodeIgniter\CodeIgniter->runController(Object(App\Controllers\Account))
#4 /var/www/html/vendor/codeigniter4/framework/system/CodeIgniter.php(312): CodeIgniter\CodeIgniter->handleRequest(NULL, Object(Config\Cache), false)
#5 /var/www/html/public/index.php(45): CodeIgniter\CodeIgniter->run()
#6 {main}
CRITICAL - 2020-12-23 14:29:11 --> fopen(http://chapanakit.airtimes.co/files/index.html): failed to open stream: HTTP wrapper does not support writeable connections
#0 [internal function]: CodeIgniter\Debug\Exceptions->errorHandler(2, 'fopen(http://ch...', '/var/www/html/v...', 216, Array)
#1 /var/www/html/vendor/codeigniter4/framework/system/HTTP/Files/UploadedFile.php(216): fopen('http://chapanak...', 'x+')
#2 /var/www/html/vendor/codeigniter4/framework/system/HTTP/Files/UploadedFile.php(163): CodeIgniter\HTTP\Files\UploadedFile->setPath('http://chapanak...')
#3 /var/www/html/app/Controllers/Account.php(914): CodeIgniter\HTTP\Files\UploadedFile->move('http://chapanak...', '1608708551_baf7...')
#4 /var/www/html/vendor/codeigniter4/framework/system/CodeIgniter.php(918): App\Controllers\Account->debtor()
#5 /var/www/html/vendor/codeigniter4/framework/system/CodeIgniter.php(404): CodeIgniter\CodeIgniter->runController(Object(App\Controllers\Account))
#6 /var/www/html/vendor/codeigniter4/framework/system/CodeIgniter.php(312): CodeIgniter\CodeIgniter->handleRequest(NULL, Object(Config\Cache), false)
#7 /var/www/html/public/index.php(45): CodeIgniter\CodeIgniter->run()
#8 {main}
CRITICAL - 2020-12-23 14:29:14 --> fopen(http://chapanakit.airtimes.co/files/index.html): failed to open stream: HTTP wrapper does not support writeable connections
#0 [internal function]: CodeIgniter\Debug\Exceptions->errorHandler(2, 'fopen(http://ch...', '/var/www/html/v...', 216, Array)
#1 /var/www/html/vendor/codeigniter4/framework/system/HTTP/Files/UploadedFile.php(216): fopen('http://chapanak...', 'x+')
#2 /var/www/html/vendor/codeigniter4/framework/system/HTTP/Files/UploadedFile.php(163): CodeIgniter\HTTP\Files\UploadedFile->setPath('http://chapanak...')
#3 /var/www/html/app/Controllers/Account.php(914): CodeIgniter\HTTP\Files\UploadedFile->move('http://chapanak...', '1608708554_49f5...')
#4 /var/www/html/vendor/codeigniter4/framework/system/CodeIgniter.php(918): App\Controllers\Account->debtor()
#5 /var/www/html/vendor/codeigniter4/framework/system/CodeIgniter.php(404): CodeIgniter\CodeIgniter->runController(Object(App\Controllers\Account))
#6 /var/www/html/vendor/codeigniter4/framework/system/CodeIgniter.php(312): CodeIgniter\CodeIgniter->handleRequest(NULL, Object(Config\Cache), false)
#7 /var/www/html/public/index.php(45): CodeIgniter\CodeIgniter->run()
#8 {main}
CRITICAL - 2020-12-23 14:29:48 --> fopen(http://chapanakit.airtimes.co/files/index.html): failed to open stream: HTTP wrapper does not support writeable connections
#0 [internal function]: CodeIgniter\Debug\Exceptions->errorHandler(2, 'fopen(http://ch...', '/var/www/html/v...', 216, Array)
#1 /var/www/html/vendor/codeigniter4/framework/system/HTTP/Files/UploadedFile.php(216): fopen('http://chapanak...', 'x+')
#2 /var/www/html/vendor/codeigniter4/framework/system/HTTP/Files/UploadedFile.php(163): CodeIgniter\HTTP\Files\UploadedFile->setPath('http://chapanak...')
#3 /var/www/html/app/Controllers/Account.php(914): CodeIgniter\HTTP\Files\UploadedFile->move('http://chapanak...', '1608708588_fe28...')
#4 /var/www/html/vendor/codeigniter4/framework/system/CodeIgniter.php(918): App\Controllers\Account->debtor()
#5 /var/www/html/vendor/codeigniter4/framework/system/CodeIgniter.php(404): CodeIgniter\CodeIgniter->runController(Object(App\Controllers\Account))
#6 /var/www/html/vendor/codeigniter4/framework/system/CodeIgniter.php(312): CodeIgniter\CodeIgniter->handleRequest(NULL, Object(Config\Cache), false)
#7 /var/www/html/public/index.php(45): CodeIgniter\CodeIgniter->run()
#8 {main}
CRITICAL - 2020-12-23 14:38:13 --> mkdir(): Permission denied
#0 [internal function]: CodeIgniter\Debug\Exceptions->errorHandler(2, 'mkdir(): Permis...', '/var/www/html/v...', 212, Array)
#1 /var/www/html/vendor/codeigniter4/framework/system/HTTP/Files/UploadedFile.php(212): mkdir('./public/files', 511, true)
#2 /var/www/html/vendor/codeigniter4/framework/system/HTTP/Files/UploadedFile.php(163): CodeIgniter\HTTP\Files\UploadedFile->setPath('./public/files')
#3 /var/www/html/app/Controllers/Account.php(914): CodeIgniter\HTTP\Files\UploadedFile->move('./public/files', '1608709093_7aea...')
#4 /var/www/html/vendor/codeigniter4/framework/system/CodeIgniter.php(918): App\Controllers\Account->debtor()
#5 /var/www/html/vendor/codeigniter4/framework/system/CodeIgniter.php(404): CodeIgniter\CodeIgniter->runController(Object(App\Controllers\Account))
#6 /var/www/html/vendor/codeigniter4/framework/system/CodeIgniter.php(312): CodeIgniter\CodeIgniter->handleRequest(NULL, Object(Config\Cache), false)
#7 /var/www/html/public/index.php(45): CodeIgniter\CodeIgniter->run()
#8 {main}
CRITICAL - 2020-12-23 14:39:24 --> mkdir(): Permission denied
#0 [internal function]: CodeIgniter\Debug\Exceptions->errorHandler(2, 'mkdir(): Permis...', '/var/www/html/v...', 212, Array)
#1 /var/www/html/vendor/codeigniter4/framework/system/HTTP/Files/UploadedFile.php(212): mkdir('./public/files/', 511, true)
#2 /var/www/html/vendor/codeigniter4/framework/system/HTTP/Files/UploadedFile.php(163): CodeIgniter\HTTP\Files\UploadedFile->setPath('./public/files/')
#3 /var/www/html/app/Controllers/Account.php(914): CodeIgniter\HTTP\Files\UploadedFile->move('./public/files/', '1608709164_005b...')
#4 /var/www/html/vendor/codeigniter4/framework/system/CodeIgniter.php(918): App\Controllers\Account->debtor()
#5 /var/www/html/vendor/codeigniter4/framework/system/CodeIgniter.php(404): CodeIgniter\CodeIgniter->runController(Object(App\Controllers\Account))
#6 /var/www/html/vendor/codeigniter4/framework/system/CodeIgniter.php(312): CodeIgniter\CodeIgniter->handleRequest(NULL, Object(Config\Cache), false)
#7 /var/www/html/public/index.php(45): CodeIgniter\CodeIgniter->run()
#8 {main}
CRITICAL - 2020-12-23 14:41:01 --> mkdir(): Permission denied
#0 [internal function]: CodeIgniter\Debug\Exceptions->errorHandler(2, 'mkdir(): Permis...', '/var/www/html/v...', 212, Array)
#1 /var/www/html/vendor/codeigniter4/framework/system/HTTP/Files/UploadedFile.php(212): mkdir('./public/files/', 511, true)
#2 /var/www/html/vendor/codeigniter4/framework/system/HTTP/Files/UploadedFile.php(163): CodeIgniter\HTTP\Files\UploadedFile->setPath('./public/files/')
#3 /var/www/html/app/Controllers/Account.php(914): CodeIgniter\HTTP\Files\UploadedFile->move('./public/files/', '1608709261_fb7d...')
#4 /var/www/html/vendor/codeigniter4/framework/system/CodeIgniter.php(918): App\Controllers\Account->debtor()
#5 /var/www/html/vendor/codeigniter4/framework/system/CodeIgniter.php(404): CodeIgniter\CodeIgniter->runController(Object(App\Controllers\Account))
#6 /var/www/html/vendor/codeigniter4/framework/system/CodeIgniter.php(312): CodeIgniter\CodeIgniter->handleRequest(NULL, Object(Config\Cache), false)
#7 /var/www/html/public/index.php(45): CodeIgniter\CodeIgniter->run()
#8 {main}
CRITICAL - 2020-12-23 14:42:20 --> mkdir(): Permission denied
#0 [internal function]: CodeIgniter\Debug\Exceptions->errorHandler(2, 'mkdir(): Permis...', '/var/www/html/v...', 212, Array)
#1 /var/www/html/vendor/codeigniter4/framework/system/HTTP/Files/UploadedFile.php(212): mkdir('./public/files', 511, true)
#2 /var/www/html/vendor/codeigniter4/framework/system/HTTP/Files/UploadedFile.php(163): CodeIgniter\HTTP\Files\UploadedFile->setPath('./public/files')
#3 /var/www/html/app/Controllers/Account.php(914): CodeIgniter\HTTP\Files\UploadedFile->move('./public/files', '1608709340_5643...')
#4 /var/www/html/vendor/codeigniter4/framework/system/CodeIgniter.php(918): App\Controllers\Account->debtor()
#5 /var/www/html/vendor/codeigniter4/framework/system/CodeIgniter.php(404): CodeIgniter\CodeIgniter->runController(Object(App\Controllers\Account))
#6 /var/www/html/vendor/codeigniter4/framework/system/CodeIgniter.php(312): CodeIgniter\CodeIgniter->handleRequest(NULL, Object(Config\Cache), false)
#7 /var/www/html/public/index.php(45): CodeIgniter\CodeIgniter->run()
#8 {main}
CRITICAL - 2020-12-23 14:42:23 --> mkdir(): Permission denied
#0 [internal function]: CodeIgniter\Debug\Exceptions->errorHandler(2, 'mkdir(): Permis...', '/var/www/html/v...', 212, Array)
#1 /var/www/html/vendor/codeigniter4/framework/system/HTTP/Files/UploadedFile.php(212): mkdir('./public/files', 511, true)
#2 /var/www/html/vendor/codeigniter4/framework/system/HTTP/Files/UploadedFile.php(163): CodeIgniter\HTTP\Files\UploadedFile->setPath('./public/files')
#3 /var/www/html/app/Controllers/Account.php(914): CodeIgniter\HTTP\Files\UploadedFile->move('./public/files', '1608709343_4857...')
#4 /var/www/html/vendor/codeigniter4/framework/system/CodeIgniter.php(918): App\Controllers\Account->debtor()
#5 /var/www/html/vendor/codeigniter4/framework/system/CodeIgniter.php(404): CodeIgniter\CodeIgniter->runController(Object(App\Controllers\Account))
#6 /var/www/html/vendor/codeigniter4/framework/system/CodeIgniter.php(312): CodeIgniter\CodeIgniter->handleRequest(NULL, Object(Config\Cache), false)
#7 /var/www/html/public/index.php(45): CodeIgniter\CodeIgniter->run()
#8 {main}
CRITICAL - 2020-12-23 14:42:24 --> mkdir(): Permission denied
#0 [internal function]: CodeIgniter\Debug\Exceptions->errorHandler(2, 'mkdir(): Permis...', '/var/www/html/v...', 212, Array)
#1 /var/www/html/vendor/codeigniter4/framework/system/HTTP/Files/UploadedFile.php(212): mkdir('./public/files', 511, true)
#2 /var/www/html/vendor/codeigniter4/framework/system/HTTP/Files/UploadedFile.php(163): CodeIgniter\HTTP\Files\UploadedFile->setPath('./public/files')
#3 /var/www/html/app/Controllers/Account.php(914): CodeIgniter\HTTP\Files\UploadedFile->move('./public/files', '1608709344_33b9...')
#4 /var/www/html/vendor/codeigniter4/framework/system/CodeIgniter.php(918): App\Controllers\Account->debtor()
#5 /var/www/html/vendor/codeigniter4/framework/system/CodeIgniter.php(404): CodeIgniter\CodeIgniter->runController(Object(App\Controllers\Account))
#6 /var/www/html/vendor/codeigniter4/framework/system/CodeIgniter.php(312): CodeIgniter\CodeIgniter->handleRequest(NULL, Object(Config\Cache), false)
#7 /var/www/html/public/index.php(45): CodeIgniter\CodeIgniter->run()
#8 {main}
CRITICAL - 2020-12-23 15:10:09 --> Cannot use object of type CodeIgniter\HTTP\Files\UploadedFile as array
#0 /var/www/html/vendor/codeigniter4/framework/system/CodeIgniter.php(918): App\Controllers\Account->edit_debtor('5')
#1 /var/www/html/vendor/codeigniter4/framework/system/CodeIgniter.php(404): CodeIgniter\CodeIgniter->runController(Object(App\Controllers\Account))
#2 /var/www/html/vendor/codeigniter4/framework/system/CodeIgniter.php(312): CodeIgniter\CodeIgniter->handleRequest(NULL, Object(Config\Cache), false)
#3 /var/www/html/public/index.php(45): CodeIgniter\CodeIgniter->run()
#4 {main}
CRITICAL - 2020-12-23 15:59:23 --> Invalid file: ac/debtor.php
#0 /var/www/html/vendor/codeigniter4/framework/system/View/View.php(228): CodeIgniter\Exceptions\FrameworkException::forInvalidFile('ac/debtor.php')
#1 /var/www/html/vendor/codeigniter4/framework/system/Common.php(1119): CodeIgniter\View\View->render('ac/debtor', Array, true)
#2 /var/www/html/app/Controllers/Account.php(942): view('ac/debtor')
#3 /var/www/html/vendor/codeigniter4/framework/system/CodeIgniter.php(918): App\Controllers\Account->debtor()
#4 /var/www/html/vendor/codeigniter4/framework/system/CodeIgniter.php(404): CodeIgniter\CodeIgniter->runController(Object(App\Controllers\Account))
#5 /var/www/html/vendor/codeigniter4/framework/system/CodeIgniter.php(312): CodeIgniter\CodeIgniter->handleRequest(NULL, Object(Config\Cache), false)
#6 /var/www/html/public/index.php(45): CodeIgniter\CodeIgniter->run()
#7 {main}
CRITICAL - 2020-12-23 16:06:42 --> Argument 1 passed to CodeIgniter\HTTP\RedirectResponse::to() must be of the type string, null given, called in /var/www/html/app/Controllers/Finance.php on line 2168
#0 /var/www/html/app/Controllers/Finance.php(2168): CodeIgniter\HTTP\RedirectResponse->to(NULL)
#1 /var/www/html/vendor/codeigniter4/framework/system/CodeIgniter.php(918): App\Controllers\Finance->view_acceptpaymentpdf('5')
#2 /var/www/html/vendor/codeigniter4/framework/system/CodeIgniter.php(404): CodeIgniter\CodeIgniter->runController(Object(App\Controllers\Finance))
#3 /var/www/html/vendor/codeigniter4/framework/system/CodeIgniter.php(312): CodeIgniter\CodeIgniter->handleRequest(NULL, Object(Config\Cache), false)
#4 /var/www/html/public/index.php(45): CodeIgniter\CodeIgniter->run()
#5 {main}
CRITICAL - 2020-12-23 16:08:43 --> Argument 1 passed to CodeIgniter\HTTP\RedirectResponse::to() must be of the type string, null given, called in /var/www/html/app/Controllers/Finance.php on line 2168
#0 /var/www/html/app/Controllers/Finance.php(2168): CodeIgniter\HTTP\RedirectResponse->to(NULL)
#1 /var/www/html/vendor/codeigniter4/framework/system/CodeIgniter.php(918): App\Controllers\Finance->view_acceptpaymentpdf('14')
#2 /var/www/html/vendor/codeigniter4/framework/system/CodeIgniter.php(404): CodeIgniter\CodeIgniter->runController(Object(App\Controllers\Finance))
#3 /var/www/html/vendor/codeigniter4/framework/system/CodeIgniter.php(312): CodeIgniter\CodeIgniter->handleRequest(NULL, Object(Config\Cache), false)
#4 /var/www/html/public/index.php(45): CodeIgniter\CodeIgniter->run()
#5 {main}
CRITICAL - 2020-12-23 16:20:09 --> Argument 1 passed to CodeIgniter\HTTP\RedirectResponse::to() must be of the type string, null given, called in /var/www/html/app/Controllers/Finance.php on line 2168
#0 /var/www/html/app/Controllers/Finance.php(2168): CodeIgniter\HTTP\RedirectResponse->to(NULL)
#1 /var/www/html/vendor/codeigniter4/framework/system/CodeIgniter.php(918): App\Controllers\Finance->view_acceptpaymentpdf('25')
#2 /var/www/html/vendor/codeigniter4/framework/system/CodeIgniter.php(404): CodeIgniter\CodeIgniter->runController(Object(App\Controllers\Finance))
#3 /var/www/html/vendor/codeigniter4/framework/system/CodeIgniter.php(312): CodeIgniter\CodeIgniter->handleRequest(NULL, Object(Config\Cache), false)
#4 /var/www/html/public/index.php(45): CodeIgniter\CodeIgniter->run()
#5 {main}
CRITICAL - 2020-12-23 16:20:48 --> Argument 1 passed to CodeIgniter\HTTP\RedirectResponse::to() must be of the type string, null given, called in /var/www/html/app/Controllers/Finance.php on line 2168
#0 /var/www/html/app/Controllers/Finance.php(2168): CodeIgniter\HTTP\RedirectResponse->to(NULL)
#1 /var/www/html/vendor/codeigniter4/framework/system/CodeIgniter.php(918): App\Controllers\Finance->view_acceptpaymentpdf('25')
#2 /var/www/html/vendor/codeigniter4/framework/system/CodeIgniter.php(404): CodeIgniter\CodeIgniter->runController(Object(App\Controllers\Finance))
#3 /var/www/html/vendor/codeigniter4/framework/system/CodeIgniter.php(312): CodeIgniter\CodeIgniter->handleRequest(NULL, Object(Config\Cache), false)
#4 /var/www/html/public/index.php(45): CodeIgniter\CodeIgniter->run()
#5 {main}
CRITICAL - 2020-12-23 16:22:13 --> Argument 1 passed to CodeIgniter\HTTP\RedirectResponse::to() must be of the type string, null given, called in /var/www/html/app/Controllers/Finance.php on line 2168
#0 /var/www/html/app/Controllers/Finance.php(2168): CodeIgniter\HTTP\RedirectResponse->to(NULL)
#1 /var/www/html/vendor/codeigniter4/framework/system/CodeIgniter.php(918): App\Controllers\Finance->view_acceptpaymentpdf('5')
#2 /var/www/html/vendor/codeigniter4/framework/system/CodeIgniter.php(404): CodeIgniter\CodeIgniter->runController(Object(App\Controllers\Finance))
#3 /var/www/html/vendor/codeigniter4/framework/system/CodeIgniter.php(312): CodeIgniter\CodeIgniter->handleRequest(NULL, Object(Config\Cache), false)
#4 /var/www/html/public/index.php(45): CodeIgniter\CodeIgniter->run()
#5 {main}
CRITICAL - 2020-12-23 16:55:49 --> Argument 1 passed to CodeIgniter\HTTP\RedirectResponse::to() must be of the type string, null given, called in /var/www/html/app/Controllers/Finance.php on line 2168
#0 /var/www/html/app/Controllers/Finance.php(2168): CodeIgniter\HTTP\RedirectResponse->to(NULL)
#1 /var/www/html/vendor/codeigniter4/framework/system/CodeIgniter.php(918): App\Controllers\Finance->view_acceptpaymentpdf('16')
#2 /var/www/html/vendor/codeigniter4/framework/system/CodeIgniter.php(404): CodeIgniter\CodeIgniter->runController(Object(App\Controllers\Finance))
#3 /var/www/html/vendor/codeigniter4/framework/system/CodeIgniter.php(312): CodeIgniter\CodeIgniter->handleRequest(NULL, Object(Config\Cache), false)
#4 /var/www/html/public/index.php(45): CodeIgniter\CodeIgniter->run()
#5 {main}
CRITICAL - 2020-12-23 17:04:26 --> Argument 1 passed to CodeIgniter\HTTP\RedirectResponse::to() must be of the type string, null given, called in /var/www/html/app/Controllers/Finance.php on line 2168
#0 /var/www/html/app/Controllers/Finance.php(2168): CodeIgniter\HTTP\RedirectResponse->to(NULL)
#1 /var/www/html/vendor/codeigniter4/framework/system/CodeIgniter.php(918): App\Controllers\Finance->view_acceptpaymentpdf('26')
#2 /var/www/html/vendor/codeigniter4/framework/system/CodeIgniter.php(404): CodeIgniter\CodeIgniter->runController(Object(App\Controllers\Finance))
#3 /var/www/html/vendor/codeigniter4/framework/system/CodeIgniter.php(312): CodeIgniter\CodeIgniter->handleRequest(NULL, Object(Config\Cache), false)
#4 /var/www/html/public/index.php(45): CodeIgniter\CodeIgniter->run()
#5 {main}
