CRITICAL - 2020-10-15 01:05:40 --> Call to a member function table() on null
#0 C:\Users\kanoot\Desktop\ณกส\vendor\codeigniter4\framework\system\CodeIgniter.php(918): App\Controllers\Home->index()
#1 C:\Users\kanoot\Desktop\ณกส\vendor\codeigniter4\framework\system\CodeIgniter.php(404): CodeIgniter\CodeIgniter->runController(Object(App\Controllers\Home))
#2 C:\Users\kanoot\Desktop\ณกส\vendor\codeigniter4\framework\system\CodeIgniter.php(312): CodeIgniter\CodeIgniter->handleRequest(NULL, Object(Config\Cache), false)
#3 C:\Users\kanoot\Desktop\ณกส\public\index.php(45): CodeIgniter\CodeIgniter->run()
#4 C:\Users\kanoot\Desktop\ณกส\vendor\codeigniter4\framework\system\Commands\Server\rewrite.php(34): require_once('C:\\Users\\kanoot...')
#5 {main}
CRITICAL - 2020-10-15 01:07:18 --> Call to a member function getContacts() on null
#0 C:\Users\kanoot\Desktop\ณกส\vendor\codeigniter4\framework\system\CodeIgniter.php(918): App\Controllers\Home->index()
#1 C:\Users\kanoot\Desktop\ณกส\vendor\codeigniter4\framework\system\CodeIgniter.php(404): CodeIgniter\CodeIgniter->runController(Object(App\Controllers\Home))
#2 C:\Users\kanoot\Desktop\ณกส\vendor\codeigniter4\framework\system\CodeIgniter.php(312): CodeIgniter\CodeIgniter->handleRequest(NULL, Object(Config\Cache), false)
#3 C:\Users\kanoot\Desktop\ณกส\public\index.php(45): CodeIgniter\CodeIgniter->run()
#4 C:\Users\kanoot\Desktop\ณกส\vendor\codeigniter4\framework\system\Commands\Server\rewrite.php(34): require_once('C:\\Users\\kanoot...')
#5 {main}
CRITICAL - 2020-10-15 01:07:20 --> Call to a member function getContacts() on null
#0 C:\Users\kanoot\Desktop\ณกส\vendor\codeigniter4\framework\system\CodeIgniter.php(918): App\Controllers\Home->index()
#1 C:\Users\kanoot\Desktop\ณกส\vendor\codeigniter4\framework\system\CodeIgniter.php(404): CodeIgniter\CodeIgniter->runController(Object(App\Controllers\Home))
#2 C:\Users\kanoot\Desktop\ณกส\vendor\codeigniter4\framework\system\CodeIgniter.php(312): CodeIgniter\CodeIgniter->handleRequest(NULL, Object(Config\Cache), false)
#3 C:\Users\kanoot\Desktop\ณกส\public\index.php(45): CodeIgniter\CodeIgniter->run()
#4 C:\Users\kanoot\Desktop\ณกส\vendor\codeigniter4\framework\system\Commands\Server\rewrite.php(34): require_once('C:\\Users\\kanoot...')
#5 {main}
CRITICAL - 2020-10-15 01:07:20 --> Call to a member function getContacts() on null
#0 C:\Users\kanoot\Desktop\ณกส\vendor\codeigniter4\framework\system\CodeIgniter.php(918): App\Controllers\Home->index()
#1 C:\Users\kanoot\Desktop\ณกส\vendor\codeigniter4\framework\system\CodeIgniter.php(404): CodeIgniter\CodeIgniter->runController(Object(App\Controllers\Home))
#2 C:\Users\kanoot\Desktop\ณกส\vendor\codeigniter4\framework\system\CodeIgniter.php(312): CodeIgniter\CodeIgniter->handleRequest(NULL, Object(Config\Cache), false)
#3 C:\Users\kanoot\Desktop\ณกส\public\index.php(45): CodeIgniter\CodeIgniter->run()
#4 C:\Users\kanoot\Desktop\ณกส\vendor\codeigniter4\framework\system\Commands\Server\rewrite.php(34): require_once('C:\\Users\\kanoot...')
#5 {main}
CRITICAL - 2020-10-15 01:26:52 --> Invalid argument supplied for foreach()
#0 C:\Users\kanoot\Desktop\ณกส\app\Views\welcome_message.php(337): CodeIgniter\Debug\Exceptions->errorHandler(2, 'Invalid argumen...', 'C:\\Users\\kanoot...', 337, Array)
#1 C:\Users\kanoot\Desktop\ณกส\vendor\codeigniter4\framework\system\View\View.php(246): include('C:\\Users\\kanoot...')
#2 C:\Users\kanoot\Desktop\ณกส\vendor\codeigniter4\framework\system\Common.php(1119): CodeIgniter\View\View->render('welcome_message', Array, true)
#3 C:\Users\kanoot\Desktop\ณกส\app\Controllers\Home.php(18): view('welcome_message', Array)
#4 C:\Users\kanoot\Desktop\ณกส\vendor\codeigniter4\framework\system\CodeIgniter.php(918): App\Controllers\Home->index()
#5 C:\Users\kanoot\Desktop\ณกส\vendor\codeigniter4\framework\system\CodeIgniter.php(404): CodeIgniter\CodeIgniter->runController(Object(App\Controllers\Home))
#6 C:\Users\kanoot\Desktop\ณกส\vendor\codeigniter4\framework\system\CodeIgniter.php(312): CodeIgniter\CodeIgniter->handleRequest(NULL, Object(Config\Cache), false)
#7 C:\Users\kanoot\Desktop\ณกส\public\index.php(45): CodeIgniter\CodeIgniter->run()
#8 C:\Users\kanoot\Desktop\ณกส\vendor\codeigniter4\framework\system\Commands\Server\rewrite.php(34): require_once('C:\\Users\\kanoot...')
#9 {main}
CRITICAL - 2020-10-15 01:27:05 --> Invalid argument supplied for foreach()
#0 C:\Users\kanoot\Desktop\ณกส\app\Views\welcome_message.php(337): CodeIgniter\Debug\Exceptions->errorHandler(2, 'Invalid argumen...', 'C:\\Users\\kanoot...', 337, Array)
#1 C:\Users\kanoot\Desktop\ณกส\vendor\codeigniter4\framework\system\View\View.php(246): include('C:\\Users\\kanoot...')
#2 C:\Users\kanoot\Desktop\ณกส\vendor\codeigniter4\framework\system\Common.php(1119): CodeIgniter\View\View->render('welcome_message', Array, true)
#3 C:\Users\kanoot\Desktop\ณกส\app\Controllers\Home.php(18): view('welcome_message', Array)
#4 C:\Users\kanoot\Desktop\ณกส\vendor\codeigniter4\framework\system\CodeIgniter.php(918): App\Controllers\Home->index()
#5 C:\Users\kanoot\Desktop\ณกส\vendor\codeigniter4\framework\system\CodeIgniter.php(404): CodeIgniter\CodeIgniter->runController(Object(App\Controllers\Home))
#6 C:\Users\kanoot\Desktop\ณกส\vendor\codeigniter4\framework\system\CodeIgniter.php(312): CodeIgniter\CodeIgniter->handleRequest(NULL, Object(Config\Cache), false)
#7 C:\Users\kanoot\Desktop\ณกส\public\index.php(45): CodeIgniter\CodeIgniter->run()
#8 C:\Users\kanoot\Desktop\ณกส\vendor\codeigniter4\framework\system\Commands\Server\rewrite.php(34): require_once('C:\\Users\\kanoot...')
#9 {main}
CRITICAL - 2020-10-15 01:39:04 --> Call to a member function post() on null
#0 C:\Users\kanoot\Desktop\ณกส\vendor\codeigniter4\framework\system\CodeIgniter.php(918): App\Controllers\Home->index()
#1 C:\Users\kanoot\Desktop\ณกส\vendor\codeigniter4\framework\system\CodeIgniter.php(404): CodeIgniter\CodeIgniter->runController(Object(App\Controllers\Home))
#2 C:\Users\kanoot\Desktop\ณกส\vendor\codeigniter4\framework\system\CodeIgniter.php(312): CodeIgniter\CodeIgniter->handleRequest(NULL, Object(Config\Cache), false)
#3 C:\Users\kanoot\Desktop\ณกส\public\index.php(45): CodeIgniter\CodeIgniter->run()
#4 C:\Users\kanoot\Desktop\ณกส\vendor\codeigniter4\framework\system\Commands\Server\rewrite.php(34): require_once('C:\\Users\\kanoot...')
#5 {main}
CRITICAL - 2020-10-15 01:40:07 --> Call to a member function post() on null
#0 C:\Users\kanoot\Desktop\ณกส\vendor\codeigniter4\framework\system\CodeIgniter.php(918): App\Controllers\Home->index()
#1 C:\Users\kanoot\Desktop\ณกส\vendor\codeigniter4\framework\system\CodeIgniter.php(404): CodeIgniter\CodeIgniter->runController(Object(App\Controllers\Home))
#2 C:\Users\kanoot\Desktop\ณกส\vendor\codeigniter4\framework\system\CodeIgniter.php(312): CodeIgniter\CodeIgniter->handleRequest(NULL, Object(Config\Cache), false)
#3 C:\Users\kanoot\Desktop\ณกส\public\index.php(45): CodeIgniter\CodeIgniter->run()
#4 C:\Users\kanoot\Desktop\ณกส\vendor\codeigniter4\framework\system\Commands\Server\rewrite.php(34): require_once('C:\\Users\\kanoot...')
#5 {main}
CRITICAL - 2020-10-15 01:40:22 --> Call to a member function post() on null
#0 C:\Users\kanoot\Desktop\ณกส\vendor\codeigniter4\framework\system\CodeIgniter.php(918): App\Controllers\Home->index()
#1 C:\Users\kanoot\Desktop\ณกส\vendor\codeigniter4\framework\system\CodeIgniter.php(404): CodeIgniter\CodeIgniter->runController(Object(App\Controllers\Home))
#2 C:\Users\kanoot\Desktop\ณกส\vendor\codeigniter4\framework\system\CodeIgniter.php(312): CodeIgniter\CodeIgniter->handleRequest(NULL, Object(Config\Cache), false)
#3 C:\Users\kanoot\Desktop\ณกส\public\index.php(45): CodeIgniter\CodeIgniter->run()
#4 C:\Users\kanoot\Desktop\ณกส\vendor\codeigniter4\framework\system\Commands\Server\rewrite.php(34): require_once('C:\\Users\\kanoot...')
#5 {main}
CRITICAL - 2020-10-15 01:41:08 --> Call to a member function post() on null
#0 C:\Users\kanoot\Desktop\ณกส\vendor\codeigniter4\framework\system\CodeIgniter.php(918): App\Controllers\Home->index()
#1 C:\Users\kanoot\Desktop\ณกส\vendor\codeigniter4\framework\system\CodeIgniter.php(404): CodeIgniter\CodeIgniter->runController(Object(App\Controllers\Home))
#2 C:\Users\kanoot\Desktop\ณกส\vendor\codeigniter4\framework\system\CodeIgniter.php(312): CodeIgniter\CodeIgniter->handleRequest(NULL, Object(Config\Cache), false)
#3 C:\Users\kanoot\Desktop\ณกส\public\index.php(45): CodeIgniter\CodeIgniter->run()
#4 C:\Users\kanoot\Desktop\ณกส\vendor\codeigniter4\framework\system\Commands\Server\rewrite.php(34): require_once('C:\\Users\\kanoot...')
#5 {main}
CRITICAL - 2020-10-15 01:41:30 --> Call to a member function post() on null
#0 C:\Users\kanoot\Desktop\ณกส\vendor\codeigniter4\framework\system\CodeIgniter.php(918): App\Controllers\Home->index()
#1 C:\Users\kanoot\Desktop\ณกส\vendor\codeigniter4\framework\system\CodeIgniter.php(404): CodeIgniter\CodeIgniter->runController(Object(App\Controllers\Home))
#2 C:\Users\kanoot\Desktop\ณกส\vendor\codeigniter4\framework\system\CodeIgniter.php(312): CodeIgniter\CodeIgniter->handleRequest(NULL, Object(Config\Cache), false)
#3 C:\Users\kanoot\Desktop\ณกส\public\index.php(45): CodeIgniter\CodeIgniter->run()
#4 C:\Users\kanoot\Desktop\ณกส\vendor\codeigniter4\framework\system\Commands\Server\rewrite.php(34): require_once('C:\\Users\\kanoot...')
#5 {main}
CRITICAL - 2020-10-15 01:41:41 --> Call to a member function post() on null
#0 C:\Users\kanoot\Desktop\ณกส\vendor\codeigniter4\framework\system\CodeIgniter.php(918): App\Controllers\Home->index()
#1 C:\Users\kanoot\Desktop\ณกส\vendor\codeigniter4\framework\system\CodeIgniter.php(404): CodeIgniter\CodeIgniter->runController(Object(App\Controllers\Home))
#2 C:\Users\kanoot\Desktop\ณกส\vendor\codeigniter4\framework\system\CodeIgniter.php(312): CodeIgniter\CodeIgniter->handleRequest(NULL, Object(Config\Cache), false)
#3 C:\Users\kanoot\Desktop\ณกส\public\index.php(45): CodeIgniter\CodeIgniter->run()
#4 C:\Users\kanoot\Desktop\ณกส\vendor\codeigniter4\framework\system\Commands\Server\rewrite.php(34): require_once('C:\\Users\\kanoot...')
#5 {main}
CRITICAL - 2020-10-15 01:42:02 --> Call to a member function post() on null
#0 C:\Users\kanoot\Desktop\ณกส\vendor\codeigniter4\framework\system\CodeIgniter.php(918): App\Controllers\Home->index()
#1 C:\Users\kanoot\Desktop\ณกส\vendor\codeigniter4\framework\system\CodeIgniter.php(404): CodeIgniter\CodeIgniter->runController(Object(App\Controllers\Home))
#2 C:\Users\kanoot\Desktop\ณกส\vendor\codeigniter4\framework\system\CodeIgniter.php(312): CodeIgniter\CodeIgniter->handleRequest(NULL, Object(Config\Cache), false)
#3 C:\Users\kanoot\Desktop\ณกส\public\index.php(45): CodeIgniter\CodeIgniter->run()
#4 C:\Users\kanoot\Desktop\ณกส\vendor\codeigniter4\framework\system\Commands\Server\rewrite.php(34): require_once('C:\\Users\\kanoot...')
#5 {main}
CRITICAL - 2020-10-15 01:42:03 --> Call to a member function post() on null
#0 C:\Users\kanoot\Desktop\ณกส\vendor\codeigniter4\framework\system\CodeIgniter.php(918): App\Controllers\Home->index()
#1 C:\Users\kanoot\Desktop\ณกส\vendor\codeigniter4\framework\system\CodeIgniter.php(404): CodeIgniter\CodeIgniter->runController(Object(App\Controllers\Home))
#2 C:\Users\kanoot\Desktop\ณกส\vendor\codeigniter4\framework\system\CodeIgniter.php(312): CodeIgniter\CodeIgniter->handleRequest(NULL, Object(Config\Cache), false)
#3 C:\Users\kanoot\Desktop\ณกส\public\index.php(45): CodeIgniter\CodeIgniter->run()
#4 C:\Users\kanoot\Desktop\ณกส\vendor\codeigniter4\framework\system\Commands\Server\rewrite.php(34): require_once('C:\\Users\\kanoot...')
#5 {main}
CRITICAL - 2020-10-15 01:49:36 --> Call to undefined function form_open()
#0 C:\Users\kanoot\Desktop\ณกส\vendor\codeigniter4\framework\system\View\View.php(246): include()
#1 C:\Users\kanoot\Desktop\ณกส\vendor\codeigniter4\framework\system\Common.php(1119): CodeIgniter\View\View->render('welcome_message', Array, true)
#2 C:\Users\kanoot\Desktop\ณกส\app\Controllers\Home.php(19): view('welcome_message', Array)
#3 C:\Users\kanoot\Desktop\ณกส\vendor\codeigniter4\framework\system\CodeIgniter.php(918): App\Controllers\Home->index()
#4 C:\Users\kanoot\Desktop\ณกส\vendor\codeigniter4\framework\system\CodeIgniter.php(404): CodeIgniter\CodeIgniter->runController(Object(App\Controllers\Home))
#5 C:\Users\kanoot\Desktop\ณกส\vendor\codeigniter4\framework\system\CodeIgniter.php(312): CodeIgniter\CodeIgniter->handleRequest(NULL, Object(Config\Cache), false)
#6 C:\Users\kanoot\Desktop\ณกส\public\index.php(45): CodeIgniter\CodeIgniter->run()
#7 C:\Users\kanoot\Desktop\ณกส\vendor\codeigniter4\framework\system\Commands\Server\rewrite.php(34): require_once('C:\\Users\\kanoot...')
#8 {main}
CRITICAL - 2020-10-15 02:04:44 --> Call to a member function post() on null
#0 C:\Users\kanoot\Desktop\ณกส\vendor\codeigniter4\framework\system\CodeIgniter.php(918): App\Controllers\Home->index()
#1 C:\Users\kanoot\Desktop\ณกส\vendor\codeigniter4\framework\system\CodeIgniter.php(404): CodeIgniter\CodeIgniter->runController(Object(App\Controllers\Home))
#2 C:\Users\kanoot\Desktop\ณกส\vendor\codeigniter4\framework\system\CodeIgniter.php(312): CodeIgniter\CodeIgniter->handleRequest(NULL, Object(Config\Cache), false)
#3 C:\Users\kanoot\Desktop\ณกส\public\index.php(45): CodeIgniter\CodeIgniter->run()
#4 C:\Users\kanoot\Desktop\ณกส\vendor\codeigniter4\framework\system\Commands\Server\rewrite.php(34): require_once('C:\\Users\\kanoot...')
#5 {main}
CRITICAL - 2020-10-15 02:09:58 --> Call to a member function post() on null
#0 C:\Users\kanoot\Desktop\ณกส\vendor\codeigniter4\framework\system\CodeIgniter.php(918): App\Controllers\Home->index()
#1 C:\Users\kanoot\Desktop\ณกส\vendor\codeigniter4\framework\system\CodeIgniter.php(404): CodeIgniter\CodeIgniter->runController(Object(App\Controllers\Home))
#2 C:\Users\kanoot\Desktop\ณกส\vendor\codeigniter4\framework\system\CodeIgniter.php(312): CodeIgniter\CodeIgniter->handleRequest(NULL, Object(Config\Cache), false)
#3 C:\Users\kanoot\Desktop\ณกส\public\index.php(45): CodeIgniter\CodeIgniter->run()
#4 C:\Users\kanoot\Desktop\ณกส\vendor\codeigniter4\framework\system\Commands\Server\rewrite.php(34): require_once('C:\\Users\\kanoot...')
#5 {main}
CRITICAL - 2020-10-15 02:11:20 -->  route cannot be found while reverse-routing.
#0 C:\Users\kanoot\Desktop\ณกส\vendor\codeigniter4\framework\system\HTTP\RedirectResponse.php(92): CodeIgniter\HTTP\Exceptions\HTTPException::forInvalidRedirectRoute('')
#1 C:\Users\kanoot\Desktop\ณกส\vendor\codeigniter4\framework\system\Common.php(845): CodeIgniter\HTTP\RedirectResponse->route(false)
#2 C:\Users\kanoot\Desktop\ณกส\app\Controllers\Home.php(24): redirect('index')
#3 C:\Users\kanoot\Desktop\ณกส\vendor\codeigniter4\framework\system\CodeIgniter.php(918): App\Controllers\Home->save()
#4 C:\Users\kanoot\Desktop\ณกส\vendor\codeigniter4\framework\system\CodeIgniter.php(404): CodeIgniter\CodeIgniter->runController(Object(App\Controllers\Home))
#5 C:\Users\kanoot\Desktop\ณกส\vendor\codeigniter4\framework\system\CodeIgniter.php(312): CodeIgniter\CodeIgniter->handleRequest(NULL, Object(Config\Cache), false)
#6 C:\Users\kanoot\Desktop\ณกส\public\index.php(45): CodeIgniter\CodeIgniter->run()
#7 C:\Users\kanoot\Desktop\ณกส\vendor\codeigniter4\framework\system\Commands\Server\rewrite.php(34): require_once('C:\\Users\\kanoot...')
#8 {main}
CRITICAL - 2020-10-15 02:12:53 --> Call to a member function post() on null
#0 C:\Users\kanoot\Desktop\ณกส\vendor\codeigniter4\framework\system\CodeIgniter.php(918): App\Controllers\Home->save()
#1 C:\Users\kanoot\Desktop\ณกส\vendor\codeigniter4\framework\system\CodeIgniter.php(404): CodeIgniter\CodeIgniter->runController(Object(App\Controllers\Home))
#2 C:\Users\kanoot\Desktop\ณกส\vendor\codeigniter4\framework\system\CodeIgniter.php(312): CodeIgniter\CodeIgniter->handleRequest(NULL, Object(Config\Cache), false)
#3 C:\Users\kanoot\Desktop\ณกส\public\index.php(45): CodeIgniter\CodeIgniter->run()
#4 C:\Users\kanoot\Desktop\ณกส\vendor\codeigniter4\framework\system\Commands\Server\rewrite.php(34): require_once('C:\\Users\\kanoot...')
#5 {main}
CRITICAL - 2020-10-15 02:16:37 --> Call to a member function post() on null
#0 C:\Users\kanoot\Desktop\ณกส\vendor\codeigniter4\framework\system\CodeIgniter.php(918): App\Controllers\Home->save()
#1 C:\Users\kanoot\Desktop\ณกส\vendor\codeigniter4\framework\system\CodeIgniter.php(404): CodeIgniter\CodeIgniter->runController(Object(App\Controllers\Home))
#2 C:\Users\kanoot\Desktop\ณกส\vendor\codeigniter4\framework\system\CodeIgniter.php(312): CodeIgniter\CodeIgniter->handleRequest(NULL, Object(Config\Cache), false)
#3 C:\Users\kanoot\Desktop\ณกส\public\index.php(45): CodeIgniter\CodeIgniter->run()
#4 C:\Users\kanoot\Desktop\ณกส\vendor\codeigniter4\framework\system\Commands\Server\rewrite.php(34): require_once('C:\\Users\\kanoot...')
#5 {main}
CRITICAL - 2020-10-15 02:18:06 --> Call to a member function post() on null
#0 C:\Users\kanoot\Desktop\ณกส\vendor\codeigniter4\framework\system\CodeIgniter.php(918): App\Controllers\Home->save()
#1 C:\Users\kanoot\Desktop\ณกส\vendor\codeigniter4\framework\system\CodeIgniter.php(404): CodeIgniter\CodeIgniter->runController(Object(App\Controllers\Home))
#2 C:\Users\kanoot\Desktop\ณกส\vendor\codeigniter4\framework\system\CodeIgniter.php(312): CodeIgniter\CodeIgniter->handleRequest(NULL, Object(Config\Cache), false)
#3 C:\Users\kanoot\Desktop\ณกส\public\index.php(45): CodeIgniter\CodeIgniter->run()
#4 C:\Users\kanoot\Desktop\ณกส\vendor\codeigniter4\framework\system\Commands\Server\rewrite.php(34): require_once('C:\\Users\\kanoot...')
#5 {main}
CRITICAL - 2020-10-15 02:26:36 --> Call to a member function post() on null
#0 C:\Users\kanoot\Desktop\ณกส\vendor\codeigniter4\framework\system\CodeIgniter.php(918): App\Controllers\Home->save()
#1 C:\Users\kanoot\Desktop\ณกส\vendor\codeigniter4\framework\system\CodeIgniter.php(404): CodeIgniter\CodeIgniter->runController(Object(App\Controllers\Home))
#2 C:\Users\kanoot\Desktop\ณกส\vendor\codeigniter4\framework\system\CodeIgniter.php(312): CodeIgniter\CodeIgniter->handleRequest(NULL, Object(Config\Cache), false)
#3 C:\Users\kanoot\Desktop\ณกส\public\index.php(45): CodeIgniter\CodeIgniter->run()
#4 C:\Users\kanoot\Desktop\ณกส\vendor\codeigniter4\framework\system\Commands\Server\rewrite.php(34): require_once('C:\\Users\\kanoot...')
#5 {main}
CRITICAL - 2020-10-15 02:50:51 --> You must set the database table to be used with your query.
#0 C:\Users\kanoot\Desktop\ณกส\vendor\codeigniter4\framework\system\Model.php(1237): CodeIgniter\Database\BaseConnection->table(NULL)
#1 C:\Users\kanoot\Desktop\ณกส\vendor\codeigniter4\framework\system\Model.php(1816): CodeIgniter\Model->builder()
#2 C:\Users\kanoot\Desktop\ณกส\app\Controllers\Home.php(26): CodeIgniter\Model->__call('addContact', Array)
#3 C:\Users\kanoot\Desktop\ณกส\vendor\codeigniter4\framework\system\CodeIgniter.php(918): App\Controllers\Home->save()
#4 C:\Users\kanoot\Desktop\ณกส\vendor\codeigniter4\framework\system\CodeIgniter.php(404): CodeIgniter\CodeIgniter->runController(Object(App\Controllers\Home))
#5 C:\Users\kanoot\Desktop\ณกส\vendor\codeigniter4\framework\system\CodeIgniter.php(312): CodeIgniter\CodeIgniter->handleRequest(NULL, Object(Config\Cache), false)
#6 C:\Users\kanoot\Desktop\ณกส\public\index.php(45): CodeIgniter\CodeIgniter->run()
#7 C:\Users\kanoot\Desktop\ณกส\vendor\codeigniter4\framework\system\Commands\Server\rewrite.php(34): require_once('C:\\Users\\kanoot...')
#8 {main}
