CRITICAL - 2021-02-11 10:06:48 --> Class 'Picqer\Barcode\Types\TypeCode128' not found
#0 /var/www/html/app/ThirdParty/php-barcode-generator/src/BarcodeGenerator.php(99): Picqer\Barcode\BarcodeGenerator->createDataBuilderForType('C128')
#1 /var/www/html/app/ThirdParty/php-barcode-generator/src/BarcodeGeneratorHTML.php(19): Picqer\Barcode\BarcodeGenerator->getBarcodeData('000001', 'C128')
#2 /var/www/html/app/Controllers/Supplies.php(1363): Picqer\Barcode\BarcodeGeneratorHTML->getBarcode('000001', 'C128', 2, 50)
#3 /var/www/html/vendor/codeigniter4/framework/system/CodeIgniter.php(918): App\Controllers\Supplies->print_barcode('6')
#4 /var/www/html/vendor/codeigniter4/framework/system/CodeIgniter.php(404): CodeIgniter\CodeIgniter->runController(Object(App\Controllers\Supplies))
#5 /var/www/html/vendor/codeigniter4/framework/system/CodeIgniter.php(312): CodeIgniter\CodeIgniter->handleRequest(NULL, Object(Config\Cache), false)
#6 /var/www/html/public/index.php(45): CodeIgniter\CodeIgniter->run()
#7 {main}
CRITICAL - 2021-02-11 10:27:36 --> Unable to connect to the database.
#0 /var/www/html/vendor/codeigniter4/framework/system/Database/BaseConnection.php(646): CodeIgniter\Database\BaseConnection->initialize()
#1 /var/www/html/vendor/codeigniter4/framework/system/Database/BaseBuilder.php(1860): CodeIgniter\Database\BaseConnection->query('SELECT *\nFROM "...', Array, false)
#2 /var/www/html/app/Controllers/Login.php(50): CodeIgniter\Database\BaseBuilder->get()
#3 /var/www/html/vendor/codeigniter4/framework/system/CodeIgniter.php(918): App\Controllers\Login->validlogin()
#4 /var/www/html/vendor/codeigniter4/framework/system/CodeIgniter.php(404): CodeIgniter\CodeIgniter->runController(Object(App\Controllers\Login))
#5 /var/www/html/vendor/codeigniter4/framework/system/CodeIgniter.php(312): CodeIgniter\CodeIgniter->handleRequest(NULL, Object(Config\Cache), false)
#6 /var/www/html/public/index.php(45): CodeIgniter\CodeIgniter->run()
#7 {main}
CRITICAL - 2021-02-11 10:27:48 --> Unable to connect to the database.
#0 /var/www/html/vendor/codeigniter4/framework/system/Database/BaseConnection.php(646): CodeIgniter\Database\BaseConnection->initialize()
#1 /var/www/html/vendor/codeigniter4/framework/system/Database/BaseBuilder.php(1860): CodeIgniter\Database\BaseConnection->query('SELECT *\nFROM "...', Array, false)
#2 /var/www/html/app/Controllers/Login.php(50): CodeIgniter\Database\BaseBuilder->get()
#3 /var/www/html/vendor/codeigniter4/framework/system/CodeIgniter.php(918): App\Controllers\Login->validlogin()
#4 /var/www/html/vendor/codeigniter4/framework/system/CodeIgniter.php(404): CodeIgniter\CodeIgniter->runController(Object(App\Controllers\Login))
#5 /var/www/html/vendor/codeigniter4/framework/system/CodeIgniter.php(312): CodeIgniter\CodeIgniter->handleRequest(NULL, Object(Config\Cache), false)
#6 /var/www/html/public/index.php(45): CodeIgniter\CodeIgniter->run()
#7 {main}
CRITICAL - 2021-02-11 10:28:13 --> Unable to connect to the database.
#0 /var/www/html/vendor/codeigniter4/framework/system/Database/BaseConnection.php(646): CodeIgniter\Database\BaseConnection->initialize()
#1 /var/www/html/vendor/codeigniter4/framework/system/Database/BaseBuilder.php(1860): CodeIgniter\Database\BaseConnection->query('SELECT *\nFROM "...', Array, false)
#2 /var/www/html/app/Controllers/Login.php(50): CodeIgniter\Database\BaseBuilder->get()
#3 /var/www/html/vendor/codeigniter4/framework/system/CodeIgniter.php(918): App\Controllers\Login->validlogin()
#4 /var/www/html/vendor/codeigniter4/framework/system/CodeIgniter.php(404): CodeIgniter\CodeIgniter->runController(Object(App\Controllers\Login))
#5 /var/www/html/vendor/codeigniter4/framework/system/CodeIgniter.php(312): CodeIgniter\CodeIgniter->handleRequest(NULL, Object(Config\Cache), false)
#6 /var/www/html/public/index.php(45): CodeIgniter\CodeIgniter->run()
#7 {main}
CRITICAL - 2021-02-11 10:28:18 --> Unable to connect to the database.
#0 /var/www/html/vendor/codeigniter4/framework/system/Database/BaseConnection.php(646): CodeIgniter\Database\BaseConnection->initialize()
#1 /var/www/html/vendor/codeigniter4/framework/system/Database/BaseBuilder.php(1860): CodeIgniter\Database\BaseConnection->query('SELECT *\nFROM "...', Array, false)
#2 /var/www/html/app/Controllers/Login.php(50): CodeIgniter\Database\BaseBuilder->get()
#3 /var/www/html/vendor/codeigniter4/framework/system/CodeIgniter.php(918): App\Controllers\Login->validlogin()
#4 /var/www/html/vendor/codeigniter4/framework/system/CodeIgniter.php(404): CodeIgniter\CodeIgniter->runController(Object(App\Controllers\Login))
#5 /var/www/html/vendor/codeigniter4/framework/system/CodeIgniter.php(312): CodeIgniter\CodeIgniter->handleRequest(NULL, Object(Config\Cache), false)
#6 /var/www/html/public/index.php(45): CodeIgniter\CodeIgniter->run()
#7 {main}
CRITICAL - 2021-02-11 15:51:53 --> Class 'Picqer\Barcode\Types\TypeCode128' not found
#0 /var/www/html/app/ThirdParty/php-barcode-generator/src/BarcodeGenerator.php(99): Picqer\Barcode\BarcodeGenerator->createDataBuilderForType('C128')
#1 /var/www/html/app/ThirdParty/php-barcode-generator/src/BarcodeGeneratorHTML.php(19): Picqer\Barcode\BarcodeGenerator->getBarcodeData('000001', 'C128')
#2 /var/www/html/app/Controllers/Supplies.php(1363): Picqer\Barcode\BarcodeGeneratorHTML->getBarcode('000001', 'C128', 2, 50)
#3 /var/www/html/vendor/codeigniter4/framework/system/CodeIgniter.php(918): App\Controllers\Supplies->print_barcode('6')
#4 /var/www/html/vendor/codeigniter4/framework/system/CodeIgniter.php(404): CodeIgniter\CodeIgniter->runController(Object(App\Controllers\Supplies))
#5 /var/www/html/vendor/codeigniter4/framework/system/CodeIgniter.php(312): CodeIgniter\CodeIgniter->handleRequest(NULL, Object(Config\Cache), false)
#6 /var/www/html/public/index.php(45): CodeIgniter\CodeIgniter->run()
#7 {main}
