CRITICAL - 2021-02-27 14:33:39 --> include(src/BarcodeGenerator.php): failed to open stream: No such file or directory
#0 /var/www/html/app/Controllers/Supplies.php(1623): CodeIgniter\Debug\Exceptions->errorHandler(2, 'include(src/Bar...', '/var/www/html/a...', 1623, Array)
#1 /var/www/html/app/Controllers/Supplies.php(1623): include()
#2 /var/www/html/vendor/codeigniter4/framework/system/CodeIgniter.php(918): App\Controllers\Supplies->print_barcodes()
#3 /var/www/html/vendor/codeigniter4/framework/system/CodeIgniter.php(404): CodeIgniter\CodeIgniter->runController(Object(App\Controllers\Supplies))
#4 /var/www/html/vendor/codeigniter4/framework/system/CodeIgniter.php(312): CodeIgniter\CodeIgniter->handleRequest(NULL, Object(Config\Cache), false)
#5 /var/www/html/public/index.php(45): CodeIgniter\CodeIgniter->run()
#6 {main}
CRITICAL - 2021-02-27 14:41:24 --> include(src/BarcodeGenerator.php): failed to open stream: No such file or directory
#0 /var/www/html/app/Controllers/Supplies.php(1623): CodeIgniter\Debug\Exceptions->errorHandler(2, 'include(src/Bar...', '/var/www/html/a...', 1623, Array)
#1 /var/www/html/app/Controllers/Supplies.php(1623): include()
#2 /var/www/html/vendor/codeigniter4/framework/system/CodeIgniter.php(918): App\Controllers\Supplies->print_barcodes()
#3 /var/www/html/vendor/codeigniter4/framework/system/CodeIgniter.php(404): CodeIgniter\CodeIgniter->runController(Object(App\Controllers\Supplies))
#4 /var/www/html/vendor/codeigniter4/framework/system/CodeIgniter.php(312): CodeIgniter\CodeIgniter->handleRequest(NULL, Object(Config\Cache), false)
#5 /var/www/html/public/index.php(45): CodeIgniter\CodeIgniter->run()
#6 {main}
CRITICAL - 2021-02-27 14:43:11 --> Call to a member function view() on null
#0 /var/www/html/vendor/codeigniter4/framework/system/CodeIgniter.php(918): App\Controllers\Supplies->print_barcodes()
#1 /var/www/html/vendor/codeigniter4/framework/system/CodeIgniter.php(404): CodeIgniter\CodeIgniter->runController(Object(App\Controllers\Supplies))
#2 /var/www/html/vendor/codeigniter4/framework/system/CodeIgniter.php(312): CodeIgniter\CodeIgniter->handleRequest(NULL, Object(Config\Cache), false)
#3 /var/www/html/public/index.php(45): CodeIgniter\CodeIgniter->run()
#4 {main}
CRITICAL - 2021-02-27 14:45:20 --> App\Controllers\Supplies::print_barcodes(): Failed opening required '/var/www/html/app/vendor/barcodegenerator/src/BarcodeGenerator.php' (include_path='.:/usr/local/lib/php')
#0 [internal function]: CodeIgniter\Debug\Exceptions->shutdownHandler()
#1 {main}
CRITICAL - 2021-02-27 14:45:55 --> include(vendor/barcodegenerator/src/BarcodeGenerator.php): failed to open stream: No such file or directory
#0 /var/www/html/app/Controllers/Supplies.php(1627): CodeIgniter\Debug\Exceptions->errorHandler(2, 'include(vendor/...', '/var/www/html/a...', 1627, Array)
#1 /var/www/html/app/Controllers/Supplies.php(1627): include()
#2 /var/www/html/vendor/codeigniter4/framework/system/CodeIgniter.php(918): App\Controllers\Supplies->print_barcodes()
#3 /var/www/html/vendor/codeigniter4/framework/system/CodeIgniter.php(404): CodeIgniter\CodeIgniter->runController(Object(App\Controllers\Supplies))
#4 /var/www/html/vendor/codeigniter4/framework/system/CodeIgniter.php(312): CodeIgniter\CodeIgniter->handleRequest(NULL, Object(Config\Cache), false)
#5 /var/www/html/public/index.php(45): CodeIgniter\CodeIgniter->run()
#6 {main}
CRITICAL - 2021-02-27 14:46:13 --> include(/vendor/barcodegenerator/src/BarcodeGenerator.php): failed to open stream: No such file or directory
#0 /var/www/html/app/Controllers/Supplies.php(1627): CodeIgniter\Debug\Exceptions->errorHandler(2, 'include(/vendor...', '/var/www/html/a...', 1627, Array)
#1 /var/www/html/app/Controllers/Supplies.php(1627): include()
#2 /var/www/html/vendor/codeigniter4/framework/system/CodeIgniter.php(918): App\Controllers\Supplies->print_barcodes()
#3 /var/www/html/vendor/codeigniter4/framework/system/CodeIgniter.php(404): CodeIgniter\CodeIgniter->runController(Object(App\Controllers\Supplies))
#4 /var/www/html/vendor/codeigniter4/framework/system/CodeIgniter.php(312): CodeIgniter\CodeIgniter->handleRequest(NULL, Object(Config\Cache), false)
#5 /var/www/html/public/index.php(45): CodeIgniter\CodeIgniter->run()
#6 {main}
CRITICAL - 2021-02-27 14:49:45 --> include(vendor/barcodegenerator/src/BarcodeGenerator.php): failed to open stream: No such file or directory
#0 /var/www/html/app/Controllers/Supplies.php(7): CodeIgniter\Debug\Exceptions->errorHandler(2, 'include(vendor/...', '/var/www/html/a...', 7, Array)
#1 /var/www/html/app/Controllers/Supplies.php(7): include()
#2 /var/www/html/vendor/codeigniter4/framework/system/Router/Router.php(583): include_once('/var/www/html/a...')
#3 /var/www/html/vendor/codeigniter4/framework/system/Router/Router.php(195): CodeIgniter\Router\Router->autoRoute('supplies/print_...')
#4 /var/www/html/vendor/codeigniter4/framework/system/CodeIgniter.php(793): CodeIgniter\Router\Router->handle('supplies/print_...')
#5 /var/www/html/vendor/codeigniter4/framework/system/CodeIgniter.php(364): CodeIgniter\CodeIgniter->tryToRouteIt(Object(CodeIgniter\Router\RouteCollection))
#6 /var/www/html/vendor/codeigniter4/framework/system/CodeIgniter.php(312): CodeIgniter\CodeIgniter->handleRequest(NULL, Object(Config\Cache), false)
#7 /var/www/html/public/index.php(45): CodeIgniter\CodeIgniter->run()
#8 {main}
CRITICAL - 2021-02-27 14:50:00 --> include(vendor/barcodegenerator/src/BarcodeGenerator.php): failed to open stream: No such file or directory
#0 /var/www/html/app/Controllers/Supplies.php(7): CodeIgniter\Debug\Exceptions->errorHandler(2, 'include(vendor/...', '/var/www/html/a...', 7, Array)
#1 /var/www/html/app/Controllers/Supplies.php(7): include()
#2 /var/www/html/vendor/codeigniter4/framework/system/Router/Router.php(583): include_once('/var/www/html/a...')
#3 /var/www/html/vendor/codeigniter4/framework/system/Router/Router.php(195): CodeIgniter\Router\Router->autoRoute('supplies/print_...')
#4 /var/www/html/vendor/codeigniter4/framework/system/CodeIgniter.php(793): CodeIgniter\Router\Router->handle('supplies/print_...')
#5 /var/www/html/vendor/codeigniter4/framework/system/CodeIgniter.php(364): CodeIgniter\CodeIgniter->tryToRouteIt(Object(CodeIgniter\Router\RouteCollection))
#6 /var/www/html/vendor/codeigniter4/framework/system/CodeIgniter.php(312): CodeIgniter\CodeIgniter->handleRequest(NULL, Object(Config\Cache), false)
#7 /var/www/html/public/index.php(45): CodeIgniter\CodeIgniter->run()
#8 {main}
CRITICAL - 2021-02-27 14:51:56 --> include(vendor/barcodegenerator/src/BarcodeGenerator.php): failed to open stream: No such file or directory
#0 /var/www/html/app/Controllers/Supplies.php(7): CodeIgniter\Debug\Exceptions->errorHandler(2, 'include(vendor/...', '/var/www/html/a...', 7, Array)
#1 /var/www/html/app/Controllers/Supplies.php(7): include()
#2 /var/www/html/vendor/codeigniter4/framework/system/Router/Router.php(583): include_once('/var/www/html/a...')
#3 /var/www/html/vendor/codeigniter4/framework/system/Router/Router.php(195): CodeIgniter\Router\Router->autoRoute('supplies/print_...')
#4 /var/www/html/vendor/codeigniter4/framework/system/CodeIgniter.php(793): CodeIgniter\Router\Router->handle('supplies/print_...')
#5 /var/www/html/vendor/codeigniter4/framework/system/CodeIgniter.php(364): CodeIgniter\CodeIgniter->tryToRouteIt(Object(CodeIgniter\Router\RouteCollection))
#6 /var/www/html/vendor/codeigniter4/framework/system/CodeIgniter.php(312): CodeIgniter\CodeIgniter->handleRequest(NULL, Object(Config\Cache), false)
#7 /var/www/html/public/index.php(45): CodeIgniter\CodeIgniter->run()
#8 {main}
CRITICAL - 2021-02-27 14:52:42 --> include(vendor/barcodegenerator/src): failed to open stream: No such file or directory
#0 /var/www/html/app/Controllers/Supplies.php(7): CodeIgniter\Debug\Exceptions->errorHandler(2, 'include(vendor/...', '/var/www/html/a...', 7, Array)
#1 /var/www/html/app/Controllers/Supplies.php(7): include()
#2 /var/www/html/vendor/codeigniter4/framework/system/Router/Router.php(583): include_once('/var/www/html/a...')
#3 /var/www/html/vendor/codeigniter4/framework/system/Router/Router.php(195): CodeIgniter\Router\Router->autoRoute('supplies/print_...')
#4 /var/www/html/vendor/codeigniter4/framework/system/CodeIgniter.php(793): CodeIgniter\Router\Router->handle('supplies/print_...')
#5 /var/www/html/vendor/codeigniter4/framework/system/CodeIgniter.php(364): CodeIgniter\CodeIgniter->tryToRouteIt(Object(CodeIgniter\Router\RouteCollection))
#6 /var/www/html/vendor/codeigniter4/framework/system/CodeIgniter.php(312): CodeIgniter\CodeIgniter->handleRequest(NULL, Object(Config\Cache), false)
#7 /var/www/html/public/index.php(45): CodeIgniter\CodeIgniter->run()
#8 {main}
CRITICAL - 2021-02-27 15:03:49 --> include(vender/barcodegenerator/src/BarcodeGenerator.php): failed to open stream: No such file or directory
#0 /var/www/html/app/Views/sp/print_barcodes.php(6): CodeIgniter\Debug\Exceptions->errorHandler(2, 'include(vender/...', '/var/www/html/a...', 6, Array)
#1 /var/www/html/app/Views/sp/print_barcodes.php(6): include()
#2 /var/www/html/vendor/codeigniter4/framework/system/View/View.php(246): include('/var/www/html/a...')
#3 /var/www/html/vendor/codeigniter4/framework/system/Common.php(1119): CodeIgniter\View\View->render('sp/print_barcod...', Array, true)
#4 /var/www/html/app/Controllers/Supplies.php(1623): view('sp/print_barcod...')
#5 /var/www/html/vendor/codeigniter4/framework/system/CodeIgniter.php(918): App\Controllers\Supplies->print_barcodes()
#6 /var/www/html/vendor/codeigniter4/framework/system/CodeIgniter.php(404): CodeIgniter\CodeIgniter->runController(Object(App\Controllers\Supplies))
#7 /var/www/html/vendor/codeigniter4/framework/system/CodeIgniter.php(312): CodeIgniter\CodeIgniter->handleRequest(NULL, Object(Config\Cache), false)
#8 /var/www/html/public/index.php(45): CodeIgniter\CodeIgniter->run()
#9 {main}
CRITICAL - 2021-02-27 15:05:03 --> include(/vender/barcodegenerator/src/BarcodeGenerator.php): failed to open stream: No such file or directory
#0 /var/www/html/app/Views/sp/print_barcodes.php(6): CodeIgniter\Debug\Exceptions->errorHandler(2, 'include(/vender...', '/var/www/html/a...', 6, Array)
#1 /var/www/html/app/Views/sp/print_barcodes.php(6): include()
#2 /var/www/html/vendor/codeigniter4/framework/system/View/View.php(246): include('/var/www/html/a...')
#3 /var/www/html/vendor/codeigniter4/framework/system/Common.php(1119): CodeIgniter\View\View->render('sp/print_barcod...', Array, true)
#4 /var/www/html/app/Controllers/Supplies.php(1623): view('sp/print_barcod...')
#5 /var/www/html/vendor/codeigniter4/framework/system/CodeIgniter.php(918): App\Controllers\Supplies->print_barcodes()
#6 /var/www/html/vendor/codeigniter4/framework/system/CodeIgniter.php(404): CodeIgniter\CodeIgniter->runController(Object(App\Controllers\Supplies))
#7 /var/www/html/vendor/codeigniter4/framework/system/CodeIgniter.php(312): CodeIgniter\CodeIgniter->handleRequest(NULL, Object(Config\Cache), false)
#8 /var/www/html/public/index.php(45): CodeIgniter\CodeIgniter->run()
#9 {main}
CRITICAL - 2021-02-27 15:05:17 --> include(/vender/barcodegenerator/src/BarcodeGenerator.php): failed to open stream: No such file or directory
#0 /var/www/html/app/Views/sp/print_barcodes.php(6): CodeIgniter\Debug\Exceptions->errorHandler(2, 'include(/vender...', '/var/www/html/a...', 6, Array)
#1 /var/www/html/app/Views/sp/print_barcodes.php(6): include()
#2 /var/www/html/vendor/codeigniter4/framework/system/View/View.php(246): include('/var/www/html/a...')
#3 /var/www/html/vendor/codeigniter4/framework/system/Common.php(1119): CodeIgniter\View\View->render('sp/print_barcod...', Array, true)
#4 /var/www/html/app/Controllers/Supplies.php(1623): view('sp/print_barcod...')
#5 /var/www/html/vendor/codeigniter4/framework/system/CodeIgniter.php(918): App\Controllers\Supplies->print_barcodes()
#6 /var/www/html/vendor/codeigniter4/framework/system/CodeIgniter.php(404): CodeIgniter\CodeIgniter->runController(Object(App\Controllers\Supplies))
#7 /var/www/html/vendor/codeigniter4/framework/system/CodeIgniter.php(312): CodeIgniter\CodeIgniter->handleRequest(NULL, Object(Config\Cache), false)
#8 /var/www/html/public/index.php(45): CodeIgniter\CodeIgniter->run()
#9 {main}
CRITICAL - 2021-02-27 15:06:15 --> include(vender/barcodegenerator/src/BarcodeGenerator.php): failed to open stream: No such file or directory
#0 /var/www/html/app/Views/sp/print_barcodes.php(6): CodeIgniter\Debug\Exceptions->errorHandler(2, 'include(vender/...', '/var/www/html/a...', 6, Array)
#1 /var/www/html/app/Views/sp/print_barcodes.php(6): include()
#2 /var/www/html/vendor/codeigniter4/framework/system/View/View.php(246): include('/var/www/html/a...')
#3 /var/www/html/vendor/codeigniter4/framework/system/Common.php(1119): CodeIgniter\View\View->render('sp/print_barcod...', Array, true)
#4 /var/www/html/app/Controllers/Supplies.php(1623): view('sp/print_barcod...')
#5 /var/www/html/vendor/codeigniter4/framework/system/CodeIgniter.php(918): App\Controllers\Supplies->print_barcodes()
#6 /var/www/html/vendor/codeigniter4/framework/system/CodeIgniter.php(404): CodeIgniter\CodeIgniter->runController(Object(App\Controllers\Supplies))
#7 /var/www/html/vendor/codeigniter4/framework/system/CodeIgniter.php(312): CodeIgniter\CodeIgniter->handleRequest(NULL, Object(Config\Cache), false)
#8 /var/www/html/public/index.php(45): CodeIgniter\CodeIgniter->run()
#9 {main}
CRITICAL - 2021-02-27 15:25:51 --> Call to a member function library() on null
#0 /var/www/html/app/Controllers/Supplies.php(1630): App\Controllers\Supplies->set_barcode('code39')
#1 /var/www/html/vendor/codeigniter4/framework/system/CodeIgniter.php(918): App\Controllers\Supplies->print_barcodes()
#2 /var/www/html/vendor/codeigniter4/framework/system/CodeIgniter.php(404): CodeIgniter\CodeIgniter->runController(Object(App\Controllers\Supplies))
#3 /var/www/html/vendor/codeigniter4/framework/system/CodeIgniter.php(312): CodeIgniter\CodeIgniter->handleRequest(NULL, Object(Config\Cache), false)
#4 /var/www/html/public/index.php(45): CodeIgniter\CodeIgniter->run()
#5 {main}
CRITICAL - 2021-02-27 15:25:52 --> Call to a member function library() on null
#0 /var/www/html/app/Controllers/Supplies.php(1630): App\Controllers\Supplies->set_barcode('code39')
#1 /var/www/html/vendor/codeigniter4/framework/system/CodeIgniter.php(918): App\Controllers\Supplies->print_barcodes()
#2 /var/www/html/vendor/codeigniter4/framework/system/CodeIgniter.php(404): CodeIgniter\CodeIgniter->runController(Object(App\Controllers\Supplies))
#3 /var/www/html/vendor/codeigniter4/framework/system/CodeIgniter.php(312): CodeIgniter\CodeIgniter->handleRequest(NULL, Object(Config\Cache), false)
#4 /var/www/html/public/index.php(45): CodeIgniter\CodeIgniter->run()
#5 {main}
CRITICAL - 2021-02-27 15:26:19 --> Call to a member function library() on null
#0 /var/www/html/app/Controllers/Supplies.php(1630): App\Controllers\Supplies->set_barcode('code39')
#1 /var/www/html/vendor/codeigniter4/framework/system/CodeIgniter.php(918): App\Controllers\Supplies->print_barcodes()
#2 /var/www/html/vendor/codeigniter4/framework/system/CodeIgniter.php(404): CodeIgniter\CodeIgniter->runController(Object(App\Controllers\Supplies))
#3 /var/www/html/vendor/codeigniter4/framework/system/CodeIgniter.php(312): CodeIgniter\CodeIgniter->handleRequest(NULL, Object(Config\Cache), false)
#4 /var/www/html/public/index.php(45): CodeIgniter\CodeIgniter->run()
#5 {main}
CRITICAL - 2021-02-27 15:28:33 --> Call to a member function library() on null
#0 /var/www/html/app/Controllers/Supplies.php(1630): App\Controllers\Supplies->set_barcode('code39')
#1 /var/www/html/vendor/codeigniter4/framework/system/CodeIgniter.php(918): App\Controllers\Supplies->print_barcodes()
#2 /var/www/html/vendor/codeigniter4/framework/system/CodeIgniter.php(404): CodeIgniter\CodeIgniter->runController(Object(App\Controllers\Supplies))
#3 /var/www/html/vendor/codeigniter4/framework/system/CodeIgniter.php(312): CodeIgniter\CodeIgniter->handleRequest(NULL, Object(Config\Cache), false)
#4 /var/www/html/public/index.php(45): CodeIgniter\CodeIgniter->run()
#5 {main}
CRITICAL - 2021-02-27 15:30:27 --> Too few arguments to function App\Controllers\Supplies::set_barcode(), 0 passed in /var/www/html/vendor/codeigniter4/framework/system/CodeIgniter.php on line 918 and exactly 1 expected
#0 /var/www/html/vendor/codeigniter4/framework/system/CodeIgniter.php(918): App\Controllers\Supplies->set_barcode()
#1 /var/www/html/vendor/codeigniter4/framework/system/CodeIgniter.php(404): CodeIgniter\CodeIgniter->runController(Object(App\Controllers\Supplies))
#2 /var/www/html/vendor/codeigniter4/framework/system/CodeIgniter.php(312): CodeIgniter\CodeIgniter->handleRequest(NULL, Object(Config\Cache), false)
#3 /var/www/html/public/index.php(45): CodeIgniter\CodeIgniter->run()
#4 {main}
CRITICAL - 2021-02-27 15:31:33 --> Too few arguments to function App\Controllers\Supplies::set_barcode(), 0 passed in /var/www/html/vendor/codeigniter4/framework/system/CodeIgniter.php on line 918 and exactly 1 expected
#0 /var/www/html/vendor/codeigniter4/framework/system/CodeIgniter.php(918): App\Controllers\Supplies->set_barcode()
#1 /var/www/html/vendor/codeigniter4/framework/system/CodeIgniter.php(404): CodeIgniter\CodeIgniter->runController(Object(App\Controllers\Supplies))
#2 /var/www/html/vendor/codeigniter4/framework/system/CodeIgniter.php(312): CodeIgniter\CodeIgniter->handleRequest(NULL, Object(Config\Cache), false)
#3 /var/www/html/public/index.php(45): CodeIgniter\CodeIgniter->run()
#4 {main}
CRITICAL - 2021-02-27 16:50:06 --> include(src/BarcodeGenerator.php): failed to open stream: No such file or directory
#0 /var/www/html/app/Controllers/Supplies.php(1619): CodeIgniter\Debug\Exceptions->errorHandler(2, 'include(src/Bar...', '/var/www/html/a...', 1619, Array)
#1 /var/www/html/app/Controllers/Supplies.php(1619): include()
#2 /var/www/html/vendor/codeigniter4/framework/system/CodeIgniter.php(918): App\Controllers\Supplies->print_barcodes()
#3 /var/www/html/vendor/codeigniter4/framework/system/CodeIgniter.php(404): CodeIgniter\CodeIgniter->runController(Object(App\Controllers\Supplies))
#4 /var/www/html/vendor/codeigniter4/framework/system/CodeIgniter.php(312): CodeIgniter\CodeIgniter->handleRequest(NULL, Object(Config\Cache), false)
#5 /var/www/html/public/index.php(45): CodeIgniter\CodeIgniter->run()
#6 {main}
CRITICAL - 2021-02-27 16:50:07 --> include(src/BarcodeGenerator.php): failed to open stream: No such file or directory
#0 /var/www/html/app/Controllers/Supplies.php(1619): CodeIgniter\Debug\Exceptions->errorHandler(2, 'include(src/Bar...', '/var/www/html/a...', 1619, Array)
#1 /var/www/html/app/Controllers/Supplies.php(1619): include()
#2 /var/www/html/vendor/codeigniter4/framework/system/CodeIgniter.php(918): App\Controllers\Supplies->print_barcodes()
#3 /var/www/html/vendor/codeigniter4/framework/system/CodeIgniter.php(404): CodeIgniter\CodeIgniter->runController(Object(App\Controllers\Supplies))
#4 /var/www/html/vendor/codeigniter4/framework/system/CodeIgniter.php(312): CodeIgniter\CodeIgniter->handleRequest(NULL, Object(Config\Cache), false)
#5 /var/www/html/public/index.php(45): CodeIgniter\CodeIgniter->run()
#6 {main}
CRITICAL - 2021-02-27 16:54:43 --> include(vendor/phpbarcodegenerator/src/BarcodeGenerator.php): failed to open stream: No such file or directory
#0 /var/www/html/app/Controllers/Supplies.php(1619): CodeIgniter\Debug\Exceptions->errorHandler(2, 'include(vendor/...', '/var/www/html/a...', 1619, Array)
#1 /var/www/html/app/Controllers/Supplies.php(1619): include()
#2 /var/www/html/vendor/codeigniter4/framework/system/CodeIgniter.php(918): App\Controllers\Supplies->print_barcodes()
#3 /var/www/html/vendor/codeigniter4/framework/system/CodeIgniter.php(404): CodeIgniter\CodeIgniter->runController(Object(App\Controllers\Supplies))
#4 /var/www/html/vendor/codeigniter4/framework/system/CodeIgniter.php(312): CodeIgniter\CodeIgniter->handleRequest(NULL, Object(Config\Cache), false)
#5 /var/www/html/public/index.php(45): CodeIgniter\CodeIgniter->run()
#6 {main}
CRITICAL - 2021-02-27 16:55:26 --> include(vendor/phpbarcodegenerator/src/BarcodeGenerator.php): failed to open stream: No such file or directory
#0 /var/www/html/app/Controllers/Supplies.php(1619): CodeIgniter\Debug\Exceptions->errorHandler(2, 'include(vendor/...', '/var/www/html/a...', 1619, Array)
#1 /var/www/html/app/Controllers/Supplies.php(1619): include()
#2 /var/www/html/vendor/codeigniter4/framework/system/CodeIgniter.php(918): App\Controllers\Supplies->print_barcodes()
#3 /var/www/html/vendor/codeigniter4/framework/system/CodeIgniter.php(404): CodeIgniter\CodeIgniter->runController(Object(App\Controllers\Supplies))
#4 /var/www/html/vendor/codeigniter4/framework/system/CodeIgniter.php(312): CodeIgniter\CodeIgniter->handleRequest(NULL, Object(Config\Cache), false)
#5 /var/www/html/public/index.php(45): CodeIgniter\CodeIgniter->run()
#6 {main}
CRITICAL - 2021-02-27 16:55:42 --> Class 'App\Controllers\Picqer\Barcode\BarcodeGeneratorHTML' not found
#0 /var/www/html/vendor/codeigniter4/framework/system/CodeIgniter.php(918): App\Controllers\Supplies->print_barcode('14')
#1 /var/www/html/vendor/codeigniter4/framework/system/CodeIgniter.php(404): CodeIgniter\CodeIgniter->runController(Object(App\Controllers\Supplies))
#2 /var/www/html/vendor/codeigniter4/framework/system/CodeIgniter.php(312): CodeIgniter\CodeIgniter->handleRequest(NULL, Object(Config\Cache), false)
#3 /var/www/html/public/index.php(45): CodeIgniter\CodeIgniter->run()
#4 {main}
CRITICAL - 2021-02-27 16:56:43 --> Class 'App\Controllers\Picqer\Barcode\BarcodeGeneratorHTML' not found
#0 /var/www/html/vendor/codeigniter4/framework/system/CodeIgniter.php(918): App\Controllers\Supplies->print_barcode('22')
#1 /var/www/html/vendor/codeigniter4/framework/system/CodeIgniter.php(404): CodeIgniter\CodeIgniter->runController(Object(App\Controllers\Supplies))
#2 /var/www/html/vendor/codeigniter4/framework/system/CodeIgniter.php(312): CodeIgniter\CodeIgniter->handleRequest(NULL, Object(Config\Cache), false)
#3 /var/www/html/public/index.php(45): CodeIgniter\CodeIgniter->run()
#4 {main}
CRITICAL - 2021-02-27 16:58:12 --> include(vendor/phpbarcodegeneratorsrc/BarcodeGenerator.php): failed to open stream: No such file or directory
#0 /var/www/html/app/Controllers/Supplies.php(8): CodeIgniter\Debug\Exceptions->errorHandler(2, 'include(vendor/...', '/var/www/html/a...', 8, Array)
#1 /var/www/html/app/Controllers/Supplies.php(8): include()
#2 /var/www/html/vendor/codeigniter4/framework/system/Router/Router.php(583): include_once('/var/www/html/a...')
#3 /var/www/html/vendor/codeigniter4/framework/system/Router/Router.php(195): CodeIgniter\Router\Router->autoRoute('supplies/print_...')
#4 /var/www/html/vendor/codeigniter4/framework/system/CodeIgniter.php(793): CodeIgniter\Router\Router->handle('supplies/print_...')
#5 /var/www/html/vendor/codeigniter4/framework/system/CodeIgniter.php(364): CodeIgniter\CodeIgniter->tryToRouteIt(Object(CodeIgniter\Router\RouteCollection))
#6 /var/www/html/vendor/codeigniter4/framework/system/CodeIgniter.php(312): CodeIgniter\CodeIgniter->handleRequest(NULL, Object(Config\Cache), false)
#7 /var/www/html/public/index.php(45): CodeIgniter\CodeIgniter->run()
#8 {main}
CRITICAL - 2021-02-27 16:58:25 --> include(vendor/phpbarcodegeneratorsrc/BarcodeGenerator.php): failed to open stream: No such file or directory
#0 /var/www/html/app/Controllers/Supplies.php(8): CodeIgniter\Debug\Exceptions->errorHandler(2, 'include(vendor/...', '/var/www/html/a...', 8, Array)
#1 /var/www/html/app/Controllers/Supplies.php(8): include()
#2 /var/www/html/vendor/codeigniter4/framework/system/Router/Router.php(583): include_once('/var/www/html/a...')
#3 /var/www/html/vendor/codeigniter4/framework/system/Router/Router.php(195): CodeIgniter\Router\Router->autoRoute('supplies/list_p...')
#4 /var/www/html/vendor/codeigniter4/framework/system/CodeIgniter.php(793): CodeIgniter\Router\Router->handle('supplies/list_p...')
#5 /var/www/html/vendor/codeigniter4/framework/system/CodeIgniter.php(364): CodeIgniter\CodeIgniter->tryToRouteIt(Object(CodeIgniter\Router\RouteCollection))
#6 /var/www/html/vendor/codeigniter4/framework/system/CodeIgniter.php(312): CodeIgniter\CodeIgniter->handleRequest(NULL, Object(Config\Cache), false)
#7 /var/www/html/public/index.php(45): CodeIgniter\CodeIgniter->run()
#8 {main}
CRITICAL - 2021-02-27 16:58:28 --> include(vendor/phpbarcodegeneratorsrc/BarcodeGenerator): failed to open stream: No such file or directory
#0 /var/www/html/app/Controllers/Supplies.php(8): CodeIgniter\Debug\Exceptions->errorHandler(2, 'include(vendor/...', '/var/www/html/a...', 8, Array)
#1 /var/www/html/app/Controllers/Supplies.php(8): include()
#2 /var/www/html/vendor/codeigniter4/framework/system/Router/Router.php(583): include_once('/var/www/html/a...')
#3 /var/www/html/vendor/codeigniter4/framework/system/Router/Router.php(195): CodeIgniter\Router\Router->autoRoute('supplies/list_p...')
#4 /var/www/html/vendor/codeigniter4/framework/system/CodeIgniter.php(793): CodeIgniter\Router\Router->handle('supplies/list_p...')
#5 /var/www/html/vendor/codeigniter4/framework/system/CodeIgniter.php(364): CodeIgniter\CodeIgniter->tryToRouteIt(Object(CodeIgniter\Router\RouteCollection))
#6 /var/www/html/vendor/codeigniter4/framework/system/CodeIgniter.php(312): CodeIgniter\CodeIgniter->handleRequest(NULL, Object(Config\Cache), false)
#7 /var/www/html/public/index.php(45): CodeIgniter\CodeIgniter->run()
#8 {main}
CRITICAL - 2021-02-27 16:58:29 --> include(vendor/phpbarcodegeneratorsrc/BarcodeGenerator): failed to open stream: No such file or directory
#0 /var/www/html/app/Controllers/Supplies.php(8): CodeIgniter\Debug\Exceptions->errorHandler(2, 'include(vendor/...', '/var/www/html/a...', 8, Array)
#1 /var/www/html/app/Controllers/Supplies.php(8): include()
#2 /var/www/html/vendor/codeigniter4/framework/system/Autoloader/Autoloader.php(365): require_once('/var/www/html/a...')
#3 /var/www/html/vendor/codeigniter4/framework/system/Autoloader/Autoloader.php(296): CodeIgniter\Autoloader\Autoloader->requireFile('/var/www/html/a...')
#4 /var/www/html/vendor/codeigniter4/framework/system/Autoloader/Autoloader.php(258): CodeIgniter\Autoloader\Autoloader->loadInNamespace('App\\Controllers...')
#5 [internal function]: CodeIgniter\Autoloader\Autoloader->loadClass('App\\Controllers...')
#6 [internal function]: spl_autoload_call('App\\Controllers...')
#7 /var/www/html/vendor/codeigniter4/framework/system/CodeIgniter.php(869): class_exists('\\App\\Controller...', true)
#8 /var/www/html/vendor/codeigniter4/framework/system/CodeIgniter.php(394): CodeIgniter\CodeIgniter->startController()
#9 /var/www/html/vendor/codeigniter4/framework/system/CodeIgniter.php(312): CodeIgniter\CodeIgniter->handleRequest(NULL, Object(Config\Cache), false)
#10 /var/www/html/public/index.php(45): CodeIgniter\CodeIgniter->run()
#11 {main}
CRITICAL - 2021-02-27 16:58:31 --> include(vendor/phpbarcodegeneratorsrc/BarcodeGenerator): failed to open stream: No such file or directory
#0 /var/www/html/app/Controllers/Supplies.php(8): CodeIgniter\Debug\Exceptions->errorHandler(2, 'include(vendor/...', '/var/www/html/a...', 8, Array)
#1 /var/www/html/app/Controllers/Supplies.php(8): include()
#2 /var/www/html/vendor/codeigniter4/framework/system/Router/Router.php(583): include_once('/var/www/html/a...')
#3 /var/www/html/vendor/codeigniter4/framework/system/Router/Router.php(195): CodeIgniter\Router\Router->autoRoute('supplies/print_...')
#4 /var/www/html/vendor/codeigniter4/framework/system/CodeIgniter.php(793): CodeIgniter\Router\Router->handle('supplies/print_...')
#5 /var/www/html/vendor/codeigniter4/framework/system/CodeIgniter.php(364): CodeIgniter\CodeIgniter->tryToRouteIt(Object(CodeIgniter\Router\RouteCollection))
#6 /var/www/html/vendor/codeigniter4/framework/system/CodeIgniter.php(312): CodeIgniter\CodeIgniter->handleRequest(NULL, Object(Config\Cache), false)
#7 /var/www/html/public/index.php(45): CodeIgniter\CodeIgniter->run()
#8 {main}
CRITICAL - 2021-02-27 16:59:04 --> include(vendor/phpbarcodegeneratorsrc/BarcodeGenerator.php): failed to open stream: No such file or directory
#0 /var/www/html/app/Controllers/Supplies.php(7): CodeIgniter\Debug\Exceptions->errorHandler(2, 'include(vendor/...', '/var/www/html/a...', 7, Array)
#1 /var/www/html/app/Controllers/Supplies.php(7): include()
#2 /var/www/html/vendor/codeigniter4/framework/system/Router/Router.php(583): include_once('/var/www/html/a...')
#3 /var/www/html/vendor/codeigniter4/framework/system/Router/Router.php(195): CodeIgniter\Router\Router->autoRoute('supplies/print_...')
#4 /var/www/html/vendor/codeigniter4/framework/system/CodeIgniter.php(793): CodeIgniter\Router\Router->handle('supplies/print_...')
#5 /var/www/html/vendor/codeigniter4/framework/system/CodeIgniter.php(364): CodeIgniter\CodeIgniter->tryToRouteIt(Object(CodeIgniter\Router\RouteCollection))
#6 /var/www/html/vendor/codeigniter4/framework/system/CodeIgniter.php(312): CodeIgniter\CodeIgniter->handleRequest(NULL, Object(Config\Cache), false)
#7 /var/www/html/public/index.php(45): CodeIgniter\CodeIgniter->run()
#8 {main}
CRITICAL - 2021-02-27 17:00:29 --> include(vendor/phpbarcodegeneratorsrc/BarcodeGenerator.php): failed to open stream: No such file or directory
#0 /var/www/html/app/Controllers/Supplies.php(7): CodeIgniter\Debug\Exceptions->errorHandler(2, 'include(vendor/...', '/var/www/html/a...', 7, Array)
#1 /var/www/html/app/Controllers/Supplies.php(7): include()
#2 /var/www/html/vendor/codeigniter4/framework/system/Autoloader/Autoloader.php(365): require_once('/var/www/html/a...')
#3 /var/www/html/vendor/codeigniter4/framework/system/Autoloader/Autoloader.php(296): CodeIgniter\Autoloader\Autoloader->requireFile('/var/www/html/a...')
#4 /var/www/html/vendor/codeigniter4/framework/system/Autoloader/Autoloader.php(258): CodeIgniter\Autoloader\Autoloader->loadInNamespace('App\\Controllers...')
#5 [internal function]: CodeIgniter\Autoloader\Autoloader->loadClass('App\\Controllers...')
#6 [internal function]: spl_autoload_call('App\\Controllers...')
#7 /var/www/html/vendor/codeigniter4/framework/system/CodeIgniter.php(869): class_exists('\\App\\Controller...', true)
#8 /var/www/html/vendor/codeigniter4/framework/system/CodeIgniter.php(394): CodeIgniter\CodeIgniter->startController()
#9 /var/www/html/vendor/codeigniter4/framework/system/CodeIgniter.php(312): CodeIgniter\CodeIgniter->handleRequest(NULL, Object(Config\Cache), false)
#10 /var/www/html/public/index.php(45): CodeIgniter\CodeIgniter->run()
#11 {main}
CRITICAL - 2021-02-27 17:00:33 --> include(vendor/phpbarcodegeneratorsrc/BarcodeGenerator.php): failed to open stream: No such file or directory
#0 /var/www/html/app/Controllers/Supplies.php(7): CodeIgniter\Debug\Exceptions->errorHandler(2, 'include(vendor/...', '/var/www/html/a...', 7, Array)
#1 /var/www/html/app/Controllers/Supplies.php(7): include()
#2 /var/www/html/vendor/codeigniter4/framework/system/Autoloader/Autoloader.php(365): require_once('/var/www/html/a...')
#3 /var/www/html/vendor/codeigniter4/framework/system/Autoloader/Autoloader.php(296): CodeIgniter\Autoloader\Autoloader->requireFile('/var/www/html/a...')
#4 /var/www/html/vendor/codeigniter4/framework/system/Autoloader/Autoloader.php(258): CodeIgniter\Autoloader\Autoloader->loadInNamespace('App\\Controllers...')
#5 [internal function]: CodeIgniter\Autoloader\Autoloader->loadClass('App\\Controllers...')
#6 [internal function]: spl_autoload_call('App\\Controllers...')
#7 /var/www/html/vendor/codeigniter4/framework/system/CodeIgniter.php(869): class_exists('\\App\\Controller...', true)
#8 /var/www/html/vendor/codeigniter4/framework/system/CodeIgniter.php(394): CodeIgniter\CodeIgniter->startController()
#9 /var/www/html/vendor/codeigniter4/framework/system/CodeIgniter.php(312): CodeIgniter\CodeIgniter->handleRequest(NULL, Object(Config\Cache), false)
#10 /var/www/html/public/index.php(45): CodeIgniter\CodeIgniter->run()
#11 {main}
CRITICAL - 2021-02-27 17:01:37 --> Namespace declaration statement has to be the very first statement or after any declare call in the script
#0 [internal function]: CodeIgniter\Debug\Exceptions->shutdownHandler()
#1 {main}
CRITICAL - 2021-02-27 17:01:54 --> include(vendor/phpbarcodegeneratorsrc/BarcodeGenerator.php): failed to open stream: No such file or directory
#0 /var/www/html/app/Controllers/Supplies.php(5): CodeIgniter\Debug\Exceptions->errorHandler(2, 'include(vendor/...', '/var/www/html/a...', 5, Array)
#1 /var/www/html/app/Controllers/Supplies.php(5): include()
#2 /var/www/html/vendor/codeigniter4/framework/system/Router/Router.php(583): include_once('/var/www/html/a...')
#3 /var/www/html/vendor/codeigniter4/framework/system/Router/Router.php(195): CodeIgniter\Router\Router->autoRoute('supplies/print_...')
#4 /var/www/html/vendor/codeigniter4/framework/system/CodeIgniter.php(793): CodeIgniter\Router\Router->handle('supplies/print_...')
#5 /var/www/html/vendor/codeigniter4/framework/system/CodeIgniter.php(364): CodeIgniter\CodeIgniter->tryToRouteIt(Object(CodeIgniter\Router\RouteCollection))
#6 /var/www/html/vendor/codeigniter4/framework/system/CodeIgniter.php(312): CodeIgniter\CodeIgniter->handleRequest(NULL, Object(Config\Cache), false)
#7 /var/www/html/public/index.php(45): CodeIgniter\CodeIgniter->run()
#8 {main}
CRITICAL - 2021-02-27 17:03:12 --> include(vendor/phpbarcodegeneratorsrc/BarcodeGenerator.php): failed to open stream: No such file or directory
#0 /var/www/html/app/Controllers/Supplies.php(9): CodeIgniter\Debug\Exceptions->errorHandler(2, 'include(vendor/...', '/var/www/html/a...', 9, Array)
#1 /var/www/html/app/Controllers/Supplies.php(9): include()
#2 /var/www/html/vendor/codeigniter4/framework/system/Router/Router.php(583): include_once('/var/www/html/a...')
#3 /var/www/html/vendor/codeigniter4/framework/system/Router/Router.php(195): CodeIgniter\Router\Router->autoRoute('supplies/print_...')
#4 /var/www/html/vendor/codeigniter4/framework/system/CodeIgniter.php(793): CodeIgniter\Router\Router->handle('supplies/print_...')
#5 /var/www/html/vendor/codeigniter4/framework/system/CodeIgniter.php(364): CodeIgniter\CodeIgniter->tryToRouteIt(Object(CodeIgniter\Router\RouteCollection))
#6 /var/www/html/vendor/codeigniter4/framework/system/CodeIgniter.php(312): CodeIgniter\CodeIgniter->handleRequest(NULL, Object(Config\Cache), false)
#7 /var/www/html/public/index.php(45): CodeIgniter\CodeIgniter->run()
#8 {main}
CRITICAL - 2021-02-27 17:16:19 --> include(vendor/phpbarcodegeneratorsrc/BarcodeGenerator.php): failed to open stream: No such file or directory
#0 /var/www/html/app/Controllers/Supplies.php(6): CodeIgniter\Debug\Exceptions->errorHandler(2, 'include(vendor/...', '/var/www/html/a...', 6, Array)
#1 /var/www/html/app/Controllers/Supplies.php(6): include()
#2 /var/www/html/vendor/codeigniter4/framework/system/Router/Router.php(583): include_once('/var/www/html/a...')
#3 /var/www/html/vendor/codeigniter4/framework/system/Router/Router.php(195): CodeIgniter\Router\Router->autoRoute('supplies/print_...')
#4 /var/www/html/vendor/codeigniter4/framework/system/CodeIgniter.php(793): CodeIgniter\Router\Router->handle('supplies/print_...')
#5 /var/www/html/vendor/codeigniter4/framework/system/CodeIgniter.php(364): CodeIgniter\CodeIgniter->tryToRouteIt(Object(CodeIgniter\Router\RouteCollection))
#6 /var/www/html/vendor/codeigniter4/framework/system/CodeIgniter.php(312): CodeIgniter\CodeIgniter->handleRequest(NULL, Object(Config\Cache), false)
#7 /var/www/html/public/index.php(45): CodeIgniter\CodeIgniter->run()
#8 {main}
CRITICAL - 2021-02-27 17:24:24 --> CodeIgniter\Router\Router::main(): Failed opening required '/var/www/html/app/vendor/phpbarcodegeneratorsrc/BarcodeGenerator.php' (include_path='.:/usr/local/lib/php')
#0 [internal function]: CodeIgniter\Debug\Exceptions->shutdownHandler()
#1 {main}
CRITICAL - 2021-02-27 17:59:09 --> CodeIgniter\Autoloader\Autoloader::main(): Failed opening required '/var/www/html/app/vendor/phpbarcodegeneratorsrc/BarcodeGenerator.php' (include_path='.:/usr/local/lib/php')
#0 [internal function]: CodeIgniter\Debug\Exceptions->shutdownHandler()
#1 {main}
CRITICAL - 2021-02-27 17:59:11 --> CodeIgniter\Autoloader\Autoloader::main(): Failed opening required '/var/www/html/app/vendor/phpbarcodegeneratorsrc/BarcodeGenerator.php' (include_path='.:/usr/local/lib/php')
#0 [internal function]: CodeIgniter\Debug\Exceptions->shutdownHandler()
#1 {main}
CRITICAL - 2021-02-27 18:02:52 --> CodeIgniter\Autoloader\Autoloader::main(): Failed opening required '/var/www/html/app/vendor/phpbarcodegeneratorsrc/BarcodeGenerator.php' (include_path='.:/usr/local/lib/php')
#0 [internal function]: CodeIgniter\Debug\Exceptions->shutdownHandler()
#1 {main}
CRITICAL - 2021-02-27 18:03:08 --> CodeIgniter\Router\Router::main(): Failed opening required '/var/www/html/app/vendor/phpbarcodegeneratorsrc/BarcodeGenerator.php' (include_path='.:/usr/local/lib/php')
#0 [internal function]: CodeIgniter\Debug\Exceptions->shutdownHandler()
#1 {main}
CRITICAL - 2021-02-27 18:16:15 --> CodeIgniter\Router\Router::main(): Failed opening required '/var/www/html/app/vendor/phpbarcodegeneratorsrc/BarcodeGenerator.php' (include_path='.:/usr/local/lib/php')
#0 [internal function]: CodeIgniter\Debug\Exceptions->shutdownHandler()
#1 {main}
CRITICAL - 2021-02-27 18:35:24 --> CodeIgniter\Autoloader\Autoloader::main(): Failed opening required '/var/www/html/app/vendor/phpbarcodegeneratorsrc/BarcodeGenerator.php' (include_path='.:/usr/local/lib/php')
#0 [internal function]: CodeIgniter\Debug\Exceptions->shutdownHandler()
#1 {main}
CRITICAL - 2021-02-27 18:38:16 --> CodeIgniter\Autoloader\Autoloader::main(): Failed opening required '/var/www/html/app/vendor/phpbarcodegeneratorsrc/BarcodeGenerator.php' (include_path='.:/usr/local/lib/php')
#0 [internal function]: CodeIgniter\Debug\Exceptions->shutdownHandler()
#1 {main}
CRITICAL - 2021-02-27 18:38:27 --> CodeIgniter\Router\Router::main(): Failed opening required '/var/www/html/app/vendor/phpbarcodegeneratorsrc/BarcodeGenerator.php' (include_path='.:/usr/local/lib/php')
#0 [internal function]: CodeIgniter\Debug\Exceptions->shutdownHandler()
#1 {main}
CRITICAL - 2021-02-27 18:38:30 --> CodeIgniter\Router\Router::main(): Failed opening required '/var/www/html/app/vendor/phpbarcodegeneratorsrc/BarcodeGenerator.php' (include_path='.:/usr/local/lib/php')
#0 [internal function]: CodeIgniter\Debug\Exceptions->shutdownHandler()
#1 {main}
CRITICAL - 2021-02-27 18:41:25 --> CodeIgniter\Autoloader\Autoloader::main(): Failed opening required '/var/www/html/app/vendor/phpbarcodegeneratorsrc/BarcodeGenerator.php' (include_path='.:/usr/local/lib/php')
#0 [internal function]: CodeIgniter\Debug\Exceptions->shutdownHandler()
#1 {main}
CRITICAL - 2021-02-27 18:41:29 --> CodeIgniter\Autoloader\Autoloader::main(): Failed opening required '/var/www/html/app/vendor/phpbarcodegeneratorsrc/BarcodeGenerator.php' (include_path='.:/usr/local/lib/php')
#0 [internal function]: CodeIgniter\Debug\Exceptions->shutdownHandler()
#1 {main}
CRITICAL - 2021-02-27 18:41:54 --> CodeIgniter\Autoloader\Autoloader::main(): Failed opening required '/var/www/html/app/vendor/phpbarcodegeneratorsrc/BarcodeGenerator.php' (include_path='.:/usr/local/lib/php')
#0 [internal function]: CodeIgniter\Debug\Exceptions->shutdownHandler()
#1 {main}
CRITICAL - 2021-02-27 18:42:07 --> CodeIgniter\Autoloader\Autoloader::main(): Failed opening required '/var/www/html/app/vendor/phpbarcodegeneratorsrc/BarcodeGenerator.php' (include_path='.:/usr/local/lib/php')
#0 [internal function]: CodeIgniter\Debug\Exceptions->shutdownHandler()
#1 {main}
CRITICAL - 2021-02-27 18:42:07 --> CodeIgniter\Autoloader\Autoloader::main(): Failed opening required '/var/www/html/app/vendor/phpbarcodegeneratorsrc/BarcodeGenerator.php' (include_path='.:/usr/local/lib/php')
#0 [internal function]: CodeIgniter\Debug\Exceptions->shutdownHandler()
#1 {main}
CRITICAL - 2021-02-27 18:42:08 --> CodeIgniter\Autoloader\Autoloader::main(): Failed opening required '/var/www/html/app/vendor/phpbarcodegeneratorsrc/BarcodeGenerator.php' (include_path='.:/usr/local/lib/php')
#0 [internal function]: CodeIgniter\Debug\Exceptions->shutdownHandler()
#1 {main}
CRITICAL - 2021-02-27 18:42:08 --> CodeIgniter\Autoloader\Autoloader::main(): Failed opening required '/var/www/html/app/vendor/phpbarcodegeneratorsrc/BarcodeGenerator.php' (include_path='.:/usr/local/lib/php')
#0 [internal function]: CodeIgniter\Debug\Exceptions->shutdownHandler()
#1 {main}
CRITICAL - 2021-02-27 18:42:08 --> CodeIgniter\Autoloader\Autoloader::main(): Failed opening required '/var/www/html/app/vendor/phpbarcodegeneratorsrc/BarcodeGenerator.php' (include_path='.:/usr/local/lib/php')
#0 [internal function]: CodeIgniter\Debug\Exceptions->shutdownHandler()
#1 {main}
CRITICAL - 2021-02-27 18:42:08 --> CodeIgniter\Autoloader\Autoloader::main(): Failed opening required '/var/www/html/app/vendor/phpbarcodegeneratorsrc/BarcodeGenerator.php' (include_path='.:/usr/local/lib/php')
#0 [internal function]: CodeIgniter\Debug\Exceptions->shutdownHandler()
#1 {main}
CRITICAL - 2021-02-27 18:42:32 --> CodeIgniter\Router\Router::main(): Failed opening required '/var/www/html/app/vendor/phpbarcodegeneratorsrc/BarcodeGenerator.php' (include_path='.:/usr/local/lib/php')
#0 [internal function]: CodeIgniter\Debug\Exceptions->shutdownHandler()
#1 {main}
CRITICAL - 2021-02-27 18:42:44 --> CodeIgniter\Router\Router::main(): Failed opening required '/var/www/html/app/vendor/phpbarcodegeneratorsrc/BarcodeGenerator.php' (include_path='.:/usr/local/lib/php')
#0 [internal function]: CodeIgniter\Debug\Exceptions->shutdownHandler()
#1 {main}
CRITICAL - 2021-02-27 18:42:45 --> CodeIgniter\Router\Router::main(): Failed opening required '/var/www/html/app/vendor/phpbarcodegeneratorsrc/BarcodeGenerator.php' (include_path='.:/usr/local/lib/php')
#0 [internal function]: CodeIgniter\Debug\Exceptions->shutdownHandler()
#1 {main}
CRITICAL - 2021-02-27 18:42:45 --> CodeIgniter\Router\Router::main(): Failed opening required '/var/www/html/app/vendor/phpbarcodegeneratorsrc/BarcodeGenerator.php' (include_path='.:/usr/local/lib/php')
#0 [internal function]: CodeIgniter\Debug\Exceptions->shutdownHandler()
#1 {main}
CRITICAL - 2021-02-27 18:42:45 --> CodeIgniter\Router\Router::main(): Failed opening required '/var/www/html/app/vendor/phpbarcodegeneratorsrc/BarcodeGenerator.php' (include_path='.:/usr/local/lib/php')
#0 [internal function]: CodeIgniter\Debug\Exceptions->shutdownHandler()
#1 {main}
CRITICAL - 2021-02-27 18:42:45 --> CodeIgniter\Router\Router::main(): Failed opening required '/var/www/html/app/vendor/phpbarcodegeneratorsrc/BarcodeGenerator.php' (include_path='.:/usr/local/lib/php')
#0 [internal function]: CodeIgniter\Debug\Exceptions->shutdownHandler()
#1 {main}
CRITICAL - 2021-02-27 18:42:45 --> CodeIgniter\Router\Router::main(): Failed opening required '/var/www/html/app/vendor/phpbarcodegeneratorsrc/BarcodeGenerator.php' (include_path='.:/usr/local/lib/php')
#0 [internal function]: CodeIgniter\Debug\Exceptions->shutdownHandler()
#1 {main}
CRITICAL - 2021-02-27 18:42:45 --> CodeIgniter\Router\Router::main(): Failed opening required '/var/www/html/app/vendor/phpbarcodegeneratorsrc/BarcodeGenerator.php' (include_path='.:/usr/local/lib/php')
#0 [internal function]: CodeIgniter\Debug\Exceptions->shutdownHandler()
#1 {main}
CRITICAL - 2021-02-27 18:42:59 --> CodeIgniter\Router\Router::main(): Failed opening required '/var/www/html/app/vendor/phpbarcodegeneratorsrc/BarcodeGenerator.php' (include_path='.:/usr/local/lib/php')
#0 [internal function]: CodeIgniter\Debug\Exceptions->shutdownHandler()
#1 {main}
CRITICAL - 2021-02-27 18:43:00 --> CodeIgniter\Router\Router::main(): Failed opening required '/var/www/html/app/vendor/phpbarcodegeneratorsrc/BarcodeGenerator.php' (include_path='.:/usr/local/lib/php')
#0 [internal function]: CodeIgniter\Debug\Exceptions->shutdownHandler()
#1 {main}
CRITICAL - 2021-02-27 18:43:00 --> CodeIgniter\Router\Router::main(): Failed opening required '/var/www/html/app/vendor/phpbarcodegeneratorsrc/BarcodeGenerator.php' (include_path='.:/usr/local/lib/php')
#0 [internal function]: CodeIgniter\Debug\Exceptions->shutdownHandler()
#1 {main}
CRITICAL - 2021-02-27 18:43:01 --> CodeIgniter\Router\Router::main(): Failed opening required '/var/www/html/app/vendor/phpbarcodegeneratorsrc/BarcodeGenerator.php' (include_path='.:/usr/local/lib/php')
#0 [internal function]: CodeIgniter\Debug\Exceptions->shutdownHandler()
#1 {main}
CRITICAL - 2021-02-27 18:43:02 --> CodeIgniter\Router\Router::main(): Failed opening required '/var/www/html/app/vendor/phpbarcodegeneratorsrc/BarcodeGenerator.php' (include_path='.:/usr/local/lib/php')
#0 [internal function]: CodeIgniter\Debug\Exceptions->shutdownHandler()
#1 {main}
CRITICAL - 2021-02-27 18:43:02 --> CodeIgniter\Router\Router::main(): Failed opening required '/var/www/html/app/vendor/phpbarcodegeneratorsrc/BarcodeGenerator.php' (include_path='.:/usr/local/lib/php')
#0 [internal function]: CodeIgniter\Debug\Exceptions->shutdownHandler()
#1 {main}
CRITICAL - 2021-02-27 18:43:20 --> CodeIgniter\Autoloader\Autoloader::main(): Failed opening required '/var/www/html/app/vendor/phpbarcodegeneratorsrc/BarcodeGenerator.php' (include_path='.:/usr/local/lib/php')
#0 [internal function]: CodeIgniter\Debug\Exceptions->shutdownHandler()
#1 {main}
CRITICAL - 2021-02-27 18:43:22 --> CodeIgniter\Autoloader\Autoloader::main(): Failed opening required '/var/www/html/app/vendor/phpbarcodegeneratorsrc/BarcodeGenerator.php' (include_path='.:/usr/local/lib/php')
#0 [internal function]: CodeIgniter\Debug\Exceptions->shutdownHandler()
#1 {main}
CRITICAL - 2021-02-27 18:43:24 --> CodeIgniter\Autoloader\Autoloader::main(): Failed opening required '/var/www/html/app/vendor/phpbarcodegeneratorsrc/BarcodeGenerator.php' (include_path='.:/usr/local/lib/php')
#0 [internal function]: CodeIgniter\Debug\Exceptions->shutdownHandler()
#1 {main}
CRITICAL - 2021-02-27 18:43:25 --> CodeIgniter\Autoloader\Autoloader::main(): Failed opening required '/var/www/html/app/vendor/phpbarcodegeneratorsrc/BarcodeGenerator.php' (include_path='.:/usr/local/lib/php')
#0 [internal function]: CodeIgniter\Debug\Exceptions->shutdownHandler()
#1 {main}
CRITICAL - 2021-02-27 18:43:28 --> CodeIgniter\Router\Router::main(): Failed opening required '/var/www/html/app/vendor/phpbarcodegeneratorsrc/BarcodeGenerator.php' (include_path='.:/usr/local/lib/php')
#0 [internal function]: CodeIgniter\Debug\Exceptions->shutdownHandler()
#1 {main}
CRITICAL - 2021-02-27 18:43:28 --> CodeIgniter\Router\Router::main(): Failed opening required '/var/www/html/app/vendor/phpbarcodegeneratorsrc/BarcodeGenerator.php' (include_path='.:/usr/local/lib/php')
#0 [internal function]: CodeIgniter\Debug\Exceptions->shutdownHandler()
#1 {main}
CRITICAL - 2021-02-27 18:43:28 --> CodeIgniter\Router\Router::main(): Failed opening required '/var/www/html/app/vendor/phpbarcodegeneratorsrc/BarcodeGenerator.php' (include_path='.:/usr/local/lib/php')
#0 [internal function]: CodeIgniter\Debug\Exceptions->shutdownHandler()
#1 {main}
CRITICAL - 2021-02-27 18:44:17 --> CodeIgniter\Router\Router::main(): Failed opening required '/var/www/html/app/vendor/phpbarcodegeneratorsrc/BarcodeGenerator.php' (include_path='.:/usr/local/lib/php')
#0 [internal function]: CodeIgniter\Debug\Exceptions->shutdownHandler()
#1 {main}
CRITICAL - 2021-02-27 18:44:26 --> CodeIgniter\Autoloader\Autoloader::main(): Failed opening required '/var/www/html/app/vendor/phpbarcodegeneratorsrc/BarcodeGenerator.php' (include_path='.:/usr/local/lib/php')
#0 [internal function]: CodeIgniter\Debug\Exceptions->shutdownHandler()
#1 {main}
CRITICAL - 2021-02-27 18:44:30 --> CodeIgniter\Router\Router::main(): Failed opening required '/var/www/html/app/vendor/phpbarcodegeneratorsrc/BarcodeGenerator.php' (include_path='.:/usr/local/lib/php')
#0 [internal function]: CodeIgniter\Debug\Exceptions->shutdownHandler()
#1 {main}
CRITICAL - 2021-02-27 18:44:34 --> CodeIgniter\Router\Router::main(): Failed opening required '/var/www/html/app/vendor/phpbarcodegeneratorsrc/BarcodeGenerator.php' (include_path='.:/usr/local/lib/php')
#0 [internal function]: CodeIgniter\Debug\Exceptions->shutdownHandler()
#1 {main}
CRITICAL - 2021-02-27 18:45:07 --> CodeIgniter\Router\Router::main(): Failed opening required '/var/www/html/app/vendor/phpbarcodegeneratorsrc/BarcodeGenerator.php' (include_path='.:/usr/local/lib/php')
#0 [internal function]: CodeIgniter\Debug\Exceptions->shutdownHandler()
#1 {main}
CRITICAL - 2021-02-27 18:45:07 --> CodeIgniter\Router\Router::main(): Failed opening required '/var/www/html/app/vendor/phpbarcodegeneratorsrc/BarcodeGenerator.php' (include_path='.:/usr/local/lib/php')
#0 [internal function]: CodeIgniter\Debug\Exceptions->shutdownHandler()
#1 {main}
CRITICAL - 2021-02-27 18:45:08 --> CodeIgniter\Router\Router::main(): Failed opening required '/var/www/html/app/vendor/phpbarcodegeneratorsrc/BarcodeGenerator.php' (include_path='.:/usr/local/lib/php')
#0 [internal function]: CodeIgniter\Debug\Exceptions->shutdownHandler()
#1 {main}
CRITICAL - 2021-02-27 18:45:08 --> CodeIgniter\Router\Router::main(): Failed opening required '/var/www/html/app/vendor/phpbarcodegeneratorsrc/BarcodeGenerator.php' (include_path='.:/usr/local/lib/php')
#0 [internal function]: CodeIgniter\Debug\Exceptions->shutdownHandler()
#1 {main}
CRITICAL - 2021-02-27 18:45:22 --> CodeIgniter\Router\Router::main(): Failed opening required '/var/www/html/app/vendor/phpbarcodegeneratorsrc/BarcodeGenerator.php' (include_path='.:/usr/local/lib/php')
#0 [internal function]: CodeIgniter\Debug\Exceptions->shutdownHandler()
#1 {main}
CRITICAL - 2021-02-27 18:45:22 --> CodeIgniter\Router\Router::main(): Failed opening required '/var/www/html/app/vendor/phpbarcodegeneratorsrc/BarcodeGenerator.php' (include_path='.:/usr/local/lib/php')
#0 [internal function]: CodeIgniter\Debug\Exceptions->shutdownHandler()
#1 {main}
CRITICAL - 2021-02-27 18:45:22 --> CodeIgniter\Router\Router::main(): Failed opening required '/var/www/html/app/vendor/phpbarcodegeneratorsrc/BarcodeGenerator.php' (include_path='.:/usr/local/lib/php')
#0 [internal function]: CodeIgniter\Debug\Exceptions->shutdownHandler()
#1 {main}
CRITICAL - 2021-02-27 18:45:23 --> CodeIgniter\Router\Router::main(): Failed opening required '/var/www/html/app/vendor/phpbarcodegeneratorsrc/BarcodeGenerator.php' (include_path='.:/usr/local/lib/php')
#0 [internal function]: CodeIgniter\Debug\Exceptions->shutdownHandler()
#1 {main}
CRITICAL - 2021-02-27 18:45:23 --> CodeIgniter\Router\Router::main(): Failed opening required '/var/www/html/app/vendor/phpbarcodegeneratorsrc/BarcodeGenerator.php' (include_path='.:/usr/local/lib/php')
#0 [internal function]: CodeIgniter\Debug\Exceptions->shutdownHandler()
#1 {main}
CRITICAL - 2021-02-27 18:46:18 --> CodeIgniter\Router\Router::main(): Failed opening required '/var/www/html/app/vendor/phpbarcodegeneratorsrc/BarcodeGenerator.php' (include_path='.:/usr/local/lib/php')
#0 [internal function]: CodeIgniter\Debug\Exceptions->shutdownHandler()
#1 {main}
CRITICAL - 2021-02-27 18:46:47 --> CodeIgniter\Router\Router::main(): Failed opening required '/var/www/html/app/vendor/phpbarcodegeneratorsrc/BarcodeGenerator.php' (include_path='.:/usr/local/lib/php')
#0 [internal function]: CodeIgniter\Debug\Exceptions->shutdownHandler()
#1 {main}
CRITICAL - 2021-02-27 18:46:52 --> CodeIgniter\Router\Router::main(): Failed opening required '/var/www/html/app/vendor/phpbarcodegeneratorsrc/BarcodeGenerator.php' (include_path='.:/usr/local/lib/php')
#0 [internal function]: CodeIgniter\Debug\Exceptions->shutdownHandler()
#1 {main}
CRITICAL - 2021-02-27 20:35:20 --> CodeIgniter\Router\Router::main(): Failed opening required './vendor/phpbarcodegeneratorsrc/BarcodeGeneratorHTML.php' (include_path='.:/usr/local/lib/php')
#0 [internal function]: CodeIgniter\Debug\Exceptions->shutdownHandler()
#1 {main}
CRITICAL - 2021-02-27 20:35:20 --> CodeIgniter\Router\Router::main(): Failed opening required './vendor/phpbarcodegeneratorsrc/BarcodeGeneratorHTML.php' (include_path='.:/usr/local/lib/php')
#0 [internal function]: CodeIgniter\Debug\Exceptions->shutdownHandler()
#1 {main}
CRITICAL - 2021-02-27 20:35:24 --> CodeIgniter\Router\Router::main(): Failed opening required './vendor/phpbarcodegeneratorsrc/BarcodeGeneratorHTML.php' (include_path='.:/usr/local/lib/php')
#0 [internal function]: CodeIgniter\Debug\Exceptions->shutdownHandler()
#1 {main}
CRITICAL - 2021-02-27 20:38:05 --> App\Controllers\Supplies::print_barcodes(): Failed opening required './vendor/phpbarcodegeneratorsrc/BarcodeGeneratorHTML.php' (include_path='.:/usr/local/lib/php')
#0 [internal function]: CodeIgniter\Debug\Exceptions->shutdownHandler()
#1 {main}
CRITICAL - 2021-02-27 20:38:51 --> App\Controllers\Supplies::print_barcodes(): Failed opening required '/var/www/html/app/./vendor/phpbarcodegeneratorsrc/BarcodeGeneratorHTML.php' (include_path='.:/usr/local/lib/php')
#0 [internal function]: CodeIgniter\Debug\Exceptions->shutdownHandler()
#1 {main}
CRITICAL - 2021-02-27 20:49:56 --> include(vendor/phpbarcodegeneratorsrc/BarcodeGenerator.php): failed to open stream: No such file or directory
#0 /var/www/html/app/Views/sp/print_barcodes.php(6): CodeIgniter\Debug\Exceptions->errorHandler(2, 'include(vendor/...', '/var/www/html/a...', 6, Array)
#1 /var/www/html/app/Views/sp/print_barcodes.php(6): include()
#2 /var/www/html/vendor/codeigniter4/framework/system/View/View.php(246): include('/var/www/html/a...')
#3 /var/www/html/vendor/codeigniter4/framework/system/Common.php(1119): CodeIgniter\View\View->render('sp/print_barcod...', Array, true)
#4 /var/www/html/app/Controllers/Supplies.php(1623): view('sp/print_barcod...')
#5 /var/www/html/vendor/codeigniter4/framework/system/CodeIgniter.php(918): App\Controllers\Supplies->print_barcodes()
#6 /var/www/html/vendor/codeigniter4/framework/system/CodeIgniter.php(404): CodeIgniter\CodeIgniter->runController(Object(App\Controllers\Supplies))
#7 /var/www/html/vendor/codeigniter4/framework/system/CodeIgniter.php(312): CodeIgniter\CodeIgniter->handleRequest(NULL, Object(Config\Cache), false)
#8 /var/www/html/public/index.php(45): CodeIgniter\CodeIgniter->run()
#9 {main}
CRITICAL - 2021-02-27 20:50:24 --> include(vendor/phpbarcodegeneratorsrc): failed to open stream: No such file or directory
#0 /var/www/html/app/Views/sp/print_barcodes.php(6): CodeIgniter\Debug\Exceptions->errorHandler(2, 'include(vendor/...', '/var/www/html/a...', 6, Array)
#1 /var/www/html/app/Views/sp/print_barcodes.php(6): include()
#2 /var/www/html/vendor/codeigniter4/framework/system/View/View.php(246): include('/var/www/html/a...')
#3 /var/www/html/vendor/codeigniter4/framework/system/Common.php(1119): CodeIgniter\View\View->render('sp/print_barcod...', Array, true)
#4 /var/www/html/app/Controllers/Supplies.php(1623): view('sp/print_barcod...')
#5 /var/www/html/vendor/codeigniter4/framework/system/CodeIgniter.php(918): App\Controllers\Supplies->print_barcodes()
#6 /var/www/html/vendor/codeigniter4/framework/system/CodeIgniter.php(404): CodeIgniter\CodeIgniter->runController(Object(App\Controllers\Supplies))
#7 /var/www/html/vendor/codeigniter4/framework/system/CodeIgniter.php(312): CodeIgniter\CodeIgniter->handleRequest(NULL, Object(Config\Cache), false)
#8 /var/www/html/public/index.php(45): CodeIgniter\CodeIgniter->run()
#9 {main}
CRITICAL - 2021-02-27 20:50:53 --> include(vendor/phpbarcodegeneratorsrc/BarcodeGenerator.php): failed to open stream: No such file or directory
#0 /var/www/html/app/Views/sp/print_barcodes.php(6): CodeIgniter\Debug\Exceptions->errorHandler(2, 'include(vendor/...', '/var/www/html/a...', 6, Array)
#1 /var/www/html/app/Views/sp/print_barcodes.php(6): include()
#2 /var/www/html/vendor/codeigniter4/framework/system/View/View.php(246): include('/var/www/html/a...')
#3 /var/www/html/vendor/codeigniter4/framework/system/Common.php(1119): CodeIgniter\View\View->render('sp/print_barcod...', Array, true)
#4 /var/www/html/app/Controllers/Supplies.php(1623): view('sp/print_barcod...')
#5 /var/www/html/vendor/codeigniter4/framework/system/CodeIgniter.php(918): App\Controllers\Supplies->print_barcodes()
#6 /var/www/html/vendor/codeigniter4/framework/system/CodeIgniter.php(404): CodeIgniter\CodeIgniter->runController(Object(App\Controllers\Supplies))
#7 /var/www/html/vendor/codeigniter4/framework/system/CodeIgniter.php(312): CodeIgniter\CodeIgniter->handleRequest(NULL, Object(Config\Cache), false)
#8 /var/www/html/public/index.php(45): CodeIgniter\CodeIgniter->run()
#9 {main}
CRITICAL - 2021-02-27 20:51:27 --> include(vendor/phpbarcodegeneratorsrc/BarcodeGenerator.php): failed to open stream: No such file or directory
#0 /var/www/html/app/Views/sp/print_barcodes.php(92): CodeIgniter\Debug\Exceptions->errorHandler(2, 'include(vendor/...', '/var/www/html/a...', 92, Array)
#1 /var/www/html/app/Views/sp/print_barcodes.php(92): include()
#2 /var/www/html/vendor/codeigniter4/framework/system/View/View.php(246): include('/var/www/html/a...')
#3 /var/www/html/vendor/codeigniter4/framework/system/Common.php(1119): CodeIgniter\View\View->render('sp/print_barcod...', Array, true)
#4 /var/www/html/app/Controllers/Supplies.php(1623): view('sp/print_barcod...')
#5 /var/www/html/vendor/codeigniter4/framework/system/CodeIgniter.php(918): App\Controllers\Supplies->print_barcodes()
#6 /var/www/html/vendor/codeigniter4/framework/system/CodeIgniter.php(404): CodeIgniter\CodeIgniter->runController(Object(App\Controllers\Supplies))
#7 /var/www/html/vendor/codeigniter4/framework/system/CodeIgniter.php(312): CodeIgniter\CodeIgniter->handleRequest(NULL, Object(Config\Cache), false)
#8 /var/www/html/public/index.php(45): CodeIgniter\CodeIgniter->run()
#9 {main}
CRITICAL - 2021-02-27 20:51:47 --> include(./vendor/phpbarcodegeneratorsrc/BarcodeGenerator.php): failed to open stream: No such file or directory
#0 /var/www/html/app/Views/sp/print_barcodes.php(92): CodeIgniter\Debug\Exceptions->errorHandler(2, 'include(./vendo...', '/var/www/html/a...', 92, Array)
#1 /var/www/html/app/Views/sp/print_barcodes.php(92): include()
#2 /var/www/html/vendor/codeigniter4/framework/system/View/View.php(246): include('/var/www/html/a...')
#3 /var/www/html/vendor/codeigniter4/framework/system/Common.php(1119): CodeIgniter\View\View->render('sp/print_barcod...', Array, true)
#4 /var/www/html/app/Controllers/Supplies.php(1623): view('sp/print_barcod...')
#5 /var/www/html/vendor/codeigniter4/framework/system/CodeIgniter.php(918): App\Controllers\Supplies->print_barcodes()
#6 /var/www/html/vendor/codeigniter4/framework/system/CodeIgniter.php(404): CodeIgniter\CodeIgniter->runController(Object(App\Controllers\Supplies))
#7 /var/www/html/vendor/codeigniter4/framework/system/CodeIgniter.php(312): CodeIgniter\CodeIgniter->handleRequest(NULL, Object(Config\Cache), false)
#8 /var/www/html/public/index.php(45): CodeIgniter\CodeIgniter->run()
#9 {main}
CRITICAL - 2021-02-27 21:12:52 --> Call to a member function view() on null
#0 /var/www/html/vendor/codeigniter4/framework/system/CodeIgniter.php(918): App\Controllers\Supplies->print_barcodes()
#1 /var/www/html/vendor/codeigniter4/framework/system/CodeIgniter.php(404): CodeIgniter\CodeIgniter->runController(Object(App\Controllers\Supplies))
#2 /var/www/html/vendor/codeigniter4/framework/system/CodeIgniter.php(312): CodeIgniter\CodeIgniter->handleRequest(NULL, Object(Config\Cache), false)
#3 /var/www/html/public/index.php(45): CodeIgniter\CodeIgniter->run()
#4 {main}
CRITICAL - 2021-02-27 21:13:23 --> Call to a member function view() on null
#0 /var/www/html/vendor/codeigniter4/framework/system/CodeIgniter.php(918): App\Controllers\Supplies->print_barcodes()
#1 /var/www/html/vendor/codeigniter4/framework/system/CodeIgniter.php(404): CodeIgniter\CodeIgniter->runController(Object(App\Controllers\Supplies))
#2 /var/www/html/vendor/codeigniter4/framework/system/CodeIgniter.php(312): CodeIgniter\CodeIgniter->handleRequest(NULL, Object(Config\Cache), false)
#3 /var/www/html/public/index.php(45): CodeIgniter\CodeIgniter->run()
#4 {main}
CRITICAL - 2021-02-27 21:14:05 --> Call to a member function view() on null
#0 /var/www/html/vendor/codeigniter4/framework/system/CodeIgniter.php(918): App\Controllers\Supplies->print_barcodes()
#1 /var/www/html/vendor/codeigniter4/framework/system/CodeIgniter.php(404): CodeIgniter\CodeIgniter->runController(Object(App\Controllers\Supplies))
#2 /var/www/html/vendor/codeigniter4/framework/system/CodeIgniter.php(312): CodeIgniter\CodeIgniter->handleRequest(NULL, Object(Config\Cache), false)
#3 /var/www/html/public/index.php(45): CodeIgniter\CodeIgniter->run()
#4 {main}
CRITICAL - 2021-02-27 21:15:41 --> Call to a member function view() on null
#0 /var/www/html/vendor/codeigniter4/framework/system/CodeIgniter.php(918): App\Controllers\Supplies->print_barcodes()
#1 /var/www/html/vendor/codeigniter4/framework/system/CodeIgniter.php(404): CodeIgniter\CodeIgniter->runController(Object(App\Controllers\Supplies))
#2 /var/www/html/vendor/codeigniter4/framework/system/CodeIgniter.php(312): CodeIgniter\CodeIgniter->handleRequest(NULL, Object(Config\Cache), false)
#3 /var/www/html/public/index.php(45): CodeIgniter\CodeIgniter->run()
#4 {main}
CRITICAL - 2021-02-27 21:16:01 --> Call to a member function view() on null
#0 /var/www/html/vendor/codeigniter4/framework/system/CodeIgniter.php(918): App\Controllers\Supplies->print_barcodes()
#1 /var/www/html/vendor/codeigniter4/framework/system/CodeIgniter.php(404): CodeIgniter\CodeIgniter->runController(Object(App\Controllers\Supplies))
#2 /var/www/html/vendor/codeigniter4/framework/system/CodeIgniter.php(312): CodeIgniter\CodeIgniter->handleRequest(NULL, Object(Config\Cache), false)
#3 /var/www/html/public/index.php(45): CodeIgniter\CodeIgniter->run()
#4 {main}
CRITICAL - 2021-02-27 21:18:34 --> Call to a member function view() on null
#0 /var/www/html/vendor/codeigniter4/framework/system/CodeIgniter.php(918): App\Controllers\Supplies->print_barcodes()
#1 /var/www/html/vendor/codeigniter4/framework/system/CodeIgniter.php(404): CodeIgniter\CodeIgniter->runController(Object(App\Controllers\Supplies))
#2 /var/www/html/vendor/codeigniter4/framework/system/CodeIgniter.php(312): CodeIgniter\CodeIgniter->handleRequest(NULL, Object(Config\Cache), false)
#3 /var/www/html/public/index.php(45): CodeIgniter\CodeIgniter->run()
#4 {main}
CRITICAL - 2021-02-27 21:19:12 --> Call to a member function view() on null
#0 /var/www/html/vendor/codeigniter4/framework/system/CodeIgniter.php(918): App\Controllers\Supplies->print_barcodes()
#1 /var/www/html/vendor/codeigniter4/framework/system/CodeIgniter.php(404): CodeIgniter\CodeIgniter->runController(Object(App\Controllers\Supplies))
#2 /var/www/html/vendor/codeigniter4/framework/system/CodeIgniter.php(312): CodeIgniter\CodeIgniter->handleRequest(NULL, Object(Config\Cache), false)
#3 /var/www/html/public/index.php(45): CodeIgniter\CodeIgniter->run()
#4 {main}
CRITICAL - 2021-02-27 21:19:56 --> Call to a member function library() on null
#0 /var/www/html/vendor/codeigniter4/framework/system/CodeIgniter.php(918): App\Controllers\Supplies->print_barcodes()
#1 /var/www/html/vendor/codeigniter4/framework/system/CodeIgniter.php(404): CodeIgniter\CodeIgniter->runController(Object(App\Controllers\Supplies))
#2 /var/www/html/vendor/codeigniter4/framework/system/CodeIgniter.php(312): CodeIgniter\CodeIgniter->handleRequest(NULL, Object(Config\Cache), false)
#3 /var/www/html/public/index.php(45): CodeIgniter\CodeIgniter->run()
#4 {main}
CRITICAL - 2021-02-27 21:21:30 --> Call to a member function library() on null
#0 /var/www/html/vendor/codeigniter4/framework/system/CodeIgniter.php(918): App\Controllers\Supplies->print_barcodes()
#1 /var/www/html/vendor/codeigniter4/framework/system/CodeIgniter.php(404): CodeIgniter\CodeIgniter->runController(Object(App\Controllers\Supplies))
#2 /var/www/html/vendor/codeigniter4/framework/system/CodeIgniter.php(312): CodeIgniter\CodeIgniter->handleRequest(NULL, Object(Config\Cache), false)
#3 /var/www/html/public/index.php(45): CodeIgniter\CodeIgniter->run()
#4 {main}
CRITICAL - 2021-02-27 21:26:30 --> Call to a member function library() on null
#0 /var/www/html/vendor/codeigniter4/framework/system/CodeIgniter.php(918): App\Controllers\Supplies->print_barcodes()
#1 /var/www/html/vendor/codeigniter4/framework/system/CodeIgniter.php(404): CodeIgniter\CodeIgniter->runController(Object(App\Controllers\Supplies))
#2 /var/www/html/vendor/codeigniter4/framework/system/CodeIgniter.php(312): CodeIgniter\CodeIgniter->handleRequest(NULL, Object(Config\Cache), false)
#3 /var/www/html/public/index.php(45): CodeIgniter\CodeIgniter->run()
#4 {main}
CRITICAL - 2021-02-27 21:26:32 --> Call to a member function library() on null
#0 /var/www/html/vendor/codeigniter4/framework/system/CodeIgniter.php(918): App\Controllers\Supplies->print_barcodes()
#1 /var/www/html/vendor/codeigniter4/framework/system/CodeIgniter.php(404): CodeIgniter\CodeIgniter->runController(Object(App\Controllers\Supplies))
#2 /var/www/html/vendor/codeigniter4/framework/system/CodeIgniter.php(312): CodeIgniter\CodeIgniter->handleRequest(NULL, Object(Config\Cache), false)
#3 /var/www/html/public/index.php(45): CodeIgniter\CodeIgniter->run()
#4 {main}
CRITICAL - 2021-02-27 21:26:33 --> Call to a member function library() on null
#0 /var/www/html/vendor/codeigniter4/framework/system/CodeIgniter.php(918): App\Controllers\Supplies->print_barcodes()
#1 /var/www/html/vendor/codeigniter4/framework/system/CodeIgniter.php(404): CodeIgniter\CodeIgniter->runController(Object(App\Controllers\Supplies))
#2 /var/www/html/vendor/codeigniter4/framework/system/CodeIgniter.php(312): CodeIgniter\CodeIgniter->handleRequest(NULL, Object(Config\Cache), false)
#3 /var/www/html/public/index.php(45): CodeIgniter\CodeIgniter->run()
#4 {main}
CRITICAL - 2021-02-27 21:26:33 --> Call to a member function library() on null
#0 /var/www/html/vendor/codeigniter4/framework/system/CodeIgniter.php(918): App\Controllers\Supplies->print_barcodes()
#1 /var/www/html/vendor/codeigniter4/framework/system/CodeIgniter.php(404): CodeIgniter\CodeIgniter->runController(Object(App\Controllers\Supplies))
#2 /var/www/html/vendor/codeigniter4/framework/system/CodeIgniter.php(312): CodeIgniter\CodeIgniter->handleRequest(NULL, Object(Config\Cache), false)
#3 /var/www/html/public/index.php(45): CodeIgniter\CodeIgniter->run()
#4 {main}
CRITICAL - 2021-02-27 21:35:22 --> Call to a member function library() on null
#0 /var/www/html/vendor/codeigniter4/framework/system/CodeIgniter.php(918): App\Controllers\Supplies->print_barcodes()
#1 /var/www/html/vendor/codeigniter4/framework/system/CodeIgniter.php(404): CodeIgniter\CodeIgniter->runController(Object(App\Controllers\Supplies))
#2 /var/www/html/vendor/codeigniter4/framework/system/CodeIgniter.php(312): CodeIgniter\CodeIgniter->handleRequest(NULL, Object(Config\Cache), false)
#3 /var/www/html/public/index.php(45): CodeIgniter\CodeIgniter->run()
#4 {main}
CRITICAL - 2021-02-27 21:43:11 --> Call to a member function library() on null
#0 /var/www/html/vendor/codeigniter4/framework/system/CodeIgniter.php(918): App\Controllers\Supplies->print_barcodes()
#1 /var/www/html/vendor/codeigniter4/framework/system/CodeIgniter.php(404): CodeIgniter\CodeIgniter->runController(Object(App\Controllers\Supplies))
#2 /var/www/html/vendor/codeigniter4/framework/system/CodeIgniter.php(312): CodeIgniter\CodeIgniter->handleRequest(NULL, Object(Config\Cache), false)
#3 /var/www/html/public/index.php(45): CodeIgniter\CodeIgniter->run()
#4 {main}
CRITICAL - 2021-02-27 21:44:36 --> Call to a member function library() on null
#0 /var/www/html/vendor/codeigniter4/framework/system/CodeIgniter.php(918): App\Controllers\Supplies->print_barcodes()
#1 /var/www/html/vendor/codeigniter4/framework/system/CodeIgniter.php(404): CodeIgniter\CodeIgniter->runController(Object(App\Controllers\Supplies))
#2 /var/www/html/vendor/codeigniter4/framework/system/CodeIgniter.php(312): CodeIgniter\CodeIgniter->handleRequest(NULL, Object(Config\Cache), false)
#3 /var/www/html/public/index.php(45): CodeIgniter\CodeIgniter->run()
#4 {main}
CRITICAL - 2021-02-27 21:44:39 --> Call to a member function library() on null
#0 /var/www/html/vendor/codeigniter4/framework/system/CodeIgniter.php(918): App\Controllers\Supplies->print_barcodes()
#1 /var/www/html/vendor/codeigniter4/framework/system/CodeIgniter.php(404): CodeIgniter\CodeIgniter->runController(Object(App\Controllers\Supplies))
#2 /var/www/html/vendor/codeigniter4/framework/system/CodeIgniter.php(312): CodeIgniter\CodeIgniter->handleRequest(NULL, Object(Config\Cache), false)
#3 /var/www/html/public/index.php(45): CodeIgniter\CodeIgniter->run()
#4 {main}
CRITICAL - 2021-02-27 21:45:30 --> Call to a member function library() on null
#0 /var/www/html/vendor/codeigniter4/framework/system/CodeIgniter.php(918): App\Controllers\Supplies->print_barcodes()
#1 /var/www/html/vendor/codeigniter4/framework/system/CodeIgniter.php(404): CodeIgniter\CodeIgniter->runController(Object(App\Controllers\Supplies))
#2 /var/www/html/vendor/codeigniter4/framework/system/CodeIgniter.php(312): CodeIgniter\CodeIgniter->handleRequest(NULL, Object(Config\Cache), false)
#3 /var/www/html/public/index.php(45): CodeIgniter\CodeIgniter->run()
#4 {main}
CRITICAL - 2021-02-27 21:46:05 --> Call to a member function library() on null
#0 /var/www/html/vendor/codeigniter4/framework/system/CodeIgniter.php(918): App\Controllers\Supplies->print_barcodes()
#1 /var/www/html/vendor/codeigniter4/framework/system/CodeIgniter.php(404): CodeIgniter\CodeIgniter->runController(Object(App\Controllers\Supplies))
#2 /var/www/html/vendor/codeigniter4/framework/system/CodeIgniter.php(312): CodeIgniter\CodeIgniter->handleRequest(NULL, Object(Config\Cache), false)
#3 /var/www/html/public/index.php(45): CodeIgniter\CodeIgniter->run()
#4 {main}
CRITICAL - 2021-02-27 21:46:12 --> Call to a member function library() on null
#0 /var/www/html/vendor/codeigniter4/framework/system/CodeIgniter.php(918): App\Controllers\Supplies->print_barcodes()
#1 /var/www/html/vendor/codeigniter4/framework/system/CodeIgniter.php(404): CodeIgniter\CodeIgniter->runController(Object(App\Controllers\Supplies))
#2 /var/www/html/vendor/codeigniter4/framework/system/CodeIgniter.php(312): CodeIgniter\CodeIgniter->handleRequest(NULL, Object(Config\Cache), false)
#3 /var/www/html/public/index.php(45): CodeIgniter\CodeIgniter->run()
#4 {main}
CRITICAL - 2021-02-27 21:46:50 --> Call to a member function library() on null
#0 /var/www/html/vendor/codeigniter4/framework/system/CodeIgniter.php(918): App\Controllers\Supplies->print_barcodes()
#1 /var/www/html/vendor/codeigniter4/framework/system/CodeIgniter.php(404): CodeIgniter\CodeIgniter->runController(Object(App\Controllers\Supplies))
#2 /var/www/html/vendor/codeigniter4/framework/system/CodeIgniter.php(312): CodeIgniter\CodeIgniter->handleRequest(NULL, Object(Config\Cache), false)
#3 /var/www/html/public/index.php(45): CodeIgniter\CodeIgniter->run()
#4 {main}
CRITICAL - 2021-02-27 22:11:59 --> Class 'App\Controllers\Picqer\Barcode\BarcodeGeneratorHTML' not found
#0 /var/www/html/vendor/codeigniter4/framework/system/CodeIgniter.php(918): App\Controllers\Supplies->print_barcode('22')
#1 /var/www/html/vendor/codeigniter4/framework/system/CodeIgniter.php(404): CodeIgniter\CodeIgniter->runController(Object(App\Controllers\Supplies))
#2 /var/www/html/vendor/codeigniter4/framework/system/CodeIgniter.php(312): CodeIgniter\CodeIgniter->handleRequest(NULL, Object(Config\Cache), false)
#3 /var/www/html/public/index.php(45): CodeIgniter\CodeIgniter->run()
#4 {main}
CRITICAL - 2021-02-27 22:12:02 --> Class 'App\Controllers\Picqer\Barcode\BarcodeGeneratorHTML' not found
#0 /var/www/html/vendor/codeigniter4/framework/system/CodeIgniter.php(918): App\Controllers\Supplies->print_barcode('22')
#1 /var/www/html/vendor/codeigniter4/framework/system/CodeIgniter.php(404): CodeIgniter\CodeIgniter->runController(Object(App\Controllers\Supplies))
#2 /var/www/html/vendor/codeigniter4/framework/system/CodeIgniter.php(312): CodeIgniter\CodeIgniter->handleRequest(NULL, Object(Config\Cache), false)
#3 /var/www/html/public/index.php(45): CodeIgniter\CodeIgniter->run()
#4 {main}
CRITICAL - 2021-02-27 22:56:23 --> Call to a member function library() on null
#0 /var/www/html/vendor/codeigniter4/framework/system/CodeIgniter.php(918): App\Controllers\Supplies->print_barcodes()
#1 /var/www/html/vendor/codeigniter4/framework/system/CodeIgniter.php(404): CodeIgniter\CodeIgniter->runController(Object(App\Controllers\Supplies))
#2 /var/www/html/vendor/codeigniter4/framework/system/CodeIgniter.php(312): CodeIgniter\CodeIgniter->handleRequest(NULL, Object(Config\Cache), false)
#3 /var/www/html/public/index.php(45): CodeIgniter\CodeIgniter->run()
#4 {main}
CRITICAL - 2021-02-27 22:56:25 --> Call to a member function library() on null
#0 /var/www/html/vendor/codeigniter4/framework/system/CodeIgniter.php(918): App\Controllers\Supplies->print_barcodes()
#1 /var/www/html/vendor/codeigniter4/framework/system/CodeIgniter.php(404): CodeIgniter\CodeIgniter->runController(Object(App\Controllers\Supplies))
#2 /var/www/html/vendor/codeigniter4/framework/system/CodeIgniter.php(312): CodeIgniter\CodeIgniter->handleRequest(NULL, Object(Config\Cache), false)
#3 /var/www/html/public/index.php(45): CodeIgniter\CodeIgniter->run()
#4 {main}
CRITICAL - 2021-02-27 22:56:26 --> Call to a member function library() on null
#0 /var/www/html/vendor/codeigniter4/framework/system/CodeIgniter.php(918): App\Controllers\Supplies->print_barcodes()
#1 /var/www/html/vendor/codeigniter4/framework/system/CodeIgniter.php(404): CodeIgniter\CodeIgniter->runController(Object(App\Controllers\Supplies))
#2 /var/www/html/vendor/codeigniter4/framework/system/CodeIgniter.php(312): CodeIgniter\CodeIgniter->handleRequest(NULL, Object(Config\Cache), false)
#3 /var/www/html/public/index.php(45): CodeIgniter\CodeIgniter->run()
#4 {main}
CRITICAL - 2021-02-27 22:56:27 --> Call to a member function library() on null
#0 /var/www/html/vendor/codeigniter4/framework/system/CodeIgniter.php(918): App\Controllers\Supplies->print_barcodes()
#1 /var/www/html/vendor/codeigniter4/framework/system/CodeIgniter.php(404): CodeIgniter\CodeIgniter->runController(Object(App\Controllers\Supplies))
#2 /var/www/html/vendor/codeigniter4/framework/system/CodeIgniter.php(312): CodeIgniter\CodeIgniter->handleRequest(NULL, Object(Config\Cache), false)
#3 /var/www/html/public/index.php(45): CodeIgniter\CodeIgniter->run()
#4 {main}
CRITICAL - 2021-02-27 22:56:53 --> Call to a member function library() on null
#0 /var/www/html/vendor/codeigniter4/framework/system/CodeIgniter.php(918): App\Controllers\Supplies->print_barcodes()
#1 /var/www/html/vendor/codeigniter4/framework/system/CodeIgniter.php(404): CodeIgniter\CodeIgniter->runController(Object(App\Controllers\Supplies))
#2 /var/www/html/vendor/codeigniter4/framework/system/CodeIgniter.php(312): CodeIgniter\CodeIgniter->handleRequest(NULL, Object(Config\Cache), false)
#3 /var/www/html/public/index.php(45): CodeIgniter\CodeIgniter->run()
#4 {main}
CRITICAL - 2021-02-27 23:02:19 --> Call to a member function library() on null
#0 /var/www/html/vendor/codeigniter4/framework/system/CodeIgniter.php(918): App\Controllers\Supplies->print_barcodes()
#1 /var/www/html/vendor/codeigniter4/framework/system/CodeIgniter.php(404): CodeIgniter\CodeIgniter->runController(Object(App\Controllers\Supplies))
#2 /var/www/html/vendor/codeigniter4/framework/system/CodeIgniter.php(312): CodeIgniter\CodeIgniter->handleRequest(NULL, Object(Config\Cache), false)
#3 /var/www/html/public/index.php(45): CodeIgniter\CodeIgniter->run()
#4 {main}
CRITICAL - 2021-02-27 23:02:26 --> Call to a member function library() on null
#0 /var/www/html/vendor/codeigniter4/framework/system/CodeIgniter.php(918): App\Controllers\Supplies->print_barcodes()
#1 /var/www/html/vendor/codeigniter4/framework/system/CodeIgniter.php(404): CodeIgniter\CodeIgniter->runController(Object(App\Controllers\Supplies))
#2 /var/www/html/vendor/codeigniter4/framework/system/CodeIgniter.php(312): CodeIgniter\CodeIgniter->handleRequest(NULL, Object(Config\Cache), false)
#3 /var/www/html/public/index.php(45): CodeIgniter\CodeIgniter->run()
#4 {main}
CRITICAL - 2021-02-27 23:03:13 --> Call to a member function library() on null
#0 /var/www/html/vendor/codeigniter4/framework/system/CodeIgniter.php(918): App\Controllers\Supplies->print_barcodes()
#1 /var/www/html/vendor/codeigniter4/framework/system/CodeIgniter.php(404): CodeIgniter\CodeIgniter->runController(Object(App\Controllers\Supplies))
#2 /var/www/html/vendor/codeigniter4/framework/system/CodeIgniter.php(312): CodeIgniter\CodeIgniter->handleRequest(NULL, Object(Config\Cache), false)
#3 /var/www/html/public/index.php(45): CodeIgniter\CodeIgniter->run()
#4 {main}
CRITICAL - 2021-02-27 23:05:24 --> Call to a member function library() on null
#0 /var/www/html/vendor/codeigniter4/framework/system/CodeIgniter.php(918): App\Controllers\Supplies->print_barcodes()
#1 /var/www/html/vendor/codeigniter4/framework/system/CodeIgniter.php(404): CodeIgniter\CodeIgniter->runController(Object(App\Controllers\Supplies))
#2 /var/www/html/vendor/codeigniter4/framework/system/CodeIgniter.php(312): CodeIgniter\CodeIgniter->handleRequest(NULL, Object(Config\Cache), false)
#3 /var/www/html/public/index.php(45): CodeIgniter\CodeIgniter->run()
#4 {main}
CRITICAL - 2021-02-27 23:08:44 --> Call to a member function helper() on null
#0 /var/www/html/vendor/codeigniter4/framework/system/CodeIgniter.php(918): App\Controllers\Supplies->print_barcodes()
#1 /var/www/html/vendor/codeigniter4/framework/system/CodeIgniter.php(404): CodeIgniter\CodeIgniter->runController(Object(App\Controllers\Supplies))
#2 /var/www/html/vendor/codeigniter4/framework/system/CodeIgniter.php(312): CodeIgniter\CodeIgniter->handleRequest(NULL, Object(Config\Cache), false)
#3 /var/www/html/public/index.php(45): CodeIgniter\CodeIgniter->run()
#4 {main}
CRITICAL - 2021-02-27 23:09:13 --> Call to a member function helper() on null
#0 /var/www/html/vendor/codeigniter4/framework/system/CodeIgniter.php(918): App\Controllers\Supplies->print_barcodes()
#1 /var/www/html/vendor/codeigniter4/framework/system/CodeIgniter.php(404): CodeIgniter\CodeIgniter->runController(Object(App\Controllers\Supplies))
#2 /var/www/html/vendor/codeigniter4/framework/system/CodeIgniter.php(312): CodeIgniter\CodeIgniter->handleRequest(NULL, Object(Config\Cache), false)
#3 /var/www/html/public/index.php(45): CodeIgniter\CodeIgniter->run()
#4 {main}
CRITICAL - 2021-02-27 23:09:33 --> Call to a member function helper() on null
#0 /var/www/html/vendor/codeigniter4/framework/system/CodeIgniter.php(918): App\Controllers\Supplies->print_barcodes()
#1 /var/www/html/vendor/codeigniter4/framework/system/CodeIgniter.php(404): CodeIgniter\CodeIgniter->runController(Object(App\Controllers\Supplies))
#2 /var/www/html/vendor/codeigniter4/framework/system/CodeIgniter.php(312): CodeIgniter\CodeIgniter->handleRequest(NULL, Object(Config\Cache), false)
#3 /var/www/html/public/index.php(45): CodeIgniter\CodeIgniter->run()
#4 {main}
CRITICAL - 2021-02-27 23:10:52 --> Call to a member function helper() on null
#0 /var/www/html/vendor/codeigniter4/framework/system/CodeIgniter.php(890): App\Controllers\Supplies->__construct()
#1 /var/www/html/vendor/codeigniter4/framework/system/CodeIgniter.php(399): CodeIgniter\CodeIgniter->createController()
#2 /var/www/html/vendor/codeigniter4/framework/system/CodeIgniter.php(312): CodeIgniter\CodeIgniter->handleRequest(NULL, Object(Config\Cache), false)
#3 /var/www/html/public/index.php(45): CodeIgniter\CodeIgniter->run()
#4 {main}
