CRITICAL - 2021-03-12 00:16:09 --> Argument 1 passed to CodeIgniter\HTTP\RedirectResponse::to() must be of the type string, null given, called in /var/www/html/app/Controllers/Purchase.php on line 41
#0 /var/www/html/app/Controllers/Purchase.php(41): CodeIgniter\HTTP\RedirectResponse->to(NULL)
#1 /var/www/html/vendor/codeigniter4/framework/system/CodeIgniter.php(918): App\Controllers\Purchase->report_form_purchase('1')
#2 /var/www/html/vendor/codeigniter4/framework/system/CodeIgniter.php(404): CodeIgniter\CodeIgniter->runController(Object(App\Controllers\Purchase))
#3 /var/www/html/vendor/codeigniter4/framework/system/CodeIgniter.php(312): CodeIgniter\CodeIgniter->handleRequest(NULL, Object(Config\Cache), false)
#4 /var/www/html/public/index.php(45): CodeIgniter\CodeIgniter->run()
#5 {main}
CRITICAL - 2021-03-12 00:16:09 --> Argument 1 passed to CodeIgniter\HTTP\RedirectResponse::to() must be of the type string, null given, called in /var/www/html/app/Controllers/Purchase.php on line 41
#0 /var/www/html/app/Controllers/Purchase.php(41): CodeIgniter\HTTP\RedirectResponse->to(NULL)
#1 /var/www/html/vendor/codeigniter4/framework/system/CodeIgniter.php(918): App\Controllers\Purchase->report_form_purchase('1')
#2 /var/www/html/vendor/codeigniter4/framework/system/CodeIgniter.php(404): CodeIgniter\CodeIgniter->runController(Object(App\Controllers\Purchase))
#3 /var/www/html/vendor/codeigniter4/framework/system/CodeIgniter.php(312): CodeIgniter\CodeIgniter->handleRequest(NULL, Object(Config\Cache), false)
#4 /var/www/html/public/index.php(45): CodeIgniter\CodeIgniter->run()
#5 {main}
CRITICAL - 2021-03-12 00:16:30 --> Argument 1 passed to CodeIgniter\HTTP\RedirectResponse::to() must be of the type string, null given, called in /var/www/html/app/Controllers/Purchase.php on line 41
#0 /var/www/html/app/Controllers/Purchase.php(41): CodeIgniter\HTTP\RedirectResponse->to(NULL)
#1 /var/www/html/vendor/codeigniter4/framework/system/CodeIgniter.php(918): App\Controllers\Purchase->report_form_purchase('4')
#2 /var/www/html/vendor/codeigniter4/framework/system/CodeIgniter.php(404): CodeIgniter\CodeIgniter->runController(Object(App\Controllers\Purchase))
#3 /var/www/html/vendor/codeigniter4/framework/system/CodeIgniter.php(312): CodeIgniter\CodeIgniter->handleRequest(NULL, Object(Config\Cache), false)
#4 /var/www/html/public/index.php(45): CodeIgniter\CodeIgniter->run()
#5 {main}
CRITICAL - 2021-03-12 00:16:30 --> Argument 1 passed to CodeIgniter\HTTP\RedirectResponse::to() must be of the type string, null given, called in /var/www/html/app/Controllers/Purchase.php on line 41
#0 /var/www/html/app/Controllers/Purchase.php(41): CodeIgniter\HTTP\RedirectResponse->to(NULL)
#1 /var/www/html/vendor/codeigniter4/framework/system/CodeIgniter.php(918): App\Controllers\Purchase->report_form_purchase('4')
#2 /var/www/html/vendor/codeigniter4/framework/system/CodeIgniter.php(404): CodeIgniter\CodeIgniter->runController(Object(App\Controllers\Purchase))
#3 /var/www/html/vendor/codeigniter4/framework/system/CodeIgniter.php(312): CodeIgniter\CodeIgniter->handleRequest(NULL, Object(Config\Cache), false)
#4 /var/www/html/public/index.php(45): CodeIgniter\CodeIgniter->run()
#5 {main}
CRITICAL - 2021-03-12 11:23:14 --> Invalid argument supplied for foreach()
#0 /var/www/html/app/Views/sp/product.php(53): CodeIgniter\Debug\Exceptions->errorHandler(2, 'Invalid argumen...', '/var/www/html/a...', 53, Array)
#1 /var/www/html/vendor/codeigniter4/framework/system/View/View.php(246): include('/var/www/html/a...')
#2 /var/www/html/vendor/codeigniter4/framework/system/Common.php(1119): CodeIgniter\View\View->render('sp/product', Array, true)
#3 /var/www/html/app/Controllers/Supplies.php(190): view('sp/product')
#4 /var/www/html/vendor/codeigniter4/framework/system/CodeIgniter.php(918): App\Controllers\Supplies->product()
#5 /var/www/html/vendor/codeigniter4/framework/system/CodeIgniter.php(404): CodeIgniter\CodeIgniter->runController(Object(App\Controllers\Supplies))
#6 /var/www/html/vendor/codeigniter4/framework/system/CodeIgniter.php(312): CodeIgniter\CodeIgniter->handleRequest(NULL, Object(Config\Cache), false)
#7 /var/www/html/public/index.php(45): CodeIgniter\CodeIgniter->run()
#8 {main}
CRITICAL - 2021-03-12 11:24:03 --> Invalid argument supplied for foreach()
#0 /var/www/html/app/Views/sp/edit_product.php(46): CodeIgniter\Debug\Exceptions->errorHandler(2, 'Invalid argumen...', '/var/www/html/a...', 46, Array)
#1 /var/www/html/vendor/codeigniter4/framework/system/View/View.php(246): include('/var/www/html/a...')
#2 /var/www/html/vendor/codeigniter4/framework/system/Common.php(1119): CodeIgniter\View\View->render('sp/edit_product', Array, true)
#3 /var/www/html/app/Controllers/Supplies.php(309): view('sp/edit_product')
#4 /var/www/html/vendor/codeigniter4/framework/system/CodeIgniter.php(918): App\Controllers\Supplies->edit_product('11')
#5 /var/www/html/vendor/codeigniter4/framework/system/CodeIgniter.php(404): CodeIgniter\CodeIgniter->runController(Object(App\Controllers\Supplies))
#6 /var/www/html/vendor/codeigniter4/framework/system/CodeIgniter.php(312): CodeIgniter\CodeIgniter->handleRequest(NULL, Object(Config\Cache), false)
#7 /var/www/html/public/index.php(45): CodeIgniter\CodeIgniter->run()
#8 {main}
CRITICAL - 2021-03-12 17:02:27 --> Too few arguments to function App\Models\supplie_model::getAsset(), 0 passed in /var/www/html/app/Controllers/Supplies.php on line 1535 and exactly 2 expected
#0 /var/www/html/app/Controllers/Supplies.php(1535): App\Models\supplie_model->getAsset()
#1 /var/www/html/vendor/codeigniter4/framework/system/CodeIgniter.php(918): App\Controllers\Supplies->depreciation()
#2 /var/www/html/vendor/codeigniter4/framework/system/CodeIgniter.php(404): CodeIgniter\CodeIgniter->runController(Object(App\Controllers\Supplies))
#3 /var/www/html/vendor/codeigniter4/framework/system/CodeIgniter.php(312): CodeIgniter\CodeIgniter->handleRequest(NULL, Object(Config\Cache), false)
#4 /var/www/html/public/index.php(45): CodeIgniter\CodeIgniter->run()
#5 {main}
CRITICAL - 2021-03-12 17:02:28 --> Too few arguments to function App\Models\supplie_model::getAsset(), 0 passed in /var/www/html/app/Controllers/Supplies.php on line 1535 and exactly 2 expected
#0 /var/www/html/app/Controllers/Supplies.php(1535): App\Models\supplie_model->getAsset()
#1 /var/www/html/vendor/codeigniter4/framework/system/CodeIgniter.php(918): App\Controllers\Supplies->depreciation()
#2 /var/www/html/vendor/codeigniter4/framework/system/CodeIgniter.php(404): CodeIgniter\CodeIgniter->runController(Object(App\Controllers\Supplies))
#3 /var/www/html/vendor/codeigniter4/framework/system/CodeIgniter.php(312): CodeIgniter\CodeIgniter->handleRequest(NULL, Object(Config\Cache), false)
#4 /var/www/html/public/index.php(45): CodeIgniter\CodeIgniter->run()
#5 {main}
CRITICAL - 2021-03-12 17:12:49 --> Too few arguments to function App\Models\supplie_model::getAsset(), 1 passed in /var/www/html/app/Controllers/Supplies.php on line 1744 and exactly 2 expected
#0 /var/www/html/app/Controllers/Supplies.php(1744): App\Models\supplie_model->getAsset('2')
#1 /var/www/html/vendor/codeigniter4/framework/system/CodeIgniter.php(918): App\Controllers\Supplies->edit_asset('2')
#2 /var/www/html/vendor/codeigniter4/framework/system/CodeIgniter.php(404): CodeIgniter\CodeIgniter->runController(Object(App\Controllers\Supplies))
#3 /var/www/html/vendor/codeigniter4/framework/system/CodeIgniter.php(312): CodeIgniter\CodeIgniter->handleRequest(NULL, Object(Config\Cache), false)
#4 /var/www/html/public/index.php(45): CodeIgniter\CodeIgniter->run()
#5 {main}
CRITICAL - 2021-03-12 17:12:51 --> Too few arguments to function App\Models\supplie_model::getAsset(), 1 passed in /var/www/html/app/Controllers/Supplies.php on line 1744 and exactly 2 expected
#0 /var/www/html/app/Controllers/Supplies.php(1744): App\Models\supplie_model->getAsset('2')
#1 /var/www/html/vendor/codeigniter4/framework/system/CodeIgniter.php(918): App\Controllers\Supplies->edit_asset('2')
#2 /var/www/html/vendor/codeigniter4/framework/system/CodeIgniter.php(404): CodeIgniter\CodeIgniter->runController(Object(App\Controllers\Supplies))
#3 /var/www/html/vendor/codeigniter4/framework/system/CodeIgniter.php(312): CodeIgniter\CodeIgniter->handleRequest(NULL, Object(Config\Cache), false)
#4 /var/www/html/public/index.php(45): CodeIgniter\CodeIgniter->run()
#5 {main}
CRITICAL - 2021-03-12 17:12:53 --> Too few arguments to function App\Models\supplie_model::getAsset(), 1 passed in /var/www/html/app/Controllers/Supplies.php on line 1744 and exactly 2 expected
#0 /var/www/html/app/Controllers/Supplies.php(1744): App\Models\supplie_model->getAsset('2')
#1 /var/www/html/vendor/codeigniter4/framework/system/CodeIgniter.php(918): App\Controllers\Supplies->edit_asset('2')
#2 /var/www/html/vendor/codeigniter4/framework/system/CodeIgniter.php(404): CodeIgniter\CodeIgniter->runController(Object(App\Controllers\Supplies))
#3 /var/www/html/vendor/codeigniter4/framework/system/CodeIgniter.php(312): CodeIgniter\CodeIgniter->handleRequest(NULL, Object(Config\Cache), false)
#4 /var/www/html/public/index.php(45): CodeIgniter\CodeIgniter->run()
#5 {main}
CRITICAL - 2021-03-12 17:12:54 --> Too few arguments to function App\Models\supplie_model::getAsset(), 1 passed in /var/www/html/app/Controllers/Supplies.php on line 1744 and exactly 2 expected
#0 /var/www/html/app/Controllers/Supplies.php(1744): App\Models\supplie_model->getAsset('2')
#1 /var/www/html/vendor/codeigniter4/framework/system/CodeIgniter.php(918): App\Controllers\Supplies->edit_asset('2')
#2 /var/www/html/vendor/codeigniter4/framework/system/CodeIgniter.php(404): CodeIgniter\CodeIgniter->runController(Object(App\Controllers\Supplies))
#3 /var/www/html/vendor/codeigniter4/framework/system/CodeIgniter.php(312): CodeIgniter\CodeIgniter->handleRequest(NULL, Object(Config\Cache), false)
#4 /var/www/html/public/index.php(45): CodeIgniter\CodeIgniter->run()
#5 {main}
CRITICAL - 2021-03-12 17:12:54 --> Too few arguments to function App\Models\supplie_model::getAsset(), 1 passed in /var/www/html/app/Controllers/Supplies.php on line 1744 and exactly 2 expected
#0 /var/www/html/app/Controllers/Supplies.php(1744): App\Models\supplie_model->getAsset('2')
#1 /var/www/html/vendor/codeigniter4/framework/system/CodeIgniter.php(918): App\Controllers\Supplies->edit_asset('2')
#2 /var/www/html/vendor/codeigniter4/framework/system/CodeIgniter.php(404): CodeIgniter\CodeIgniter->runController(Object(App\Controllers\Supplies))
#3 /var/www/html/vendor/codeigniter4/framework/system/CodeIgniter.php(312): CodeIgniter\CodeIgniter->handleRequest(NULL, Object(Config\Cache), false)
#4 /var/www/html/public/index.php(45): CodeIgniter\CodeIgniter->run()
#5 {main}
CRITICAL - 2021-03-12 17:13:04 --> Too few arguments to function App\Models\supplie_model::getAsset(), 1 passed in /var/www/html/app/Controllers/Supplies.php on line 1744 and exactly 2 expected
#0 /var/www/html/app/Controllers/Supplies.php(1744): App\Models\supplie_model->getAsset('2')
#1 /var/www/html/vendor/codeigniter4/framework/system/CodeIgniter.php(918): App\Controllers\Supplies->edit_asset('2')
#2 /var/www/html/vendor/codeigniter4/framework/system/CodeIgniter.php(404): CodeIgniter\CodeIgniter->runController(Object(App\Controllers\Supplies))
#3 /var/www/html/vendor/codeigniter4/framework/system/CodeIgniter.php(312): CodeIgniter\CodeIgniter->handleRequest(NULL, Object(Config\Cache), false)
#4 /var/www/html/public/index.php(45): CodeIgniter\CodeIgniter->run()
#5 {main}
CRITICAL - 2021-03-12 17:13:13 --> Too few arguments to function App\Models\supplie_model::getAsset(), 1 passed in /var/www/html/app/Controllers/Supplies.php on line 1744 and exactly 2 expected
#0 /var/www/html/app/Controllers/Supplies.php(1744): App\Models\supplie_model->getAsset('3')
#1 /var/www/html/vendor/codeigniter4/framework/system/CodeIgniter.php(918): App\Controllers\Supplies->edit_asset('3')
#2 /var/www/html/vendor/codeigniter4/framework/system/CodeIgniter.php(404): CodeIgniter\CodeIgniter->runController(Object(App\Controllers\Supplies))
#3 /var/www/html/vendor/codeigniter4/framework/system/CodeIgniter.php(312): CodeIgniter\CodeIgniter->handleRequest(NULL, Object(Config\Cache), false)
#4 /var/www/html/public/index.php(45): CodeIgniter\CodeIgniter->run()
#5 {main}
CRITICAL - 2021-03-12 17:15:49 --> Too few arguments to function App\Models\supplie_model::getAsset(), 1 passed in /var/www/html/app/Controllers/Supplies.php on line 1744 and exactly 2 expected
#0 /var/www/html/app/Controllers/Supplies.php(1744): App\Models\supplie_model->getAsset('3')
#1 /var/www/html/vendor/codeigniter4/framework/system/CodeIgniter.php(918): App\Controllers\Supplies->edit_asset('3')
#2 /var/www/html/vendor/codeigniter4/framework/system/CodeIgniter.php(404): CodeIgniter\CodeIgniter->runController(Object(App\Controllers\Supplies))
#3 /var/www/html/vendor/codeigniter4/framework/system/CodeIgniter.php(312): CodeIgniter\CodeIgniter->handleRequest(NULL, Object(Config\Cache), false)
#4 /var/www/html/public/index.php(45): CodeIgniter\CodeIgniter->run()
#5 {main}
CRITICAL - 2021-03-12 17:15:52 --> Too few arguments to function App\Models\supplie_model::getAsset(), 1 passed in /var/www/html/app/Controllers/Supplies.php on line 1744 and exactly 2 expected
#0 /var/www/html/app/Controllers/Supplies.php(1744): App\Models\supplie_model->getAsset('3')
#1 /var/www/html/vendor/codeigniter4/framework/system/CodeIgniter.php(918): App\Controllers\Supplies->edit_asset('3')
#2 /var/www/html/vendor/codeigniter4/framework/system/CodeIgniter.php(404): CodeIgniter\CodeIgniter->runController(Object(App\Controllers\Supplies))
#3 /var/www/html/vendor/codeigniter4/framework/system/CodeIgniter.php(312): CodeIgniter\CodeIgniter->handleRequest(NULL, Object(Config\Cache), false)
#4 /var/www/html/public/index.php(45): CodeIgniter\CodeIgniter->run()
#5 {main}
CRITICAL - 2021-03-12 17:16:54 --> Too few arguments to function App\Models\supplie_model::getAsset(), 1 passed in /var/www/html/app/Controllers/Supplies.php on line 1744 and exactly 2 expected
#0 /var/www/html/app/Controllers/Supplies.php(1744): App\Models\supplie_model->getAsset('2')
#1 /var/www/html/vendor/codeigniter4/framework/system/CodeIgniter.php(918): App\Controllers\Supplies->edit_asset('2')
#2 /var/www/html/vendor/codeigniter4/framework/system/CodeIgniter.php(404): CodeIgniter\CodeIgniter->runController(Object(App\Controllers\Supplies))
#3 /var/www/html/vendor/codeigniter4/framework/system/CodeIgniter.php(312): CodeIgniter\CodeIgniter->handleRequest(NULL, Object(Config\Cache), false)
#4 /var/www/html/public/index.php(45): CodeIgniter\CodeIgniter->run()
#5 {main}
CRITICAL - 2021-03-12 17:17:56 --> Too few arguments to function App\Models\supplie_model::getAsset(), 1 passed in /var/www/html/app/Controllers/Supplies.php on line 1458 and exactly 2 expected
#0 /var/www/html/app/Controllers/Supplies.php(1458): App\Models\supplie_model->getAsset('2')
#1 /var/www/html/vendor/codeigniter4/framework/system/CodeIgniter.php(918): App\Controllers\Supplies->depreciation()
#2 /var/www/html/vendor/codeigniter4/framework/system/CodeIgniter.php(404): CodeIgniter\CodeIgniter->runController(Object(App\Controllers\Supplies))
#3 /var/www/html/vendor/codeigniter4/framework/system/CodeIgniter.php(312): CodeIgniter\CodeIgniter->handleRequest(NULL, Object(Config\Cache), false)
#4 /var/www/html/public/index.php(45): CodeIgniter\CodeIgniter->run()
#5 {main}
CRITICAL - 2021-03-12 17:18:18 --> Too few arguments to function App\Models\supplie_model::getAsset(), 1 passed in /var/www/html/app/Controllers/Supplies.php on line 1744 and exactly 2 expected
#0 /var/www/html/app/Controllers/Supplies.php(1744): App\Models\supplie_model->getAsset('2')
#1 /var/www/html/vendor/codeigniter4/framework/system/CodeIgniter.php(918): App\Controllers\Supplies->edit_asset('2')
#2 /var/www/html/vendor/codeigniter4/framework/system/CodeIgniter.php(404): CodeIgniter\CodeIgniter->runController(Object(App\Controllers\Supplies))
#3 /var/www/html/vendor/codeigniter4/framework/system/CodeIgniter.php(312): CodeIgniter\CodeIgniter->handleRequest(NULL, Object(Config\Cache), false)
#4 /var/www/html/public/index.php(45): CodeIgniter\CodeIgniter->run()
#5 {main}
CRITICAL - 2021-03-12 17:23:41 --> Too few arguments to function App\Models\supplie_model::getAsset(), 1 passed in /var/www/html/app/Controllers/Supplies.php on line 1744 and exactly 2 expected
#0 /var/www/html/app/Controllers/Supplies.php(1744): App\Models\supplie_model->getAsset('2')
#1 /var/www/html/vendor/codeigniter4/framework/system/CodeIgniter.php(918): App\Controllers\Supplies->edit_asset('2')
#2 /var/www/html/vendor/codeigniter4/framework/system/CodeIgniter.php(404): CodeIgniter\CodeIgniter->runController(Object(App\Controllers\Supplies))
#3 /var/www/html/vendor/codeigniter4/framework/system/CodeIgniter.php(312): CodeIgniter\CodeIgniter->handleRequest(NULL, Object(Config\Cache), false)
#4 /var/www/html/public/index.php(45): CodeIgniter\CodeIgniter->run()
#5 {main}
CRITICAL - 2021-03-12 17:23:43 --> Too few arguments to function App\Models\supplie_model::getAsset(), 1 passed in /var/www/html/app/Controllers/Supplies.php on line 1744 and exactly 2 expected
#0 /var/www/html/app/Controllers/Supplies.php(1744): App\Models\supplie_model->getAsset('2')
#1 /var/www/html/vendor/codeigniter4/framework/system/CodeIgniter.php(918): App\Controllers\Supplies->edit_asset('2')
#2 /var/www/html/vendor/codeigniter4/framework/system/CodeIgniter.php(404): CodeIgniter\CodeIgniter->runController(Object(App\Controllers\Supplies))
#3 /var/www/html/vendor/codeigniter4/framework/system/CodeIgniter.php(312): CodeIgniter\CodeIgniter->handleRequest(NULL, Object(Config\Cache), false)
#4 /var/www/html/public/index.php(45): CodeIgniter\CodeIgniter->run()
#5 {main}
CRITICAL - 2021-03-12 17:31:51 --> Too few arguments to function App\Models\supplie_model::getAsset(), 1 passed in /var/www/html/app/Controllers/Supplies.php on line 1458 and exactly 2 expected
#0 /var/www/html/app/Controllers/Supplies.php(1458): App\Models\supplie_model->getAsset('2')
#1 /var/www/html/vendor/codeigniter4/framework/system/CodeIgniter.php(918): App\Controllers\Supplies->depreciation()
#2 /var/www/html/vendor/codeigniter4/framework/system/CodeIgniter.php(404): CodeIgniter\CodeIgniter->runController(Object(App\Controllers\Supplies))
#3 /var/www/html/vendor/codeigniter4/framework/system/CodeIgniter.php(312): CodeIgniter\CodeIgniter->handleRequest(NULL, Object(Config\Cache), false)
#4 /var/www/html/public/index.php(45): CodeIgniter\CodeIgniter->run()
#5 {main}
CRITICAL - 2021-03-12 17:32:29 --> Too few arguments to function App\Models\supplie_model::getAsset(), 1 passed in /var/www/html/app/Controllers/Supplies.php on line 1458 and exactly 2 expected
#0 /var/www/html/app/Controllers/Supplies.php(1458): App\Models\supplie_model->getAsset('3')
#1 /var/www/html/vendor/codeigniter4/framework/system/CodeIgniter.php(918): App\Controllers\Supplies->depreciation()
#2 /var/www/html/vendor/codeigniter4/framework/system/CodeIgniter.php(404): CodeIgniter\CodeIgniter->runController(Object(App\Controllers\Supplies))
#3 /var/www/html/vendor/codeigniter4/framework/system/CodeIgniter.php(312): CodeIgniter\CodeIgniter->handleRequest(NULL, Object(Config\Cache), false)
#4 /var/www/html/public/index.php(45): CodeIgniter\CodeIgniter->run()
#5 {main}
CRITICAL - 2021-03-12 17:32:52 --> Too few arguments to function App\Models\supplie_model::getAsset(), 1 passed in /var/www/html/app/Controllers/Supplies.php on line 1458 and exactly 2 expected
#0 /var/www/html/app/Controllers/Supplies.php(1458): App\Models\supplie_model->getAsset('2')
#1 /var/www/html/vendor/codeigniter4/framework/system/CodeIgniter.php(918): App\Controllers\Supplies->depreciation()
#2 /var/www/html/vendor/codeigniter4/framework/system/CodeIgniter.php(404): CodeIgniter\CodeIgniter->runController(Object(App\Controllers\Supplies))
#3 /var/www/html/vendor/codeigniter4/framework/system/CodeIgniter.php(312): CodeIgniter\CodeIgniter->handleRequest(NULL, Object(Config\Cache), false)
#4 /var/www/html/public/index.php(45): CodeIgniter\CodeIgniter->run()
#5 {main}
CRITICAL - 2021-03-12 17:33:48 --> Too few arguments to function App\Models\supplie_model::getAsset(), 1 passed in /var/www/html/app/Controllers/Supplies.php on line 1769 and exactly 2 expected
#0 /var/www/html/app/Controllers/Supplies.php(1769): App\Models\supplie_model->getAsset('3')
#1 /var/www/html/vendor/codeigniter4/framework/system/CodeIgniter.php(918): App\Controllers\Supplies->view_asset_id('3')
#2 /var/www/html/vendor/codeigniter4/framework/system/CodeIgniter.php(404): CodeIgniter\CodeIgniter->runController(Object(App\Controllers\Supplies))
#3 /var/www/html/vendor/codeigniter4/framework/system/CodeIgniter.php(312): CodeIgniter\CodeIgniter->handleRequest(NULL, Object(Config\Cache), false)
#4 /var/www/html/public/index.php(45): CodeIgniter\CodeIgniter->run()
#5 {main}
CRITICAL - 2021-03-12 17:33:52 --> Too few arguments to function App\Models\supplie_model::getAsset(), 1 passed in /var/www/html/app/Controllers/Supplies.php on line 1769 and exactly 2 expected
#0 /var/www/html/app/Controllers/Supplies.php(1769): App\Models\supplie_model->getAsset('3')
#1 /var/www/html/vendor/codeigniter4/framework/system/CodeIgniter.php(918): App\Controllers\Supplies->view_asset_id('3')
#2 /var/www/html/vendor/codeigniter4/framework/system/CodeIgniter.php(404): CodeIgniter\CodeIgniter->runController(Object(App\Controllers\Supplies))
#3 /var/www/html/vendor/codeigniter4/framework/system/CodeIgniter.php(312): CodeIgniter\CodeIgniter->handleRequest(NULL, Object(Config\Cache), false)
#4 /var/www/html/public/index.php(45): CodeIgniter\CodeIgniter->run()
#5 {main}
CRITICAL - 2021-03-12 17:33:56 --> Too few arguments to function App\Models\supplie_model::getAsset(), 1 passed in /var/www/html/app/Controllers/Supplies.php on line 1744 and exactly 2 expected
#0 /var/www/html/app/Controllers/Supplies.php(1744): App\Models\supplie_model->getAsset('3')
#1 /var/www/html/vendor/codeigniter4/framework/system/CodeIgniter.php(918): App\Controllers\Supplies->edit_asset('3')
#2 /var/www/html/vendor/codeigniter4/framework/system/CodeIgniter.php(404): CodeIgniter\CodeIgniter->runController(Object(App\Controllers\Supplies))
#3 /var/www/html/vendor/codeigniter4/framework/system/CodeIgniter.php(312): CodeIgniter\CodeIgniter->handleRequest(NULL, Object(Config\Cache), false)
#4 /var/www/html/public/index.php(45): CodeIgniter\CodeIgniter->run()
#5 {main}
CRITICAL - 2021-03-12 17:34:11 --> Too few arguments to function App\Models\supplie_model::getAsset(), 1 passed in /var/www/html/app/Controllers/Supplies.php on line 1458 and exactly 2 expected
#0 /var/www/html/app/Controllers/Supplies.php(1458): App\Models\supplie_model->getAsset('2')
#1 /var/www/html/vendor/codeigniter4/framework/system/CodeIgniter.php(918): App\Controllers\Supplies->depreciation()
#2 /var/www/html/vendor/codeigniter4/framework/system/CodeIgniter.php(404): CodeIgniter\CodeIgniter->runController(Object(App\Controllers\Supplies))
#3 /var/www/html/vendor/codeigniter4/framework/system/CodeIgniter.php(312): CodeIgniter\CodeIgniter->handleRequest(NULL, Object(Config\Cache), false)
#4 /var/www/html/public/index.php(45): CodeIgniter\CodeIgniter->run()
#5 {main}
CRITICAL - 2021-03-12 17:34:21 --> Too few arguments to function App\Models\supplie_model::getAsset(), 1 passed in /var/www/html/app/Controllers/Supplies.php on line 1458 and exactly 2 expected
#0 /var/www/html/app/Controllers/Supplies.php(1458): App\Models\supplie_model->getAsset('2')
#1 /var/www/html/vendor/codeigniter4/framework/system/CodeIgniter.php(918): App\Controllers\Supplies->depreciation()
#2 /var/www/html/vendor/codeigniter4/framework/system/CodeIgniter.php(404): CodeIgniter\CodeIgniter->runController(Object(App\Controllers\Supplies))
#3 /var/www/html/vendor/codeigniter4/framework/system/CodeIgniter.php(312): CodeIgniter\CodeIgniter->handleRequest(NULL, Object(Config\Cache), false)
#4 /var/www/html/public/index.php(45): CodeIgniter\CodeIgniter->run()
#5 {main}
CRITICAL - 2021-03-12 18:01:21 --> Argument 1 passed to CodeIgniter\HTTP\RedirectResponse::to() must be of the type string, null given, called in /var/www/html/app/Controllers/Finance.php on line 3014
#0 /var/www/html/app/Controllers/Finance.php(3014): CodeIgniter\HTTP\RedirectResponse->to(NULL)
#1 /var/www/html/vendor/codeigniter4/framework/system/CodeIgniter.php(918): App\Controllers\Finance->view_acceptpaymentpdf('598')
#2 /var/www/html/vendor/codeigniter4/framework/system/CodeIgniter.php(404): CodeIgniter\CodeIgniter->runController(Object(App\Controllers\Finance))
#3 /var/www/html/vendor/codeigniter4/framework/system/CodeIgniter.php(312): CodeIgniter\CodeIgniter->handleRequest(NULL, Object(Config\Cache), false)
#4 /var/www/html/public/index.php(45): CodeIgniter\CodeIgniter->run()
#5 {main}
CRITICAL - 2021-03-12 18:31:09 --> Argument 1 passed to CodeIgniter\HTTP\RedirectResponse::to() must be of the type string, null given, called in /var/www/html/app/Controllers/Purchase.php on line 41
#0 /var/www/html/app/Controllers/Purchase.php(41): CodeIgniter\HTTP\RedirectResponse->to(NULL)
#1 /var/www/html/vendor/codeigniter4/framework/system/CodeIgniter.php(918): App\Controllers\Purchase->report_form_purchase('1')
#2 /var/www/html/vendor/codeigniter4/framework/system/CodeIgniter.php(404): CodeIgniter\CodeIgniter->runController(Object(App\Controllers\Purchase))
#3 /var/www/html/vendor/codeigniter4/framework/system/CodeIgniter.php(312): CodeIgniter\CodeIgniter->handleRequest(NULL, Object(Config\Cache), false)
#4 /var/www/html/public/index.php(45): CodeIgniter\CodeIgniter->run()
#5 {main}
